
 escf (neshcl185) : TURBOMOLE rev. V7.5.0 compiled 13 Jun 2020 at 23:29:25
 Copyright (C) 2020 TURBOMOLE GmbH, Karlsruhe


    2023-10-18 17:59:49.021 




                                e s c f

                             TURBOMOLE GmbH


          integral direct evaluation of 

                    * excitation energies and transition moments 
                    * dynamic response properties 
                    * stabilities



          references (see also programs dscf and ridft) 

          implementation and benchmarks (review) 
          F. Furche and D. Rappoport,  
          "Density functional methods for excited states: 
          equilibrium structure and electronic spectra",
          ch. III of "Computational Photochemistry", ed. by 
          M. Olivucci, vol. 16 of "Theoretical and Computational 
          Chemistry", Elsevier, Amsterdam, 2005.

          Bethe-Salpeter equation
          K. Krause and W. Klopper,
          J. Comput. Chem. 38 (2017) 383.

          2c BSE, GW and hybrid TD-DFT
          C. Holzer and W. Klopper
          J. Chem. Phys. 150, 204116 (2019)

          nonorthonormal Krylov space methods 
          F. Furche, B. T. Krull, B. D. Nguyen, and J. Kwon, 
          J. Chem. Phys. 144 (2016), 174105.

          two-component GW quasi particle energies 
          M. Kuehn and F. Weigend, 
          J. Chem. Theory Comput. 11 (2015), 969.

          two-component TDDFT with spin-orbit coupling 
          M. Kuehn and F. Weigend, 
          J. Chem. Theory Comput. 9 (2013), 5341.
          M. Kuehn and F. Weigend, 
          J. Chem. Phys. 142 (2015), 034116.

          GW quasi particle energies
          M. J. van Setten, F. Weigend, and F. Evers,
          J. Chem. Theory Comput. 9 (2013), 232.

          Fast GW methods: RIGW, contour deformation
          J. Chem. Phys. 150, 204116 (2019)

          current-density dependent meta-GGA Linear Response
          J. E. Bates and F. Furche, 
          J. Chem. Phys. 137 (2012), 164105.

          spin-flip method 
          M. Kuehn and F. Weigend, 
          Chem. Phys. Chem. 12 (2011), 3331.

          RI-J method 
          R. Bauernschmitt, M. Haeser, O. Treutler, and R. Ahlrichs,
          Chem. Phys. Lett. 264 (1997), 573.

          density functional implementation               
          R. Bauernschmitt and R. Ahlrichs,
          Chem. Phys. Lett. 256 (1996), 454.
          R. Bauernschmitt and R. Ahlrichs,
          J. Chem. Phys. 104 (1996), 9047.

          UHF extension (RPA and CIS)
          C. Ochsenfeld, J. Gauss, and R. Ahlrichs, 
          J. Chem. Phys. 103 (1995), 7401.

          integral direct algorithm                 
          H. Weiss, R. Ahlrichs, and M. Haeser, 
          J. Chem. Phys. 99 (1993), 1262.

          Seminumerical and pseudospectral algorithms
          C. Holzer, in preparation (2020)

          Two-component static/dynamic polarizabilities,
          and relativistic damped-response approach,
          polarizabilities and damped response at GW-BSE level
          M. Kehry, Y. J. Franzke, C. Holzer, and W. Klopper,
          Mol. Phys. (2020)
                                     




              +--------------------------------------------------+
              | Atomic coordinate, charge and isotop information |
              +--------------------------------------------------+

                    atomic coordinates            atom    charge  isotop
          2.51988525   -1.36383698    0.00000000    c      6.000     0
          4.57172489   -2.70142524    0.00000000    n      7.000     0
          6.87887689   -1.46784669    0.00000000    c      6.000     0
          6.85196735    1.21173391    0.00000000    n      7.000     0
          4.79190363    2.81261897    0.00000000    c      6.000     0
          2.33542815    1.39535306    0.00000000    c      6.000     0
          0.24198201   -2.58711792    0.00000000    n      7.000     0
         -2.05105146   -1.36512531    0.00000000    c      6.000     0
         -2.00997242    1.31100969    0.00000000    c      6.000     0
          0.22685291    2.62521441    0.00000000    n      7.000     0
         -4.35206496   -2.66514185    0.00000000    c      6.000     0
         -6.58317512   -1.30416868    0.00000000    c      6.000     0
         -6.57339905    1.34838343    0.00000000    c      6.000     0
         -4.30974553    2.63989367    0.00000000    c      6.000     0
          8.88926322   -2.55529255    0.00000000    o      8.000     0
          4.97576721    5.09132224    0.00000000    o      8.000     0
         -8.34350774    2.37249727    0.00000000    h      1.000     0
          0.32589331   -4.50053924    0.00000000    h      1.000     0
         -8.36596627   -2.30989253    0.00000000    h      1.000     0
         -4.37232833   -4.71293962    0.00000000    h      1.000     0
         -4.22485097    4.68341549    0.00000000    h      1.000     0
          8.57651704    2.04188445    0.00000000    h      1.000     0
 
       center of nuclear mass  :    1.21170145    0.15830535    0.00000000
       center of nuclear charge:    1.10585275    0.14316669    0.00000000

              +--------------------------------------------------+
              |               basis set information              |
              +--------------------------------------------------+

              we will work with the 1s 3p 5d 7f 9g ... basis set
              ...i.e. with spherical basis functions...

   type   atoms  prim   cont   basis
   ---------------------------------------------------------------------------
    c       10     46     31   def2-TZVP   [5s3p2d1f|11s6p2d1f]
    n        4     46     31   def2-TZVP   [5s3p2d1f|11s6p2d1f]
    o        2     46     31   def2-TZVP   [5s3p2d1f|11s6p2d1f]
    h        6      8      6   def2-TZVP   [3s1p|5s1p]
   ---------------------------------------------------------------------------
   total:   22    784    532
   ---------------------------------------------------------------------------

   total number of primitive shells          :   66
   total number of contracted shells         :  200
   total number of cartesian basis functions :  612
   total number of SCF-basis functions       :  532


 residuum convergence criterium   :  0.10E-04


 integral neglect threshold       :  0.54E-11
 integral storage threshold THIZE :  0.10E-04
 integral storage threshold THIME :         5

 CI SINGLES SINGLET-CALCULATION (TAMM-DANCOFF-APPROXIMATION)
 
             FOUND DFT-FLAG !
 

 symmetry group of the molecule :   cs

 the group has the following generators :
   c1(z)
   mirror plane sigma(xy)

    2 symmetry operations found

 there are 2 real representations :   a'   a"  

 maximum number of shells which are related by symmetry :  1

 IRREPs of excited states :   a'   a"  

    mo occupation :
   irrep   mo's   occupied
    a'     366       46
    a"     166        9
 
 number of basis functions   :   532
 number of occupied orbitals :    55
 
  
           ------------------
           density functional
           ------------------
 PBE0 hybrid functional
 exchange:    3/4 (LDA+PBE) + 1/4 HF
 correlation: LDA (PW) + PBE

 spherical integration : Lebedev's spherical grid
 spherical gridsize    :                     6
    i.e. gridpoints    :                   974
 value for diffuse not defined
 radial integration    : Chebyshev 2nd kind (scaling 3)
 radial gridsize       :                    10
 integration cells     :                    22
 partition function    : becke
 partition sharpness   :                     3
  

 biggest AO integral is expected to be     7.998976882
  MOs are in ASCII format !


 reading orbital data $scfmo  from file mos
 orbital characterization : scfconv=8
 preparing DFT   numerical integration ....
          Overall gridpoints after grid construction =        380277

 Calculating ground state density on molecular grid

 Integral of ground state density: N =   109.9999998730278    


 all orbitals will be included in the transformation

 number of non-frozen orbitals          :   532
 number of non-frozen occupied orbitals :    55



 dimension of super-tensorspace: 1

          IRREP   tensor space dimension   number of roots

           a'            16133                  10
           a"            10102                  10

 maximum number of Davidson iterations set to   35


 machine precision: 2.22D-16


 logfile ciss_a'   will be constructed

 logfile ciss_a"   will be constructed


                       Nonorthonormal Krylov Space Iteration


 total number of roots to be determined: 20


 maximum core memory set to          406 MB,
 corresponding to      140 vectors in CAO basis


 maximum number of simultaneously treated vectors (including degeneracy):       36


 Iteration IRREP Converged      Max. Euclidean
                 roots          residual norm

    1       a'       0        1.407412291570804D-01
            a"       0        4.877160416624859D-02
 
    2       a'       0        3.108333741278090D-02
            a"       0        2.156601514650390D-02
 
    3       a'       0        7.946351455744285D-03
            a"       0        8.776737281385559D-03
 
    4       a'       0        1.649769322707520D-03
            a"       0        1.671535791627848D-03
 
    5       a'       0        4.209934413890452D-04
            a"       0        3.192025649816919D-04
 
    6       a'       1        9.091462166116321D-05
            a"       7        5.116190222065389D-05
 
    7       a'       7        1.417732932045944D-05
            a"      10        9.430223789062237D-06
 
    8       a'      10        8.773082741727173D-06
            a"      10        9.430223789062237D-06
 

 converged!

 Eigenpairs written on logfile ciss_a'  

 Eigenpairs written on logfile ciss_a"  



 IRREP   Vector     Eigenvalue           Euclidean residual norm

  a'        1    1.241071482158088D-01    8.773082741727173D-06
            2    1.527431748179903D-01    1.211437155189392D-06
            3    1.567208142544693D-01    1.594652572871486D-06
            4    1.895626171645538D-01    1.975062257704774D-06
            5    1.940223423978617D-01    2.766426442884672D-06
            6    1.956442649287138D-01    3.433959375168803D-06
            7    2.224967151976897D-01    5.498416592524173D-06
            8    2.344292268563807D-01    1.765500311337420D-06
            9    2.357138922048466D-01    2.149327451464036D-06
           10    2.446477919198644D-01    1.759866719832361D-06

  a"        1    1.190927320350767D-01    1.323847268195439D-06
            2    1.258007290344190D-01    8.861267610057138D-07
            3    1.505365037461867D-01    1.435493575999333D-06
            4    1.762637374452860D-01    2.757625855985713D-06
            5    1.929957359254286D-01    2.605950165352408D-06
            6    1.946963392517483D-01    4.058530411051063D-06
            7    2.184381852735559D-01    1.772068027292126D-06
            8    2.211713190081721D-01    1.605907407084957D-06
            9    2.268607017482656D-01    6.370828583865574D-06
           10    2.355179247004589D-01    9.430223789062237D-06
 




                    Selection rules for point group cs  


 Subduction with respect to cs  :

    Polar vector representation: a', a"                      

    Axial vector representation: a', a"                      

    Symmetric second rank tensor representation: a', a"                      




                            Ground state


 Total energy:                           -753.6147163025000    

 Charge:

               elec          nuc         total

          -110.000000   110.000000    -0.000000


 Electric dipole moment:

               elec          nuc         total   

    x     -124.642218   121.643803    -2.998415    Norm:              3.095336
    y      -16.516850    15.748335    -0.768515
    z        0.000000     0.000000     0.000000    Norm / debye:      7.867619


 Electric quadrupole moment:

               elec          nuc         total   

   xx    -2915.148857  2842.537747   -72.611110
   yy     -778.416458   705.874548   -72.541910    1/3*trace:       -70.810083
   zz      -67.277228     0.000000   -67.277228
   xy      -22.146097    28.665566     6.519469
   xz        0.000000     0.000000     0.000000    Anisotropy:       12.473829
   yz        0.000000     0.000000     0.000000



 ==============================================================================

                              I R R E P   a'  

 ==============================================================================


 Excitation is electric dipole allowed

 Excitation is magnetic dipole allowed

 Excitation is electric quadrupole allowed




                         1 singlet a' excitation


 Total energy:                           -753.4906091542842    

 Excitation energy:                      0.1241071482158088    

 Excitation energy / eV:                  3.377128777629282    

 Excitation energy / nm:                  367.1291566604230    

 Excitation energy / cm^(-1):             27238.37052189480    


 Oscillator strength:

    velocity representation:             0.1792452492150507E-01

    length representation:               0.2354123211340383    

    mixed representation:                0.2974077271143670E-01


 Rotatory strength:

    velocity representation:              0.000000000000000    

    velocity rep. / 10^(-40)erg*cm^3:     0.000000000000000    

    length representation:                0.000000000000000    

    length rep. / 10^(-40)erg*cm^3:       0.000000000000000    


 Dominant contributions:

      occ. orbital   energy / eV   virt. orbital     energy / eV   |coeff.|^2*100
        9 a"             -7.15          10 a"             -3.28       90.3
 

 Change of electron number:

            -0.000000


 Electric transition dipole moment (velocity rep.):

    x       -0.097623        Norm:                  0.465448
    y       -0.455095
    z        0.000000        Norm / debye:          1.183059


 Electric transition dipole moment (length rep.):

    x        1.628240        Norm:                  1.686793
    y        0.440573
    z        0.000000        Norm / debye:          4.287433


 Magnetic transition dipole moment / i:

    x        0.000000        Norm:                  0.002249
    y        0.000000
    z       -0.002249        Norm / Bohr mag.:      0.616378


 Electric quadrupole transition moment:

   xx        2.783937
   yy        0.952764        1/3*trace:             1.222971
   zz       -0.067789
   xy       -1.442636
   xz        0.000000        Anisotropy:            3.536541
   yz        0.000000




                         2 singlet a' excitation


 Total energy:                           -753.4619731276821    

 Excitation energy:                      0.1527431748179903    

 Excitation energy / eV:                  4.156355042235902    

 Excitation energy / nm:                  298.3004164624282    

 Excitation energy / cm^(-1):             33523.25188512397    


 Oscillator strength:

    velocity representation:             0.9882143251439624E-02

    length representation:               0.1370810981361424    

    mixed representation:                0.2564625030900369E-02


 Rotatory strength:

    velocity representation:              0.000000000000000    

    velocity rep. / 10^(-40)erg*cm^3:     0.000000000000000    

    length representation:                0.000000000000000    

    length rep. / 10^(-40)erg*cm^3:       0.000000000000000    


 Dominant contributions:

      occ. orbital   energy / eV   virt. orbital     energy / eV   |coeff.|^2*100
        8 a"             -8.13          10 a"             -3.28       72.6
        9 a"             -7.15          11 a"             -1.46       12.7
        7 a"             -8.28          10 a"             -3.28        9.6
 

 Change of electron number:

            -0.000000


 Electric transition dipole moment (velocity rep.):

    x       -0.075623        Norm:                  0.311523
    y       -0.302205
    z        0.000000        Norm / debye:          0.791819


 Electric transition dipole moment (length rep.):

    x       -1.142440        Norm:                  1.160255
    y        0.202541
    z        0.000000        Norm / debye:          2.949097


 Magnetic transition dipole moment / i:

    x        0.000000        Norm:                  0.003502
    y        0.000000
    z        0.003502        Norm / Bohr mag.:      0.959793


 Electric quadrupole transition moment:

   xx       -1.156620
   yy        0.411358        1/3*trace:            -0.232987
   zz        0.046299
   xy        0.131791
   xz        0.000000        Anisotropy:            1.439279
   yz        0.000000




                         3 singlet a' excitation


 Total energy:                           -753.4579954882456    

 Excitation energy:                      0.1567208142544693    

 Excitation energy / eV:                  4.264592164763346    

 Excitation energy / nm:                  290.7294278475244    

 Excitation energy / cm^(-1):             34396.24283150294    


 Oscillator strength:

    velocity representation:             0.5968041554452095E-02

    length representation:               0.1992681911655381E-01

    mixed representation:                0.6500440697966694E-02


 Rotatory strength:

    velocity representation:              0.000000000000000    

    velocity rep. / 10^(-40)erg*cm^3:     0.000000000000000    

    length representation:                0.000000000000000    

    length rep. / 10^(-40)erg*cm^3:       0.000000000000000    


 Dominant contributions:

      occ. orbital   energy / eV   virt. orbital     energy / eV   |coeff.|^2*100
        7 a"             -8.28          10 a"             -3.28       83.8
        8 a"             -8.13          10 a"             -3.28       10.3
 

 Change of electron number:

             0.000000


 Electric transition dipole moment (velocity rep.):

    x        0.238779        Norm:                  0.239000
    y       -0.010271
    z        0.000000        Norm / debye:          0.607482


 Electric transition dipole moment (length rep.):

    x        0.275150        Norm:                  0.436718
    y        0.339139
    z        0.000000        Norm / debye:          1.110035


 Magnetic transition dipole moment / i:

    x        0.000000        Norm:                  0.000120
    y        0.000000
    z        0.000120        Norm / Bohr mag.:      0.032947


 Electric quadrupole transition moment:

   xx       -4.159684
   yy        2.105640        1/3*trace:            -0.674489
   zz        0.030576
   xy        3.506522
   xz        0.000000        Anisotropy:            8.212571
   yz        0.000000




                         4 singlet a' excitation


 Total energy:                           -753.4251536853354    

 Excitation energy:                      0.1895626171645538    

 Excitation energy / eV:                  5.158263474686715    

 Excitation energy / nm:                  240.3604325659198    

 Excitation energy / cm^(-1):             41604.18539671593    


 Oscillator strength:

    velocity representation:             0.9798022821596546E-02

    length representation:               0.9241573039605327E-01

    mixed representation:                0.2745059143440247E-01


 Rotatory strength:

    velocity representation:              0.000000000000000    

    velocity rep. / 10^(-40)erg*cm^3:     0.000000000000000    

    length representation:                0.000000000000000    

    length rep. / 10^(-40)erg*cm^3:       0.000000000000000    


 Dominant contributions:

      occ. orbital   energy / eV   virt. orbital     energy / eV   |coeff.|^2*100
        6 a"             -9.34          10 a"             -3.28       43.4
        8 a"             -8.13          11 a"             -1.46       29.0
        9 a"             -7.15          12 a"             -0.98       11.9
        9 a"             -7.15          11 a"             -1.46        9.2
 

 Change of electron number:

             0.000000


 Electric transition dipole moment (velocity rep.):

    x        0.266484        Norm:                  0.278444
    y        0.080732
    z        0.000000        Norm / debye:          0.707740


 Electric transition dipole moment (length rep.):

    x        0.848164        Norm:                  0.855150
    y       -0.109086
    z        0.000000        Norm / debye:          2.173591


 Magnetic transition dipole moment / i:

    x        0.000000        Norm:                  0.001101
    y        0.000000
    z        0.001101        Norm / Bohr mag.:      0.301655


 Electric quadrupole transition moment:

   xx       -2.638966
   yy        0.286231        1/3*trace:            -0.811110
   zz       -0.080593
   xy       -0.398614
   xz        0.000000        Anisotropy:            2.845169
   yz        0.000000




                         5 singlet a' excitation


 Total energy:                           -753.4206939601022    

 Excitation energy:                      0.1940223423978617    

 Excitation energy / eV:                  5.279618824819603    

 Excitation energy / nm:                  234.8355972662566    

 Excitation energy / cm^(-1):             42582.98194531965    


 Oscillator strength:

    velocity representation:             0.1638393412372379E-01

    length representation:               0.1992157174045026    

    mixed representation:                0.5426543403175157E-01


 Rotatory strength:

    velocity representation:              0.000000000000000    

    velocity rep. / 10^(-40)erg*cm^3:     0.000000000000000    

    length representation:                0.000000000000000    

    length rep. / 10^(-40)erg*cm^3:       0.000000000000000    


 Dominant contributions:

      occ. orbital   energy / eV   virt. orbital     energy / eV   |coeff.|^2*100
        9 a"             -7.15          12 a"             -0.98       63.7
        6 a"             -9.34          10 a"             -3.28       16.7
        9 a"             -7.15          11 a"             -1.46       10.1
 

 Change of electron number:

             0.000000


 Electric transition dipole moment (velocity rep.):

    x        0.350823        Norm:                  0.355901
    y        0.059903
    z        0.000000        Norm / debye:          0.904616


 Electric transition dipole moment (length rep.):

    x        1.227288        Norm:                  1.241028
    y       -0.184157
    z        0.000000        Norm / debye:          3.154402


 Magnetic transition dipole moment / i:

    x        0.000000        Norm:                  0.002372
    y        0.000000
    z        0.002372        Norm / Bohr mag.:      0.649997


 Electric quadrupole transition moment:

   xx        2.453150
   yy        0.362763        1/3*trace:             0.933986
   zz       -0.013954
   xy       -0.317860
   xz        0.000000        Anisotropy:            2.366902
   yz        0.000000




                         6 singlet a' excitation


 Total energy:                           -753.4190720375714    

 Excitation energy:                      0.1956442649287138    

 Excitation energy / eV:                  5.323753601363667    

 Excitation energy / nm:                  232.8887722653243    

 Excitation energy / cm^(-1):             42938.95279380242    


 Oscillator strength:

    velocity representation:             0.6639917454694064E-01

    length representation:               0.6134623560427793    

    mixed representation:                0.1323259065191789    


 Rotatory strength:

    velocity representation:              0.000000000000000    

    velocity rep. / 10^(-40)erg*cm^3:     0.000000000000000    

    length representation:                0.000000000000000    

    length rep. / 10^(-40)erg*cm^3:       0.000000000000000    


 Dominant contributions:

      occ. orbital   energy / eV   virt. orbital     energy / eV   |coeff.|^2*100
        9 a"             -7.15          11 a"             -1.46       57.1
        6 a"             -9.34          10 a"             -3.28       21.9
        8 a"             -8.13          10 a"             -3.28        3.5
        7 a"             -8.28          10 a"             -3.28        2.8
        9 a"             -7.15          12 a"             -0.98        2.5
        8 a"             -8.13          12 a"             -0.98        2.2
        5 a"            -10.79          10 a"             -3.28        2.1
 

 Change of electron number:

            -0.000000


 Electric transition dipole moment (velocity rep.):

    x        0.627851        Norm:                  0.713499
    y        0.338945
    z        0.000000        Norm / debye:          1.813547


 Electric transition dipole moment (length rep.):

    x        2.029142        Norm:                  2.168733
    y       -0.765495
    z        0.000000        Norm / debye:          5.512410


 Magnetic transition dipole moment / i:

    x        0.000000        Norm:                  0.004656
    y        0.000000
    z        0.004656        Norm / Bohr mag.:      1.275982


 Electric quadrupole transition moment:

   xx        4.647352
   yy       -0.155941        1/3*trace:             1.428177
   zz       -0.206879
   xy       -2.191027
   xz        0.000000        Anisotropy:            6.141717
   yz        0.000000




                         7 singlet a' excitation


 Total energy:                           -753.3922195873023    

 Excitation energy:                      0.2224967151976897    

 Excitation energy / eV:                  6.054446263767993    

 Excitation energy / nm:                  204.7821363093684    

 Excitation energy / cm^(-1):             48832.38439997601    


 Oscillator strength:

    velocity representation:             0.5170644717194447E-02

    length representation:               0.2336937684612872E-01

    mixed representation:                0.1084448511870592E-01


 Rotatory strength:

    velocity representation:              0.000000000000000    

    velocity rep. / 10^(-40)erg*cm^3:     0.000000000000000    

    length representation:                0.000000000000000    

    length rep. / 10^(-40)erg*cm^3:       0.000000000000000    


 Dominant contributions:

      occ. orbital   energy / eV   virt. orbital     energy / eV   |coeff.|^2*100
        7 a"             -8.28          11 a"             -1.46       95.2
 

 Change of electron number:

            -0.000000


 Electric transition dipole moment (velocity rep.):

    x       -0.186453        Norm:                  0.186705
    y        0.009707
    z        0.000000        Norm / debye:          0.474561


 Electric transition dipole moment (length rep.):

    x       -0.387675        Norm:                  0.396924
    y        0.085185
    z        0.000000        Norm / debye:          1.008888


 Magnetic transition dipole moment / i:

    x        0.000000        Norm:                  0.000409
    y        0.000000
    z        0.000409        Norm / Bohr mag.:      0.112096


 Electric quadrupole transition moment:

   xx       -0.818776
   yy       -0.776376        1/3*trace:            -0.506680
   zz        0.075111
   xy        1.424063
   xz        0.000000        Anisotropy:            2.616638
   yz        0.000000




                         8 singlet a' excitation


 Total energy:                           -753.3802870756437    

 Excitation energy:                      0.2344292268563807    

 Excitation energy / eV:                  6.379146565815780    

 Excitation energy / nm:                  194.3586696547596    

 Excitation energy / cm^(-1):             51451.26798959068    


 Oscillator strength:

    velocity representation:             0.1874502698157050    

    length representation:                1.055059035722058    

    mixed representation:                0.4411139902881274    


 Rotatory strength:

    velocity representation:              0.000000000000000    

    velocity rep. / 10^(-40)erg*cm^3:     0.000000000000000    

    length representation:                0.000000000000000    

    length rep. / 10^(-40)erg*cm^3:       0.000000000000000    


 Dominant contributions:

      occ. orbital   energy / eV   virt. orbital     energy / eV   |coeff.|^2*100
        8 a"             -8.13          11 a"             -1.46       48.0
        9 a"             -7.15          12 a"             -0.98       11.8
        5 a"            -10.79          10 a"             -3.28        7.7
        6 a"             -9.34          10 a"             -3.28        7.2
        8 a"             -8.13          12 a"             -0.98        5.7
        6 a"             -9.34          12 a"             -0.98        4.1
        8 a"             -8.13          13 a"              0.14        2.2
        8 a"             -8.13          10 a"             -3.28        2.0
        9 a"             -7.15          10 a"             -3.28        1.9
 

 Change of electron number:

            -0.000000


 Electric transition dipole moment (velocity rep.):

    x       -1.095063        Norm:                  1.095173
    y       -0.015545
    z        0.000000        Norm / debye:          2.783674


 Electric transition dipole moment (length rep.):

    x       -2.572254        Norm:                  2.598233
    y       -0.366507
    z        0.000000        Norm / debye:          6.604100


 Magnetic transition dipole moment / i:

    x        0.000000        Norm:                  0.000741
    y        0.000000
    z        0.000741        Norm / Bohr mag.:      0.203103


 Electric quadrupole transition moment:

   xx        6.166616
   yy       -0.595478        1/3*trace:             1.928593
   zz        0.214640
   xy       -0.090787
   xz        0.000000        Anisotropy:            6.397565
   yz        0.000000




                         9 singlet a' excitation


 Total energy:                           -753.3790024102951    

 Excitation energy:                      0.2357138922048466    

 Excitation energy / eV:                  6.414104103558756    

 Excitation energy / nm:                  193.2993945914875    

 Excitation energy / cm^(-1):             51733.21944251833    


 Oscillator strength:

    velocity representation:             0.2573430725283330E-03

    length representation:               0.3284544103485999E-01

    mixed representation:                0.4661055384165498E-03


 Rotatory strength:

    velocity representation:              0.000000000000000    

    velocity rep. / 10^(-40)erg*cm^3:     0.000000000000000    

    length representation:                0.000000000000000    

    length rep. / 10^(-40)erg*cm^3:       0.000000000000000    


 Dominant contributions:

      occ. orbital   energy / eV   virt. orbital     energy / eV   |coeff.|^2*100
        9 a"             -7.15          13 a"              0.14       70.1
        8 a"             -8.13          12 a"             -0.98       17.7
        5 a"            -10.79          10 a"             -3.28        3.5
 

 Change of electron number:

            -0.000000


 Electric transition dipole moment (velocity rep.):

    x       -0.040444        Norm:                  0.040468
    y        0.001387
    z        0.000000        Norm / debye:          0.102860


 Electric transition dipole moment (length rep.):

    x        0.057785        Norm:                  0.457184
    y       -0.453517
    z        0.000000        Norm / debye:          1.162053


 Magnetic transition dipole moment / i:

    x        0.000000        Norm:                  0.002938
    y        0.000000
    z        0.002938        Norm / Bohr mag.:      0.805137


 Electric quadrupole transition moment:

   xx        2.362860
   yy       -0.334832        1/3*trace:             0.701194
   zz        0.075553
   xy       -0.996801
   xz        0.000000        Anisotropy:            3.052819
   yz        0.000000




                        10 singlet a' excitation


 Total energy:                           -753.3700685105802    

 Excitation energy:                      0.2446477919198644    

 Excitation energy / eV:                  6.657207988047156    

 Excitation energy / nm:                  186.2406045133017    

 Excitation energy / cm^(-1):             53693.98378318269    


 Oscillator strength:

    velocity representation:             0.5089675655480403E-03

    length representation:               0.1735561995775490E-02

    mixed representation:                0.7270194098771230E-03


 Rotatory strength:

    velocity representation:              0.000000000000000    

    velocity rep. / 10^(-40)erg*cm^3:     0.000000000000000    

    length representation:                0.000000000000000    

    length rep. / 10^(-40)erg*cm^3:       0.000000000000000    


 Dominant contributions:

      occ. orbital   energy / eV   virt. orbital     energy / eV   |coeff.|^2*100
        7 a"             -8.28          12 a"             -0.98       87.6
        8 a"             -8.13          12 a"             -0.98        4.4
 

 Change of electron number:

             0.000000


 Electric transition dipole moment (velocity rep.):

    x       -0.049509        Norm:                  0.055862
    y       -0.025873
    z        0.000000        Norm / debye:          0.141989


 Electric transition dipole moment (length rep.):

    x       -0.040441        Norm:                  0.103156
    y       -0.094899
    z        0.000000        Norm / debye:          0.262199


 Magnetic transition dipole moment / i:

    x        0.000000        Norm:                  0.001078
    y        0.000000
    z       -0.001078        Norm / Bohr mag.:      0.295556


 Electric quadrupole transition moment:

   xx        1.234492
   yy       -0.609358        1/3*trace:             0.204698
   zz       -0.011039
   xy       -1.642903
   xz        0.000000        Anisotropy:            3.279016
   yz        0.000000



 ==============================================================================

                              I R R E P   a"  

 ==============================================================================


 Excitation is electric dipole allowed

 Excitation is magnetic dipole allowed

 Excitation is electric quadrupole allowed




                         1 singlet a" excitation


 Total energy:                           -753.4956235704650    

 Excitation energy:                      0.1190927320350767    

 Excitation energy / eV:                  3.240679512374123    

 Excitation energy / nm:                  382.5871812780321    

 Excitation energy / cm^(-1):             26137.83338245253    


 Oscillator strength:

    velocity representation:             0.7696408364036747E-02

    length representation:               0.8362879664327999E-03

    mixed representation:                0.2537008809522876E-02


 Rotatory strength:

    velocity representation:              0.000000000000000    

    velocity rep. / 10^(-40)erg*cm^3:     0.000000000000000    

    length representation:                0.000000000000000    

    length rep. / 10^(-40)erg*cm^3:       0.000000000000000    


 Dominant contributions:

      occ. orbital   energy / eV   virt. orbital     energy / eV   |coeff.|^2*100
       46 a'             -7.77          10 a"             -3.28       67.6
       45 a'             -8.07          10 a"             -3.28       29.5
 

 Change of electron number:

             0.000000


 Electric transition dipole moment (velocity rep.):

    x        0.000000        Norm:                  0.311349
    y        0.000000
    z       -0.311349        Norm / debye:          0.791375


 Electric transition dipole moment (length rep.):

    x        0.000000        Norm:                  0.102632
    y        0.000000
    z        0.102632        Norm / debye:          0.260865


 Magnetic transition dipole moment / i:

    x        0.000274        Norm:                  0.001348
    y        0.001320
    z        0.000000        Norm / Bohr mag.:      0.369411


 Electric quadrupole transition moment:

   xx        0.000000
   yy        0.000000        1/3*trace:             0.000000
   zz        0.000000
   xy        0.000000
   xz        0.079871        Anisotropy:            0.418726
   yz        0.228176




                         2 singlet a" excitation


 Total energy:                           -753.4889155734656    

 Excitation energy:                      0.1258007290344190    

 Excitation energy / eV:                  3.423213476230397    

 Excitation energy / nm:                  362.1867139381513    

 Excitation energy / cm^(-1):             27610.06854661988    


 Oscillator strength:

    velocity representation:             0.9445119230550651E-03

    length representation:               0.4184830282964865E-03

    mixed representation:                0.6286988228255416E-03


 Rotatory strength:

    velocity representation:              0.000000000000000    

    velocity rep. / 10^(-40)erg*cm^3:     0.000000000000000    

    length representation:                0.000000000000000    

    length rep. / 10^(-40)erg*cm^3:       0.000000000000000    


 Dominant contributions:

      occ. orbital   energy / eV   virt. orbital     energy / eV   |coeff.|^2*100
       45 a'             -8.07          10 a"             -3.28       65.7
       46 a'             -7.77          10 a"             -3.28       26.9
 

 Change of electron number:

             0.000000


 Electric transition dipole moment (velocity rep.):

    x        0.000000        Norm:                  0.106123
    y        0.000000
    z        0.106123        Norm / debye:          0.269739


 Electric transition dipole moment (length rep.):

    x        0.000000        Norm:                  0.070639
    y        0.000000
    z       -0.070639        Norm / debye:          0.179547


 Magnetic transition dipole moment / i:

    x       -0.000902        Norm:                  0.001162
    y        0.000733
    z        0.000000        Norm / Bohr mag.:      0.318524


 Electric quadrupole transition moment:

   xx        0.000000
   yy        0.000000        1/3*trace:             0.000000
   zz        0.000000
   xy        0.000000
   xz       -0.147689        Anisotropy:            0.433159
   yz       -0.201818




                         3 singlet a" excitation


 Total energy:                           -753.4641797987539    

 Excitation energy:                      0.1505365037461867    

 Excitation energy / eV:                  4.096308441484177    

 Excitation energy / nm:                  302.6731159959876    

 Excitation energy / cm^(-1):             33038.94356656350    


 Oscillator strength:

    velocity representation:             0.4072167621562992E-04

    length representation:               0.4348765115217828E-04

    mixed representation:                0.4208194446074550E-04


 Rotatory strength:

    velocity representation:              0.000000000000000    

    velocity rep. / 10^(-40)erg*cm^3:     0.000000000000000    

    length representation:                0.000000000000000    

    length rep. / 10^(-40)erg*cm^3:       0.000000000000000    


 Dominant contributions:

      occ. orbital   energy / eV   virt. orbital     energy / eV   |coeff.|^2*100
       44 a'             -8.58          10 a"             -3.28       88.2
       46 a'             -7.77          10 a"             -3.28        2.8
 

 Change of electron number:

             0.000000


 Electric transition dipole moment (velocity rep.):

    x        0.000000        Norm:                  0.020144
    y        0.000000
    z        0.020144        Norm / debye:          0.051200


 Electric transition dipole moment (length rep.):

    x        0.000000        Norm:                  0.020816
    y        0.000000
    z       -0.020816        Norm / debye:          0.052911


 Magnetic transition dipole moment / i:

    x        0.000572        Norm:                  0.000809
    y        0.000571
    z        0.000000        Norm / Bohr mag.:      0.221595


 Electric quadrupole transition moment:

   xx        0.000000
   yy        0.000000        1/3*trace:             0.000000
   zz        0.000000
   xy        0.000000
   xz       -0.004531        Anisotropy:            0.026364
   yz        0.014531




                         4 singlet a" excitation


 Total energy:                           -753.4384525650547    

 Excitation energy:                      0.1762637374452860    

 Excitation energy / eV:                  4.796382390028540    

 Excitation energy / nm:                  258.4953281961544    

 Excitation energy / cm^(-1):             38685.41868160590    


 Oscillator strength:

    velocity representation:             0.1989432770546811E-02

    length representation:               0.9286063264628607E-04

    mixed representation:                0.4298138965648162E-03


 Rotatory strength:

    velocity representation:              0.000000000000000    

    velocity rep. / 10^(-40)erg*cm^3:     0.000000000000000    

    length representation:                0.000000000000000    

    length rep. / 10^(-40)erg*cm^3:       0.000000000000000    


 Dominant contributions:

      occ. orbital   energy / eV   virt. orbital     energy / eV   |coeff.|^2*100
       43 a'             -9.50          10 a"             -3.28       88.3
       45 a'             -8.07          11 a"             -1.46        6.0
 

 Change of electron number:

             0.000000


 Electric transition dipole moment (velocity rep.):

    x        0.000000        Norm:                  0.130115
    y        0.000000
    z        0.130115        Norm / debye:          0.330723


 Electric transition dipole moment (length rep.):

    x        0.000000        Norm:                  0.028111
    y        0.000000
    z       -0.028111        Norm / debye:          0.071452


 Magnetic transition dipole moment / i:

    x       -0.002009        Norm:                  0.002024
    y        0.000239
    z        0.000000        Norm / Bohr mag.:      0.554628


 Electric quadrupole transition moment:

   xx        0.000000
   yy        0.000000        1/3*trace:             0.000000
   zz        0.000000
   xy        0.000000
   xz        0.138262        Anisotropy:            1.252544
   yz       -0.709816




                         5 singlet a" excitation


 Total energy:                           -753.4217205665745    

 Excitation energy:                      0.1929957359254286    

 Excitation energy / eV:                  5.251683429387540    

 Excitation energy / nm:                  236.0847634354220    

 Excitation energy / cm^(-1):             42357.66786890817    


 Oscillator strength:

    velocity representation:             0.4281690286236842E-05

    length representation:               0.1420210654514974E-04

    mixed representation:                0.7798013954749525E-05


 Rotatory strength:

    velocity representation:              0.000000000000000    

    velocity rep. / 10^(-40)erg*cm^3:     0.000000000000000    

    length representation:                0.000000000000000    

    length rep. / 10^(-40)erg*cm^3:       0.000000000000000    


 Dominant contributions:

      occ. orbital   energy / eV   virt. orbital     energy / eV   |coeff.|^2*100
       46 a'             -7.77          11 a"             -1.46       84.1
       45 a'             -8.07          11 a"             -1.46        4.6
       44 a'             -8.58          10 a"             -3.28        3.0
 

 Change of electron number:

             0.000000


 Electric transition dipole moment (velocity rep.):

    x        0.000000        Norm:                  0.005769
    y        0.000000
    z        0.005769        Norm / debye:          0.014663


 Electric transition dipole moment (length rep.):

    x        0.000000        Norm:                  0.010506
    y        0.000000
    z       -0.010506        Norm / debye:          0.026704


 Magnetic transition dipole moment / i:

    x        0.001056        Norm:                  0.001093
    y        0.000280
    z        0.000000        Norm / Bohr mag.:      0.299467


 Electric quadrupole transition moment:

   xx        0.000000
   yy        0.000000        1/3*trace:             0.000000
   zz        0.000000
   xy        0.000000
   xz       -0.015814        Anisotropy:            0.059517
   yz        0.030507




                         6 singlet a" excitation


 Total energy:                           -753.4200199632483    

 Excitation energy:                      0.1946963392517483    

 Excitation energy / eV:                  5.297959220228043    

 Excitation energy / nm:                  234.0226469337218    

 Excitation energy / cm^(-1):             42730.90715591936    


 Oscillator strength:

    velocity representation:             0.3904015556413143E-03

    length representation:               0.4284217154830562E-03

    mixed representation:                0.4089700529318812E-03


 Rotatory strength:

    velocity representation:              0.000000000000000    

    velocity rep. / 10^(-40)erg*cm^3:     0.000000000000000    

    length representation:                0.000000000000000    

    length rep. / 10^(-40)erg*cm^3:       0.000000000000000    


 Dominant contributions:

      occ. orbital   energy / eV   virt. orbital     energy / eV   |coeff.|^2*100
       45 a'             -8.07          11 a"             -1.46       82.8
       43 a'             -9.50          10 a"             -3.28        6.1
       46 a'             -7.77          11 a"             -1.46        4.5
 

 Change of electron number:

             0.000000


 Electric transition dipole moment (velocity rep.):

    x        0.000000        Norm:                  0.054843
    y        0.000000
    z       -0.054843        Norm / debye:          0.139398


 Electric transition dipole moment (length rep.):

    x        0.000000        Norm:                  0.057452
    y        0.000000
    z        0.057452        Norm / debye:          0.146029


 Magnetic transition dipole moment / i:

    x        0.000375        Norm:                  0.000694
    y       -0.000584
    z        0.000000        Norm / Bohr mag.:      0.190286


 Electric quadrupole transition moment:

   xx        0.000000
   yy        0.000000        1/3*trace:             0.000000
   zz        0.000000
   xy        0.000000
   xz        0.207848        Anisotropy:            0.368455
   yz        0.045300




                         7 singlet a" excitation


 Total energy:                           -753.3962781172264    

 Excitation energy:                      0.2184381852735559    

 Excitation energy / eV:                  5.944007998134589    

 Excitation energy / nm:                  208.5869400670026    

 Excitation energy / cm^(-1):             47941.64004369186    


 Oscillator strength:

    velocity representation:             0.1044325901366759E-02

    length representation:               0.6358112493213403E-03

    mixed representation:                0.8148583656357918E-03


 Rotatory strength:

    velocity representation:              0.000000000000000    

    velocity rep. / 10^(-40)erg*cm^3:     0.000000000000000    

    length representation:                0.000000000000000    

    length rep. / 10^(-40)erg*cm^3:       0.000000000000000    


 Dominant contributions:

      occ. orbital   energy / eV   virt. orbital     energy / eV   |coeff.|^2*100
       44 a'             -8.58          11 a"             -1.46       31.3
       46 a'             -7.77          12 a"             -0.98       31.1
       45 a'             -8.07          12 a"             -0.98       16.9
       46 a'             -7.77          13 a"              0.14        6.6
       46 a'             -7.77          14 a"              0.85        4.2
 

 Change of electron number:

             0.000000


 Electric transition dipole moment (velocity rep.):

    x        0.000000        Norm:                  0.084684
    y        0.000000
    z        0.084684        Norm / debye:          0.215246


 Electric transition dipole moment (length rep.):

    x        0.000000        Norm:                  0.066076
    y        0.000000
    z       -0.066076        Norm / debye:          0.167950


 Magnetic transition dipole moment / i:

    x        0.000528        Norm:                  0.002040
    y       -0.001970
    z        0.000000        Norm / Bohr mag.:      0.559140


 Electric quadrupole transition moment:

   xx        0.000000
   yy        0.000000        1/3*trace:             0.000000
   zz        0.000000
   xy        0.000000
   xz        0.067759        Anisotropy:            0.146988
   yz       -0.051093




                         8 singlet a" excitation


 Total energy:                           -753.3935449834919    

 Excitation energy:                      0.2211713190081721    

 Excitation energy / eV:                  6.018380382972823    

 Excitation energy / nm:                  206.0093183163431    

 Excitation energy / cm^(-1):             48541.49356075047    


 Oscillator strength:

    velocity representation:             0.2985459598006926E-02

    length representation:               0.1344074123822390E-03

    mixed representation:                0.6334571014203174E-03


 Rotatory strength:

    velocity representation:              0.000000000000000    

    velocity rep. / 10^(-40)erg*cm^3:     0.000000000000000    

    length representation:                0.000000000000000    

    length rep. / 10^(-40)erg*cm^3:       0.000000000000000    


 Dominant contributions:

      occ. orbital   energy / eV   virt. orbital     energy / eV   |coeff.|^2*100
       45 a'             -8.07          12 a"             -0.98       50.4
       44 a'             -8.58          11 a"             -1.46       32.3
       46 a'             -7.77          12 a"             -0.98        5.2
       46 a'             -7.77          13 a"              0.14        3.5
 

 Change of electron number:

             0.000000


 Electric transition dipole moment (velocity rep.):

    x        0.000000        Norm:                  0.142294
    y        0.000000
    z        0.142294        Norm / debye:          0.361678


 Electric transition dipole moment (length rep.):

    x        0.000000        Norm:                  0.030192
    y        0.000000
    z        0.030192        Norm / debye:          0.076741


 Magnetic transition dipole moment / i:

    x        0.001008        Norm:                  0.001328
    y       -0.000865
    z        0.000000        Norm / Bohr mag.:      0.364058


 Electric quadrupole transition moment:

   xx        0.000000
   yy        0.000000        1/3*trace:             0.000000
   zz        0.000000
   xy        0.000000
   xz       -0.071286        Anisotropy:            0.485224
   yz        0.270923




                         9 singlet a" excitation


 Total energy:                           -753.3878556007518    

 Excitation energy:                      0.2268607017482656    

 Excitation energy / eV:                  6.173196430676266    

 Excitation energy / nm:                  200.8428622007837    

 Excitation energy / cm^(-1):             49790.16873654343    


 Oscillator strength:

    velocity representation:             0.1458513124435775E-03

    length representation:               0.1501967965964302E-03

    mixed representation:                0.1480081075766136E-03


 Rotatory strength:

    velocity representation:              0.000000000000000    

    velocity rep. / 10^(-40)erg*cm^3:     0.000000000000000    

    length representation:                0.000000000000000    

    length rep. / 10^(-40)erg*cm^3:       0.000000000000000    


 Dominant contributions:

      occ. orbital   energy / eV   virt. orbital     energy / eV   |coeff.|^2*100
       46 a'             -7.77          12 a"             -0.98       56.4
       45 a'             -8.07          12 a"             -0.98       23.4
       44 a'             -8.58          11 a"             -1.46       13.2
 

 Change of electron number:

             0.000000


 Electric transition dipole moment (velocity rep.):

    x        0.000000        Norm:                  0.031054
    y        0.000000
    z       -0.031054        Norm / debye:          0.078933


 Electric transition dipole moment (length rep.):

    x        0.000000        Norm:                  0.031513
    y        0.000000
    z        0.031513        Norm / debye:          0.080100


 Magnetic transition dipole moment / i:

    x        0.000088        Norm:                  0.000437
    y        0.000428
    z        0.000000        Norm / Bohr mag.:      0.119642


 Electric quadrupole transition moment:

   xx        0.000000
   yy        0.000000        1/3*trace:             0.000000
   zz        0.000000
   xy        0.000000
   xz       -0.018452        Anisotropy:            0.075101
   yz        0.039238




                        10 singlet a" excitation


 Total energy:                           -753.3791983777995    

 Excitation energy:                      0.2355179247004589    

 Excitation energy / eV:                  6.408771554160415    

 Excitation energy / nm:                  193.4602333047444    

 Excitation energy / cm^(-1):             51690.20954686363    


 Oscillator strength:

    velocity representation:             0.2004911518414593E-03

    length representation:               0.1093020789344769E-04

    mixed representation:                0.4681249801520890E-04


 Rotatory strength:

    velocity representation:              0.000000000000000    

    velocity rep. / 10^(-40)erg*cm^3:     0.000000000000000    

    length representation:                0.000000000000000    

    length rep. / 10^(-40)erg*cm^3:       0.000000000000000    


 Dominant contributions:

      occ. orbital   energy / eV   virt. orbital     energy / eV   |coeff.|^2*100
       46 a'             -7.77          13 a"              0.14       58.8
       44 a'             -8.58          11 a"             -1.46       12.1
       44 a'             -8.58          13 a"              0.14        5.8
       46 a'             -7.77          14 a"              0.85        4.7
       46 a'             -7.77          12 a"             -0.98        3.6
       45 a'             -8.07          13 a"              0.14        3.4
       46 a'             -7.77          11 a"             -1.46        3.3
 

 Change of electron number:

             0.000000


 Electric transition dipole moment (velocity rep.):

    x        0.000000        Norm:                  0.035734
    y        0.000000
    z       -0.035734        Norm / debye:          0.090827


 Electric transition dipole moment (length rep.):

    x        0.000000        Norm:                  0.008343
    y        0.000000
    z        0.008343        Norm / debye:          0.021207


 Magnetic transition dipole moment / i:

    x       -0.000315        Norm:                  0.002116
    y       -0.002092
    z        0.000000        Norm / Bohr mag.:      0.579933


 Electric quadrupole transition moment:

   xx        0.000000
   yy        0.000000        1/3*trace:             0.000000
   zz        0.000000
   xy        0.000000
   xz        0.148800        Anisotropy:            0.310118
   yz       -0.099581

 SUMMARY OF EXCITATION ENERGIES AND DIPOLE OSCILLATOR STRENGTHS (velocity/length):

 -----------------------------------------------------------------------------------------------
 |    Exc.   | energy (Eh) | energy (eV) | energy (cm-1) | energy (nm) | Osc.(vel) | Osc.(len) |
 -----------------------------------------------------------------------------------------------
 |     1 a'  |    0.124107 |     3.37713 |     27238.371 |     367.129 |   0.01792 |   0.23541 |
 |     2 a'  |    0.152743 |     4.15635 |     33523.252 |     298.300 |   0.00988 |   0.13708 |
 |     3 a'  |    0.156721 |     4.26459 |     34396.243 |     290.729 |   0.00597 |   0.01993 |
 |     4 a'  |    0.189563 |     5.15826 |     41604.185 |     240.360 |   0.00980 |   0.09242 |
 |     5 a'  |    0.194022 |     5.27962 |     42582.982 |     234.836 |   0.01638 |   0.19922 |
 |     6 a'  |    0.195644 |     5.32375 |     42938.953 |     232.889 |   0.06640 |   0.61346 |
 |     7 a'  |    0.222497 |     6.05444 |     48832.384 |     204.782 |   0.00517 |   0.02337 |
 |     8 a'  |    0.234429 |     6.37914 |     51451.268 |     194.359 |   0.18745 |   1.05506 |
 |     9 a'  |    0.235714 |     6.41410 |     51733.219 |     193.299 |   0.00026 |   0.03285 |
 |    10 a'  |    0.244648 |     6.65721 |     53693.984 |     186.241 |   0.00051 |   0.00174 |
 -----------------------------------------------------------------------------------------------


 -----------------------------------------------------------------------------------------------
 |    Exc.   | energy (Eh) | energy (eV) | energy (cm-1) | energy (nm) | Osc.(vel) | Osc.(len) |
 -----------------------------------------------------------------------------------------------
 |     1 a"  |    0.119093 |     3.24068 |     26137.833 |     382.587 |   0.00770 |   0.00084 |
 |     2 a"  |    0.125801 |     3.42321 |     27610.069 |     362.187 |   0.00094 |   0.00042 |
 |     3 a"  |    0.150537 |     4.09631 |     33038.944 |     302.673 |   0.00004 |   0.00004 |
 |     4 a"  |    0.176264 |     4.79638 |     38685.419 |     258.495 |   0.00199 |   0.00009 |
 |     5 a"  |    0.192996 |     5.25168 |     42357.668 |     236.085 |   0.00000 |   0.00001 |
 |     6 a"  |    0.194696 |     5.29796 |     42730.907 |     234.023 |   0.00039 |   0.00043 |
 |     7 a"  |    0.218438 |     5.94401 |     47941.640 |     208.587 |   0.00104 |   0.00064 |
 |     8 a"  |    0.221171 |     6.01838 |     48541.494 |     206.009 |   0.00299 |   0.00013 |
 |     9 a"  |    0.226861 |     6.17319 |     49790.169 |     200.843 |   0.00015 |   0.00015 |
 |    10 a"  |    0.235518 |     6.40877 |     51690.210 |     193.460 |   0.00020 |   0.00001 |
 -----------------------------------------------------------------------------------------------




    ------------------------------------------------------------------------
         total  cpu-time :  1 hours 48 minutes and 13 seconds
         total wall-time :  1 hours 48 minutes and 34 seconds
    ------------------------------------------------------------------------

   ****  escf : all done  ****


    2023-10-18 19:48:22.987 

