
Slurm Job Summary
*****************
- General information:
    date = Do 1. Feb 11:06:14 CET 2024
    hostname = nesh-srp167
- Job information:
    JobId = 10358805
    JobName = HBR_PP
    UserId = suphc355(743340)
    Account = suphc355
    QOS = normal
    NodeList = nesh-srp[167-168]
    Features = (null)
    Command = /gxfs_work/cau/suphc355/homologes/HX/PP/Br/run.sh
    WorkDir = /gxfs_work/cau/suphc355/homologes/HX/PP/Br
    StdOut = /gxfs_work/cau/suphc355/homologes/HX/PP/Br/ba.out
    StdErr = /gxfs_work/cau/suphc355/homologes/HX/PP/Br/ba.err
- Requested resources:
    Timelimit = 1-00:00:00 ( 86400s )
    MinMemoryNode = 160G ( 163840.000M )
    NumNodes = 2
    NumCPUs = 32
    NumTasks = 32
    CPUs/Task = 1
- Used resources:
    RunTime = 01:54:43 ( 6883s )
    MaxRSS = 6704K ( 6.547M )
====================
- Important conclusions and remarks:
    * !!! Please, always check if the number of requested cores and nodes matches the need of your program/code !!!
    * !!! Less than 10% of requested walltime used !!! Consider adaptation of your batch script.
    * !!! Less than 10% of requested main memory used !!! Consider adaptation of your batch script.

