
 data group $actual step is not empty 
 due to the abend of dscf


 dscf (nesh-fe1) : TURBOMOLE rev. V7.5.0 compiled 13 Jun 2020 at 23:29:25
 Copyright (C) 2020 TURBOMOLE GmbH, Karlsruhe


    2023-10-25 13:37:46.937 



                             d s c f - program

                   idea & directorship : reinhart ahlrichs
                   program development : marco haeser
                                         michael baer
                           dft version : oliver treutler


                          quantum chemistry group
                          universitaet  karlsruhe
                                  germany



   *-----------------------------------------------------------------------*
   |                     program will use  1 thread(s)                     |
   *-----------------------------------------------------------------------*


              +--------------------------------------------------+
              | Atomic coordinate, charge and isotop information |
              +--------------------------------------------------+

                    atomic coordinates            atom    charge  isotop
          0.00000000    0.00000000   -0.01245509    c      6.000     0
          0.00000000    0.00000000    2.25734163    o      8.000     0
         -1.77442119    0.00000000   -1.12244327    h      1.000     0
          1.77442119    0.00000000   -1.12244327    h      1.000     0
 
       center of nuclear mass  :    0.00000000    0.00000000    1.12246665
       center of nuclear charge:    0.00000000    0.00000000    0.98369475

              +--------------------------------------------------+
              |               basis set information              |
              +--------------------------------------------------+

              we will work with the 1s 3p 5d 7f 9g ... basis set
              ...i.e. with spherical basis functions...

   type   atoms  prim   cont   basis
   ---------------------------------------------------------------------------
    c        1     52     37   def2-TZVPD   [6s3p3d1f|12s6p3d1f]
    o        1     55     40   def2-TZVPD   [6s4p3d1f|12s7p3d1f]
    h        2     11      9   def2-TZVPD   [3s2p|5s2p]
   ---------------------------------------------------------------------------
   total:    4    129     95
   ---------------------------------------------------------------------------

   total number of primitive shells          :   52
   total number of contracted shells         :   37
   total number of cartesian basis functions :  107
   total number of SCF-basis functions       :   95


 integral neglect threshold       :  0.31E-11
 integral storage threshold THIZE :  0.10E-04
 integral storage threshold THIME :         5


 DENSITY CONVERGENCE CHECK SWITCHED ON !
 SCF CONVERGENCE IF RMS(delta[D]) <     0.1000000000E-06


 symmetry group of the molecule :   c2v

 the group has the following generators :
   c2(z)
   mirror plane sigma(xz)

    4 symmetry operations found

 there are 4 real representations :   a1   a2   b1   b2  

 maximum number of shells which are related by symmetry :  2


   ----> a dscf RESTART run will be tried ! <----
     2e integrals will be read from 2e integral file(s)

 $restart flag 'dscf  twoint' will be switched off !

  
           ------------------
           density functional
           ------------------
 PBE0 hybrid functional
 exchange:    3/4 (LDA+PBE) + 1/4 HF
 correlation: LDA (PW) + PBE

 spherical integration : Lebedev's spherical grid
 spherical gridsize    :                     6
    i.e. gridpoints    :                   974
 value for diffuse not defined
 radial integration    : Chebyshev 2nd kind (scaling 3)
 radial gridsize       :                    10
 integration cells     :                     3
 partition function    : becke
 partition sharpness   :                     3
  

          ------------------------
          nuclear repulsion energy  :   31.3539323333    
          ------------------------


         -----------------
         -S,T+V- integrals
         -----------------

 1e-integrals will be neglected if expon. factor < 0.312333E-12
 
   Difference densities algorithm switched on.
   The maximal number of linear combinations of
   difference densities is                    20 .

 DIIS switched on: error vector is FDS-SDF
 Max. Iterations for DIIS is     :   4
 DIIS matrix (see manual) 
    Scaling factor of diagonals  :  1.200
    threshold for scaling factor :  0.000

 scf convergence criterion : increment of total energy < .1000000D-07
                  and increment of one-electron energy < .1000000D-04

 MOs are in ASCII format !


    mo occupation :
   irrep   mo's   occupied
    a1      42        5
    a2      10        0
    b1      24        2
    b2      19        1
 
 number of basis functions   :    95
 number of occupied orbitals :     8
 

 reading orbital data $scfmo  from file mos
 orbital characterization : scfdump=3
 mo-orthogonalization by Cholesky decomposition

 closed shell shift switched on 
 all occupied orbitals are shifted by    0.40000


 DSCF restart information will be dumped onto file mos


 complete restart information read in from $restartd
 iterations from earlier run will be continued
          Overall gridpoints after grid construction =         36761
 
                                              current damping :  0.750
 ITERATION  ENERGY          1e-ENERGY        2e-ENERGY     RMS[dD(SAO)]   TOL
   4  -114.38478625536    -217.44297749     71.704258898    0.142D-14 0.124D-11
                            Exc =   -11.040591543036     N = 16.000000035    
          max. resid. norm for Fia-block=  7.158D-02 for orbital      1b2        
          max. resid. fock norm         =  7.487D-02 for orbital      5a1        
          Delta Eig. =    75.3085798197 eV 
 
                                              current damping :  0.600
 ITERATION  ENERGY          1e-ENERGY        2e-ENERGY     RMS[dD(SAO)]   TOL
   5  -114.41005519777    -217.47551883     71.711531301    0.614D-02 0.106D-11
                            Exc =   -11.040363490683     N = 16.000000028    
          Norm of current diis error: 0.34995    
          max. resid. norm for Fia-block=  4.398D-02 for orbital      3a1        
          max. resid. fock norm         =  6.253D-02 for orbital     13b2        
 mo-orthogonalization: Cholesky decomposition
          Delta Eig. =    33.5490904005 eV 
 
                                              current damping :  0.450
 ITERATION  ENERGY          1e-ENERGY        2e-ENERGY     RMS[dD(SAO)]   TOL
   6  -114.41575723834    -217.64612513     71.876435558    0.400D-02 0.980D-12
                            Exc =   -11.060315567135     N = 16.000000029    
          Norm of current diis error: 0.20470    
          max. resid. norm for Fia-block=  1.801D-02 for orbital      3a1        
          max. resid. fock norm         =  2.145D-02 for orbital     28a1        
          Delta Eig. =    14.7947504716 eV 
 
                                              current damping :  0.500
 ITERATION  ENERGY          1e-ENERGY        2e-ENERGY     RMS[dD(SAO)]   TOL
   7  -114.41822768825    -217.59837035     71.826210332    0.290D-02 0.924D-12
                            Exc =   -11.057058589537     N = 16.000000034    
          Norm of current diis error: 0.11132    
          max. resid. norm for Fia-block=  1.115D-02 for orbital      3a1        
          max. resid. fock norm         =  1.241D-02 for orbital      5a1        
          Delta Eig. =     4.1004691662 eV 
 
                                              current damping :  0.550
 ITERATION  ENERGY          1e-ENERGY        2e-ENERGY     RMS[dD(SAO)]   TOL
   8  -114.41900410363    -217.62807073     71.855134292    0.187D-02 0.892D-12
                            Exc =   -11.060446611606     N = 16.000000041    
          Norm of current diis error: 0.66262E-01
          max. resid. norm for Fia-block=  6.398D-03 for orbital      5a1        
          max. resid. fock norm         =  6.543D-03 for orbital      5a1        
          Delta Eig. =     1.4050630567 eV 
 
                                              current damping :  0.600
 ITERATION  ENERGY          1e-ENERGY        2e-ENERGY     RMS[dD(SAO)]   TOL
   9  -114.41929975558    -217.62339066     71.850158570    0.123D-02 0.867D-12
                            Exc =   -11.060163998872     N = 16.000000047    
          Norm of current diis error: 0.38235E-01
          max. resid. norm for Fia-block=  4.432D-03 for orbital      5a1        
          max. resid. fock norm         =  4.733D-03 for orbital      5a1        
          Delta Eig. =     0.4042937485 eV 
 
                                              current damping :  0.650
 ITERATION  ENERGY          1e-ENERGY        2e-ENERGY     RMS[dD(SAO)]   TOL
  10  -114.41940051570    -217.62840962     71.855076771    0.826D-03 0.845D-12
                            Exc =   -11.060861976032     N = 16.000000053    
          Norm of current diis error: 0.25790E-01
          max. resid. norm for Fia-block=  2.649D-03 for orbital      5a1        
          max. resid. fock norm         =  2.656D-03 for orbital      5a1        
 mo-orthogonalization: Cholesky decomposition
          Delta Eig. =     0.1884929129 eV 
 
                                              current damping :  0.700
 ITERATION  ENERGY          1e-ENERGY        2e-ENERGY     RMS[dD(SAO)]   TOL
  11  -114.41944676977    -217.62320058     71.849821474    0.574D-03 0.821D-12
                            Exc =   -11.060398162477     N = 16.000000057    
          Norm of current diis error: 0.15798E-01
          max. resid. norm for Fia-block=  1.975D-03 for orbital      5a1        
          max. resid. fock norm         =  2.042D-03 for orbital      5a1        
          Delta Eig. =     0.0433024814 eV 
 
                                              current damping :  0.750
 ITERATION  ENERGY          1e-ENERGY        2e-ENERGY     RMS[dD(SAO)]   TOL
  12  -114.41946452691    -217.62552511     71.852128251    0.400D-03 0.796D-12
                            Exc =   -11.060669896492     N = 16.000000061    
          Norm of current diis error: 0.11117E-01
          max. resid. norm for Fia-block=  1.207D-03 for orbital      5a1        
          max. resid. fock norm         =  1.208D-03 for orbital      5a1        
          Delta Eig. =     0.0284705332 eV 
 
                                              current damping :  0.800
 ITERATION  ENERGY          1e-ENERGY        2e-ENERGY     RMS[dD(SAO)]   TOL
  13  -114.41947325125    -217.62363643     71.850230847    0.280D-03 0.769D-12
                            Exc =   -11.060494255409     N = 16.000000064    
          Norm of current diis error: 0.71854E-02
          max. resid. norm for Fia-block=  8.908D-04 for orbital      5a1        
          max. resid. fock norm         =  9.101D-04 for orbital      5a1        
          Delta Eig. =     0.0117627499 eV 
 
                                              current damping :  0.850
 ITERATION  ENERGY          1e-ENERGY        2e-ENERGY     RMS[dD(SAO)]   TOL
  14  -114.41947693548    -217.62389120     71.850481927    0.195D-03 0.742D-12
                            Exc =   -11.060535493415     N = 16.000000066    
          Norm of current diis error: 0.52292E-02
          max. resid. norm for Fia-block=  5.701D-04 for orbital      5a1        
          max. resid. fock norm         =  5.706D-04 for orbital      5a1        
          Delta Eig. =     0.0050701494 eV 
 
                                              current damping :  0.900
 ITERATION  ENERGY          1e-ENERGY        2e-ENERGY     RMS[dD(SAO)]   TOL
  15  -114.41947886504    -217.62297861     71.849567416    0.138D-03 0.715D-12
                            Exc =   -11.060447807713     N = 16.000000068    
          Norm of current diis error: 0.35067E-02
          max. resid. norm for Fia-block=  4.310D-04 for orbital      5a1        
          max. resid. fock norm         =  4.388D-04 for orbital      5a1        
 mo-orthogonalization: Cholesky decomposition
          Delta Eig. =     0.0057431985 eV 
 
                                              current damping :  0.950
 ITERATION  ENERGY          1e-ENERGY        2e-ENERGY     RMS[dD(SAO)]   TOL
  16  -114.41947973786    -217.62310130     71.849689230    0.972D-04 0.689D-12
                            Exc =   -11.060464635346     N = 16.000000069    
          Norm of current diis error: 0.26235E-02
          max. resid. norm for Fia-block=  2.915D-04 for orbital      2b1        
          max. resid. fock norm         =  2.917D-04 for orbital      2b1        
          Delta Eig. =     0.0009873783 eV 
 
                                              current damping :  1.000
 ITERATION  ENERGY          1e-ENERGY        2e-ENERGY     RMS[dD(SAO)]   TOL
  17  -114.41948021978    -217.62265277     71.849240216    0.693D-04 0.663D-12
                            Exc =   -11.060420798511     N = 16.000000070    
          Norm of current diis error: 0.18210E-02
          max. resid. norm for Fia-block=  2.151D-04 for orbital      2b1        
          max. resid. fock norm         =  2.191D-04 for orbital      2b1        
          Delta Eig. =     0.0023278318 eV 
 
                                              current damping :  0.850
 ITERATION  ENERGY          1e-ENERGY        2e-ENERGY     RMS[dD(SAO)]   TOL
  18  -114.41948045350    -217.62262429     71.849211501    0.491D-04 0.637D-12
                            Exc =   -11.060419716320     N = 16.000000071    
          Norm of current diis error: 0.13790E-02
          max. resid. norm for Fia-block=  1.648D-04 for orbital      2b1        
          max. resid. fock norm         =  1.650D-04 for orbital      2b1        
          Delta Eig. =     0.0003678604 eV 
 
                                              current damping :  0.700
 ITERATION  ENERGY          1e-ENERGY        2e-ENERGY     RMS[dD(SAO)]   TOL
  19  -114.41948059817    -217.62239829     71.848985364    0.391D-04 0.611D-12
                            Exc =   -11.060397439606     N = 16.000000072    
          Norm of current diis error: 0.94975E-03
          max. resid. norm for Fia-block=  1.207D-04 for orbital      2b1        
          max. resid. fock norm         =  1.226D-04 for orbital      2b1        
          Delta Eig. =     0.0014075128 eV 
 
                                              current damping :  0.550
 ITERATION  ENERGY          1e-ENERGY        2e-ENERGY     RMS[dD(SAO)]   TOL
  20  -114.41948067390    -217.62237376     71.848960756    0.300D-04 0.584D-12
                            Exc =   -11.060395750145     N = 16.000000072    
          Norm of current diis error: 0.68418E-03
          max. resid. norm for Fia-block=  8.794D-05 for orbital      2b1        
          max. resid. fock norm         =  8.798D-05 for orbital      2b1        
 mo-orthogonalization: Cholesky decomposition
          Delta Eig. =     0.0001488238 eV 
 
                                              current damping :  0.400
 ITERATION  ENERGY          1e-ENERGY        2e-ENERGY     RMS[dD(SAO)]   TOL
  21  -114.41948071642    -217.62221416     71.848801111    0.225D-04 0.556D-12
                            Exc =   -11.060379733045     N = 16.000000073    
          Norm of current diis error: 0.42864E-03
          max. resid. norm for Fia-block=  6.034D-05 for orbital      2b1        
          max. resid. fock norm         =  6.133D-05 for orbital      2b1        
          Delta Eig. =     0.0009401752 eV 
 
                                              current damping :  0.450
 ITERATION  ENERGY          1e-ENERGY        2e-ENERGY     RMS[dD(SAO)]   TOL
  22  -114.41948073560    -217.62221633     71.848803265    0.159D-04 0.312D-11
                            Exc =   -11.060380331904     N = 16.000000073    
          Norm of current diis error: 0.29401E-03
          max. resid. norm for Fia-block=  4.064D-05 for orbital      2b1        
          max. resid. fock norm         =  4.066D-05 for orbital      2b1        
          Delta Eig. =     0.0002245742 eV 
 
                                              current damping :  0.500
 ITERATION  ENERGY          1e-ENERGY        2e-ENERGY     RMS[dD(SAO)]   TOL
  23  -114.41948074406    -217.62212190     71.848708819    0.939D-05 0.198D-11
                            Exc =   -11.060370661568     N = 16.000000073    
          Norm of current diis error: 0.17134E-03
          max. resid. norm for Fia-block=  2.700D-05 for orbital      2b1        
          max. resid. fock norm         =  2.747D-05 for orbital      2b1        
          Delta Eig. =     0.0004363730 eV 
 
                                              current damping :  0.550
 ITERATION  ENERGY          1e-ENERGY        2e-ENERGY     RMS[dD(SAO)]   TOL
  24  -114.41948074718    -217.62213108     71.848717997    0.553D-05 0.145D-11
                            Exc =   -11.060371729036     N = 16.000000073    
          Norm of current diis error: 0.12506E-03
          max. resid. norm for Fia-block=  1.882D-05 for orbital      2b1        
          max. resid. fock norm         =  1.882D-05 for orbital      2b1        
          Delta Eig. =     0.0000812002 eV 
 
                                              current damping :  0.600
 ITERATION  ENERGY          1e-ENERGY        2e-ENERGY     RMS[dD(SAO)]   TOL
  25  -114.41948074871    -217.62209533     71.848682251    0.346D-05 0.120D-11
                            Exc =   -11.060368052688     N = 16.000000074    
          Norm of current diis error: 0.77423E-04
          max. resid. norm for Fia-block=  1.298D-05 for orbital      2b1        
          max. resid. fock norm         =  1.309D-05 for orbital      2b1        
 mo-orthogonalization: Cholesky decomposition
          Delta Eig. =     0.0001385380 eV 

 ENERGY & DENSITY CONVERGED !

 
                                              current damping :  0.450
 ITERATION  ENERGY          1e-ENERGY        2e-ENERGY     RMS[dD(SAO)]   TOL
  26  -114.41948074934    -217.62209473     71.848681649    0.221D-05 0.104D-11
                            Exc =   -11.060368022431     N = 16.000000074    
          max. resid. norm for Fia-block=  8.692D-06 for orbital      2b1        
          max. resid. fock norm         =  8.898D-06 for orbital      2b1        

 convergence criteria satisfied after    26 iterations


                  ------------------------------------------ 
                 |  total energy      =   -114.41948074934  |
                  ------------------------------------------ 
                 :  kinetic energy    =    113.94521869340  :
                 :  potential energy  =   -228.36469944275  :
                 :  virial theorem    =      1.99585505848  :
                 :  wavefunction norm =      1.00000000000  :
                  .......................................... 


 <geterg> : there is no data group $energy 


 <skperg> : $end is missing 


 orbitals $scfmo  will be written to file mos

    irrep                  1a1         2a1         3a1         4a1         5a1  
 eigenvalues H        -19.22874   -10.32377    -1.09780    -0.65899    -0.47501
            eV        -523.2448   -280.9263    -29.8728    -17.9322    -12.9257
 occupation              2.0000      2.0000      2.0000      2.0000      2.0000

    irrep                  6a1         7a1         8a1         9a1        10a1  
 eigenvalues H          0.01692     0.06648     0.10996     0.12621     0.22883
            eV           0.4604      1.8091      2.9922      3.4343      6.2269

    irrep                  1a2         2a2         3a2         4a2         5a2  
 eigenvalues H          0.17460     0.31399     0.57920     0.77337     1.67565
            eV           4.7513      8.5441     15.7609     21.0447     45.5971

    irrep                  6a2         7a2         8a2         9a2        10a2  
 eigenvalues H          2.03852     3.02423     3.17992     5.51022     6.47311
            eV          55.4713     82.2941     86.5308    149.9420    176.1436

    irrep                  1b1         2b1         3b1         4b1         5b1  
 eigenvalues H         -0.51734    -0.28914     0.06231     0.12913     0.26347
            eV         -14.0776     -7.8681      1.6957      3.5137      7.1695
 occupation              2.0000      2.0000

    irrep                  6b1         7b1         8b1         9b1        10b1  
 eigenvalues H          0.28608     0.36839     0.43942     0.54114     0.69486
            eV           7.7848     10.0246     11.9574     14.7253     18.9082

    irrep                  1b2         2b2         3b2         4b2         5b2  
 eigenvalues H         -0.42314    -0.05120     0.08418     0.20379     0.31335
            eV         -11.5143     -1.3933      2.2905      5.5454      8.5267
 occupation              2.0000

    irrep                  6b2         7b2         8b2         9b2        10b2  
 eigenvalues H          0.38061     0.50372     0.82859     0.98023     1.54427
            eV          10.3569     13.7070     22.5472     26.6736     42.0220
 
 
 
 
 ==============================================================================
                           electrostatic moments
 ==============================================================================

 reference point for electrostatic moments:    0.00000   0.00000   0.00000

 
              nuc           elec       ->  total
 ------------------------------------------------------------------------------
                          charge      
 ------------------------------------------------------------------------------
          16.000000     -16.000000       0.000000
 
 ------------------------------------------------------------------------------
                       dipole moment  
 ------------------------------------------------------------------------------
   x       0.000000       0.000000       0.000000
   y       0.000000       0.000000       0.000000
   z      15.739116     -16.677628      -0.938512
 
   | dipole moment | =     0.9385 a.u. =     2.3855 debye 
 
 ------------------------------------------------------------------------------
                     quadrupole moment
 ------------------------------------------------------------------------------
  xx       6.297141     -14.908440      -8.611299
  yy       0.000000      -8.699551      -8.699551
  zz      43.285419     -54.227251     -10.941833
  xy       0.000000       0.000000       0.000000
  xz       0.000000      -0.000000      -0.000000
  yz       0.000000       0.000000       0.000000
 
     1/3  trace=      -9.417561
     anisotropy=       2.287684
 
 ==============================================================================
 
HOMO-LUMO Separation
 HOMO         :   -0.28914394 H =     -7.86801 eV
 LUMO         :   -0.05120126 H =     -1.39326 eV
 HOMO-LUMO gap:    0.23794268 H =     +6.47475 eV
 
 ==============================================================================


    ------------------------------------------------------------------------
         total  cpu-time :   6.89 seconds
         total wall-time :   7.02 seconds
    ------------------------------------------------------------------------

   ****  dscf : all done  ****


    2023-10-25 13:37:53.952 

