
 escf (nesh-fe1) : TURBOMOLE rev. V7.5.0 compiled 13 Jun 2020 at 23:29:25
 Copyright (C) 2020 TURBOMOLE GmbH, Karlsruhe


    2023-10-25 13:38:07.001 




                                e s c f

                             TURBOMOLE GmbH


          integral direct evaluation of 

                    * excitation energies and transition moments 
                    * dynamic response properties 
                    * stabilities



          references (see also programs dscf and ridft) 

          implementation and benchmarks (review) 
          F. Furche and D. Rappoport,  
          "Density functional methods for excited states: 
          equilibrium structure and electronic spectra",
          ch. III of "Computational Photochemistry", ed. by 
          M. Olivucci, vol. 16 of "Theoretical and Computational 
          Chemistry", Elsevier, Amsterdam, 2005.

          Bethe-Salpeter equation
          K. Krause and W. Klopper,
          J. Comput. Chem. 38 (2017) 383.

          2c BSE, GW and hybrid TD-DFT
          C. Holzer and W. Klopper
          J. Chem. Phys. 150, 204116 (2019)

          nonorthonormal Krylov space methods 
          F. Furche, B. T. Krull, B. D. Nguyen, and J. Kwon, 
          J. Chem. Phys. 144 (2016), 174105.

          two-component GW quasi particle energies 
          M. Kuehn and F. Weigend, 
          J. Chem. Theory Comput. 11 (2015), 969.

          two-component TDDFT with spin-orbit coupling 
          M. Kuehn and F. Weigend, 
          J. Chem. Theory Comput. 9 (2013), 5341.
          M. Kuehn and F. Weigend, 
          J. Chem. Phys. 142 (2015), 034116.

          GW quasi particle energies
          M. J. van Setten, F. Weigend, and F. Evers,
          J. Chem. Theory Comput. 9 (2013), 232.

          Fast GW methods: RIGW, contour deformation
          J. Chem. Phys. 150, 204116 (2019)

          current-density dependent meta-GGA Linear Response
          J. E. Bates and F. Furche, 
          J. Chem. Phys. 137 (2012), 164105.

          spin-flip method 
          M. Kuehn and F. Weigend, 
          Chem. Phys. Chem. 12 (2011), 3331.

          RI-J method 
          R. Bauernschmitt, M. Haeser, O. Treutler, and R. Ahlrichs,
          Chem. Phys. Lett. 264 (1997), 573.

          density functional implementation               
          R. Bauernschmitt and R. Ahlrichs,
          Chem. Phys. Lett. 256 (1996), 454.
          R. Bauernschmitt and R. Ahlrichs,
          J. Chem. Phys. 104 (1996), 9047.

          UHF extension (RPA and CIS)
          C. Ochsenfeld, J. Gauss, and R. Ahlrichs, 
          J. Chem. Phys. 103 (1995), 7401.

          integral direct algorithm                 
          H. Weiss, R. Ahlrichs, and M. Haeser, 
          J. Chem. Phys. 99 (1993), 1262.

          Seminumerical and pseudospectral algorithms
          C. Holzer, in preparation (2020)

          Two-component static/dynamic polarizabilities,
          and relativistic damped-response approach,
          polarizabilities and damped response at GW-BSE level
          M. Kehry, Y. J. Franzke, C. Holzer, and W. Klopper,
          Mol. Phys. (2020)
                                     




              +--------------------------------------------------+
              | Atomic coordinate, charge and isotop information |
              +--------------------------------------------------+

                    atomic coordinates            atom    charge  isotop
          0.00000000    0.00000000   -0.01245509    c      6.000     0
          0.00000000    0.00000000    2.25734163    o      8.000     0
         -1.77442119    0.00000000   -1.12244327    h      1.000     0
          1.77442119    0.00000000   -1.12244327    h      1.000     0
 
       center of nuclear mass  :    0.00000000    0.00000000    1.12246665
       center of nuclear charge:    0.00000000    0.00000000    0.98369475

              +--------------------------------------------------+
              |               basis set information              |
              +--------------------------------------------------+

              we will work with the 1s 3p 5d 7f 9g ... basis set
              ...i.e. with spherical basis functions...

   type   atoms  prim   cont   basis
   ---------------------------------------------------------------------------
    c        1     52     37   def2-TZVPD   [6s3p3d1f|12s6p3d1f]
    o        1     55     40   def2-TZVPD   [6s4p3d1f|12s7p3d1f]
    h        2     11      9   def2-TZVPD   [3s2p|5s2p]
   ---------------------------------------------------------------------------
   total:    4    129     95
   ---------------------------------------------------------------------------

   total number of primitive shells          :   52
   total number of contracted shells         :   37
   total number of cartesian basis functions :  107
   total number of SCF-basis functions       :   95


 residuum convergence criterium   :  0.10E-04


 integral neglect threshold       :  0.31E-10
 integral storage threshold THIZE :  0.10E-04
 integral storage threshold THIME :         5

 CI SINGLES SINGLET-CALCULATION (TAMM-DANCOFF-APPROXIMATION)
 
             FOUND DFT-FLAG !
 

 symmetry group of the molecule :   c2v

 the group has the following generators :
   c2(z)
   mirror plane sigma(xz)

    4 symmetry operations found

 there are 4 real representations :   a1   a2   b1   b2  

 maximum number of shells which are related by symmetry :  2

 IRREPs of excited states :   a1   a2   b1   b2  

    mo occupation :
   irrep   mo's   occupied
    a1      42        5
    a2      10        0
    b1      24        2
    b2      19        1
 
 number of basis functions   :    95
 number of occupied orbitals :     8
 
  
           ------------------
           density functional
           ------------------
 PBE0 hybrid functional
 exchange:    3/4 (LDA+PBE) + 1/4 HF
 correlation: LDA (PW) + PBE

 spherical integration : Lebedev's spherical grid
 spherical gridsize    :                     6
    i.e. gridpoints    :                   974
 value for diffuse not defined
 radial integration    : Chebyshev 2nd kind (scaling 3)
 radial gridsize       :                    10
 integration cells     :                     3
 partition function    : becke
 partition sharpness   :                     3
  

 biggest AO integral is expected to be     7.998976882
  MOs are in ASCII format !


 reading orbital data $scfmo  from file mos
 orbital characterization : scfconv=8
 preparing DFT   numerical integration ....
          Overall gridpoints after grid construction =         36761

 Calculating ground state density on molecular grid

 Integral of ground state density: N =   16.00000007357799    


 all orbitals will be included in the transformation

 number of non-frozen orbitals          :    95
 number of non-frozen occupied orbitals :     8



 dimension of super-tensorspace: 1

          IRREP   tensor space dimension   number of roots

           a1              247                  10
           a2              108                  10
           b1              194                  10
           b2              147                  10

 maximum number of Davidson iterations set to   35


 machine precision: 2.22D-16


 logfile ciss_a1   will be constructed

 logfile ciss_a2   will be constructed

 logfile ciss_b1   will be constructed

 logfile ciss_b2   will be constructed


                       Nonorthonormal Krylov Space Iteration


 total number of roots to be determined: 40


 maximum core memory set to          208 MB,
 corresponding to     2275 vectors in CAO basis


 maximum number of simultaneously treated vectors (including degeneracy):       72


 Iteration IRREP Converged      Max. Euclidean
                 roots          residual norm

    1       a1       0        1.586557227931361D-01
            a2       0        4.652042328410555D-02
            b1       0        4.582654142470360D-02
            b2       0        1.101006582746148D-01
 
    2       a1       0        1.555464879311862D-02
            a2       0        1.673486184324145D-03
            b1       0        2.787300806773612D-03
            b2       0        7.820073774652408D-03
 
    3       a1       0        1.169826923404445D-03
            a2       1        3.283928554705017D-05
            b1       0        2.886839661984358D-04
            b2       0        3.580571570251385D-04
 
    4       a1       0        7.513062529910927D-05
            a2      10        4.236202875236629D-06
            b1       6        2.559982307848496D-05
            b2       9        1.601917734042979D-05
 
    5       a1      10        1.996749213013625D-06
            a2      10        4.236202875236629D-06
            b1      10        7.676248338403204D-06
            b2      10        7.348951332007342D-06
 

 converged!

 Eigenpairs written on logfile ciss_a1  

 Eigenpairs written on logfile ciss_a2  

 Eigenpairs written on logfile ciss_b1  

 Eigenpairs written on logfile ciss_b2  



 IRREP   Vector     Eigenvalue           Euclidean residual norm

  a1        1    3.041303330700527D-01    2.846917500193890D-07
            2    3.574438072898784D-01    1.240922723893837D-06
            3    4.053478229105697D-01    1.996749213013625D-06
            4    4.503540641988232D-01    8.974673709870524D-07
            5    4.635418972523799D-01    8.698394836524760D-07
            6    4.888336159233266D-01    8.746007842788529D-07
            7    5.021775906023209D-01    7.547940476049028D-07
            8    5.295036378980637D-01    1.617351663150124D-06
            9    5.381510473524180D-01    1.477901983829566D-06
           10    5.422717353077595D-01    1.939864452633083D-06

  a2        1    1.474383443701990D-01    3.788171355814811D-07
            2    3.240803589053899D-01    4.236202875236629D-06
            3    3.755393454201219D-01    3.953487719391741D-07
            4    4.348357698151853D-01    2.302147712544338D-07
            5    4.363175037601097D-01    4.159096270044235D-07
            6    5.036397529502660D-01    7.789013530326280D-07
            7    5.458177226949968D-01    6.688793405340755D-07
            8    5.537555103408444D-01    6.036090751600932D-07
            9    5.957921674010920D-01    9.558010279751967D-07
           10    6.111982879356909D-01    1.268609277009323D-06

  b1        1    2.582097228190310D-01    1.881979352020421D-06
            2    3.040925771921073D-01    2.110158789601118D-06
            3    3.491054157897726D-01    1.601047319559182D-06
            4    3.686996399833583D-01    3.004240197972959D-06
            5    4.690337233921754D-01    7.676248338403204D-06
            6    4.844503060966898D-01    7.168514136337945D-06
            7    4.902356400167179D-01    5.674254700683701D-07
            8    5.013257796515793D-01    4.983807663911587D-07
            9    5.255002202712979D-01    1.381648915318558D-06
           10    5.351882367325572D-01    6.894876299711356D-07

  b2        1    3.388373645355658D-01    7.348951332007342D-06
            2    3.917011371487694D-01    7.239581500084574D-07
            3    4.077554253141719D-01    1.749884993362816D-06
            4    4.395403996700439D-01    3.491399376302082D-06
            5    4.825732340299145D-01    1.875898897766781D-06
            6    4.972754827511888D-01    1.638019512506255D-06
            7    5.095205064053183D-01    2.261682441726174D-06
            8    5.467078199270434D-01    4.245582090134608D-06
            9    5.704873223487326D-01    6.330468811847808D-07
           10    6.019231334422732D-01    2.968552378098555D-06
 




                    Selection rules for point group c2v 


 Subduction with respect to c2v :

    Polar vector representation: a1, b1, b2                  

    Axial vector representation: a2, b1, b2                  

    Symmetric second rank tensor representation: a1, a2, b1, b2              




                            Ground state


 Total energy:                           -114.4194807493000    

 Charge:

               elec          nuc         total

           -16.000000    16.000000    -0.000000


 Electric dipole moment:

               elec          nuc         total   

    x        0.000000     0.000000     0.000000    Norm:              0.938512
    y        0.000000     0.000000     0.000000
    z      -16.677628    15.739116    -0.938512    Norm / debye:      2.385477


 Electric quadrupole moment:

               elec          nuc         total   

   xx      -14.908440     6.297141    -8.611299
   yy       -8.699551     0.000000    -8.699551    1/3*trace:        -9.417561
   zz      -54.227251    43.285419   -10.941833
   xy        0.000000     0.000000     0.000000
   xz        0.000000     0.000000     0.000000    Anisotropy:        2.287684
   yz        0.000000     0.000000     0.000000



 ==============================================================================

                              I R R E P   a1  

 ==============================================================================


 Excitation is electric dipole allowed

 Excitation is magnetic dipole forbidden

 Excitation is electric quadrupole allowed




                         1 singlet a1 excitation


 Total energy:                           -114.1153504162300    

 Excitation energy:                      0.3041303330700527    

 Excitation energy / eV:                  8.275810980483255    

 Excitation energy / nm:                  149.8152196792059    

 Excitation energy / cm^(-1):             66748.89253521780    


 Oscillator strength:

    velocity representation:             0.6175944783890597E-01

    length representation:               0.8082220180878666E-01

    mixed representation:                0.7065079303755402E-01


 Rotatory strength:

    velocity representation:              0.000000000000000    

    velocity rep. / 10^(-40)erg*cm^3:     0.000000000000000    

    length representation:                0.000000000000000    

    length rep. / 10^(-40)erg*cm^3:       0.000000000000000    


 Dominant contributions:

      occ. orbital   energy / eV   virt. orbital     energy / eV   |coeff.|^2*100
        2 b1             -7.87           3 b1              1.70       99.5
 

 Change of electron number:

             0.000000


 Electric transition dipole moment (velocity rep.):

    x        0.000000        Norm:                  0.551909
    y        0.000000
    z        0.551909        Norm / debye:          1.402823


 Electric transition dipole moment (length rep.):

    x        0.000000        Norm:                  0.631366
    y        0.000000
    z        0.631366        Norm / debye:          1.604784


 Magnetic transition dipole moment / i:

    x        0.000000        Norm:                  0.000000
    y        0.000000
    z        0.000000        Norm / Bohr mag.:      0.000000


 Electric quadrupole transition moment:

   xx       -1.097725
   yy       -0.098682        1/3*trace:            -0.212360
   zz        0.559327
   xy        0.000000
   xz        0.000000        Anisotropy:            1.445145
   yz        0.000000




                         2 singlet a1 excitation


 Total energy:                           -114.0620369420101    

 Excitation energy:                      0.3574438072898784    

 Excitation energy / eV:                  9.726545048678016    

 Excitation energy / nm:                  127.4699735476161    

 Excitation energy / cm^(-1):             78449.84760094804    


 Oscillator strength:

    velocity representation:             0.2636956483458896E-06

    length representation:               0.4331246864455982E-01

    mixed representation:                0.1068705268101932E-03


 Rotatory strength:

    velocity representation:              0.000000000000000    

    velocity rep. / 10^(-40)erg*cm^3:     0.000000000000000    

    length representation:                0.000000000000000    

    length rep. / 10^(-40)erg*cm^3:       0.000000000000000    


 Dominant contributions:

      occ. orbital   energy / eV   virt. orbital     energy / eV   |coeff.|^2*100
        1 b2            -11.51           2 b2             -1.39       48.6
        2 b1             -7.87           4 b1              3.51       46.2
 

 Change of electron number:

             0.000000


 Electric transition dipole moment (velocity rep.):

    x        0.000000        Norm:                  0.001052
    y        0.000000
    z        0.001052        Norm / debye:          0.002674


 Electric transition dipole moment (length rep.):

    x        0.000000        Norm:                  0.426332
    y        0.000000
    z       -0.426332        Norm / debye:          1.083637


 Magnetic transition dipole moment / i:

    x        0.000000        Norm:                  0.000000
    y        0.000000
    z        0.000000        Norm / Bohr mag.:      0.000000


 Electric quadrupole transition moment:

   xx       -1.012459
   yy        0.377565        1/3*trace:            -1.006736
   zz       -2.385314
   xy        0.000000
   xz        0.000000        Anisotropy:            2.392739
   yz        0.000000




                         3 singlet a1 excitation


 Total energy:                           -114.0141329263894    

 Excitation energy:                      0.4053478229105697    

 Excitation energy / eV:                  11.03008019586651    

 Excitation energy / nm:                  112.4055689576319    

 Excitation energy / cm^(-1):             88963.56373834629    


 Oscillator strength:

    velocity representation:             0.3228608187657923E-01

    length representation:               0.2309068731425653    

    mixed representation:                0.8634279478998670E-01


 Rotatory strength:

    velocity representation:              0.000000000000000    

    velocity rep. / 10^(-40)erg*cm^3:     0.000000000000000    

    length representation:                0.000000000000000    

    length rep. / 10^(-40)erg*cm^3:       0.000000000000000    


 Dominant contributions:

      occ. orbital   energy / eV   virt. orbital     energy / eV   |coeff.|^2*100
        2 b1             -7.87           4 b1              3.51       49.8
        1 b2            -11.51           2 b2             -1.39       35.8
        5 a1            -12.93           6 a1              0.46        2.7
        2 b1             -7.87           7 b1             10.02        1.9
 

 Change of electron number:

            -0.000000


 Electric transition dipole moment (velocity rep.):

    x        0.000000        Norm:                  0.345652
    y        0.000000
    z       -0.345652        Norm / debye:          0.878567


 Electric transition dipole moment (length rep.):

    x        0.000000        Norm:                  0.924379
    y        0.000000
    z       -0.924379        Norm / debye:          2.349555


 Magnetic transition dipole moment / i:

    x        0.000000        Norm:                  0.000000
    y        0.000000
    z        0.000000        Norm / Bohr mag.:      0.000000


 Electric quadrupole transition moment:

   xx        1.777441
   yy        0.520520        1/3*trace:             0.552443
   zz       -0.640632
   xy        0.000000
   xz        0.000000        Anisotropy:            2.094660
   yz        0.000000




                         4 singlet a1 excitation


 Total energy:                           -113.9691266851012    

 Excitation energy:                      0.4503540641988232    

 Excitation energy / eV:                  12.25476285768379    

 Excitation energy / nm:                  101.1722914970400    

 Excitation energy / cm^(-1):             98841.29192428083    


 Oscillator strength:

    velocity representation:             0.1319879660715772E-01

    length representation:               0.3073235241638235E-01

    mixed representation:                0.2014025989910067E-01


 Rotatory strength:

    velocity representation:              0.000000000000000    

    velocity rep. / 10^(-40)erg*cm^3:     0.000000000000000    

    length representation:                0.000000000000000    

    length rep. / 10^(-40)erg*cm^3:       0.000000000000000    


 Dominant contributions:

      occ. orbital   energy / eV   virt. orbital     energy / eV   |coeff.|^2*100
        5 a1            -12.93           6 a1              0.46       87.4
        1 b2            -11.51           3 b2              2.29        9.3
 

 Change of electron number:

            -0.000000


 Electric transition dipole moment (velocity rep.):

    x        0.000000        Norm:                  0.209670
    y        0.000000
    z        0.209670        Norm / debye:          0.532931


 Electric transition dipole moment (length rep.):

    x        0.000000        Norm:                  0.319938
    y        0.000000
    z        0.319938        Norm / debye:          0.813209


 Magnetic transition dipole moment / i:

    x        0.000000        Norm:                  0.000000
    y        0.000000
    z        0.000000        Norm / Bohr mag.:      0.000000


 Electric quadrupole transition moment:

   xx       -0.967520
   yy        0.036659        1/3*trace:            -0.441296
   zz       -0.393026
   xy        0.000000
   xz        0.000000        Anisotropy:            0.872654
   yz        0.000000




                         5 singlet a1 excitation


 Total energy:                           -113.9559388520476    

 Excitation energy:                      0.4635418972523799    

 Excitation energy / eV:                  12.61362220752794    

 Excitation energy / nm:                  98.29392538209461    

 Excitation energy / cm^(-1):             101735.6867134434    


 Oscillator strength:

    velocity representation:             0.3246436507512295E-02

    length representation:               0.3032405397659185E-02

    mixed representation:                0.3137596466809924E-02


 Rotatory strength:

    velocity representation:              0.000000000000000    

    velocity rep. / 10^(-40)erg*cm^3:     0.000000000000000    

    length representation:                0.000000000000000    

    length rep. / 10^(-40)erg*cm^3:       0.000000000000000    


 Dominant contributions:

      occ. orbital   energy / eV   virt. orbital     energy / eV   |coeff.|^2*100
        1 b2            -11.51           3 b2              2.29       87.4
        5 a1            -12.93           6 a1              0.46        8.0
 

 Change of electron number:

            -0.000000


 Electric transition dipole moment (velocity rep.):

    x        0.000000        Norm:                  0.102495
    y        0.000000
    z       -0.102495        Norm / debye:          0.260519


 Electric transition dipole moment (length rep.):

    x        0.000000        Norm:                  0.099059
    y        0.000000
    z       -0.099059        Norm / debye:          0.251785


 Magnetic transition dipole moment / i:

    x        0.000000        Norm:                  0.000000
    y        0.000000
    z        0.000000        Norm / Bohr mag.:      0.000000


 Electric quadrupole transition moment:

   xx       -0.522286
   yy       -1.806531        1/3*trace:            -1.071816
   zz       -0.886630
   xy        0.000000
   xz        0.000000        Anisotropy:            1.146352
   yz        0.000000




                         6 singlet a1 excitation


 Total energy:                           -113.9306471333767    

 Excitation energy:                      0.4888336159233266    

 Excitation energy / eV:                  13.30184518410326    

 Excitation energy / nm:                  93.20830478063235    

 Excitation energy / cm^(-1):             107286.5773285177    


 Oscillator strength:

    velocity representation:             0.1377791092321050    

    length representation:               0.1456228649355374    

    mixed representation:                0.1416467035078667    


 Rotatory strength:

    velocity representation:              0.000000000000000    

    velocity rep. / 10^(-40)erg*cm^3:     0.000000000000000    

    length representation:                0.000000000000000    

    length rep. / 10^(-40)erg*cm^3:       0.000000000000000    


 Dominant contributions:

      occ. orbital   energy / eV   virt. orbital     energy / eV   |coeff.|^2*100
        5 a1            -12.93           7 a1              1.81       97.9
 

 Change of electron number:

             0.000000


 Electric transition dipole moment (velocity rep.):

    x        0.000000        Norm:                  0.650215
    y        0.000000
    z       -0.650215        Norm / debye:          1.652693


 Electric transition dipole moment (length rep.):

    x        0.000000        Norm:                  0.668467
    y        0.000000
    z       -0.668467        Norm / debye:          1.699086


 Magnetic transition dipole moment / i:

    x        0.000000        Norm:                  0.000000
    y        0.000000
    z        0.000000        Norm / Bohr mag.:      0.000000


 Electric quadrupole transition moment:

   xx        0.041279
   yy       -0.374289        1/3*trace:            -0.620166
   zz       -1.527489
   xy        0.000000
   xz        0.000000        Anisotropy:            1.407764
   yz        0.000000




                         7 singlet a1 excitation


 Total energy:                           -113.9173031586977    

 Excitation energy:                      0.5021775906023209    

 Excitation energy / eV:                  13.66495336557582    

 Excitation energy / nm:                  90.73155296585514    

 Excitation energy / cm^(-1):             110215.2412432602    


 Oscillator strength:

    velocity representation:             0.5670928398128101E-01

    length representation:               0.9277429577736335E-01

    mixed representation:                0.7253388094816006E-01


 Rotatory strength:

    velocity representation:              0.000000000000000    

    velocity rep. / 10^(-40)erg*cm^3:     0.000000000000000    

    length representation:                0.000000000000000    

    length rep. / 10^(-40)erg*cm^3:       0.000000000000000    


 Dominant contributions:

      occ. orbital   energy / eV   virt. orbital     energy / eV   |coeff.|^2*100
        2 b1             -7.87           5 b1              7.17       89.4
        2 b1             -7.87           6 b1              7.78        7.5
 

 Change of electron number:

             0.000000


 Electric transition dipole moment (velocity rep.):

    x        0.000000        Norm:                  0.411570
    y        0.000000
    z       -0.411570        Norm / debye:          1.046115


 Electric transition dipole moment (length rep.):

    x        0.000000        Norm:                  0.526418
    y        0.000000
    z       -0.526418        Norm / debye:          1.338031


 Magnetic transition dipole moment / i:

    x        0.000000        Norm:                  0.000000
    y        0.000000
    z        0.000000        Norm / Bohr mag.:      0.000000


 Electric quadrupole transition moment:

   xx       -0.868334
   yy        0.026708        1/3*trace:            -0.299626
   zz       -0.057252
   xy        0.000000
   xz        0.000000        Anisotropy:            0.856155
   yz        0.000000




                         8 singlet a1 excitation


 Total energy:                           -113.8899771114019    

 Excitation energy:                      0.5295036378980637    

 Excitation energy / eV:                  14.40853326430044    

 Excitation energy / nm:                  86.04917775611494    

 Excitation energy / cm^(-1):             116212.6153819841    


 Oscillator strength:

    velocity representation:             0.1779041894847361    

    length representation:               0.3135139356429290    

    mixed representation:                0.2361682506450115    


 Rotatory strength:

    velocity representation:              0.000000000000000    

    velocity rep. / 10^(-40)erg*cm^3:     0.000000000000000    

    length representation:                0.000000000000000    

    length rep. / 10^(-40)erg*cm^3:       0.000000000000000    


 Dominant contributions:

      occ. orbital   energy / eV   virt. orbital     energy / eV   |coeff.|^2*100
        2 b1             -7.87           6 b1              7.78       76.6
        5 a1            -12.93           8 a1              2.99       10.6
        2 b1             -7.87           5 b1              7.17        4.2
 

 Change of electron number:

             0.000000


 Electric transition dipole moment (velocity rep.):

    x        0.000000        Norm:                  0.709912
    y        0.000000
    z       -0.709912        Norm / debye:          1.804429


 Electric transition dipole moment (length rep.):

    x        0.000000        Norm:                  0.942409
    y        0.000000
    z       -0.942409        Norm / debye:          2.395384


 Magnetic transition dipole moment / i:

    x        0.000000        Norm:                  0.000000
    y        0.000000
    z        0.000000        Norm / Bohr mag.:      0.000000


 Electric quadrupole transition moment:

   xx       -0.266240
   yy       -0.223828        1/3*trace:            -0.786333
   zz       -1.868931
   xy        0.000000
   xz        0.000000        Anisotropy:            1.624312
   yz        0.000000




                         9 singlet a1 excitation


 Total energy:                           -113.8813297019476    

 Excitation energy:                      0.5381510473524180    

 Excitation energy / eV:                  14.64384134880708    

 Excitation energy / nm:                  84.66647586056263    

 Excitation energy / cm^(-1):             118110.5023784902    


 Oscillator strength:

    velocity representation:             0.3832110880379532E-01

    length representation:               0.8423921913733606E-01

    mixed representation:                0.5681672537297985E-01


 Rotatory strength:

    velocity representation:              0.000000000000000    

    velocity rep. / 10^(-40)erg*cm^3:     0.000000000000000    

    length representation:                0.000000000000000    

    length rep. / 10^(-40)erg*cm^3:       0.000000000000000    


 Dominant contributions:

      occ. orbital   energy / eV   virt. orbital     energy / eV   |coeff.|^2*100
        5 a1            -12.93           8 a1              2.99       73.7
        1 b1            -14.08           3 b1              1.70       14.0
        2 b1             -7.87           6 b1              7.78        3.4
 

 Change of electron number:

            -0.000000


 Electric transition dipole moment (velocity rep.):

    x        0.000000        Norm:                  0.326823
    y        0.000000
    z       -0.326823        Norm / debye:          0.830707


 Electric transition dipole moment (length rep.):

    x        0.000000        Norm:                  0.484564
    y        0.000000
    z       -0.484564        Norm / debye:          1.231647


 Magnetic transition dipole moment / i:

    x        0.000000        Norm:                  0.000000
    y        0.000000
    z        0.000000        Norm / Bohr mag.:      0.000000


 Electric quadrupole transition moment:

   xx       -1.458751
   yy       -0.086435        1/3*trace:            -0.287605
   zz        0.682371
   xy        0.000000
   xz        0.000000        Anisotropy:            1.878658
   yz        0.000000




                        10 singlet a1 excitation


 Total energy:                           -113.8772090139922    

 Excitation energy:                      0.5422717353077595    

 Excitation energy / eV:                  14.75597102125282    

 Excitation energy / nm:                  84.02310076910258    

 Excitation energy / cm^(-1):             119014.8888457187    


 Oscillator strength:

    velocity representation:             0.1724761873349605E-01

    length representation:               0.1860875980949398E-01

    mixed representation:                0.1791526707301225E-01


 Rotatory strength:

    velocity representation:              0.000000000000000    

    velocity rep. / 10^(-40)erg*cm^3:     0.000000000000000    

    length representation:                0.000000000000000    

    length rep. / 10^(-40)erg*cm^3:       0.000000000000000    


 Dominant contributions:

      occ. orbital   energy / eV   virt. orbital     energy / eV   |coeff.|^2*100
        1 b1            -14.08           3 b1              1.70       73.6
        5 a1            -12.93           8 a1              2.99       10.5
        5 a1            -12.93           9 a1              3.43        6.7
 

 Change of electron number:

            -0.000000


 Electric transition dipole moment (velocity rep.):

    x        0.000000        Norm:                  0.218425
    y        0.000000
    z       -0.218425        Norm / debye:          0.555184


 Electric transition dipole moment (length rep.):

    x        0.000000        Norm:                  0.226880
    y        0.000000
    z       -0.226880        Norm / debye:          0.576675


 Magnetic transition dipole moment / i:

    x        0.000000        Norm:                  0.000000
    y        0.000000
    z        0.000000        Norm / Bohr mag.:      0.000000


 Electric quadrupole transition moment:

   xx        1.323405
   yy        0.656451        1/3*trace:             0.851836
   zz        0.575652
   xy        0.000000
   xz        0.000000        Anisotropy:            0.710807
   yz        0.000000



 ==============================================================================

                              I R R E P   a2  

 ==============================================================================


 Excitation is electric dipole forbidden

 Excitation is magnetic dipole allowed

 Excitation is electric quadrupole allowed




                         1 singlet a2 excitation


 Total energy:                           -114.2720424049298    

 Excitation energy:                      0.1474383443701990    

 Excitation energy / eV:                  4.012003199306374    

 Excitation energy / nm:                  309.0332630539868    

 Excitation energy / cm^(-1):             32358.97618166885    


 Oscillator strength:

    velocity representation:              0.000000000000000    

    length representation:                0.000000000000000    

    mixed representation:                 0.000000000000000    


 Rotatory strength:

    velocity representation:              0.000000000000000    

    velocity rep. / 10^(-40)erg*cm^3:     0.000000000000000    

    length representation:                0.000000000000000    

    length rep. / 10^(-40)erg*cm^3:       0.000000000000000    


 Dominant contributions:

      occ. orbital   energy / eV   virt. orbital     energy / eV   |coeff.|^2*100
        2 b1             -7.87           2 b2             -1.39       99.3
 

 Change of electron number:

             0.000000


 Electric transition dipole moment (velocity rep.):

    x        0.000000        Norm:                  0.000000
    y        0.000000
    z        0.000000        Norm / debye:          0.000000


 Electric transition dipole moment (length rep.):

    x        0.000000        Norm:                  0.000000
    y        0.000000
    z        0.000000        Norm / debye:          0.000000


 Magnetic transition dipole moment / i:

    x        0.000000        Norm:                  0.004359
    y        0.000000
    z       -0.004359        Norm / Bohr mag.:      1.194567


 Electric quadrupole transition moment:

   xx        0.000000
   yy        0.000000        1/3*trace:             0.000000
   zz        0.000000
   xy       -0.714703
   xz        0.000000        Anisotropy:            1.237902
   yz        0.000000




                         2 singlet a2 excitation


 Total energy:                           -114.0954003903946    

 Excitation energy:                      0.3240803589053899    

 Excitation energy / eV:                  8.818679037090352    

 Excitation energy / nm:                  140.5927616653297    

 Excitation energy / cm^(-1):             71127.41708788391    


 Oscillator strength:

    velocity representation:              0.000000000000000    

    length representation:                0.000000000000000    

    mixed representation:                 0.000000000000000    


 Rotatory strength:

    velocity representation:              0.000000000000000    

    velocity rep. / 10^(-40)erg*cm^3:     0.000000000000000    

    length representation:                0.000000000000000    

    length rep. / 10^(-40)erg*cm^3:       0.000000000000000    


 Dominant contributions:

      occ. orbital   energy / eV   virt. orbital     energy / eV   |coeff.|^2*100
        2 b1             -7.87           3 b2              2.29       99.5
 

 Change of electron number:

             0.000000


 Electric transition dipole moment (velocity rep.):

    x        0.000000        Norm:                  0.000000
    y        0.000000
    z        0.000000        Norm / debye:          0.000000


 Electric transition dipole moment (length rep.):

    x        0.000000        Norm:                  0.000000
    y        0.000000
    z        0.000000        Norm / debye:          0.000000


 Magnetic transition dipole moment / i:

    x        0.000000        Norm:                  0.000032
    y        0.000000
    z       -0.000032        Norm / Bohr mag.:      0.008769


 Electric quadrupole transition moment:

   xx        0.000000
   yy        0.000000        1/3*trace:             0.000000
   zz        0.000000
   xy        0.002679
   xz        0.000000        Anisotropy:            0.004640
   yz        0.000000




                         3 singlet a2 excitation


 Total energy:                           -114.0439414038799    

 Excitation energy:                      0.3755393454201219    

 Excitation energy / eV:                  10.21894990564941    

 Excitation energy / nm:                  121.3277735493402    

 Excitation energy / cm^(-1):             82421.35914940099    


 Oscillator strength:

    velocity representation:              0.000000000000000    

    length representation:                0.000000000000000    

    mixed representation:                 0.000000000000000    


 Rotatory strength:

    velocity representation:              0.000000000000000    

    velocity rep. / 10^(-40)erg*cm^3:     0.000000000000000    

    length representation:                0.000000000000000    

    length rep. / 10^(-40)erg*cm^3:       0.000000000000000    


 Dominant contributions:

      occ. orbital   energy / eV   virt. orbital     energy / eV   |coeff.|^2*100
        1 b1            -14.08           2 b2             -1.39       98.7
 

 Change of electron number:

             0.000000


 Electric transition dipole moment (velocity rep.):

    x        0.000000        Norm:                  0.000000
    y        0.000000
    z        0.000000        Norm / debye:          0.000000


 Electric transition dipole moment (length rep.):

    x        0.000000        Norm:                  0.000000
    y        0.000000
    z        0.000000        Norm / debye:          0.000000


 Magnetic transition dipole moment / i:

    x        0.000000        Norm:                  0.002394
    y        0.000000
    z        0.002394        Norm / Bohr mag.:      0.656136


 Electric quadrupole transition moment:

   xx        0.000000
   yy        0.000000        1/3*trace:             0.000000
   zz        0.000000
   xy        0.705684
   xz        0.000000        Anisotropy:            1.222281
   yz        0.000000




                         4 singlet a2 excitation


 Total energy:                           -113.9846449794848    

 Excitation energy:                      0.4348357698151853    

 Excitation energy / eV:                  11.83248840132794    

 Excitation energy / nm:                  104.7828992526659    

 Excitation energy / cm^(-1):             95435.41999533802    


 Oscillator strength:

    velocity representation:              0.000000000000000    

    length representation:                0.000000000000000    

    mixed representation:                 0.000000000000000    


 Rotatory strength:

    velocity representation:              0.000000000000000    

    velocity rep. / 10^(-40)erg*cm^3:     0.000000000000000    

    length representation:                0.000000000000000    

    length rep. / 10^(-40)erg*cm^3:       0.000000000000000    


 Dominant contributions:

      occ. orbital   energy / eV   virt. orbital     energy / eV   |coeff.|^2*100
        2 b1             -7.87           4 b2              5.55       78.6
        1 b2            -11.51           3 b1              1.70       20.0
 

 Change of electron number:

             0.000000


 Electric transition dipole moment (velocity rep.):

    x        0.000000        Norm:                  0.000000
    y        0.000000
    z        0.000000        Norm / debye:          0.000000


 Electric transition dipole moment (length rep.):

    x        0.000000        Norm:                  0.000000
    y        0.000000
    z        0.000000        Norm / debye:          0.000000


 Magnetic transition dipole moment / i:

    x        0.000000        Norm:                  0.000288
    y        0.000000
    z        0.000288        Norm / Bohr mag.:      0.079055


 Electric quadrupole transition moment:

   xx        0.000000
   yy        0.000000        1/3*trace:             0.000000
   zz        0.000000
   xy        1.245819
   xz        0.000000        Anisotropy:            2.157822
   yz        0.000000




                         5 singlet a2 excitation


 Total energy:                           -113.9831632455399    

 Excitation energy:                      0.4363175037601097    

 Excitation energy / eV:                  11.87280845072181    

 Excitation energy / nm:                  104.4270565983322    

 Excitation energy / cm^(-1):             95760.62300569595    


 Oscillator strength:

    velocity representation:              0.000000000000000    

    length representation:                0.000000000000000    

    mixed representation:                 0.000000000000000    


 Rotatory strength:

    velocity representation:              0.000000000000000    

    velocity rep. / 10^(-40)erg*cm^3:     0.000000000000000    

    length representation:                0.000000000000000    

    length rep. / 10^(-40)erg*cm^3:       0.000000000000000    


 Dominant contributions:

      occ. orbital   energy / eV   virt. orbital     energy / eV   |coeff.|^2*100
        1 b2            -11.51           3 b1              1.70       79.3
        2 b1             -7.87           4 b2              5.55       20.1
 

 Change of electron number:

             0.000000


 Electric transition dipole moment (velocity rep.):

    x        0.000000        Norm:                  0.000000
    y        0.000000
    z        0.000000        Norm / debye:          0.000000


 Electric transition dipole moment (length rep.):

    x        0.000000        Norm:                  0.000000
    y        0.000000
    z        0.000000        Norm / debye:          0.000000


 Magnetic transition dipole moment / i:

    x        0.000000        Norm:                  0.000280
    y        0.000000
    z       -0.000280        Norm / Bohr mag.:      0.076747


 Electric quadrupole transition moment:

   xx        0.000000
   yy        0.000000        1/3*trace:             0.000000
   zz        0.000000
   xy        0.082688
   xz        0.000000        Anisotropy:            0.143220
   yz        0.000000




                         6 singlet a2 excitation


 Total energy:                           -113.9158409963497    

 Excitation energy:                      0.5036397529502660    

 Excitation energy / eV:                  13.70474084449061    

 Excitation energy / nm:                  90.46814194688747    

 Excitation energy / cm^(-1):             110536.1487845989    


 Oscillator strength:

    velocity representation:              0.000000000000000    

    length representation:                0.000000000000000    

    mixed representation:                 0.000000000000000    


 Rotatory strength:

    velocity representation:              0.000000000000000    

    velocity rep. / 10^(-40)erg*cm^3:     0.000000000000000    

    length representation:                0.000000000000000    

    length rep. / 10^(-40)erg*cm^3:       0.000000000000000    


 Dominant contributions:

      occ. orbital   energy / eV   virt. orbital     energy / eV   |coeff.|^2*100
        1 b2            -11.51           4 b1              3.51       99.0
 

 Change of electron number:

             0.000000


 Electric transition dipole moment (velocity rep.):

    x        0.000000        Norm:                  0.000000
    y        0.000000
    z        0.000000        Norm / debye:          0.000000


 Electric transition dipole moment (length rep.):

    x        0.000000        Norm:                  0.000000
    y        0.000000
    z        0.000000        Norm / debye:          0.000000


 Magnetic transition dipole moment / i:

    x        0.000000        Norm:                  0.000008
    y        0.000000
    z        0.000008        Norm / Bohr mag.:      0.002274


 Electric quadrupole transition moment:

   xx        0.000000
   yy        0.000000        1/3*trace:             0.000000
   zz        0.000000
   xy        0.316505
   xz        0.000000        Anisotropy:            0.548204
   yz        0.000000




                         7 singlet a2 excitation


 Total energy:                           -113.8736630266050    

 Excitation energy:                      0.5458177226949968    

 Excitation energy / eV:                  14.85246228886076    

 Excitation energy / nm:                  83.47723198695184    

 Excitation energy / cm^(-1):             119793.1431179994    


 Oscillator strength:

    velocity representation:              0.000000000000000    

    length representation:                0.000000000000000    

    mixed representation:                 0.000000000000000    


 Rotatory strength:

    velocity representation:              0.000000000000000    

    velocity rep. / 10^(-40)erg*cm^3:     0.000000000000000    

    length representation:                0.000000000000000    

    length rep. / 10^(-40)erg*cm^3:       0.000000000000000    


 Dominant contributions:

      occ. orbital   energy / eV   virt. orbital     energy / eV   |coeff.|^2*100
        2 b1             -7.87           5 b2              8.53       98.0
 

 Change of electron number:

             0.000000


 Electric transition dipole moment (velocity rep.):

    x        0.000000        Norm:                  0.000000
    y        0.000000
    z        0.000000        Norm / debye:          0.000000


 Electric transition dipole moment (length rep.):

    x        0.000000        Norm:                  0.000000
    y        0.000000
    z        0.000000        Norm / debye:          0.000000


 Magnetic transition dipole moment / i:

    x        0.000000        Norm:                  0.000127
    y        0.000000
    z       -0.000127        Norm / Bohr mag.:      0.034875


 Electric quadrupole transition moment:

   xx        0.000000
   yy        0.000000        1/3*trace:             0.000000
   zz        0.000000
   xy       -0.160241
   xz        0.000000        Anisotropy:            0.277545
   yz        0.000000




                         8 singlet a2 excitation


 Total energy:                           -113.8657252389592    

 Excitation energy:                      0.5537555103408444    

 Excitation energy / eV:                  15.06846057320525    

 Excitation energy / nm:                  82.28063072808993    

 Excitation energy / cm^(-1):             121535.2861301469    


 Oscillator strength:

    velocity representation:              0.000000000000000    

    length representation:                0.000000000000000    

    mixed representation:                 0.000000000000000    


 Rotatory strength:

    velocity representation:              0.000000000000000    

    velocity rep. / 10^(-40)erg*cm^3:     0.000000000000000    

    length representation:                0.000000000000000    

    length rep. / 10^(-40)erg*cm^3:       0.000000000000000    


 Dominant contributions:

      occ. orbital   energy / eV   virt. orbital     energy / eV   |coeff.|^2*100
        1 b1            -14.08           3 b2              2.29       97.2
 

 Change of electron number:

             0.000000


 Electric transition dipole moment (velocity rep.):

    x        0.000000        Norm:                  0.000000
    y        0.000000
    z        0.000000        Norm / debye:          0.000000


 Electric transition dipole moment (length rep.):

    x        0.000000        Norm:                  0.000000
    y        0.000000
    z        0.000000        Norm / debye:          0.000000


 Magnetic transition dipole moment / i:

    x        0.000000        Norm:                  0.000006
    y        0.000000
    z        0.000006        Norm / Bohr mag.:      0.001570


 Electric quadrupole transition moment:

   xx        0.000000
   yy        0.000000        1/3*trace:             0.000000
   zz        0.000000
   xy        0.675740
   xz        0.000000        Anisotropy:            1.170416
   yz        0.000000




                         9 singlet a2 excitation


 Total energy:                           -113.8236885818989    

 Excitation energy:                      0.5957921674010920    

 Excitation energy / eV:                  16.21233670213407    

 Excitation energy / nm:                  76.47524615631006    

 Excitation energy / cm^(-1):             130761.2659143073    


 Oscillator strength:

    velocity representation:              0.000000000000000    

    length representation:                0.000000000000000    

    mixed representation:                 0.000000000000000    


 Rotatory strength:

    velocity representation:              0.000000000000000    

    velocity rep. / 10^(-40)erg*cm^3:     0.000000000000000    

    length representation:                0.000000000000000    

    length rep. / 10^(-40)erg*cm^3:       0.000000000000000    


 Dominant contributions:

      occ. orbital   energy / eV   virt. orbital     energy / eV   |coeff.|^2*100
        5 a1            -12.93           1 a2              4.75       99.3
 

 Change of electron number:

             0.000000


 Electric transition dipole moment (velocity rep.):

    x        0.000000        Norm:                  0.000000
    y        0.000000
    z        0.000000        Norm / debye:          0.000000


 Electric transition dipole moment (length rep.):

    x        0.000000        Norm:                  0.000000
    y        0.000000
    z        0.000000        Norm / debye:          0.000000


 Magnetic transition dipole moment / i:

    x        0.000000        Norm:                  0.000588
    y        0.000000
    z        0.000588        Norm / Bohr mag.:      0.161236


 Electric quadrupole transition moment:

   xx        0.000000
   yy        0.000000        1/3*trace:             0.000000
   zz        0.000000
   xy        0.695332
   xz        0.000000        Anisotropy:            1.204350
   yz        0.000000




                        10 singlet a2 excitation


 Total energy:                           -113.8082824613643    

 Excitation energy:                      0.6111982879356909    

 Excitation energy / eV:                  16.63155875144382    

 Excitation energy / nm:                  74.54757900891583    

 Excitation energy / cm^(-1):             134142.5185291580    


 Oscillator strength:

    velocity representation:              0.000000000000000    

    length representation:                0.000000000000000    

    mixed representation:                 0.000000000000000    


 Rotatory strength:

    velocity representation:              0.000000000000000    

    velocity rep. / 10^(-40)erg*cm^3:     0.000000000000000    

    length representation:                0.000000000000000    

    length rep. / 10^(-40)erg*cm^3:       0.000000000000000    


 Dominant contributions:

      occ. orbital   energy / eV   virt. orbital     energy / eV   |coeff.|^2*100
        2 b1             -7.87           6 b2             10.36       99.4
 

 Change of electron number:

             0.000000


 Electric transition dipole moment (velocity rep.):

    x        0.000000        Norm:                  0.000000
    y        0.000000
    z        0.000000        Norm / debye:          0.000000


 Electric transition dipole moment (length rep.):

    x        0.000000        Norm:                  0.000000
    y        0.000000
    z        0.000000        Norm / debye:          0.000000


 Magnetic transition dipole moment / i:

    x        0.000000        Norm:                  0.000062
    y        0.000000
    z       -0.000062        Norm / Bohr mag.:      0.016881


 Electric quadrupole transition moment:

   xx        0.000000
   yy        0.000000        1/3*trace:             0.000000
   zz        0.000000
   xy       -0.362951
   xz        0.000000        Anisotropy:            0.628650
   yz        0.000000



 ==============================================================================

                              I R R E P   b1  

 ==============================================================================


 Excitation is electric dipole allowed

 Excitation is magnetic dipole allowed

 Excitation is electric quadrupole allowed




                         1 singlet b1 excitation


 Total energy:                           -114.1612710264810    

 Excitation energy:                      0.2582097228190310    

 Excitation energy / eV:                  7.026247062574543    

 Excitation energy / nm:                  176.4587024940712    

 Excitation energy / cm^(-1):             56670.48355885621    


 Oscillator strength:

    velocity representation:             0.2147360042468851E-01

    length representation:               0.3269580317129219E-01

    mixed representation:                0.2649710574505434E-01


 Rotatory strength:

    velocity representation:              0.000000000000000    

    velocity rep. / 10^(-40)erg*cm^3:     0.000000000000000    

    length representation:                0.000000000000000    

    length rep. / 10^(-40)erg*cm^3:       0.000000000000000    


 Dominant contributions:

      occ. orbital   energy / eV   virt. orbital     energy / eV   |coeff.|^2*100
        2 b1             -7.87           6 a1              0.46       99.2
 

 Change of electron number:

             0.000000


 Electric transition dipole moment (velocity rep.):

    x       -0.353193        Norm:                  0.353193
    y        0.000000
    z        0.000000        Norm / debye:          0.897733


 Electric transition dipole moment (length rep.):

    x       -0.435818        Norm:                  0.435818
    y        0.000000
    z        0.000000        Norm / debye:          1.107748


 Magnetic transition dipole moment / i:

    x        0.000000        Norm:                  0.001620
    y        0.001620
    z        0.000000        Norm / Bohr mag.:      0.443888


 Electric quadrupole transition moment:

   xx        0.000000
   yy        0.000000        1/3*trace:             0.000000
   zz        0.000000
   xy        0.000000
   xz        1.760630        Anisotropy:            3.049500
   yz        0.000000




                         2 singlet b1 excitation


 Total energy:                           -114.1153881721079    

 Excitation energy:                      0.3040925771921073    

 Excitation energy / eV:                  8.274783590330738    

 Excitation energy / nm:                  149.8338206105433    

 Excitation energy / cm^(-1):             66740.60607784899    


 Oscillator strength:

    velocity representation:             0.5161550765637351E-01

    length representation:               0.5403852453142255E-01

    mixed representation:                0.5281312220169121E-01


 Rotatory strength:

    velocity representation:              0.000000000000000    

    velocity rep. / 10^(-40)erg*cm^3:     0.000000000000000    

    length representation:                0.000000000000000    

    length rep. / 10^(-40)erg*cm^3:       0.000000000000000    


 Dominant contributions:

      occ. orbital   energy / eV   virt. orbital     energy / eV   |coeff.|^2*100
        2 b1             -7.87           7 a1              1.81       96.6
 

 Change of electron number:

             0.000000


 Electric transition dipole moment (velocity rep.):

    x        0.504583        Norm:                  0.504583
    y        0.000000
    z        0.000000        Norm / debye:          1.282532


 Electric transition dipole moment (length rep.):

    x        0.516291        Norm:                  0.516291
    y        0.000000
    z        0.000000        Norm / debye:          1.312290


 Magnetic transition dipole moment / i:

    x        0.000000        Norm:                  0.002923
    y        0.002923
    z        0.000000        Norm / Bohr mag.:      0.801228


 Electric quadrupole transition moment:

   xx        0.000000
   yy        0.000000        1/3*trace:             0.000000
   zz        0.000000
   xy        0.000000
   xz        0.066149        Anisotropy:            0.114574
   yz        0.000000




                         3 singlet b1 excitation


 Total energy:                           -114.0703753335102    

 Excitation energy:                      0.3491054157897726    

 Excitation energy / eV:                  9.499645774148075    

 Excitation energy / nm:                  130.5145970220002    

 Excitation energy / cm^(-1):             76619.78220583028    


 Oscillator strength:

    velocity representation:             0.1062202026719457E-01

    length representation:               0.2071452834444859E-01

    mixed representation:                0.1483341295522070E-01


 Rotatory strength:

    velocity representation:              0.000000000000000    

    velocity rep. / 10^(-40)erg*cm^3:     0.000000000000000    

    length representation:                0.000000000000000    

    length rep. / 10^(-40)erg*cm^3:       0.000000000000000    


 Dominant contributions:

      occ. orbital   energy / eV   virt. orbital     energy / eV   |coeff.|^2*100
        2 b1             -7.87           8 a1              2.99       96.3
 

 Change of electron number:

             0.000000


 Electric transition dipole moment (velocity rep.):

    x       -0.213634        Norm:                  0.213634
    y        0.000000
    z        0.000000        Norm / debye:          0.543008


 Electric transition dipole moment (length rep.):

    x       -0.298335        Norm:                  0.298335
    y        0.000000
    z        0.000000        Norm / debye:          0.758299


 Magnetic transition dipole moment / i:

    x        0.000000        Norm:                  0.003624
    y        0.003624
    z        0.000000        Norm / Bohr mag.:      0.993138


 Electric quadrupole transition moment:

   xx        0.000000
   yy        0.000000        1/3*trace:             0.000000
   zz        0.000000
   xy        0.000000
   xz        0.096760        Anisotropy:            0.167594
   yz        0.000000




                         4 singlet b1 excitation


 Total energy:                           -114.0507811093166    

 Excitation energy:                      0.3686996399833583    

 Excitation energy / eV:                  10.03283197132354    

 Excitation energy / nm:                  123.5785113922448    

 Excitation energy / cm^(-1):             80920.21732457052    


 Oscillator strength:

    velocity representation:             0.1392880922705834E-01

    length representation:               0.2743454770182634E-01

    mixed representation:                0.1954816055718213E-01


 Rotatory strength:

    velocity representation:              0.000000000000000    

    velocity rep. / 10^(-40)erg*cm^3:     0.000000000000000    

    length representation:                0.000000000000000    

    length rep. / 10^(-40)erg*cm^3:       0.000000000000000    


 Dominant contributions:

      occ. orbital   energy / eV   virt. orbital     energy / eV   |coeff.|^2*100
        2 b1             -7.87           9 a1              3.43       99.2
 

 Change of electron number:

             0.000000


 Electric transition dipole moment (velocity rep.):

    x       -0.238049        Norm:                  0.238049
    y        0.000000
    z        0.000000        Norm / debye:          0.605065


 Electric transition dipole moment (length rep.):

    x       -0.334086        Norm:                  0.334086
    y        0.000000
    z        0.000000        Norm / debye:          0.849168


 Magnetic transition dipole moment / i:

    x        0.000000        Norm:                  0.001087
    y        0.001087
    z        0.000000        Norm / Bohr mag.:      0.297974


 Electric quadrupole transition moment:

   xx        0.000000
   yy        0.000000        1/3*trace:             0.000000
   zz        0.000000
   xy        0.000000
   xz        1.180418        Anisotropy:            2.044545
   yz        0.000000




                         5 singlet b1 excitation


 Total energy:                           -113.9504470259078    

 Excitation energy:                      0.4690337233921754    

 Excitation energy / eV:                  12.76306246431468    

 Excitation energy / nm:                  97.14302061368602    

 Excitation energy / cm^(-1):             102941.0032273436    


 Oscillator strength:

    velocity representation:             0.5898076606307231E-06

    length representation:               0.1656686631710596E-02

    mixed representation:                0.3125902216396762E-04


 Rotatory strength:

    velocity representation:              0.000000000000000    

    velocity rep. / 10^(-40)erg*cm^3:     0.000000000000000    

    length representation:                0.000000000000000    

    length rep. / 10^(-40)erg*cm^3:       0.000000000000000    


 Dominant contributions:

      occ. orbital   energy / eV   virt. orbital     energy / eV   |coeff.|^2*100
        2 b1             -7.87          10 a1              6.23       96.6
 

 Change of electron number:

             0.000000


 Electric transition dipole moment (velocity rep.):

    x        0.001373        Norm:                  0.001373
    y        0.000000
    z        0.000000        Norm / debye:          0.003491


 Electric transition dipole moment (length rep.):

    x        0.072789        Norm:                  0.072789
    y        0.000000
    z        0.000000        Norm / debye:          0.185012


 Magnetic transition dipole moment / i:

    x        0.000000        Norm:                  0.000477
    y       -0.000477
    z        0.000000        Norm / Bohr mag.:      0.130707


 Electric quadrupole transition moment:

   xx        0.000000
   yy        0.000000        1/3*trace:             0.000000
   zz        0.000000
   xy        0.000000
   xz       -0.891036        Anisotropy:            1.543320
   yz        0.000000




                         6 singlet b1 excitation


 Total energy:                           -113.9350304432033    

 Excitation energy:                      0.4844503060966898    

 Excitation energy / eV:                  13.18256920387479    

 Excitation energy / nm:                  94.05165418742901    

 Excitation energy / cm^(-1):             106324.5520230729    


 Oscillator strength:

    velocity representation:             0.1002416270729822    

    length representation:               0.1273504124580649    

    mixed representation:                0.1129858953728819    


 Rotatory strength:

    velocity representation:              0.000000000000000    

    velocity rep. / 10^(-40)erg*cm^3:     0.000000000000000    

    length representation:                0.000000000000000    

    length rep. / 10^(-40)erg*cm^3:       0.000000000000000    


 Dominant contributions:

      occ. orbital   energy / eV   virt. orbital     energy / eV   |coeff.|^2*100
        1 b1            -14.08           6 a1              0.46       96.1
 

 Change of electron number:

             0.000000


 Electric transition dipole moment (velocity rep.):

    x        0.557115        Norm:                  0.557115
    y        0.000000
    z        0.000000        Norm / debye:          1.416056


 Electric transition dipole moment (length rep.):

    x        0.627944        Norm:                  0.627944
    y        0.000000
    z        0.000000        Norm / debye:          1.596088


 Magnetic transition dipole moment / i:

    x        0.000000        Norm:                  0.000252
    y       -0.000252
    z        0.000000        Norm / Bohr mag.:      0.069186


 Electric quadrupole transition moment:

   xx        0.000000
   yy        0.000000        1/3*trace:             0.000000
   zz        0.000000
   xy        0.000000
   xz       -0.755098        Anisotropy:            1.307868
   yz        0.000000




                         7 singlet b1 excitation


 Total energy:                           -113.9292451092833    

 Excitation energy:                      0.4902356400167179    

 Excitation energy / eV:                  13.33999621714842    

 Excitation energy / nm:                  92.94173850445921    

 Excitation energy / cm^(-1):             107594.2860486473    


 Oscillator strength:

    velocity representation:             0.1832498818493754E-01

    length representation:               0.2714650947238951E-01

    mixed representation:                0.2230379934773071E-01


 Rotatory strength:

    velocity representation:              0.000000000000000    

    velocity rep. / 10^(-40)erg*cm^3:     0.000000000000000    

    length representation:                0.000000000000000    

    length rep. / 10^(-40)erg*cm^3:       0.000000000000000    


 Dominant contributions:

      occ. orbital   energy / eV   virt. orbital     energy / eV   |coeff.|^2*100
        5 a1            -12.93           3 b1              1.70       98.3
 

 Change of electron number:

             0.000000


 Electric transition dipole moment (velocity rep.):

    x       -0.236791        Norm:                  0.236791
    y        0.000000
    z        0.000000        Norm / debye:          0.601867


 Electric transition dipole moment (length rep.):

    x       -0.288204        Norm:                  0.288204
    y        0.000000
    z        0.000000        Norm / debye:          0.732547


 Magnetic transition dipole moment / i:

    x        0.000000        Norm:                  0.001419
    y       -0.001419
    z        0.000000        Norm / Bohr mag.:      0.388837


 Electric quadrupole transition moment:

   xx        0.000000
   yy        0.000000        1/3*trace:             0.000000
   zz        0.000000
   xy        0.000000
   xz       -0.211019        Anisotropy:            0.365496
   yz        0.000000




                         8 singlet b1 excitation


 Total energy:                           -113.9181549696484    

 Excitation energy:                      0.5013257796515793    

 Excitation energy / eV:                  13.64177440033325    

 Excitation energy / nm:                  90.88571645301477    

 Excitation energy / cm^(-1):             110028.2903494200    


 Oscillator strength:

    velocity representation:             0.1110868143935118    

    length representation:               0.1557117564267973    

    mixed representation:                0.1315200478446969    


 Rotatory strength:

    velocity representation:              0.000000000000000    

    velocity rep. / 10^(-40)erg*cm^3:     0.000000000000000    

    length representation:                0.000000000000000    

    length rep. / 10^(-40)erg*cm^3:       0.000000000000000    


 Dominant contributions:

      occ. orbital   energy / eV   virt. orbital     energy / eV   |coeff.|^2*100
        2 b1             -7.87          11 a1              7.12       93.3
 

 Change of electron number:

             0.000000


 Electric transition dipole moment (velocity rep.):

    x       -0.576523        Norm:                  0.576523
    y        0.000000
    z        0.000000        Norm / debye:          1.465387


 Electric transition dipole moment (length rep.):

    x       -0.682569        Norm:                  0.682569
    y        0.000000
    z        0.000000        Norm / debye:          1.734929


 Magnetic transition dipole moment / i:

    x        0.000000        Norm:                  0.000429
    y       -0.000429
    z        0.000000        Norm / Bohr mag.:      0.117627


 Electric quadrupole transition moment:

   xx        0.000000
   yy        0.000000        1/3*trace:             0.000000
   zz        0.000000
   xy        0.000000
   xz       -0.632767        Anisotropy:            1.095984
   yz        0.000000




                         9 singlet b1 excitation


 Total energy:                           -113.8939805290287    

 Excitation energy:                      0.5255002202712979    

 Excitation energy / eV:                  14.29959468122455    

 Excitation energy / nm:                  86.70472609217401    

 Excitation energy / cm^(-1):             115333.9667768118    


 Oscillator strength:

    velocity representation:             0.1624289614060029E-02

    length representation:               0.2863779036353464E-02

    mixed representation:                0.2156758341982654E-02


 Rotatory strength:

    velocity representation:              0.000000000000000    

    velocity rep. / 10^(-40)erg*cm^3:     0.000000000000000    

    length representation:                0.000000000000000    

    length rep. / 10^(-40)erg*cm^3:       0.000000000000000    


 Dominant contributions:

      occ. orbital   energy / eV   virt. orbital     energy / eV   |coeff.|^2*100
        2 b1             -7.87          12 a1              7.85       93.2
 

 Change of electron number:

             0.000000


 Electric transition dipole moment (velocity rep.):

    x       -0.068091        Norm:                  0.068091
    y        0.000000
    z        0.000000        Norm / debye:          0.173072


 Electric transition dipole moment (length rep.):

    x       -0.090413        Norm:                  0.090413
    y        0.000000
    z        0.000000        Norm / debye:          0.229808


 Magnetic transition dipole moment / i:

    x        0.000000        Norm:                  0.001442
    y       -0.001442
    z        0.000000        Norm / Bohr mag.:      0.395199


 Electric quadrupole transition moment:

   xx        0.000000
   yy        0.000000        1/3*trace:             0.000000
   zz        0.000000
   xy        0.000000
   xz        0.485929        Anisotropy:            0.841653
   yz        0.000000




                        10 singlet b1 excitation


 Total energy:                           -113.8842925125675    

 Excitation energy:                      0.5351882367325572    

 Excitation energy / eV:                  14.56321913525336    

 Excitation energy / nm:                  85.13519082215701    

 Excitation energy / cm^(-1):             117460.2406118622    


 Oscillator strength:

    velocity representation:             0.1357480465723719E-02

    length representation:               0.1647677906725999E-02

    mixed representation:                0.1495556943812268E-02


 Rotatory strength:

    velocity representation:              0.000000000000000    

    velocity rep. / 10^(-40)erg*cm^3:     0.000000000000000    

    length representation:                0.000000000000000    

    length rep. / 10^(-40)erg*cm^3:       0.000000000000000    


 Dominant contributions:

      occ. orbital   energy / eV   virt. orbital     energy / eV   |coeff.|^2*100
        1 b1            -14.08           7 a1              1.81       90.1
 

 Change of electron number:

             0.000000


 Electric transition dipole moment (velocity rep.):

    x       -0.061682        Norm:                  0.061682
    y        0.000000
    z        0.000000        Norm / debye:          0.156781


 Electric transition dipole moment (length rep.):

    x       -0.067956        Norm:                  0.067956
    y        0.000000
    z        0.000000        Norm / debye:          0.172729


 Magnetic transition dipole moment / i:

    x        0.000000        Norm:                  0.000700
    y        0.000700
    z        0.000000        Norm / Bohr mag.:      0.191760


 Electric quadrupole transition moment:

   xx        0.000000
   yy        0.000000        1/3*trace:             0.000000
   zz        0.000000
   xy        0.000000
   xz       -0.969033        Anisotropy:            1.678414
   yz        0.000000



 ==============================================================================

                              I R R E P   b2  

 ==============================================================================


 Excitation is electric dipole allowed

 Excitation is magnetic dipole allowed

 Excitation is electric quadrupole allowed




                         1 singlet b2 excitation


 Total energy:                           -114.0806433847644    

 Excitation energy:                      0.3388373645355658    

 Excitation energy / eV:                  9.220237763575989    

 Excitation energy / nm:                  134.4696820034954    

 Excitation energy / cm^(-1):             74366.20544880458    


 Oscillator strength:

    velocity representation:             0.4169371833275762E-02

    length representation:               0.2938238032027692E-03

    mixed representation:                0.1106824597223782E-02


 Rotatory strength:

    velocity representation:              0.000000000000000    

    velocity rep. / 10^(-40)erg*cm^3:     0.000000000000000    

    length representation:                0.000000000000000    

    length rep. / 10^(-40)erg*cm^3:       0.000000000000000    


 Dominant contributions:

      occ. orbital   energy / eV   virt. orbital     energy / eV   |coeff.|^2*100
        5 a1            -12.93           2 b2             -1.39       98.6
 

 Change of electron number:

             0.000000


 Electric transition dipole moment (velocity rep.):

    x        0.000000        Norm:                  0.135858
    y       -0.135858
    z        0.000000        Norm / debye:          0.345319


 Electric transition dipole moment (length rep.):

    x        0.000000        Norm:                  0.036066
    y        0.036066
    z        0.000000        Norm / debye:          0.091670


 Magnetic transition dipole moment / i:

    x       -0.004911        Norm:                  0.004911
    y        0.000000
    z        0.000000        Norm / Bohr mag.:      1.346078


 Electric quadrupole transition moment:

   xx        0.000000
   yy        0.000000        1/3*trace:             0.000000
   zz        0.000000
   xy        0.000000
   xz        0.000000        Anisotropy:            1.884990
   yz        1.088300




                         2 singlet b2 excitation


 Total energy:                           -114.0277796121512    

 Excitation energy:                      0.3917011371487694    

 Excitation energy / eV:                  10.65873482319467    

 Excitation energy / nm:                  116.3217267931874    

 Excitation energy / cm^(-1):             85968.46242049622    


 Oscillator strength:

    velocity representation:             0.3910536346129350E-01

    length representation:               0.3939618959519221E-01

    mixed representation:                0.3925050717009935E-01


 Rotatory strength:

    velocity representation:              0.000000000000000    

    velocity rep. / 10^(-40)erg*cm^3:     0.000000000000000    

    length representation:                0.000000000000000    

    length rep. / 10^(-40)erg*cm^3:       0.000000000000000    


 Dominant contributions:

      occ. orbital   energy / eV   virt. orbital     energy / eV   |coeff.|^2*100
        1 b2            -11.51           6 a1              0.46       99.0
 

 Change of electron number:

             0.000000


 Electric transition dipole moment (velocity rep.):

    x        0.000000        Norm:                  0.386978
    y        0.386978
    z        0.000000        Norm / debye:          0.983608


 Electric transition dipole moment (length rep.):

    x        0.000000        Norm:                  0.388414
    y        0.388414
    z        0.000000        Norm / debye:          0.987258


 Magnetic transition dipole moment / i:

    x       -0.000353        Norm:                  0.000353
    y        0.000000
    z        0.000000        Norm / Bohr mag.:      0.096679


 Electric quadrupole transition moment:

   xx        0.000000
   yy        0.000000        1/3*trace:             0.000000
   zz        0.000000
   xy        0.000000
   xz        0.000000        Anisotropy:            0.316380
   yz        0.182662




                         3 singlet b2 excitation


 Total energy:                           -114.0117253239858    

 Excitation energy:                      0.4077554253141719    

 Excitation energy / eV:                  11.09559441869078    

 Excitation energy / nm:                  111.7418673826200    

 Excitation energy / cm^(-1):             89491.97138674931    


 Oscillator strength:

    velocity representation:             0.1655501925910558E-01

    length representation:               0.1605319632693171E-01

    mixed representation:                0.1630217698230998E-01


 Rotatory strength:

    velocity representation:              0.000000000000000    

    velocity rep. / 10^(-40)erg*cm^3:     0.000000000000000    

    length representation:                0.000000000000000    

    length rep. / 10^(-40)erg*cm^3:       0.000000000000000    


 Dominant contributions:

      occ. orbital   energy / eV   virt. orbital     energy / eV   |coeff.|^2*100
        2 b1             -7.87           1 a2              4.75       98.7
 

 Change of electron number:

             0.000000


 Electric transition dipole moment (velocity rep.):

    x        0.000000        Norm:                  0.246780
    y        0.246780
    z        0.000000        Norm / debye:          0.627258


 Electric transition dipole moment (length rep.):

    x        0.000000        Norm:                  0.243011
    y        0.243011
    z        0.000000        Norm / debye:          0.617678


 Magnetic transition dipole moment / i:

    x        0.002995        Norm:                  0.002995
    y        0.000000
    z        0.000000        Norm / Bohr mag.:      0.820727


 Electric quadrupole transition moment:

   xx        0.000000
   yy        0.000000        1/3*trace:             0.000000
   zz        0.000000
   xy        0.000000
   xz        0.000000        Anisotropy:            2.153349
   yz       -1.243237




                         4 singlet b2 excitation


 Total energy:                           -113.9799403496300    

 Excitation energy:                      0.4395403996700439    

 Excitation energy / eV:                  11.96050794814170    

 Excitation energy / nm:                  103.6613533004104    

 Excitation energy / cm^(-1):             96467.96689531329    


 Oscillator strength:

    velocity representation:             0.3978998481261535E-01

    length representation:               0.5096214152181242E-01

    mixed representation:                0.4503090979728558E-01


 Rotatory strength:

    velocity representation:              0.000000000000000    

    velocity rep. / 10^(-40)erg*cm^3:     0.000000000000000    

    length representation:                0.000000000000000    

    length rep. / 10^(-40)erg*cm^3:       0.000000000000000    


 Dominant contributions:

      occ. orbital   energy / eV   virt. orbital     energy / eV   |coeff.|^2*100
        1 b2            -11.51           7 a1              1.81       97.3
 

 Change of electron number:

             0.000000


 Electric transition dipole moment (velocity rep.):

    x        0.000000        Norm:                  0.368496
    y        0.368496
    z        0.000000        Norm / debye:          0.936631


 Electric transition dipole moment (length rep.):

    x        0.000000        Norm:                  0.417033
    y        0.417033
    z        0.000000        Norm / debye:          1.059999


 Magnetic transition dipole moment / i:

    x       -0.000343        Norm:                  0.000343
    y        0.000000
    z        0.000000        Norm / Bohr mag.:      0.093973


 Electric quadrupole transition moment:

   xx        0.000000
   yy        0.000000        1/3*trace:             0.000000
   zz        0.000000
   xy        0.000000
   xz        0.000000        Anisotropy:            1.695755
   yz        0.979044




                         5 singlet b2 excitation


 Total energy:                           -113.9369075152701    

 Excitation energy:                      0.4825732340299145    

 Excitation energy / eV:                  13.13149145222613    

 Excitation energy / nm:                  94.41748826288104    

 Excitation energy / cm^(-1):             105912.5823244202    


 Oscillator strength:

    velocity representation:             0.1405267785041198E-03

    length representation:               0.6043285280176549E-03

    mixed representation:                0.2914178120850848E-03


 Rotatory strength:

    velocity representation:              0.000000000000000    

    velocity rep. / 10^(-40)erg*cm^3:     0.000000000000000    

    length representation:                0.000000000000000    

    length rep. / 10^(-40)erg*cm^3:       0.000000000000000    


 Dominant contributions:

      occ. orbital   energy / eV   virt. orbital     energy / eV   |coeff.|^2*100
        1 b2            -11.51           8 a1              2.99       94.9
 

 Change of electron number:

             0.000000


 Electric transition dipole moment (velocity rep.):

    x        0.000000        Norm:                  0.020900
    y       -0.020900
    z        0.000000        Norm / debye:          0.053123


 Electric transition dipole moment (length rep.):

    x        0.000000        Norm:                  0.043341
    y       -0.043341
    z        0.000000        Norm / debye:          0.110163


 Magnetic transition dipole moment / i:

    x        0.000536        Norm:                  0.000536
    y        0.000000
    z        0.000000        Norm / Bohr mag.:      0.147022


 Electric quadrupole transition moment:

   xx        0.000000
   yy        0.000000        1/3*trace:             0.000000
   zz        0.000000
   xy        0.000000
   xz        0.000000        Anisotropy:            0.056120
   yz        0.032401




                         6 singlet b2 excitation


 Total energy:                           -113.9222052665488    

 Excitation energy:                      0.4972754827511888    

 Excitation energy / eV:                  13.53156016677060    

 Excitation energy / nm:                  91.62597843738372    

 Excitation energy / cm^(-1):             109139.3529329814    


 Oscillator strength:

    velocity representation:             0.3947524467341013E-01

    length representation:               0.5248929528888638E-01

    mixed representation:                0.4551953178871312E-01


 Rotatory strength:

    velocity representation:              0.000000000000000    

    velocity rep. / 10^(-40)erg*cm^3:     0.000000000000000    

    length representation:                0.000000000000000    

    length rep. / 10^(-40)erg*cm^3:       0.000000000000000    


 Dominant contributions:

      occ. orbital   energy / eV   virt. orbital     energy / eV   |coeff.|^2*100
        1 b2            -11.51           9 a1              3.43       90.9
 

 Change of electron number:

             0.000000


 Electric transition dipole moment (velocity rep.):

    x        0.000000        Norm:                  0.345072
    y       -0.345072
    z        0.000000        Norm / debye:          0.877092


 Electric transition dipole moment (length rep.):

    x        0.000000        Norm:                  0.397908
    y       -0.397908
    z        0.000000        Norm / debye:          1.011388


 Magnetic transition dipole moment / i:

    x        0.001094        Norm:                  0.001094
    y        0.000000
    z        0.000000        Norm / Bohr mag.:      0.299903


 Electric quadrupole transition moment:

   xx        0.000000
   yy        0.000000        1/3*trace:             0.000000
   zz        0.000000
   xy        0.000000
   xz        0.000000        Anisotropy:            0.256907
   yz       -0.148325




                         7 singlet b2 excitation


 Total energy:                           -113.9099602428947    

 Excitation energy:                      0.5095205064053183    

 Excitation energy / eV:                  13.86476435653414    

 Excitation energy / nm:                  89.42398213067173    

 Excitation energy / cm^(-1):             111826.8249773842    


 Oscillator strength:

    velocity representation:             0.2239754848935467E-01

    length representation:               0.2487978939856257E-01

    mixed representation:                0.2360606467540148E-01


 Rotatory strength:

    velocity representation:              0.000000000000000    

    velocity rep. / 10^(-40)erg*cm^3:     0.000000000000000    

    length representation:                0.000000000000000    

    length rep. / 10^(-40)erg*cm^3:       0.000000000000000    


 Dominant contributions:

      occ. orbital   energy / eV   virt. orbital     energy / eV   |coeff.|^2*100
        5 a1            -12.93           3 b2              2.29       98.5
 

 Change of electron number:

             0.000000


 Electric transition dipole moment (velocity rep.):

    x        0.000000        Norm:                  0.256782
    y       -0.256782
    z        0.000000        Norm / debye:          0.652680


 Electric transition dipole moment (length rep.):

    x        0.000000        Norm:                  0.270638
    y       -0.270638
    z        0.000000        Norm / debye:          0.687897


 Magnetic transition dipole moment / i:

    x        0.001523        Norm:                  0.001523
    y        0.000000
    z        0.000000        Norm / Bohr mag.:      0.417447


 Electric quadrupole transition moment:

   xx        0.000000
   yy        0.000000        1/3*trace:             0.000000
   zz        0.000000
   xy        0.000000
   xz        0.000000        Anisotropy:            1.158034
   yz       -0.668591




                         8 singlet b2 excitation


 Total energy:                           -113.8727729293730    

 Excitation energy:                      0.5467078199270434    

 Excitation energy / eV:                  14.87668307727180    

 Excitation energy / nm:                  83.34132236498884    

 Excitation energy / cm^(-1):             119988.4968792900    


 Oscillator strength:

    velocity representation:             0.2327973022489904E-01

    length representation:               0.1244267897900690E-01

    mixed representation:                0.1701946561753050E-01


 Rotatory strength:

    velocity representation:              0.000000000000000    

    velocity rep. / 10^(-40)erg*cm^3:     0.000000000000000    

    length representation:                0.000000000000000    

    length rep. / 10^(-40)erg*cm^3:       0.000000000000000    


 Dominant contributions:

      occ. orbital   energy / eV   virt. orbital     energy / eV   |coeff.|^2*100
        2 b1             -7.87           2 a2              8.54       88.4
        4 a1            -17.93           2 b2             -1.39        9.9
 

 Change of electron number:

             0.000000


 Electric transition dipole moment (velocity rep.):

    x        0.000000        Norm:                  0.252730
    y        0.252730
    z        0.000000        Norm / debye:          0.642381


 Electric transition dipole moment (length rep.):

    x        0.000000        Norm:                  0.184767
    y        0.184767
    z        0.000000        Norm / debye:          0.469635


 Magnetic transition dipole moment / i:

    x       -0.001820        Norm:                  0.001820
    y        0.000000
    z        0.000000        Norm / Bohr mag.:      0.498770


 Electric quadrupole transition moment:

   xx        0.000000
   yy        0.000000        1/3*trace:             0.000000
   zz        0.000000
   xy        0.000000
   xz        0.000000        Anisotropy:            0.075777
   yz        0.043750




                         9 singlet b2 excitation


 Total energy:                           -113.8489934269513    

 Excitation energy:                      0.5704873223487326    

 Excitation energy / eV:                  15.52375653839386    

 Excitation energy / nm:                  79.86742364828157    

 Excitation energy / cm^(-1):             125207.4943915199    


 Oscillator strength:

    velocity representation:             0.8477293852625853E-01

    length representation:               0.2792968549796033    

    mixed representation:                0.1538727237614362    


 Rotatory strength:

    velocity representation:              0.000000000000000    

    velocity rep. / 10^(-40)erg*cm^3:     0.000000000000000    

    length representation:                0.000000000000000    

    length rep. / 10^(-40)erg*cm^3:       0.000000000000000    


 Dominant contributions:

      occ. orbital   energy / eV   virt. orbital     energy / eV   |coeff.|^2*100
        4 a1            -17.93           2 b2             -1.39       72.9
        2 b1             -7.87           2 a2              8.54       10.9
        1 b2            -11.51           9 a1              3.43        4.6
        1 b1            -14.08           1 a2              4.75        4.2
 

 Change of electron number:

             0.000000


 Electric transition dipole moment (velocity rep.):

    x        0.000000        Norm:                  0.472119
    y       -0.472119
    z        0.000000        Norm / debye:          1.200015


 Electric transition dipole moment (length rep.):

    x        0.000000        Norm:                  0.856950
    y       -0.856950
    z        0.000000        Norm / debye:          2.178167


 Magnetic transition dipole moment / i:

    x       -0.000247        Norm:                  0.000247
    y        0.000000
    z        0.000000        Norm / Bohr mag.:      0.067589


 Electric quadrupole transition moment:

   xx        0.000000
   yy        0.000000        1/3*trace:             0.000000
   zz        0.000000
   xy        0.000000
   xz        0.000000        Anisotropy:            0.170961
   yz        0.098705




                        10 singlet b2 excitation


 Total energy:                           -113.8175576158577    

 Excitation energy:                      0.6019231334422732    

 Excitation energy / eV:                  16.37916884798547    

 Excitation energy / nm:                  75.69629763094942    

 Excitation energy / cm^(-1):             132106.8574220297    


 Oscillator strength:

    velocity representation:             0.2914569247663200E-01

    length representation:               0.1818916795623141E-01

    mixed representation:                0.2302468014236310E-01


 Rotatory strength:

    velocity representation:              0.000000000000000    

    velocity rep. / 10^(-40)erg*cm^3:     0.000000000000000    

    length representation:                0.000000000000000    

    length rep. / 10^(-40)erg*cm^3:       0.000000000000000    


 Dominant contributions:

      occ. orbital   energy / eV   virt. orbital     energy / eV   |coeff.|^2*100
        1 b2            -11.51          10 a1              6.23       97.3
 

 Change of electron number:

             0.000000


 Electric transition dipole moment (velocity rep.):

    x        0.000000        Norm:                  0.269502
    y       -0.269502
    z        0.000000        Norm / debye:          0.685011


 Electric transition dipole moment (length rep.):

    x        0.000000        Norm:                  0.212903
    y       -0.212903
    z        0.000000        Norm / debye:          0.541149


 Magnetic transition dipole moment / i:

    x        0.000883        Norm:                  0.000883
    y        0.000000
    z        0.000000        Norm / Bohr mag.:      0.242082


 Electric quadrupole transition moment:

   xx        0.000000
   yy        0.000000        1/3*trace:             0.000000
   zz        0.000000
   xy        0.000000
   xz        0.000000        Anisotropy:            0.987822
   yz       -0.570319

 SUMMARY OF EXCITATION ENERGIES AND DIPOLE OSCILLATOR STRENGTHS (velocity/length):

 -----------------------------------------------------------------------------------------------
 |    Exc.   | energy (Eh) | energy (eV) | energy (cm-1) | energy (nm) | Osc.(vel) | Osc.(len) |
 -----------------------------------------------------------------------------------------------
 |     1 a1  |    0.304130 |     8.27581 |     66748.893 |     149.815 |   0.06176 |   0.08082 |
 |     2 a1  |    0.357444 |     9.72654 |     78449.848 |     127.470 |   0.00000 |   0.04331 |
 |     3 a1  |    0.405348 |    11.03008 |     88963.564 |     112.406 |   0.03229 |   0.23091 |
 |     4 a1  |    0.450354 |    12.25476 |     98841.292 |     101.172 |   0.01320 |   0.03073 |
 |     5 a1  |    0.463542 |    12.61362 |    101735.687 |      98.294 |   0.00325 |   0.00303 |
 |     6 a1  |    0.488834 |    13.30184 |    107286.577 |      93.208 |   0.13778 |   0.14562 |
 |     7 a1  |    0.502178 |    13.66495 |    110215.241 |      90.732 |   0.05671 |   0.09277 |
 |     8 a1  |    0.529504 |    14.40853 |    116212.615 |      86.049 |   0.17790 |   0.31351 |
 |     9 a1  |    0.538151 |    14.64384 |    118110.502 |      84.666 |   0.03832 |   0.08424 |
 |    10 a1  |    0.542272 |    14.75597 |    119014.889 |      84.023 |   0.01725 |   0.01861 |
 -----------------------------------------------------------------------------------------------
 Transitions are magnetic dipole forbidden in irrep a1  


 -----------------------------------------------------------------------------------------------
 |    Exc.   | energy (Eh) | energy (eV) | energy (cm-1) | energy (nm) | Osc.(vel) | Osc.(len) |
 -----------------------------------------------------------------------------------------------
 |     1 a2  |    0.147438 |     4.01200 |     32358.976 |     309.033 |   0.00000 |   0.00000 |
 |     2 a2  |    0.324080 |     8.81868 |     71127.417 |     140.593 |   0.00000 |   0.00000 |
 |     3 a2  |    0.375539 |    10.21895 |     82421.359 |     121.328 |   0.00000 |   0.00000 |
 |     4 a2  |    0.434836 |    11.83248 |     95435.420 |     104.783 |   0.00000 |   0.00000 |
 |     5 a2  |    0.436318 |    11.87280 |     95760.623 |     104.427 |   0.00000 |   0.00000 |
 |     6 a2  |    0.503640 |    13.70474 |    110536.149 |      90.468 |   0.00000 |   0.00000 |
 |     7 a2  |    0.545818 |    14.85246 |    119793.143 |      83.477 |   0.00000 |   0.00000 |
 |     8 a2  |    0.553756 |    15.06845 |    121535.286 |      82.281 |   0.00000 |   0.00000 |
 |     9 a2  |    0.595792 |    16.21233 |    130761.266 |      76.475 |   0.00000 |   0.00000 |
 |    10 a2  |    0.611198 |    16.63155 |    134142.519 |      74.548 |   0.00000 |   0.00000 |
 -----------------------------------------------------------------------------------------------
 Transitions are electric dipole forbidden in irrep a2  


 -----------------------------------------------------------------------------------------------
 |    Exc.   | energy (Eh) | energy (eV) | energy (cm-1) | energy (nm) | Osc.(vel) | Osc.(len) |
 -----------------------------------------------------------------------------------------------
 |     1 b1  |    0.258210 |     7.02624 |     56670.484 |     176.459 |   0.02147 |   0.03270 |
 |     2 b1  |    0.304093 |     8.27478 |     66740.606 |     149.834 |   0.05162 |   0.05404 |
 |     3 b1  |    0.349105 |     9.49964 |     76619.782 |     130.515 |   0.01062 |   0.02071 |
 |     4 b1  |    0.368700 |    10.03283 |     80920.217 |     123.579 |   0.01393 |   0.02743 |
 |     5 b1  |    0.469034 |    12.76306 |    102941.003 |      97.143 |   0.00000 |   0.00166 |
 |     6 b1  |    0.484450 |    13.18256 |    106324.552 |      94.052 |   0.10024 |   0.12735 |
 |     7 b1  |    0.490236 |    13.33999 |    107594.286 |      92.942 |   0.01832 |   0.02715 |
 |     8 b1  |    0.501326 |    13.64177 |    110028.290 |      90.886 |   0.11109 |   0.15571 |
 |     9 b1  |    0.525500 |    14.29959 |    115333.967 |      86.705 |   0.00162 |   0.00286 |
 |    10 b1  |    0.535188 |    14.56321 |    117460.241 |      85.135 |   0.00136 |   0.00165 |
 -----------------------------------------------------------------------------------------------


 -----------------------------------------------------------------------------------------------
 |    Exc.   | energy (Eh) | energy (eV) | energy (cm-1) | energy (nm) | Osc.(vel) | Osc.(len) |
 -----------------------------------------------------------------------------------------------
 |     1 b2  |    0.338837 |     9.22023 |     74366.205 |     134.470 |   0.00417 |   0.00029 |
 |     2 b2  |    0.391701 |    10.65873 |     85968.462 |     116.322 |   0.03911 |   0.03940 |
 |     3 b2  |    0.407755 |    11.09559 |     89491.971 |     111.742 |   0.01656 |   0.01605 |
 |     4 b2  |    0.439540 |    11.96050 |     96467.967 |     103.661 |   0.03979 |   0.05096 |
 |     5 b2  |    0.482573 |    13.13149 |    105912.582 |      94.417 |   0.00014 |   0.00060 |
 |     6 b2  |    0.497275 |    13.53156 |    109139.353 |      91.626 |   0.03948 |   0.05249 |
 |     7 b2  |    0.509521 |    13.86476 |    111826.825 |      89.424 |   0.02240 |   0.02488 |
 |     8 b2  |    0.546708 |    14.87668 |    119988.497 |      83.341 |   0.02328 |   0.01244 |
 |     9 b2  |    0.570487 |    15.52375 |    125207.494 |      79.867 |   0.08477 |   0.27930 |
 |    10 b2  |    0.601923 |    16.37916 |    132106.857 |      75.696 |   0.02915 |   0.01819 |
 -----------------------------------------------------------------------------------------------




    ------------------------------------------------------------------------
         total  cpu-time :  25.86 seconds
         total wall-time :  26.57 seconds
    ------------------------------------------------------------------------

   ****  escf : all done  ****


    2023-10-25 13:38:33.418 

