
Slurm Job Summary
*****************
- General information:
    date = Mi 7. Feb 17:38:21 CET 2024
    hostname = nesh-srp116
- Job information:
    JobId = 10389446
    JobName = H2O_AE
    UserId = suphc355(743340)
    Account = suphc355
    QOS = normal
    NodeList = nesh-srp[116-119]
    Features = (null)
    Command = /gxfs_work/cau/suphc355/homologes/H2X/AE/O/run.sh
    WorkDir = /gxfs_work/cau/suphc355/homologes/H2X/AE/O
    StdOut = /gxfs_work/cau/suphc355/homologes/H2X/AE/O/ba.out
    StdErr = /gxfs_work/cau/suphc355/homologes/H2X/AE/O/ba.err
- Requested resources:
    Timelimit = 1-00:00:00 ( 86400s )
    MinMemoryNode = 250G ( 256000.000M )
    NumNodes = 4
    NumCPUs = 64
    NumTasks = 64
    CPUs/Task = 1
- Used resources:
    RunTime = 02:38:01 ( 9481s )
    MaxRSS = 6968K ( 6.805M )
====================
- Important conclusions and remarks:
    * !!! Please, always check if the number of requested cores and nodes matches the need of your program/code !!!
    * !!! Less than 20% of requested walltime used !!! Consider adaptation of your batch script.
    * !!! Less than 10% of requested main memory used !!! Consider adaptation of your batch script.


Slurm Job Summary
*****************
- General information:
    date = Mi 7. Feb 19:10:10 CET 2024
    hostname = nesh-srp167
- Job information:
    JobId = 10389495
    JobName = H2O_AE
    UserId = suphc355(743340)
    Account = suphc355
    QOS = normal
    NodeList = nesh-srp[167-170]
    Features = (null)
    Command = /gxfs_work/cau/suphc355/homologes/H2X/AE/O/run.sh
    WorkDir = /gxfs_work/cau/suphc355/homologes/H2X/AE/O
    StdOut = /gxfs_work/cau/suphc355/homologes/H2X/AE/O/ba.out
    StdErr = /gxfs_work/cau/suphc355/homologes/H2X/AE/O/ba.err
- Requested resources:
    Timelimit = 1-00:00:00 ( 86400s )
    MinMemoryNode = 250G ( 256000.000M )
    NumNodes = 4
    NumCPUs = 64
    NumTasks = 64
    CPUs/Task = 1
- Used resources:
    RunTime = 03:25:24 ( 12324s )
    MaxRSS = 6960K ( 6.797M )
====================
- Important conclusions and remarks:
    * !!! Please, always check if the number of requested cores and nodes matches the need of your program/code !!!
    * !!! Less than 20% of requested walltime used !!! Consider adaptation of your batch script.
    * !!! Less than 10% of requested main memory used !!! Consider adaptation of your batch script.

