
Slurm Job Summary
*****************
- General information:
    date = Mon Oct 16 14:25:07 CEST 2023
    hostname = neshcl323
- Job information:
    JobId = 8867406
    JobName = pyran
    UserId = suphc355(743340)
    Account = suphc355
    Partition = cluster
    QOS = normal
    NodeList = neshcl323
    Features = (null)
    Command = /gxfs_work1/cau/suphc355/benchmark_pbe0/pbe0_bm_tm/trip/pyranthion/run.sh
    WorkDir = /gxfs_work1/cau/suphc355/benchmark_pbe0/pbe0_bm_tm/trip/pyranthion
    StdOut = /gxfs_work1/cau/suphc355/benchmark_pbe0/pbe0_bm_tm/trip/pyranthion/batch.out
    StdErr = /gxfs_work1/cau/suphc355/benchmark_pbe0/pbe0_bm_tm/trip/pyranthion/batch.err
- Requested resources:
    Timelimit = 04:00:00 ( 14400s )
    MinMemoryNode = 32G ( 32768.000M )
    NumNodes = 1
    NumCPUs = 32
    NumTasks = 16
    CPUs/Task = 2
    TresPerNode = 
- Used resources:
    RunTime = 00:10:58 ( 658s )
    MaxRSS = 129100K ( 126.074M )
====================
- Important conclusions and remarks:
    * !!! Please, always check if the number of requested cores and nodes matches the need of your program/code !!!
    * !!! Less than 10% of requested walltime used !!! Please, adapt your batch script.
    * !!! Less than 10% of requested main memory used !!! Please, adapt your batch script.

