
  ========================================================================
                license information 
    WARNING: License file not found!
             Please copy license.txt to $TURBODIR/LICENSE/
  ========================================================================

 dscf (neshcl323) : TURBOMOLE rev. V7-7 compiled 26 Oct 2022 at 09:17:38
 Copyright (C) 2022 TURBOMOLE GmbH, Karlsruhe


    2023-10-16 14:14:11.810 



                             d s c f - program

                   idea & directorship : reinhart ahlrichs
                   program development : marco haeser
                                         michael baer
                           dft version : oliver treutler


                          quantum chemistry group
                          universitaet  karlsruhe
                                  germany



   *-----------------------------------------------------------------------*
   |                     program will use  1 thread(s)                     |
   *-----------------------------------------------------------------------*


              +--------------------------------------------------+
              | Atomic coordinate, charge and isotop information |
              +--------------------------------------------------+

                    atomic coordinates            atom    charge  isotop
          0.00000000    0.00000000   -5.41280083    s     16.000     0
          0.00000000    0.00000000   -2.27610233    c      6.000     0
          2.28239910    0.00000000   -0.77097741    c      6.000     0
         -2.28239910    0.00000000   -0.77097741    c      6.000     0
          2.19281769    0.00000000    1.76800159    c      6.000     0
         -2.19281769    0.00000000    1.76800159    c      6.000     0
          0.00000000    0.00000000    3.10029624    o      8.000     0
          4.09779132    0.00000000   -1.70846636    h      1.000     0
         -4.09779132    0.00000000   -1.70846636    h      1.000     0
          3.81569057    0.00000000    3.00574565    h      1.000     0
         -3.81569057    0.00000000    3.00574565    h      1.000     0
 
       center of nuclear mass  :   -0.00000000    0.00000000   -1.11212284
       center of nuclear charge:   -0.00000000    0.00000000   -1.05000360

              +--------------------------------------------------+
              |               basis set information              |
              +--------------------------------------------------+

              we will work with the 1s 3p 5d 7f 9g ... basis set
              ...i.e. with spherical basis functions...

   type   atoms  prim   cont   basis
   ---------------------------------------------------------------------------
    s        1     63     42   def2-TZVPP   [5s5p3d1f|14s9p3d1f]
    c        5     46     31   def2-TZVP   [5s3p2d1f|11s6p2d1f]
    o        1     46     31   def2-TZVP   [5s3p2d1f|11s6p2d1f]
    h        4      8      6   def2-TZVP   [3s1p|5s1p]
   ---------------------------------------------------------------------------
   total:   11    371    252
   ---------------------------------------------------------------------------

   total number of primitive shells          :   73
   total number of contracted shells         :   96
   total number of cartesian basis functions :  288
   total number of SCF-basis functions       :  252


 integral neglect threshold       :  0.12E-11
 integral storage threshold THIZE :  0.10E-04
 integral storage threshold THIME :         5


 DENSITY CONVERGENCE CHECK SWITCHED ON !
 SCF CONVERGENCE IF RMS(delta[D]) <     0.1000000000E-06


 symmetry group of the molecule :   c2v

 the group has the following generators :
   c2(z)
   mirror plane sigma(xz)

    4 symmetry operations found

 there are 4 real representations :   a1   a2   b1   b2  

 maximum number of shells which are related by symmetry :  2

  
           ------------------
           density functional
           ------------------
 PBE0 hybrid functional
 exchange:    3/4 (LDA+PBE) + 1/4 HF
 correlation: LDA (PW) + PBE
 spherical integration : Lebedev's spherical grid
 spherical gridsize    :                     6
    i.e. gridpoints    :                   974
  maximum batchsize    :                   100
 value for diffuse not defined
 radial integration    : Chebyshev 2nd kind (scaling 3)
 radial gridsize       :                    10
 integration cells     :                     7
 partition function    : becke
 partition sharpness   :                     3
  

          ------------------------
          nuclear repulsion energy  :   322.949917542    
          ------------------------


         -----------------
         -S,T+V- integrals
         -----------------

 1e-integrals will be neglected if expon. factor < 0.116040E-12
 
 Difference densities algorithm switched on.
 The maximal number of linear combinations of
 difference densities is  20.

 DIIS switched on: error vector is FDS-SDF
 Max. Iterations for DIIS is     :   4
 DIIS matrix (see manual) 
    Scaling factor of diagonals  :  1.200
    threshold for scaling factor :  0.000

 scf convergence criterion : increment of total energy < .1000000D-07
                  and increment of one-electron energy < .1000000D-04

 MOs are in ASCII format !


    mo occupation :
   irrep   mo's   occupied
    a1      98       15
    a2      32        1
    b1      76        9
    b2      46        4
 
 number of basis functions   :   252
 number of occupied orbitals :    29
 

 reading orbital data $scfmo  from file mos
 orbital characterization : expanded
 virtual MOs provided and orthogonalized by Cholesky decomposition

 automatic virtual orbital shift switched on 
      shift if e(lumo)-e(homo) < 0.10000000    


 DSCF restart information will be dumped onto file mos

          Overall gridpoints after grid construction =         98484
 
                                              current damping :  0.300
 ITERATION  ENERGY          1e-ENERGY        2e-ENERGY     RMS[dD(SAO)]   TOL
   1  -664.44993748525    -1548.3688015     560.96894647    0.000D+00 0.116D-11
                            Exc =   -47.257726880991     N = 57.999999970    
          max. resid. norm for Fia-block=  2.427D+00 for orbital      1a1        
          max. resid. fock norm         =  1.321D+01 for orbital     76a1        
          Delta Eig. =   884.2754836122 eV 
 
                                              current damping :  0.250
 ITERATION  ENERGY          1e-ENERGY        2e-ENERGY     RMS[dD(SAO)]   TOL
   2  -665.83681602532    -1553.3552379     564.56850433    0.226D-01 0.825D-12
                            Exc =   -47.222344084540     N = 57.999999992    
          Norm of current diis error:  1.6974    
          max. resid. norm for Fia-block=  4.779D-01 for orbital      1a1        
          max. resid. fock norm         =  5.468D-01 for orbital     94a1        
          Delta Eig. =   208.3034519625 eV 
 
                                              current damping :  0.200
 ITERATION  ENERGY          1e-ENERGY        2e-ENERGY     RMS[dD(SAO)]   TOL
   3  -665.93010399724    -1552.8766156     563.99659404    0.133D-01 0.637D-12
                            Exc =   -47.320881504992     N = 57.999999992    
          Norm of current diis error: 0.98596    
          max. resid. norm for Fia-block=  9.597D-02 for orbital      1a1        
          max. resid. fock norm         =  1.093D-01 for orbital      1a1        
          Delta Eig. =    46.9479516087 eV 
 
                                              current damping :  0.250
 ITERATION  ENERGY          1e-ENERGY        2e-ENERGY     RMS[dD(SAO)]   TOL
   4  -665.97410542197    -1553.5061480     564.58212500    0.530D-02 0.562D-12
                            Exc =   -47.296743249679     N = 57.999999994    
          Norm of current diis error: 0.34141    
          max. resid. norm for Fia-block=  1.946D-02 for orbital      1a1        
          max. resid. fock norm         =  3.443D-02 for orbital     96a1        
          Delta Eig. =     6.0109868107 eV 
 
                                              current damping :  0.300
 ITERATION  ENERGY          1e-ENERGY        2e-ENERGY     RMS[dD(SAO)]   TOL
   5  -665.97776246762    -1553.4283314     564.50065136    0.303D-02 0.519D-12
                            Exc =   -47.311876266444     N = 57.999999995    
          Norm of current diis error: 0.20436    
          max. resid. norm for Fia-block=  8.750D-03 for orbital      4b2        
          max. resid. fock norm         =  1.464D-02 for orbital     97a1        
 mo-orthogonalization: Cholesky decomposition
          Delta Eig. =     1.7753976564 eV 
 
                                              current damping :  0.350
 ITERATION  ENERGY          1e-ENERGY        2e-ENERGY     RMS[dD(SAO)]   TOL
   6  -665.97998503253    -1553.4311290     564.50122647    0.137D-02 0.510D-12
                            Exc =   -47.304795519407     N = 57.999999995    
          Norm of current diis error: 0.45920E-01
          max. resid. norm for Fia-block=  3.209D-03 for orbital     15a1        
          max. resid. fock norm         =  5.519D-03 for orbital     89a1        
          Delta Eig. =     0.2770918992 eV 
 
                                              current damping :  0.200
 ITERATION  ENERGY          1e-ENERGY        2e-ENERGY     RMS[dD(SAO)]   TOL
   7  -665.98010809648    -1553.4595250     564.52949940    0.451D-03 0.497D-12
                            Exc =   -47.307837575667     N = 57.999999995    
          Norm of current diis error: 0.26430E-01
          max. resid. norm for Fia-block=  1.412D-03 for orbital     14a1        
          max. resid. fock norm         =  2.095D-03 for orbital     14a1        
          Delta Eig. =     0.2389953304 eV 
 
                                              current damping :  0.250
 ITERATION  ENERGY          1e-ENERGY        2e-ENERGY     RMS[dD(SAO)]   TOL
   8  -665.98014773646    -1553.4278427     564.49777740    0.142D-03 0.485D-12
                            Exc =   -47.305124812649     N = 57.999999995    
          Norm of current diis error: 0.87120E-02
          max. resid. norm for Fia-block=  4.550D-04 for orbital      8a1        
          max. resid. fock norm         =  5.503D-04 for orbital     29b2        
          Delta Eig. =     0.0385401445 eV 
 
                                              current damping :  0.300
 ITERATION  ENERGY          1e-ENERGY        2e-ENERGY     RMS[dD(SAO)]   TOL
   9  -665.98015145626    -1553.4363203     564.50625129    0.566D-04 0.473D-12
                            Exc =   -47.305994311321     N = 57.999999995    
          Norm of current diis error: 0.29317E-02
          max. resid. norm for Fia-block=  1.636D-04 for orbital     15a1        
          max. resid. fock norm         =  2.157D-04 for orbital     15a1        
          Delta Eig. =     0.0119727334 eV 
 
                                              current damping :  0.150
 ITERATION  ENERGY          1e-ENERGY        2e-ENERGY     RMS[dD(SAO)]   TOL
  10  -665.98015195722    -1553.4393001     564.50923063    0.196D-04 0.460D-12
                            Exc =   -47.306013404351     N = 57.999999995    
          Norm of current diis error: 0.11376E-02
          max. resid. norm for Fia-block=  6.859D-05 for orbital      1a2        
          max. resid. fock norm         =  1.248D-04 for orbital     97a1        
 mo-orthogonalization: Cholesky decomposition
          Delta Eig. =     0.0055726676 eV 
 
                                              current damping :  0.200
 ITERATION  ENERGY          1e-ENERGY        2e-ENERGY     RMS[dD(SAO)]   TOL
  11  -665.98015199797    -1553.4372328     564.50716327    0.144D-04 0.452D-12
                            Exc =   -47.305986652878     N = 57.999999995    
          Norm of current diis error: 0.91442E-03
          max. resid. norm for Fia-block=  2.968D-05 for orbital      4b2        
          max. resid. fock norm         =  6.319D-05 for orbital     97a1        
          Delta Eig. =     0.0020548749 eV 
 
                                              current damping :  0.250
 ITERATION  ENERGY          1e-ENERGY        2e-ENERGY     RMS[dD(SAO)]   TOL
  12  -665.98015204707    -1553.4372833     564.50721368    0.492D-05 0.439D-12
                            Exc =   -47.305957792848     N = 57.999999995    
          Norm of current diis error: 0.11335E-03
          max. resid. norm for Fia-block=  8.757D-06 for orbital      4b2        
          max. resid. fock norm         =  1.058D-05 for orbital     47a1        
          Delta Eig. =     0.0008998170 eV 
 
                                              current damping :  0.100
 ITERATION  ENERGY          1e-ENERGY        2e-ENERGY     RMS[dD(SAO)]   TOL
  13  -665.98015204788    -1553.4377570     564.50768744    0.125D-05 0.430D-12
                            Exc =   -47.305982790595     N = 57.999999995    
          Norm of current diis error: 0.60546E-04
          max. resid. norm for Fia-block=  5.405D-06 for orbital     15a1        
          max. resid. fock norm         =  7.073D-06 for orbital     15a1        
          Delta Eig. =     0.0004579753 eV 
 
                                              current damping :  0.150
 ITERATION  ENERGY          1e-ENERGY        2e-ENERGY     RMS[dD(SAO)]   TOL
  14  -665.98015204804    -1553.4377464     564.50767679    0.790D-06 0.421D-12
                            Exc =   -47.305979830301     N = 57.999999995    
          Norm of current diis error: 0.48826E-04
          max. resid. norm for Fia-block=  1.967D-06 for orbital      4b2        
          max. resid. fock norm         =  2.728D-06 for orbital     15a1        
          Delta Eig. =     0.0001830402 eV 
 
                                              current damping :  0.100
 ITERATION  ENERGY          1e-ENERGY        2e-ENERGY     RMS[dD(SAO)]   TOL
  15  -665.98015204819    -1553.4376484     564.50757881    0.331D-06 0.417D-12
                            Exc =   -47.305976643089     N = 57.999999995    
          Norm of current diis error: 0.12179E-04
          max. resid. norm for Fia-block=  8.100D-07 for orbital     15a1        
          max. resid. fock norm         =  1.107D-06 for orbital     15a1        
 mo-orthogonalization: Cholesky decomposition
          Delta Eig. =     0.0000382854 eV 

 ENERGY & DENSITY CONVERGED !

 
                                              current damping :  0.150
 ITERATION  ENERGY          1e-ENERGY        2e-ENERGY     RMS[dD(SAO)]   TOL
  16  -665.98015204822    -1553.4376652     564.50759563    0.142D-06 0.408D-12
                            Exc =   -47.305977469601     N = 57.999999995    
          max. resid. norm for Fia-block=  3.248D-07 for orbital      4b2        
          max. resid. fock norm         =  4.740D-07 for orbital     95a1        

 convergence criteria satisfied after    16 iterations


                  ------------------------------------------ 
                 |  total energy      =   -665.98015204822  |
                  ------------------------------------------ 
                 :  kinetic energy    =    664.10339561681  :
                 :  potential energy  =  -1330.08354766503  :
                 :  virial theorem    =      1.99718196342  :
                 :  wavefunction norm =      1.00000000000  :
                  .......................................... 


 <geterg> : there is no data group $energy 


 <skperg> : $end is missing 


 orbitals $scfmo  will be written to file mos

    irrep                 11a1        12a1        13a1        14a1        15a1  
 eigenvalues H         -0.64031    -0.56753    -0.51570    -0.42653    -0.36878
            eV         -17.4240    -15.4433    -14.0330    -11.6066    -10.0350
 occupation              2.0000      2.0000      2.0000      2.0000      2.0000

    irrep                 16a1        17a1        18a1        19a1        20a1  
 eigenvalues H          0.04894     0.07300     0.09776     0.11793     0.15129
            eV           1.3318      1.9863      2.6603      3.2091      4.1170

    irrep                  1a2         2a2         3a2         4a2         5a2  
 eigenvalues H         -0.32322    -0.03395     0.23032     0.30567     0.41667
            eV          -8.7954     -0.9237      6.2674      8.3178     11.3381
 occupation              2.0000

    irrep                  6a2         7a2         8a2         9a2        10a2  
 eigenvalues H          0.65274     0.72456     0.86255     1.03413     1.29821
            eV          17.7621     19.7165     23.4713     28.1402     35.3264

    irrep                  5b1         6b1         7b1         8b1         9b1  
 eigenvalues H         -0.70964    -0.55355    -0.49001    -0.40751    -0.22229
            eV         -19.3106    -15.0630    -13.3340    -11.0890     -6.0488
 occupation              2.0000      2.0000      2.0000      2.0000      2.0000

    irrep                 10b1        11b1        12b1        13b1        14b1  
 eigenvalues H          0.06909     0.11375     0.16907     0.22047     0.23612
            eV           1.8801      3.0953      4.6008      5.9994      6.4253

    irrep                  1b2         2b2         3b2         4b2         5b2  
 eigenvalues H         -5.89298    -0.50514    -0.37359    -0.24224    -0.07885
            eV        -160.3574    -13.7458    -10.1660     -6.5917     -2.1456
 occupation              2.0000      2.0000      2.0000      2.0000

    irrep                  6b2         7b2         8b2         9b2        10b2  
 eigenvalues H          0.08539     0.19294     0.27072     0.34306     0.36240
            eV           2.3236      5.2502      7.3666      9.3351      9.8615
 
 
 
 
 ==============================================================================
                           electrostatic moments
 ==============================================================================

 reference point for electrostatic moments:    0.00000   0.00000   0.00000

 
              nuc           elec       ->  total
 ------------------------------------------------------------------------------
                          charge      
 ------------------------------------------------------------------------------
          58.000000     -58.000000      -0.000000
 
 ------------------------------------------------------------------------------
                       dipole moment  
 ------------------------------------------------------------------------------
   x       0.000000      -0.000000      -0.000000
   y       0.000000       0.000000       0.000000
   z     -60.900209      62.670913       1.770705
 
   | dipole moment | =     1.7707 a.u. =     4.5007 debye 
 
 ------------------------------------------------------------------------------
                     quadrupole moment
 ------------------------------------------------------------------------------
  xx     182.916318    -212.729759     -29.813442
  yy       0.000000     -36.798404     -36.798404
  zz     645.302707    -688.064554     -42.761847
  xy       0.000000       0.000000       0.000000
  xz       0.000000       0.000000       0.000000
  yz       0.000000       0.000000       0.000000
 
     1/3  trace=     -36.457897
     anisotropy=      11.225274
 
 ==============================================================================
 
HOMO-LUMO Separation
 HOMO         :   -0.22228605 H =     -6.04871 eV
 LUMO         :   -0.07884917 H =     -2.14560 eV
 HOMO-LUMO gap:    0.14343688 H =     +3.90312 eV
 
 ==============================================================================


    ------------------------------------------------------------------------
         total  cpu-time :  1 minutes and 23 seconds
         total wall-time :  1 minutes and 24 seconds
    ------------------------------------------------------------------------

   ****  dscf : all done  ****


    2023-10-16 14:15:35.318 

