
Slurm Job Summary
*****************
- General information:
    date = Di 5. Dez 18:08:45 CET 2023
    hostname = nesh-clk429
- Job information:
    JobId = 10197163
    JobName = Cl2_opt
    UserId = suphc355(743340)
    Account = suphc355
    QOS = normal
    NodeList = nesh-clk[429-430]
    Features = (null)
    Command = /gxfs_work/cau/suphc355/homologes/X2/opt/Cl/run.sh
    WorkDir = /gxfs_work/cau/suphc355/homologes/X2/opt/Cl
    StdOut = /gxfs_work/cau/suphc355/homologes/X2/opt/Cl/ba.out
    StdErr = /gxfs_work/cau/suphc355/homologes/X2/opt/Cl/ba.err
- Requested resources:
    Timelimit = 1-00:00:00 ( 86400s )
    MinMemoryNode = 160G ( 163840.000M )
    NumNodes = 2
    NumCPUs = 64
    NumTasks = 32
    CPUs/Task = 2
- Used resources:
    RunTime = 00:35:18 ( 2118s )
    MaxRSS = 6920K ( 6.758M )
====================
- Important conclusions and remarks:
    * !!! Please, always check if the number of requested cores and nodes matches the need of your program/code !!!
    * !!! Less than 10% of requested walltime used !!! Consider adaptation of your batch script.
    * !!! Less than 10% of requested main memory used !!! Consider adaptation of your batch script.

