
Slurm Job Summary
*****************
- General information:
    date = Mi 7. Feb 18:00:58 CET 2024
    hostname = nesh-clk558
- Job information:
    JobId = 10389508
    JobName = CH2O_AE
    UserId = suphc355(743340)
    Account = suphc355
    QOS = normal
    NodeList = nesh-clk[558,581-583]
    Features = (null)
    Command = /gxfs_work/cau/suphc355/homologes/CH2X/AE/O/run.sh
    WorkDir = /gxfs_work/cau/suphc355/homologes/CH2X/AE/O
    StdOut = /gxfs_work/cau/suphc355/homologes/CH2X/AE/O/ba.out
    StdErr = /gxfs_work/cau/suphc355/homologes/CH2X/AE/O/ba.err
- Requested resources:
    Timelimit = 1-00:00:00 ( 86400s )
    MinMemoryNode = 160G ( 163840.000M )
    NumNodes = 4
    NumCPUs = 64
    NumTasks = 64
    CPUs/Task = 1
- Used resources:
    RunTime = 02:11:14 ( 7874s )
    MaxRSS = 6964K ( 6.801M )
====================
- Important conclusions and remarks:
    * !!! Please, always check if the number of requested cores and nodes matches the need of your program/code !!!
    * !!! Less than 10% of requested walltime used !!! Consider adaptation of your batch script.
    * !!! Less than 10% of requested main memory used !!! Consider adaptation of your batch script.

