forrtl: severe (154): array index out of bounds
Image              PC                Routine            Line        Source             
libpthread-2.28.s  0000149375646CE0  Unknown               Unknown  Unknown
cp2k.psmp          0000000002D21331  xc_mp_divide_by_n        3305  xc.F
libiomp5.so        000014935E4E8493  __kmp_invoke_micr     Unknown  Unknown
libiomp5.so        000014935E456533  Unknown               Unknown  Unknown
libiomp5.so        000014935E455470  Unknown               Unknown  Unknown
libiomp5.so        000014935E4E91FF  Unknown               Unknown  Unknown
libpthread-2.28.s  000014937563C1CF  Unknown               Unknown  Unknown
libc-2.28.so       000014935DFF9DD3  clone                 Unknown  Unknown
forrtl: severe (174): SIGSEGV, segmentation fault occurred
Image              PC                Routine            Line        Source             
libpthread-2.28.s  00001480E2A39CE0  Unknown               Unknown  Unknown
cp2k.psmp          0000000002DBCE12  xc_mp_xc_vxc_pw_c        1254  xc.F
libiomp5.so        00001480CB8DB493  __kmp_invoke_micr     Unknown  Unknown
libiomp5.so        00001480CB849533  Unknown               Unknown  Unknown
libiomp5.so        00001480CB848470  Unknown               Unknown  Unknown
libiomp5.so        00001480CB8DC1FF  Unknown               Unknown  Unknown
libpthread-2.28.s  00001480E2A2F1CF  Unknown               Unknown  Unknown
libc-2.28.so       00001480CB3ECDD3  clone                 Unknown  Unknown
