
Slurm Job Summary
*****************
- General information:
    date = Mi 7. Feb 20:02:20 CET 2024
    hostname = nesh-srp153
- Job information:
    JobId = 10389554
    JobName = HI_AE
    UserId = suphc355(743340)
    Account = suphc355
    QOS = normal
    NodeList = nesh-srp[153-160]
    Features = (null)
    Command = /gxfs_work/cau/suphc355/homologes/HX/AE/I/run.sh
    WorkDir = /gxfs_work/cau/suphc355/homologes/HX/AE/I
    StdOut = /gxfs_work/cau/suphc355/homologes/HX/AE/I/ba.out
    StdErr = /gxfs_work/cau/suphc355/homologes/HX/AE/I/ba.err
- Requested resources:
    Timelimit = 1-00:00:00 ( 86400s )
    MinMemoryNode = 250G ( 256000.000M )
    NumNodes = 8
    NumCPUs = 128
    NumTasks = 128
    CPUs/Task = 1
- Used resources:
    RunTime = 03:56:36 ( 14196s )
    MaxRSS = 7472K ( 7.297M )
====================
- Important conclusions and remarks:
    * !!! Please, always check if the number of requested cores and nodes matches the need of your program/code !!!
    * !!! Less than 20% of requested walltime used !!! Consider adaptation of your batch script.
    * !!! Less than 10% of requested main memory used !!! Consider adaptation of your batch script.

