
Slurm Job Summary
*****************
- General information:
    date = Mi 6. Dez 14:55:02 CET 2023
    hostname = nesh-srp154
- Job information:
    JobId = 10198611
    JobName = ae_bench
    UserId = suphc355(743340)
    Account = suphc355
    QOS = normal
    NodeList = nesh-srp[154-157]
    Features = (null)
    Command = /gxfs_work/cau/suphc355/benchmark_pbe0/pbe0_bm_ae/thioformaldehyd/run.sh
    WorkDir = /gxfs_work/cau/suphc355/benchmark_pbe0/pbe0_bm_ae/thioformaldehyd
    StdOut = /gxfs_work/cau/suphc355/benchmark_pbe0/pbe0_bm_ae/thioformaldehyd/ba.out
    StdErr = /gxfs_work/cau/suphc355/benchmark_pbe0/pbe0_bm_ae/thioformaldehyd/ba.err
- Requested resources:
    Timelimit = 2-00:00:00 ( 172800s )
    MinMemoryNode = 160G ( 163840.000M )
    NumNodes = 4
    NumCPUs = 128
    NumTasks = 64
    CPUs/Task = 2
- Used resources:
    RunTime = 00:45:15 ( 2715s )
    MaxRSS = 7152K ( 6.984M )
====================
- Important conclusions and remarks:
    * !!! Please, always check if the number of requested cores and nodes matches the need of your program/code !!!
    * !!! Less than 10% of requested walltime used !!! Consider adaptation of your batch script.
    * !!! Less than 10% of requested main memory used !!! Consider adaptation of your batch script.

