
Slurm Job Summary
*****************
- General information:
    date = Mi 25. Okt 17:00:27 CEST 2023
    hostname = n142
- Job information:
    JobId = 6123629
    JobName = thioform
    UserId = suphc355(743340)
    Account = suphc355
    QOS = normal
    NodeList = n[142-149]
    Features = (null)
    Command = /work_beegfs/suphc355/benchmark/pbe0_bm_final/defuse/thioformaldehyd/run.sh
    WorkDir = /work_beegfs/suphc355/benchmark/pbe0_bm_final/defuse/thioformaldehyd
    StdOut = /work_beegfs/suphc355/benchmark/pbe0_bm_final/defuse/thioformaldehyd/batch.out
    StdErr = /work_beegfs/suphc355/benchmark/pbe0_bm_final/defuse/thioformaldehyd/batch.err
- Requested resources:
    Timelimit = 02:00:00 ( 7200s )
    MinMemoryNode = 64G ( 65536.000M )
    NumNodes = 8
    NumCPUs = 128
    NumTasks = 64
    CPUs/Task = 2
- Used resources:
    RunTime = 00:03:11 ( 191s )
    MaxRSS = 6876K ( 6.715M )
====================
- Important conclusions and remarks:
    * !!! Please, always check if the number of requested cores and nodes matches the need of your program/code !!!
    * !!! Less than 10% of requested walltime used !!! Consider adaptation of your batch script.
    * !!! Less than 10% of requested main memory used !!! Consider adaptation of your batch script.

