
 dscf (neshcl136) : TURBOMOLE rev. V7.5.0 compiled 13 Jun 2020 at 23:29:25
 Copyright (C) 2020 TURBOMOLE GmbH, Karlsruhe


    2023-10-18 18:19:37.819 



                             d s c f - program

                   idea & directorship : reinhart ahlrichs
                   program development : marco haeser
                                         michael baer
                           dft version : oliver treutler


                          quantum chemistry group
                          universitaet  karlsruhe
                                  germany



   *-----------------------------------------------------------------------*
   |                     program will use  1 thread(s)                     |
   *-----------------------------------------------------------------------*


              +--------------------------------------------------+
              | Atomic coordinate, charge and isotop information |
              +--------------------------------------------------+

                    atomic coordinates            atom    charge  isotop
          2.51988525   -1.36383698    0.00000000    c      6.000     0
          4.57172489   -2.70142524    0.00000000    n      7.000     0
          6.87887689   -1.46784669    0.00000000    c      6.000     0
          6.85196735    1.21173391    0.00000000    n      7.000     0
          4.79190363    2.81261897    0.00000000    c      6.000     0
          2.33542815    1.39535306    0.00000000    c      6.000     0
          0.24198201   -2.58711792    0.00000000    n      7.000     0
         -2.05105146   -1.36512531    0.00000000    c      6.000     0
         -2.00997242    1.31100969    0.00000000    c      6.000     0
          0.22685291    2.62521441    0.00000000    n      7.000     0
         -4.35206496   -2.66514185    0.00000000    c      6.000     0
         -6.58317512   -1.30416868    0.00000000    c      6.000     0
         -6.57339905    1.34838343    0.00000000    c      6.000     0
         -4.30974553    2.63989367    0.00000000    c      6.000     0
          8.88926322   -2.55529255    0.00000000    o      8.000     0
          4.97576721    5.09132224    0.00000000    o      8.000     0
         -8.34350774    2.37249727    0.00000000    h      1.000     0
          0.32589331   -4.50053924    0.00000000    h      1.000     0
         -8.36596627   -2.30989253    0.00000000    h      1.000     0
         -4.37232833   -4.71293962    0.00000000    h      1.000     0
         -4.22485097    4.68341549    0.00000000    h      1.000     0
          8.57651704    2.04188445    0.00000000    h      1.000     0
 
       center of nuclear mass  :    1.21170145    0.15830535    0.00000000
       center of nuclear charge:    1.10585275    0.14316669    0.00000000

              +--------------------------------------------------+
              |               basis set information              |
              +--------------------------------------------------+

              we will work with the 1s 3p 5d 7f 9g ... basis set
              ...i.e. with spherical basis functions...

   type   atoms  prim   cont   basis
   ---------------------------------------------------------------------------
    c       10     46     31   def2-TZVP   [5s3p2d1f|11s6p2d1f]
    n        4     46     31   def2-TZVP   [5s3p2d1f|11s6p2d1f]
    o        2     46     31   def2-TZVP   [5s3p2d1f|11s6p2d1f]
    h        6      8      6   def2-TZVP   [3s1p|5s1p]
   ---------------------------------------------------------------------------
   total:   22    784    532
   ---------------------------------------------------------------------------

   total number of primitive shells          :   66
   total number of contracted shells         :  200
   total number of cartesian basis functions :  612
   total number of SCF-basis functions       :  532


 integral neglect threshold       :  0.54E-12
 integral storage threshold THIZE :  0.10E-04
 integral storage threshold THIME :         5


 DENSITY CONVERGENCE CHECK SWITCHED ON !
 SCF CONVERGENCE IF RMS(delta[D]) <     0.1000000000E-06


 symmetry group of the molecule :   cs

 the group has the following generators :
   c1(z)
   mirror plane sigma(xy)

    2 symmetry operations found

 there are 2 real representations :   a'   a"  

 maximum number of shells which are related by symmetry :  1

  
           ------------------
           density functional
           ------------------
 PBE0 hybrid functional
 exchange:    3/4 (LDA+PBE) + 1/4 HF
 correlation: LDA (PW) + PBE

 spherical integration : Lebedev's spherical grid
 spherical gridsize    :                     6
    i.e. gridpoints    :                   974
 value for diffuse not defined
 radial integration    : Chebyshev 2nd kind (scaling 3)
 radial gridsize       :                    10
 integration cells     :                    22
 partition function    : becke
 partition sharpness   :                     3
  

          ------------------------
          nuclear repulsion energy  :   1014.24954849    
          ------------------------


         -----------------
         -S,T+V- integrals
         -----------------

 1e-integrals will be neglected if expon. factor < 0.546072E-13
 
   Difference densities algorithm switched on.
   The maximal number of linear combinations of
   difference densities is                    20 .

 DIIS switched on: error vector is FDS-SDF
 Max. Iterations for DIIS is     :   4
 DIIS matrix (see manual) 
    Scaling factor of diagonals  :  1.200
    threshold for scaling factor :  0.000

 scf convergence criterion : increment of total energy < .1000000D-07
                  and increment of one-electron energy < .1000000D-04

 MOs are in ASCII format !


    mo occupation :
   irrep   mo's   occupied
    a'     366       46
    a"     166        9
 
 number of basis functions   :   532
 number of occupied orbitals :    55
 

 reading orbital data $scfmo  from file mos
 orbital characterization : expanded
 virtual MOs provided and orthogonalized by Cholesky decomposition

 automatic virtual orbital shift switched on 
      shift if e(lumo)-e(homo) < 0.10000000    


 DSCF restart information will be dumped onto file mos

          Overall gridpoints after grid construction =        380277
 
                                              current damping :  0.300
 ITERATION  ENERGY          1e-ENERGY        2e-ENERGY     RMS[dD(SAO)]   TOL
   1  -750.44437865429    -3013.3586134     1248.6646862    0.000D+00 0.545D-12
                            Exc =   -75.704643782974     N = 109.99999974    
          max. resid. norm for Fia-block=  4.053D-01 for orbital     34a'        
          max. resid. fock norm         =  1.319D+01 for orbital    213a'        
          Delta Eig. =   891.7758132080 eV 
 
                                              current damping :  0.250
 ITERATION  ENERGY          1e-ENERGY        2e-ENERGY     RMS[dD(SAO)]   TOL
   2  -753.18422593177    -3037.5326644     1270.0988900    0.217D-01 0.503D-12
                            Exc =   -76.084255757468     N = 109.99999980    
          Norm of current diis error:  3.1281    
          max. resid. norm for Fia-block=  1.615D-01 for orbital     23a'        
          max. resid. fock norm         =  3.944D-01 for orbital    111a"        
          Delta Eig. =   196.3652141431 eV 
 
                                              current damping :  0.200
 ITERATION  ENERGY          1e-ENERGY        2e-ENERGY     RMS[dD(SAO)]   TOL
   3  -753.46332105645    -3036.2511861     1268.5383165    0.672D-02 0.324D-12
                            Exc =   -76.614342282128     N = 109.99999986    
          Norm of current diis error:  1.7350    
          max. resid. norm for Fia-block=  7.170D-02 for orbital     44a'        
          max. resid. fock norm         =  1.195D-01 for orbital    363a'        
          Delta Eig. =    49.8753403208 eV 
 
                                              current damping :  0.100
 ITERATION  ENERGY          1e-ENERGY        2e-ENERGY     RMS[dD(SAO)]   TOL
   4  -753.58465772221    -3035.9665892     1268.1323830    0.581D-02 0.266D-12
                            Exc =   -76.305073923469     N = 109.99999986    
          Norm of current diis error: 0.78955    
          max. resid. norm for Fia-block=  2.737D-02 for orbital      7a"        
          max. resid. fock norm         =  5.018D-02 for orbital    363a'        
          Delta Eig. =     7.8928824564 eV 
 
                                              current damping :  0.150
 ITERATION  ENERGY          1e-ENERGY        2e-ENERGY     RMS[dD(SAO)]   TOL
   5  -753.60814802116    -3036.6345303     1268.7768338    0.157D-02 0.250D-12
                            Exc =   -76.369717470395     N = 109.99999987    
          Norm of current diis error: 0.37244    
          max. resid. norm for Fia-block=  1.295D-02 for orbital      9a"        
          max. resid. fock norm         =  2.899D-02 for orbital    364a'        
 mo-orthogonalization: Cholesky decomposition
          Delta Eig. =     1.6006744765 eV 
 
                                              current damping :  0.100
 ITERATION  ENERGY          1e-ENERGY        2e-ENERGY     RMS[dD(SAO)]   TOL
   6  -753.61391808247    -3036.7694700     1268.9060034    0.662D-03 0.245D-12
                            Exc =   -76.401760796077     N = 109.99999987    
          Norm of current diis error: 0.11989    
          max. resid. norm for Fia-block=  5.571D-03 for orbital      9a"        
          max. resid. fock norm         =  1.383D-02 for orbital    361a'        
          Delta Eig. =     0.6086628733 eV 
 
                                              current damping :  0.150
 ITERATION  ENERGY          1e-ENERGY        2e-ENERGY     RMS[dD(SAO)]   TOL
   7  -753.61433209607    -3036.6691250     1268.8052444    0.314D-03 0.240D-12
                            Exc =   -76.388229227621     N = 109.99999987    
          Norm of current diis error: 0.89584E-01
          max. resid. norm for Fia-block=  2.070D-03 for orbital      9a"        
          max. resid. fock norm         =  5.936D-03 for orbital    364a'        
          Delta Eig. =     0.2571797178 eV 
 
                                              current damping :  0.100
 ITERATION  ENERGY          1e-ENERGY        2e-ENERGY     RMS[dD(SAO)]   TOL
   8  -753.61470409756    -3036.5883993     1268.7241467    0.149D-03 0.235D-12
                            Exc =   -76.385252493048     N = 109.99999987    
          Norm of current diis error: 0.15692E-01
          max. resid. norm for Fia-block=  6.353D-04 for orbital     20a'        
          max. resid. fock norm         =  1.078D-03 for orbital    363a'        
          Delta Eig. =     0.0885538962 eV 
 
                                              current damping :  0.150
 ITERATION  ENERGY          1e-ENERGY        2e-ENERGY     RMS[dD(SAO)]   TOL
   9  -753.61471198002    -3036.6625406     1268.7982801    0.558D-04 0.232D-12
                            Exc =   -76.389843318736     N = 109.99999987    
          Norm of current diis error: 0.96007E-02
          max. resid. norm for Fia-block=  2.923D-04 for orbital      5a"        
          max. resid. fock norm         =  9.597D-04 for orbital    363a'        
          Delta Eig. =     0.0354527784 eV 
 
                                              current damping :  0.200
 ITERATION  ENERGY          1e-ENERGY        2e-ENERGY     RMS[dD(SAO)]   TOL
  10  -753.61471554962    -3036.6476501     1268.7833860    0.247D-04 0.229D-12
                            Exc =   -76.388842953429     N = 109.99999987    
          Norm of current diis error: 0.40207E-02
          max. resid. norm for Fia-block=  1.524D-04 for orbital      7a"        
          max. resid. fock norm         =  3.363D-04 for orbital    363a'        
 mo-orthogonalization: Cholesky decomposition
          Delta Eig. =     0.0174894138 eV 
 
                                              current damping :  0.100
 ITERATION  ENERGY          1e-ENERGY        2e-ENERGY     RMS[dD(SAO)]   TOL
  11  -753.61471622186    -3036.6409636     1268.7766989    0.509D-05 0.226D-12
                            Exc =   -76.388733954656     N = 109.99999987    
          Norm of current diis error: 0.12712E-02
          max. resid. norm for Fia-block=  4.759D-05 for orbital      7a"        
          max. resid. fock norm         =  8.474D-05 for orbital    359a'        
          Delta Eig. =     0.0051664133 eV 
 
                                              current damping :  0.150
 ITERATION  ENERGY          1e-ENERGY        2e-ENERGY     RMS[dD(SAO)]   TOL
  12  -753.61471626017    -3036.6425589     1268.7782942    0.312D-05 0.223D-12
                            Exc =   -76.388536188906     N = 109.99999987    
          Norm of current diis error: 0.93756E-03
          max. resid. norm for Fia-block=  2.739D-05 for orbital     39a'        
          max. resid. fock norm         =  5.176D-05 for orbital    361a'        
          Delta Eig. =     0.0030828981 eV 
 
                                              current damping :  0.200
 ITERATION  ENERGY          1e-ENERGY        2e-ENERGY     RMS[dD(SAO)]   TOL
  13  -753.61471630118    -3036.6422990     1268.7780342    0.171D-05 0.220D-12
                            Exc =   -76.388666764189     N = 109.99999987    
          Norm of current diis error: 0.14856E-03
          max. resid. norm for Fia-block=  6.373D-06 for orbital     45a'        
          max. resid. fock norm         =  2.085D-05 for orbital    364a'        
          Delta Eig. =     0.0007666086 eV 
 
                                              current damping :  0.250
 ITERATION  ENERGY          1e-ENERGY        2e-ENERGY     RMS[dD(SAO)]   TOL
  14  -753.61471630183    -3036.6424645     1268.7781997    0.306D-06 0.217D-12
                            Exc =   -76.388666470340     N = 109.99999987    
          Norm of current diis error: 0.10482E-03
          max. resid. norm for Fia-block=  4.107D-06 for orbital      9a"        
          max. resid. fock norm         =  1.076D-05 for orbital    364a'        
          Delta Eig. =     0.0004191887 eV 
 
                                              current damping :  0.300
 ITERATION  ENERGY          1e-ENERGY        2e-ENERGY     RMS[dD(SAO)]   TOL
  15  -753.61471630238    -3036.6423738     1268.7781090    0.181D-06 0.214D-12
                            Exc =   -76.388662210022     N = 109.99999987    
          Norm of current diis error: 0.35434E-04
          max. resid. norm for Fia-block=  1.172D-06 for orbital      6a"        
          max. resid. fock norm         =  3.123D-06 for orbital    359a'        
 mo-orthogonalization: Cholesky decomposition
          Delta Eig. =     0.0001106669 eV 

 ENERGY & DENSITY CONVERGED !

 
                                              current damping :  0.150
 ITERATION  ENERGY          1e-ENERGY        2e-ENERGY     RMS[dD(SAO)]   TOL
  16  -753.61471630246    -3036.6423339     1268.7780691    0.619D-07 0.210D-12
                            Exc =   -76.388662465355     N = 109.99999987    
          max. resid. norm for Fia-block=  8.523D-07 for orbital      8a"        
          max. resid. fock norm         =  2.026D-06 for orbital    359a'        

 convergence criteria satisfied after    16 iterations


                  ------------------------------------------ 
                 |  total energy      =   -753.61471630246  |
                  ------------------------------------------ 
                 :  kinetic energy    =    750.11593558609  :
                 :  potential energy  =  -1503.73065188855  :
                 :  virial theorem    =      1.99535733493  :
                 :  wavefunction norm =      1.00000000000  :
                  .......................................... 


 <geterg> : there is no data group $energy 


 <skperg> : $end is missing 


 orbitals $scfmo  will be written to file mos

    irrep                 42a'        43a'        44a'        45a'        46a'  
 eigenvalues H         -0.41405    -0.34916    -0.31539    -0.29670    -0.28545
            eV         -11.2668     -9.5011     -8.5823     -8.0738     -7.7675
 occupation              2.0000      2.0000      2.0000      2.0000      2.0000

    irrep                 47a'        48a'        49a'        50a'        51a'  
 eigenvalues H          0.02143     0.03984     0.05549     0.07174     0.07713
            eV           0.5831      1.0841      1.5100      1.9522      2.0988

    irrep                  5a"         6a"         7a"         8a"         9a"  
 eigenvalues H         -0.39667    -0.34325    -0.30416    -0.29869    -0.26292
            eV         -10.7941     -9.3403     -8.2766     -8.1278     -7.1545
 occupation              2.0000      2.0000      2.0000      2.0000      2.0000

    irrep                 10a"        11a"        12a"        13a"        14a"  
 eigenvalues H         -0.12049    -0.05376    -0.03597     0.00522     0.03140
            eV          -3.2787     -1.4630     -0.9789      0.1421      0.8544
 
 
 
 
 ==============================================================================
                           electrostatic moments
 ==============================================================================

 reference point for electrostatic moments:    0.00000   0.00000   0.00000

 
              nuc           elec       ->  total
 ------------------------------------------------------------------------------
                          charge      
 ------------------------------------------------------------------------------
         110.000000    -110.000000      -0.000000
 
 ------------------------------------------------------------------------------
                       dipole moment  
 ------------------------------------------------------------------------------
   x     121.643803    -124.642218      -2.998415
   y      15.748335     -16.516850      -0.768515
   z       0.000000       0.000000       0.000000
 
   | dipole moment | =     3.0953 a.u. =     7.8676 debye 
 
 ------------------------------------------------------------------------------
                     quadrupole moment
 ------------------------------------------------------------------------------
  xx    2842.537747   -2915.148857     -72.611110
  yy     705.874548    -778.416458     -72.541910
  zz       0.000000     -67.277228     -67.277228
  xy      28.665566     -22.146097       6.519469
  xz       0.000000       0.000000       0.000000
  yz       0.000000       0.000000       0.000000
 
     1/3  trace=     -70.810083
     anisotropy=      12.473829
 
 ==============================================================================
 
HOMO-LUMO Separation
 HOMO         :   -0.26292041 H =     -7.15443 eV
 LUMO         :   -0.12048912 H =     -3.27868 eV
 HOMO-LUMO gap:    0.14243129 H =     +3.87575 eV
 
 ==============================================================================


    ------------------------------------------------------------------------
         total  cpu-time : 26 minutes and 33 seconds
         total wall-time : 26 minutes and 37 seconds
    ------------------------------------------------------------------------

   ****  dscf : all done  ****


    2023-10-18 18:46:15.177 

