
 escf (neshcl136) : TURBOMOLE rev. V7.5.0 compiled 13 Jun 2020 at 23:29:25
 Copyright (C) 2020 TURBOMOLE GmbH, Karlsruhe


    2023-10-18 18:46:15.836 




                                e s c f

                             TURBOMOLE GmbH


          integral direct evaluation of 

                    * excitation energies and transition moments 
                    * dynamic response properties 
                    * stabilities



          references (see also programs dscf and ridft) 

          implementation and benchmarks (review) 
          F. Furche and D. Rappoport,  
          "Density functional methods for excited states: 
          equilibrium structure and electronic spectra",
          ch. III of "Computational Photochemistry", ed. by 
          M. Olivucci, vol. 16 of "Theoretical and Computational 
          Chemistry", Elsevier, Amsterdam, 2005.

          Bethe-Salpeter equation
          K. Krause and W. Klopper,
          J. Comput. Chem. 38 (2017) 383.

          2c BSE, GW and hybrid TD-DFT
          C. Holzer and W. Klopper
          J. Chem. Phys. 150, 204116 (2019)

          nonorthonormal Krylov space methods 
          F. Furche, B. T. Krull, B. D. Nguyen, and J. Kwon, 
          J. Chem. Phys. 144 (2016), 174105.

          two-component GW quasi particle energies 
          M. Kuehn and F. Weigend, 
          J. Chem. Theory Comput. 11 (2015), 969.

          two-component TDDFT with spin-orbit coupling 
          M. Kuehn and F. Weigend, 
          J. Chem. Theory Comput. 9 (2013), 5341.
          M. Kuehn and F. Weigend, 
          J. Chem. Phys. 142 (2015), 034116.

          GW quasi particle energies
          M. J. van Setten, F. Weigend, and F. Evers,
          J. Chem. Theory Comput. 9 (2013), 232.

          Fast GW methods: RIGW, contour deformation
          J. Chem. Phys. 150, 204116 (2019)

          current-density dependent meta-GGA Linear Response
          J. E. Bates and F. Furche, 
          J. Chem. Phys. 137 (2012), 164105.

          spin-flip method 
          M. Kuehn and F. Weigend, 
          Chem. Phys. Chem. 12 (2011), 3331.

          RI-J method 
          R. Bauernschmitt, M. Haeser, O. Treutler, and R. Ahlrichs,
          Chem. Phys. Lett. 264 (1997), 573.

          density functional implementation               
          R. Bauernschmitt and R. Ahlrichs,
          Chem. Phys. Lett. 256 (1996), 454.
          R. Bauernschmitt and R. Ahlrichs,
          J. Chem. Phys. 104 (1996), 9047.

          UHF extension (RPA and CIS)
          C. Ochsenfeld, J. Gauss, and R. Ahlrichs, 
          J. Chem. Phys. 103 (1995), 7401.

          integral direct algorithm                 
          H. Weiss, R. Ahlrichs, and M. Haeser, 
          J. Chem. Phys. 99 (1993), 1262.

          Seminumerical and pseudospectral algorithms
          C. Holzer, in preparation (2020)

          Two-component static/dynamic polarizabilities,
          and relativistic damped-response approach,
          polarizabilities and damped response at GW-BSE level
          M. Kehry, Y. J. Franzke, C. Holzer, and W. Klopper,
          Mol. Phys. (2020)
                                     




              +--------------------------------------------------+
              | Atomic coordinate, charge and isotop information |
              +--------------------------------------------------+

                    atomic coordinates            atom    charge  isotop
          2.51988525   -1.36383698    0.00000000    c      6.000     0
          4.57172489   -2.70142524    0.00000000    n      7.000     0
          6.87887689   -1.46784669    0.00000000    c      6.000     0
          6.85196735    1.21173391    0.00000000    n      7.000     0
          4.79190363    2.81261897    0.00000000    c      6.000     0
          2.33542815    1.39535306    0.00000000    c      6.000     0
          0.24198201   -2.58711792    0.00000000    n      7.000     0
         -2.05105146   -1.36512531    0.00000000    c      6.000     0
         -2.00997242    1.31100969    0.00000000    c      6.000     0
          0.22685291    2.62521441    0.00000000    n      7.000     0
         -4.35206496   -2.66514185    0.00000000    c      6.000     0
         -6.58317512   -1.30416868    0.00000000    c      6.000     0
         -6.57339905    1.34838343    0.00000000    c      6.000     0
         -4.30974553    2.63989367    0.00000000    c      6.000     0
          8.88926322   -2.55529255    0.00000000    o      8.000     0
          4.97576721    5.09132224    0.00000000    o      8.000     0
         -8.34350774    2.37249727    0.00000000    h      1.000     0
          0.32589331   -4.50053924    0.00000000    h      1.000     0
         -8.36596627   -2.30989253    0.00000000    h      1.000     0
         -4.37232833   -4.71293962    0.00000000    h      1.000     0
         -4.22485097    4.68341549    0.00000000    h      1.000     0
          8.57651704    2.04188445    0.00000000    h      1.000     0
 
       center of nuclear mass  :    1.21170145    0.15830535    0.00000000
       center of nuclear charge:    1.10585275    0.14316669    0.00000000

              +--------------------------------------------------+
              |               basis set information              |
              +--------------------------------------------------+

              we will work with the 1s 3p 5d 7f 9g ... basis set
              ...i.e. with spherical basis functions...

   type   atoms  prim   cont   basis
   ---------------------------------------------------------------------------
    c       10     46     31   def2-TZVP   [5s3p2d1f|11s6p2d1f]
    n        4     46     31   def2-TZVP   [5s3p2d1f|11s6p2d1f]
    o        2     46     31   def2-TZVP   [5s3p2d1f|11s6p2d1f]
    h        6      8      6   def2-TZVP   [3s1p|5s1p]
   ---------------------------------------------------------------------------
   total:   22    784    532
   ---------------------------------------------------------------------------

   total number of primitive shells          :   66
   total number of contracted shells         :  200
   total number of cartesian basis functions :  612
   total number of SCF-basis functions       :  532


 residuum convergence criterium   :  0.10E-04


 integral neglect threshold       :  0.54E-11
 integral storage threshold THIZE :  0.10E-04
 integral storage threshold THIME :         5

 CI SINGLES TRIPLET-CALCULATION (TAMM-DANCOFF-APPROXIMATION)
 
             FOUND DFT-FLAG !
 

 symmetry group of the molecule :   cs

 the group has the following generators :
   c1(z)
   mirror plane sigma(xy)

    2 symmetry operations found

 there are 2 real representations :   a'   a"  

 maximum number of shells which are related by symmetry :  1

 IRREPs of excited states :   a'   a"  

    mo occupation :
   irrep   mo's   occupied
    a'     366       46
    a"     166        9
 
 number of basis functions   :   532
 number of occupied orbitals :    55
 
  
           ------------------
           density functional
           ------------------
 PBE0 hybrid functional
 exchange:    3/4 (LDA+PBE) + 1/4 HF
 correlation: LDA (PW) + PBE

 spherical integration : Lebedev's spherical grid
 spherical gridsize    :                     6
    i.e. gridpoints    :                   974
 value for diffuse not defined
 radial integration    : Chebyshev 2nd kind (scaling 3)
 radial gridsize       :                    10
 integration cells     :                    22
 partition function    : becke
 partition sharpness   :                     3
  

 biggest AO integral is expected to be     7.998976882
  MOs are in ASCII format !


 reading orbital data $scfmo  from file mos
 orbital characterization : scfconv=8
 preparing DFT   numerical integration ....
          Overall gridpoints after grid construction =        380277

 Calculating ground state density on molecular grid

 Integral of ground state density: N =   109.9999998730278    


 all orbitals will be included in the transformation

 number of non-frozen orbitals          :   532
 number of non-frozen occupied orbitals :    55



 dimension of super-tensorspace: 1

          IRREP   tensor space dimension   number of roots

           a'            16133                  10
           a"            10102                  10

 maximum number of Davidson iterations set to   35


 machine precision: 2.22D-16


 logfile cist_a'   will be constructed

 logfile cist_a"   will be constructed


                       Nonorthonormal Krylov Space Iteration


 total number of roots to be determined: 20


 maximum core memory set to          406 MB,
 corresponding to      140 vectors in CAO basis


 maximum number of simultaneously treated vectors (including degeneracy):       36


 Iteration IRREP Converged      Max. Euclidean
                 roots          residual norm

    1       a'       0        4.886723169019869D-02
            a"       0        5.094210837362140D-02
 
    2       a'       0        1.564439770142835D-02
            a"       0        1.512309060573182D-02
 
    3       a'       0        5.730974759381479D-03
            a"       0        5.569852520473670D-03
 
    4       a'       0        1.465105302168288D-03
            a"       0        1.072470023835750D-03
 
    5       a'       2        2.135031756296875D-04
            a"       3        1.845041261069734D-04
 
    6       a'       8        2.763767506492669D-05
            a"       7        3.311121870473649D-05
 
    7       a'      10        8.504300996660175D-06
            a"      10        9.954946996179211D-06
 

 converged!

 Eigenpairs written on logfile cist_a'  

 Eigenpairs written on logfile cist_a"  



 IRREP   Vector     Eigenvalue           Euclidean residual norm

  a'        1    8.395329067670658D-02    6.010930403538118D-06
            2    1.147961208244310D-01    8.504300996660175D-06
            3    1.305474833865189D-01    2.575156831014717D-06
            4    1.410930303424393D-01    2.024344433961074D-06
            5    1.582141522566858D-01    1.656751653746327D-06
            6    1.732277941134774D-01    3.930082406180396D-06
            7    1.784448301191811D-01    3.007365819883863D-06
            8    1.857073921976409D-01    2.515669011268901D-06
            9    1.949111206292395D-01    3.044844096702272D-06
           10    2.026403152600732D-01    3.810832276349997D-06

  a"        1    1.021505679892064D-01    6.060824248013815D-06
            2    1.150304839536157D-01    4.448898394987515D-06
            3    1.408936927390690D-01    9.954946996179211D-06
            4    1.617563980499721D-01    1.508497407393589D-06
            5    1.885691306630181D-01    2.163782493036595D-06
            6    1.892259272824599D-01    3.214437844053575D-06
            7    2.104126033138383D-01    2.531563858072130D-06
            8    2.167070387489920D-01    4.728916341758228D-06
            9    2.256453285070023D-01    2.074342008082363D-06
           10    2.290130577453090D-01    6.313513923612991D-06
 




                    Selection rules for point group cs  


 Subduction with respect to cs  :

    Polar vector representation: a', a"                      

    Axial vector representation: a', a"                      

    Symmetric second rank tensor representation: a', a"                      




                            Ground state


 Total energy:                           -753.6147163025000    

 Charge:

               elec          nuc         total

          -110.000000   110.000000    -0.000000


 Electric dipole moment:

               elec          nuc         total   

    x     -124.642218   121.643803    -2.998415    Norm:              3.095336
    y      -16.516850    15.748335    -0.768515
    z        0.000000     0.000000     0.000000    Norm / debye:      7.867619


 Electric quadrupole moment:

               elec          nuc         total   

   xx    -2915.148857  2842.537747   -72.611110
   yy     -778.416458   705.874548   -72.541910    1/3*trace:       -70.810083
   zz      -67.277228     0.000000   -67.277228
   xy      -22.146097    28.665566     6.519469
   xz        0.000000     0.000000     0.000000    Anisotropy:       12.473829
   yz        0.000000     0.000000     0.000000



 ==============================================================================

                              I R R E P   a'  

 ==============================================================================


 Excitation is electric dipole allowed

 Excitation is magnetic dipole allowed

 Excitation is electric quadrupole allowed




                         1 triplet a' excitation


 Total energy:                           -753.5307630118233    

 Excitation energy:                      0.8395329067670658E-01

 Excitation energy / eV:                  2.284486252379030    

 Excitation energy / nm:                  542.7226531888865    

 Excitation energy / cm^(-1):             18425.61746731993    


 Oscillator strength:

    velocity representation:              1.021665049315396    

    length representation:               0.6599383802266080    

    mixed representation:                0.8205290105594617    


 Rotatory strength:

    velocity representation:              0.000000000000000    

    velocity rep. / 10^(-40)erg*cm^3:     0.000000000000000    

    length representation:                0.000000000000000    

    length rep. / 10^(-40)erg*cm^3:       0.000000000000000    


 Dominant contributions:

      occ. orbital   energy / eV   virt. orbital     energy / eV   |coeff.|^2*100
        9 a"             -7.15          10 a"             -3.28       94.7
 

 S^2 expectation value:                     2.00000000


 Change of electron number:

            -0.000000


 Electric transition dipole moment (velocity rep.):

    x        4.256343        Norm:                  4.272490
    y        0.371099
    z        0.000000        Norm / debye:         10.859668


 Electric transition dipole moment (length rep.):

    x        3.407091        Norm:                  3.433827
    y        0.427666
    z        0.000000        Norm / debye:          8.727985


 Magnetic transition dipole moment / i:

    x        0.000000        Norm:                  0.002937
    y        0.000000
    z       -0.002937        Norm / Bohr mag.:      0.804922


 Electric quadrupole transition moment:

   xx        6.183515
   yy        1.725319        1/3*trace:             2.613619
   zz       -0.067975
   xy       -3.364473
   xz        0.000000        Anisotropy:            8.065067
   yz        0.000000




                         2 triplet a' excitation


 Total energy:                           -753.4999201816756    

 Excitation energy:                      0.1147961208244310    

 Excitation energy / eV:                  3.123762722532780    

 Excitation energy / nm:                  396.9067276209141    

 Excitation energy / cm^(-1):             25194.83622373458    


 Oscillator strength:

    velocity representation:             0.2320479228015553    

    length representation:               0.1586032414040879    

    mixed representation:                0.1917715550542413    


 Rotatory strength:

    velocity representation:              0.000000000000000    

    velocity rep. / 10^(-40)erg*cm^3:     0.000000000000000    

    length representation:                0.000000000000000    

    length rep. / 10^(-40)erg*cm^3:       0.000000000000000    


 Dominant contributions:

      occ. orbital   energy / eV   virt. orbital     energy / eV   |coeff.|^2*100
        8 a"             -8.13          10 a"             -3.28       83.7
        8 a"             -8.13          12 a"             -0.98        4.1
        9 a"             -7.15          11 a"             -1.46        2.9
 

 S^2 expectation value:                     2.00000000


 Change of electron number:

             0.000000


 Electric transition dipole moment (velocity rep.):

    x        1.403931        Norm:                  1.741289
    y       -1.030081
    z        0.000000        Norm / debye:          4.425949


 Electric transition dipole moment (length rep.):

    x        1.183413        Norm:                  1.439587
    y       -0.819723
    z        0.000000        Norm / debye:          3.659094


 Magnetic transition dipole moment / i:

    x        0.000000        Norm:                  0.001758
    y        0.000000
    z        0.001758        Norm / Bohr mag.:      0.481685


 Electric quadrupole transition moment:

   xx       -6.095432
   yy        0.347147        1/3*trace:            -1.910723
   zz        0.016115
   xy        6.008450
   xz        0.000000        Anisotropy:           12.156814
   yz        0.000000




                         3 triplet a' excitation


 Total energy:                           -753.4841688191135    

 Excitation energy:                      0.1305474833865189    

 Excitation energy / eV:                  3.552379289427060    

 Excitation energy / nm:                  349.0174722487613    

 Excitation energy / cm^(-1):             28651.86070507063    


 Oscillator strength:

    velocity representation:             0.7580437495254146    

    length representation:               0.5043552066042488    

    mixed representation:                0.6180947725618209    


 Rotatory strength:

    velocity representation:              0.000000000000000    

    velocity rep. / 10^(-40)erg*cm^3:     0.000000000000000    

    length representation:                0.000000000000000    

    length rep. / 10^(-40)erg*cm^3:       0.000000000000000    


 Dominant contributions:

      occ. orbital   energy / eV   virt. orbital     energy / eV   |coeff.|^2*100
        7 a"             -8.28          10 a"             -3.28       86.4
        8 a"             -8.13          10 a"             -3.28        3.6
        7 a"             -8.28          13 a"              0.14        3.2
 

 S^2 expectation value:                     2.00000000


 Change of electron number:

            -0.000000


 Electric transition dipole moment (velocity rep.):

    x        1.850484        Norm:                  2.951267
    y       -2.299062
    z        0.000000        Norm / debye:          7.501429


 Electric transition dipole moment (length rep.):

    x        1.559796        Norm:                  2.407297
    y       -1.833607
    z        0.000000        Norm / debye:          6.118784


 Magnetic transition dipole moment / i:

    x        0.000000        Norm:                  0.003764
    y        0.000000
    z       -0.003764        Norm / Bohr mag.:      1.031638


 Electric quadrupole transition moment:

   xx       13.327196
   yy       -5.651025        1/3*trace:             2.529139
   zz       -0.088755
   xy       -8.689805
   xz        0.000000        Anisotropy:           22.629358
   yz        0.000000




                         4 triplet a' excitation


 Total energy:                           -753.4736232721576    

 Excitation energy:                      0.1410930303424393    

 Excitation energy / eV:                  3.839338345473947    

 Excitation energy / nm:                  322.9312783871438    

 Excitation energy / cm^(-1):             30966.34072875077    


 Oscillator strength:

    velocity representation:             0.9227351333691924    

    length representation:               0.7107241135489368    

    mixed representation:                0.8097629631809474    


 Rotatory strength:

    velocity representation:              0.000000000000000    

    velocity rep. / 10^(-40)erg*cm^3:     0.000000000000000    

    length representation:                0.000000000000000    

    length rep. / 10^(-40)erg*cm^3:       0.000000000000000    


 Dominant contributions:

      occ. orbital   energy / eV   virt. orbital     energy / eV   |coeff.|^2*100
        9 a"             -7.15          11 a"             -1.46       77.8
        6 a"             -9.34          10 a"             -3.28        9.0
        7 a"             -8.28          10 a"             -3.28        4.0
 

 S^2 expectation value:                     2.00000000


 Change of electron number:

             0.000000


 Electric transition dipole moment (velocity rep.):

    x        2.552952        Norm:                  3.132069
    y       -1.814469
    z        0.000000        Norm / debye:          7.960987


 Electric transition dipole moment (length rep.):

    x        2.221319        Norm:                  2.748801
    y       -1.619152
    z        0.000000        Norm / debye:          6.986809


 Magnetic transition dipole moment / i:

    x        0.000000        Norm:                  0.004133
    y        0.000000
    z        0.004133        Norm / Bohr mag.:      1.132734


 Electric quadrupole transition moment:

   xx        4.089389
   yy        1.733532        1/3*trace:             1.877752
   zz       -0.189664
   xy       -0.006906
   xz        0.000000        Anisotropy:            3.712096
   yz        0.000000




                         5 triplet a' excitation


 Total energy:                           -753.4565021502433    

 Excitation energy:                      0.1582141522566858    

 Excitation energy / eV:                  4.305227976757376    

 Excitation energy / nm:                  287.9853161686717    

 Excitation energy / cm^(-1):             34723.99263804968    


 Oscillator strength:

    velocity representation:             0.5817379984669407    

    length representation:               0.5061585692037464    

    mixed representation:                0.5419503144845664    


 Rotatory strength:

    velocity representation:              0.000000000000000    

    velocity rep. / 10^(-40)erg*cm^3:     0.000000000000000    

    length representation:                0.000000000000000    

    length rep. / 10^(-40)erg*cm^3:       0.000000000000000    


 Dominant contributions:

      occ. orbital   energy / eV   virt. orbital     energy / eV   |coeff.|^2*100
        9 a"             -7.15          12 a"             -0.98       42.7
        6 a"             -9.34          10 a"             -3.28       31.4
        8 a"             -8.13          11 a"             -1.46        8.4
        8 a"             -8.13          12 a"             -0.98        6.8
        9 a"             -7.15          11 a"             -1.46        2.6
 

 S^2 expectation value:                     2.00000000


 Change of electron number:

            -0.000000


 Electric transition dipole moment (velocity rep.):

    x       -1.987213        Norm:                  2.348479
    y       -1.251534
    z        0.000000        Norm / debye:          5.969283


 Electric transition dipole moment (length rep.):

    x       -1.909883        Norm:                  2.190616
    y       -1.072915
    z        0.000000        Norm / debye:          5.568033


 Magnetic transition dipole moment / i:

    x        0.000000        Norm:                  0.002971
    y        0.000000
    z        0.002971        Norm / Bohr mag.:      0.814383


 Electric quadrupole transition moment:

   xx       23.045991
   yy        0.360780        1/3*trace:             7.856789
   zz        0.163597
   xy        1.644842
   xz        0.000000        Anisotropy:           22.961866
   yz        0.000000




                         6 triplet a' excitation


 Total energy:                           -753.4414885083866    

 Excitation energy:                      0.1732277941134774    

 Excitation energy / eV:                  4.713770133277027    

 Excitation energy / nm:                  263.0256472015832    

 Excitation energy / cm^(-1):             38019.10614003109    


 Oscillator strength:

    velocity representation:             0.6517407942265371E-01

    length representation:               0.6956647317798527E-01

    mixed representation:                0.6684880948264287E-01


 Rotatory strength:

    velocity representation:              0.000000000000000    

    velocity rep. / 10^(-40)erg*cm^3:     0.000000000000000    

    length representation:                0.000000000000000    

    length rep. / 10^(-40)erg*cm^3:       0.000000000000000    


 Dominant contributions:

      occ. orbital   energy / eV   virt. orbital     energy / eV   |coeff.|^2*100
        6 a"             -9.34          10 a"             -3.28       38.5
        8 a"             -8.13          12 a"             -0.98       23.5
        5 a"            -10.79          10 a"             -3.28       11.6
        9 a"             -7.15          12 a"             -0.98        8.0
        9 a"             -7.15          11 a"             -1.46        7.9
        8 a"             -8.13          11 a"             -1.46        2.4
 

 S^2 expectation value:                     2.00000000


 Change of electron number:

            -0.000000


 Electric transition dipole moment (velocity rep.):

    x       -0.428119        Norm:                  0.751232
    y        0.617304
    z        0.000000        Norm / debye:          1.909457


 Electric transition dipole moment (length rep.):

    x       -0.515581        Norm:                  0.776134
    y        0.580138
    z        0.000000        Norm / debye:          1.972751


 Magnetic transition dipole moment / i:

    x        0.000000        Norm:                  0.005099
    y        0.000000
    z       -0.005099        Norm / Bohr mag.:      1.397617


 Electric quadrupole transition moment:

   xx        8.410083
   yy        0.169715        1/3*trace:             2.859312
   zz       -0.001863
   xy       -2.811335
   xz        0.000000        Anisotropy:            9.646646
   yz        0.000000




                         7 triplet a' excitation


 Total energy:                           -753.4362714723809    

 Excitation energy:                      0.1784448301191811    

 Excitation energy / eV:                  4.855732966861384    

 Excitation energy / nm:                  255.3357955485110    

 Excitation energy / cm^(-1):             39164.11319073150    


 Oscillator strength:

    velocity representation:             0.4409983645305063E-01

    length representation:               0.3213031172747453E-01

    mixed representation:                0.3764226769843425E-01


 Rotatory strength:

    velocity representation:              0.000000000000000    

    velocity rep. / 10^(-40)erg*cm^3:     0.000000000000000    

    length representation:                0.000000000000000    

    length rep. / 10^(-40)erg*cm^3:       0.000000000000000    


 Dominant contributions:

      occ. orbital   energy / eV   virt. orbital     energy / eV   |coeff.|^2*100
        9 a"             -7.15          12 a"             -0.98       36.4
        8 a"             -8.13          12 a"             -0.98       27.7
        6 a"             -9.34          10 a"             -3.28       14.2
        5 a"            -10.79          10 a"             -3.28       11.9
 

 S^2 expectation value:                     2.00000000


 Change of electron number:

            -0.000000


 Electric transition dipole moment (velocity rep.):

    x        0.267651        Norm:                  0.608853
    y       -0.546868
    z        0.000000        Norm / debye:          1.547561


 Electric transition dipole moment (length rep.):

    x        0.228884        Norm:                  0.519698
    y       -0.466581
    z        0.000000        Norm / debye:          1.320951


 Magnetic transition dipole moment / i:

    x        0.000000        Norm:                  0.001996
    y        0.000000
    z        0.001996        Norm / Bohr mag.:      0.546932


 Electric quadrupole transition moment:

   xx       -6.887807
   yy       -0.226344        1/3*trace:            -2.441842
   zz       -0.211375
   xy       -0.543203
   xz        0.000000        Anisotropy:            6.735001
   yz        0.000000




                         8 triplet a' excitation


 Total energy:                           -753.4290089103024    

 Excitation energy:                      0.1857073921976409    

 Excitation energy / eV:                  5.053357420787574    

 Excitation energy / nm:                  245.3502368473774    

 Excitation energy / cm^(-1):             40758.06132083730    


 Oscillator strength:

    velocity representation:             0.3038177434723265    

    length representation:               0.2710650542160192    

    mixed representation:                0.2869723662801197    


 Rotatory strength:

    velocity representation:              0.000000000000000    

    velocity rep. / 10^(-40)erg*cm^3:     0.000000000000000    

    length representation:                0.000000000000000    

    length rep. / 10^(-40)erg*cm^3:       0.000000000000000    


 Dominant contributions:

      occ. orbital   energy / eV   virt. orbital     energy / eV   |coeff.|^2*100
        8 a"             -8.13          11 a"             -1.46       79.4
        9 a"             -7.15          12 a"             -0.98        6.5
        5 a"            -10.79          10 a"             -3.28        6.1
 

 S^2 expectation value:                     2.00000000


 Change of electron number:

            -0.000000


 Electric transition dipole moment (velocity rep.):

    x        1.221144        Norm:                  1.566526
    y        0.981229
    z        0.000000        Norm / debye:          3.981742


 Electric transition dipole moment (length rep.):

    x        1.149849        Norm:                  1.479680
    y        0.931290
    z        0.000000        Norm / debye:          3.761000


 Magnetic transition dipole moment / i:

    x        0.000000        Norm:                  0.000811
    y        0.000000
    z       -0.000811        Norm / Bohr mag.:      0.222392


 Electric quadrupole transition moment:

   xx      -10.815484
   yy       -0.228294        1/3*trace:            -3.701472
   zz       -0.060637
   xy       -2.087453
   xz        0.000000        Anisotropy:           11.267835
   yz        0.000000




                         9 triplet a' excitation


 Total energy:                           -753.4198051818707    

 Excitation energy:                      0.1949111206292395    

 Excitation energy / eV:                  5.303803721380897    

 Excitation energy / nm:                  233.7647667968147    

 Excitation energy / cm^(-1):             42778.04621942550    


 Oscillator strength:

    velocity representation:             0.9226866695191148E-01

    length representation:               0.6460542922737973E-01

    mixed representation:                0.7702459317521966E-01


 Rotatory strength:

    velocity representation:              0.000000000000000    

    velocity rep. / 10^(-40)erg*cm^3:     0.000000000000000    

    length representation:                0.000000000000000    

    length rep. / 10^(-40)erg*cm^3:       0.000000000000000    


 Dominant contributions:

      occ. orbital   energy / eV   virt. orbital     energy / eV   |coeff.|^2*100
        7 a"             -8.28          11 a"             -1.46       55.6
        7 a"             -8.28          13 a"              0.14        9.6
        9 a"             -7.15          13 a"              0.14        7.9
        9 a"             -7.15          14 a"              0.85        4.1
        4 a"            -11.24          10 a"             -3.28        3.6
        8 a"             -8.13          12 a"             -0.98        2.6
        7 a"             -8.28          14 a"              0.85        2.5
        3 a"            -11.99          10 a"             -3.28        2.1
        8 a"             -8.13          14 a"              0.85        1.3
        7 a"             -8.28          12 a"             -0.98        1.2
 

 S^2 expectation value:                     2.00000000


 Change of electron number:

            -0.000000


 Electric transition dipole moment (velocity rep.):

    x        0.817428        Norm:                  0.842664
    y        0.204680
    z        0.000000        Norm / debye:          2.141854


 Electric transition dipole moment (length rep.):

    x        0.694172        Norm:                  0.705118
    y        0.123761
    z        0.000000        Norm / debye:          1.792245


 Magnetic transition dipole moment / i:

    x        0.000000        Norm:                  0.002528
    y        0.000000
    z        0.002528        Norm / Bohr mag.:      0.692886


 Electric quadrupole transition moment:

   xx        3.363552
   yy        5.974231        1/3*trace:             3.030266
   zz       -0.246985
   xy        0.149322
   xz        0.000000        Anisotropy:            5.417053
   yz        0.000000




                        10 triplet a' excitation


 Total energy:                           -753.4120759872400    

 Excitation energy:                      0.2026403152600732    

 Excitation energy / eV:                  5.514125898555548    

 Excitation energy / nm:                  224.8484098612014    

 Excitation energy / cm^(-1):             44474.40835663614    


 Oscillator strength:

    velocity representation:             0.1935020177455676    

    length representation:               0.1763861388622093    

    mixed representation:                0.1845262691715881    


 Rotatory strength:

    velocity representation:              0.000000000000000    

    velocity rep. / 10^(-40)erg*cm^3:     0.000000000000000    

    length representation:                0.000000000000000    

    length rep. / 10^(-40)erg*cm^3:       0.000000000000000    


 Dominant contributions:

      occ. orbital   energy / eV   virt. orbital     energy / eV   |coeff.|^2*100
        8 a"             -8.13          12 a"             -0.98       23.6
        9 a"             -7.15          13 a"              0.14       20.9
        6 a"             -9.34          11 a"             -1.46       17.4
        5 a"            -10.79          10 a"             -3.28       15.4
        7 a"             -8.28          11 a"             -1.46        5.8
        9 a"             -7.15          14 a"              0.85        4.3
        8 a"             -8.13          10 a"             -3.28        2.0
        8 a"             -8.13          11 a"             -1.46        1.7
 

 S^2 expectation value:                     2.00000000


 Change of electron number:

             0.000000


 Electric transition dipole moment (velocity rep.):

    x       -0.028482        Norm:                  1.196811
    y        1.196472
    z        0.000000        Norm / debye:          3.042012


 Electric transition dipole moment (length rep.):

    x       -0.082854        Norm:                  1.142654
    y        1.139647
    z        0.000000        Norm / debye:          2.904360


 Magnetic transition dipole moment / i:

    x        0.000000        Norm:                  0.005252
    y        0.000000
    z       -0.005252        Norm / Bohr mag.:      1.439485


 Electric quadrupole transition moment:

   xx        9.137842
   yy        0.442193        1/3*trace:             3.174089
   zz       -0.057769
   xy      -13.161464
   xz        0.000000        Anisotropy:           24.492533
   yz        0.000000



 ==============================================================================

                              I R R E P   a"  

 ==============================================================================


 Excitation is electric dipole allowed

 Excitation is magnetic dipole allowed

 Excitation is electric quadrupole allowed




                         1 triplet a" excitation


 Total energy:                           -753.5125657345109    

 Excitation energy:                      0.1021505679892064    

 Excitation energy / eV:                  2.779659574544816    

 Excitation energy / nm:                  446.0411092850153    

 Excitation energy / cm^(-1):             22419.45818522632    


 Oscillator strength:

    velocity representation:             0.1564439124611847E-01

    length representation:               0.4708737562279503E-02

    mixed representation:                0.8582851082221727E-02


 Rotatory strength:

    velocity representation:              0.000000000000000    

    velocity rep. / 10^(-40)erg*cm^3:     0.000000000000000    

    length representation:                0.000000000000000    

    length rep. / 10^(-40)erg*cm^3:       0.000000000000000    


 Dominant contributions:

      occ. orbital   energy / eV   virt. orbital     energy / eV   |coeff.|^2*100
       45 a'             -8.07          10 a"             -3.28       67.8
       46 a'             -7.77          10 a"             -3.28       20.6
       43 a'             -9.50          10 a"             -3.28        6.3
 

 S^2 expectation value:                     2.00000000


 Change of electron number:

             0.000000


 Electric transition dipole moment (velocity rep.):

    x        0.000000        Norm:                  0.479297
    y        0.000000
    z        0.479297        Norm / debye:          1.218260


 Electric transition dipole moment (length rep.):

    x        0.000000        Norm:                  0.262953
    y        0.000000
    z        0.262953        Norm / debye:          0.668364


 Magnetic transition dipole moment / i:

    x        0.001931        Norm:                  0.001962
    y        0.000345
    z        0.000000        Norm / Bohr mag.:      0.537748


 Electric quadrupole transition moment:

   xx        0.000000
   yy        0.000000        1/3*trace:             0.000000
   zz        0.000000
   xy        0.000000
   xz        0.288153        Anisotropy:            1.378647
   yz        0.741972




                         2 triplet a" excitation


 Total energy:                           -753.4996858185464    

 Excitation energy:                      0.1150304839536157    

 Excitation energy / eV:                  3.130140070488666    

 Excitation energy / nm:                  396.0980697809870    

 Excitation energy / cm^(-1):             25246.27298496209    


 Oscillator strength:

    velocity representation:             0.3669351853378095E-06

    length representation:               0.2158806291121426E-05

    mixed representation:                0.8900235876318501E-06


 Rotatory strength:

    velocity representation:              0.000000000000000    

    velocity rep. / 10^(-40)erg*cm^3:     0.000000000000000    

    length representation:                0.000000000000000    

    length rep. / 10^(-40)erg*cm^3:       0.000000000000000    


 Dominant contributions:

      occ. orbital   energy / eV   virt. orbital     energy / eV   |coeff.|^2*100
       46 a'             -7.77          10 a"             -3.28       68.2
       45 a'             -8.07          10 a"             -3.28       15.3
       44 a'             -8.58          10 a"             -3.28        9.1
 

 S^2 expectation value:                     2.00000000


 Change of electron number:

             0.000000


 Electric transition dipole moment (velocity rep.):

    x        0.000000        Norm:                  0.002187
    y        0.000000
    z        0.002187        Norm / debye:          0.005560


 Electric transition dipole moment (length rep.):

    x        0.000000        Norm:                  0.005306
    y        0.000000
    z       -0.005306        Norm / debye:          0.013486


 Magnetic transition dipole moment / i:

    x       -0.000957        Norm:                  0.001590
    y        0.001269
    z        0.000000        Norm / Bohr mag.:      0.435656


 Electric quadrupole transition moment:

   xx        0.000000
   yy        0.000000        1/3*trace:             0.000000
   zz        0.000000
   xy        0.000000
   xz        0.030377        Anisotropy:            0.270124
   yz       -0.152969




                         3 triplet a" excitation


 Total energy:                           -753.4738226097610    

 Excitation energy:                      0.1408936927390690    

 Excitation energy / eV:                  3.833914090977059    

 Excitation energy / nm:                  323.3881643260071    

 Excitation energy / cm^(-1):             30922.59118186645    


 Oscillator strength:

    velocity representation:             0.1577933420359808E-03

    length representation:               0.5098568332929849E-04

    mixed representation:                0.8969504651048573E-04


 Rotatory strength:

    velocity representation:              0.000000000000000    

    velocity rep. / 10^(-40)erg*cm^3:     0.000000000000000    

    length representation:                0.000000000000000    

    length rep. / 10^(-40)erg*cm^3:       0.000000000000000    


 Dominant contributions:

      occ. orbital   energy / eV   virt. orbital     energy / eV   |coeff.|^2*100
       44 a'             -8.58          10 a"             -3.28       74.4
       45 a'             -8.07          10 a"             -3.28        6.3
       46 a'             -7.77          11 a"             -1.46        5.2
       46 a'             -7.77          10 a"             -3.28        4.9
 

 S^2 expectation value:                     2.00000000


 Change of electron number:

             0.000000


 Electric transition dipole moment (velocity rep.):

    x        0.000000        Norm:                  0.040987
    y        0.000000
    z       -0.040987        Norm / debye:          0.104179


 Electric transition dipole moment (length rep.):

    x        0.000000        Norm:                  0.023298
    y        0.000000
    z       -0.023298        Norm / debye:          0.059219


 Magnetic transition dipole moment / i:

    x        0.000942        Norm:                  0.000999
    y        0.000335
    z        0.000000        Norm / Bohr mag.:      0.273932


 Electric quadrupole transition moment:

   xx        0.000000
   yy        0.000000        1/3*trace:             0.000000
   zz        0.000000
   xy        0.000000
   xz        0.084395        Anisotropy:            0.195207
   yz        0.074696




                         4 triplet a" excitation


 Total energy:                           -753.4529599044500    

 Excitation energy:                      0.1617563980499721    

 Excitation energy / eV:                  4.401617430370006    

 Excitation energy / nm:                  281.6788282212115    

 Excitation energy / cm^(-1):             35501.42572537983    


 Oscillator strength:

    velocity representation:             0.1272332457236885E-02

    length representation:               0.3604708156385140E-03

    mixed representation:                0.6772287048136209E-03


 Rotatory strength:

    velocity representation:              0.000000000000000    

    velocity rep. / 10^(-40)erg*cm^3:     0.000000000000000    

    length representation:                0.000000000000000    

    length rep. / 10^(-40)erg*cm^3:       0.000000000000000    


 Dominant contributions:

      occ. orbital   energy / eV   virt. orbital     energy / eV   |coeff.|^2*100
       43 a'             -9.50          10 a"             -3.28       77.0
       45 a'             -8.07          11 a"             -1.46        6.0
       45 a'             -8.07          10 a"             -3.28        5.2
       44 a'             -8.58          10 a"             -3.28        3.1
 

 S^2 expectation value:                     2.00000000


 Change of electron number:

             0.000000


 Electric transition dipole moment (velocity rep.):

    x        0.000000        Norm:                  0.108621
    y        0.000000
    z       -0.108621        Norm / debye:          0.276090


 Electric transition dipole moment (length rep.):

    x        0.000000        Norm:                  0.057816
    y        0.000000
    z       -0.057816        Norm / debye:          0.146955


 Magnetic transition dipole moment / i:

    x       -0.003635        Norm:                  0.003636
    y       -0.000096
    z        0.000000        Norm / Bohr mag.:      0.996645


 Electric quadrupole transition moment:

   xx        0.000000
   yy        0.000000        1/3*trace:             0.000000
   zz        0.000000
   xy        0.000000
   xz        0.336023        Anisotropy:            2.160401
   yz       -1.201194




                         5 triplet a" excitation


 Total energy:                           -753.4261471718370    

 Excitation energy:                      0.1885691306630181    

 Excitation energy / eV:                  5.131229319903880    

 Excitation energy / nm:                  241.6267842981355    

 Excitation energy / cm^(-1):             41386.14031368594    


 Oscillator strength:

    velocity representation:             0.1857543388607808E-02

    length representation:               0.9946450668625675E-03

    mixed representation:                0.1359263170972396E-02


 Rotatory strength:

    velocity representation:              0.000000000000000    

    velocity rep. / 10^(-40)erg*cm^3:     0.000000000000000    

    length representation:                0.000000000000000    

    length rep. / 10^(-40)erg*cm^3:       0.000000000000000    


 Dominant contributions:

      occ. orbital   energy / eV   virt. orbital     energy / eV   |coeff.|^2*100
       45 a'             -8.07          11 a"             -1.46       62.3
       46 a'             -7.77          11 a"             -1.46       20.0
       43 a'             -9.50          10 a"             -3.28        5.1
       44 a'             -8.58          10 a"             -3.28        3.5
 

 S^2 expectation value:                     2.00000000


 Change of electron number:

             0.000000


 Electric transition dipole moment (velocity rep.):

    x        0.000000        Norm:                  0.121557
    y        0.000000
    z        0.121557        Norm / debye:          0.308969


 Electric transition dipole moment (length rep.):

    x        0.000000        Norm:                  0.088950
    y        0.000000
    z        0.088950        Norm / debye:          0.226089


 Magnetic transition dipole moment / i:

    x       -0.000386        Norm:                  0.000502
    y       -0.000321
    z        0.000000        Norm / Bohr mag.:      0.137543


 Electric quadrupole transition moment:

   xx        0.000000
   yy        0.000000        1/3*trace:             0.000000
   zz        0.000000
   xy        0.000000
   xz        0.066570        Anisotropy:            0.129547
   yz        0.034097




                         6 triplet a" excitation


 Total energy:                           -753.4254903752176    

 Excitation energy:                      0.1892259272824599    

 Excitation energy / eV:                  5.149101672918628    

 Excitation energy / nm:                  240.7881061245218    

 Excitation energy / cm^(-1):             41530.29050918295    


 Oscillator strength:

    velocity representation:             0.5969564346087453E-03

    length representation:               0.3955702271484221E-03

    mixed representation:                0.4859405235580725E-03


 Rotatory strength:

    velocity representation:              0.000000000000000    

    velocity rep. / 10^(-40)erg*cm^3:     0.000000000000000    

    length representation:                0.000000000000000    

    length rep. / 10^(-40)erg*cm^3:       0.000000000000000    


 Dominant contributions:

      occ. orbital   energy / eV   virt. orbital     energy / eV   |coeff.|^2*100
       46 a'             -7.77          11 a"             -1.46       59.1
       45 a'             -8.07          11 a"             -1.46       21.1
       44 a'             -8.58          10 a"             -3.28        4.8
       46 a'             -7.77          14 a"              0.85        3.7
       45 a'             -8.07          10 a"             -3.28        1.8
 

 S^2 expectation value:                     2.00000000


 Change of electron number:

             0.000000


 Electric transition dipole moment (velocity rep.):

    x        0.000000        Norm:                  0.068790
    y        0.000000
    z       -0.068790        Norm / debye:          0.174849


 Electric transition dipole moment (length rep.):

    x        0.000000        Norm:                  0.055997
    y        0.000000
    z       -0.055997        Norm / debye:          0.142332


 Magnetic transition dipole moment / i:

    x       -0.001164        Norm:                  0.001174
    y        0.000154
    z        0.000000        Norm / Bohr mag.:      0.321683


 Electric quadrupole transition moment:

   xx        0.000000
   yy        0.000000        1/3*trace:             0.000000
   zz        0.000000
   xy        0.000000
   xz       -0.089991        Anisotropy:            0.198144
   yz       -0.070630




                         7 triplet a" excitation


 Total energy:                           -753.4043036991862    

 Excitation energy:                      0.2104126033138383    

 Excitation energy / eV:                  5.725620707933910    

 Excitation energy / nm:                  216.5428873670677    

 Excitation energy / cm^(-1):             46180.22840693026    


 Oscillator strength:

    velocity representation:             0.6856983811430273E-02

    length representation:               0.3190036574796773E-02

    mixed representation:                0.4676967944218985E-02


 Rotatory strength:

    velocity representation:              0.000000000000000    

    velocity rep. / 10^(-40)erg*cm^3:     0.000000000000000    

    length representation:                0.000000000000000    

    length rep. / 10^(-40)erg*cm^3:       0.000000000000000    


 Dominant contributions:

      occ. orbital   energy / eV   virt. orbital     energy / eV   |coeff.|^2*100
       44 a'             -8.58          11 a"             -1.46       39.4
       46 a'             -7.77          13 a"              0.14       19.4
       46 a'             -7.77          12 a"             -0.98        9.9
       46 a'             -7.77          14 a"              0.85        9.8
       44 a'             -8.58          13 a"              0.14        8.5
       46 a'             -7.77          10 a"             -3.28        4.2
 

 S^2 expectation value:                     2.00000000


 Change of electron number:

             0.000000


 Electric transition dipole moment (velocity rep.):

    x        0.000000        Norm:                  0.221094
    y        0.000000
    z        0.221094        Norm / debye:          0.561968


 Electric transition dipole moment (length rep.):

    x        0.000000        Norm:                  0.150802
    y        0.000000
    z        0.150802        Norm / debye:          0.383304


 Magnetic transition dipole moment / i:

    x       -0.000724        Norm:                  0.002043
    y        0.001911
    z        0.000000        Norm / Bohr mag.:      0.559964


 Electric quadrupole transition moment:

   xx        0.000000
   yy        0.000000        1/3*trace:             0.000000
   zz        0.000000
   xy        0.000000
   xz        0.186068        Anisotropy:            0.322756
   yz       -0.010124




                         8 triplet a" excitation


 Total energy:                           -753.3980092637511    

 Excitation energy:                      0.2167070387489920    

 Excitation energy / eV:                  5.896901084226363    

 Excitation energy / nm:                  210.2532198447658    

 Excitation energy / cm^(-1):             47561.69729952561    


 Oscillator strength:

    velocity representation:             0.3643614981161319E-04

    length representation:               0.8972387898935119E-04

    mixed representation:                0.5717685455265140E-04


 Rotatory strength:

    velocity representation:              0.000000000000000    

    velocity rep. / 10^(-40)erg*cm^3:     0.000000000000000    

    length representation:                0.000000000000000    

    length rep. / 10^(-40)erg*cm^3:       0.000000000000000    


 Dominant contributions:

      occ. orbital   energy / eV   virt. orbital     energy / eV   |coeff.|^2*100
       45 a'             -8.07          12 a"             -0.98       68.6
       46 a'             -7.77          12 a"             -0.98       10.4
       44 a'             -8.58          11 a"             -1.46        5.8
       43 a'             -9.50          12 a"             -0.98        5.1
       45 a'             -8.07          11 a"             -1.46        2.1
 

 S^2 expectation value:                     2.00000000


 Change of electron number:

             0.000000


 Electric transition dipole moment (velocity rep.):

    x        0.000000        Norm:                  0.015881
    y        0.000000
    z       -0.015881        Norm / debye:          0.040366


 Electric transition dipole moment (length rep.):

    x        0.000000        Norm:                  0.024921
    y        0.000000
    z       -0.024921        Norm / debye:          0.063343


 Magnetic transition dipole moment / i:

    x       -0.001287        Norm:                  0.001287
    y       -0.000019
    z        0.000000        Norm / Bohr mag.:      0.352766


 Electric quadrupole transition moment:

   xx        0.000000
   yy        0.000000        1/3*trace:             0.000000
   zz        0.000000
   xy        0.000000
   xz        0.125808        Anisotropy:            0.766926
   yz       -0.424536




                         9 triplet a" excitation


 Total energy:                           -753.3890709739931    

 Excitation energy:                      0.2256453285070023    

 Excitation energy / eV:                  6.140124427913833    

 Excitation energy / nm:                  201.9246441372088    

 Excitation energy / cm^(-1):             49523.42514325451    


 Oscillator strength:

    velocity representation:             0.2103786167680746E-02

    length representation:               0.1011395672792646E-02

    mixed representation:                0.1458684416340056E-02


 Rotatory strength:

    velocity representation:              0.000000000000000    

    velocity rep. / 10^(-40)erg*cm^3:     0.000000000000000    

    length representation:                0.000000000000000    

    length rep. / 10^(-40)erg*cm^3:       0.000000000000000    


 Dominant contributions:

      occ. orbital   energy / eV   virt. orbital     energy / eV   |coeff.|^2*100
       46 a'             -7.77          12 a"             -0.98       53.9
       44 a'             -8.58          11 a"             -1.46       21.5
       45 a'             -8.07          12 a"             -0.98       10.0
       46 a'             -7.77          13 a"              0.14        4.4
       44 a'             -8.58          12 a"             -0.98        4.1
 

 S^2 expectation value:                     2.00000000


 Change of electron number:

             0.000000


 Electric transition dipole moment (velocity rep.):

    x        0.000000        Norm:                  0.118259
    y        0.000000
    z       -0.118259        Norm / debye:          0.300586


 Electric transition dipole moment (length rep.):

    x        0.000000        Norm:                  0.081996
    y        0.000000
    z       -0.081996        Norm / debye:          0.208415


 Magnetic transition dipole moment / i:

    x        0.000177        Norm:                  0.000839
    y        0.000820
    z        0.000000        Norm / Bohr mag.:      0.230011


 Electric quadrupole transition moment:

   xx        0.000000
   yy        0.000000        1/3*trace:             0.000000
   zz        0.000000
   xy        0.000000
   xz       -0.318011        Anisotropy:            0.558016
   yz        0.051604




                        10 triplet a" excitation


 Total energy:                           -753.3857032447547    

 Excitation energy:                      0.2290130577453090    

 Excitation energy / eV:                  6.231765042410689    

 Excitation energy / nm:                  198.9552609295847    

 Excitation energy / cm^(-1):             50262.55627412946    


 Oscillator strength:

    velocity representation:             0.6058655372890745E-03

    length representation:               0.3869607868437111E-03

    mixed representation:                0.4841964529309029E-03


 Rotatory strength:

    velocity representation:              0.000000000000000    

    velocity rep. / 10^(-40)erg*cm^3:     0.000000000000000    

    length representation:                0.000000000000000    

    length rep. / 10^(-40)erg*cm^3:       0.000000000000000    


 Dominant contributions:

      occ. orbital   energy / eV   virt. orbital     energy / eV   |coeff.|^2*100
       46 a'             -7.77          13 a"              0.14       33.2
       46 a'             -7.77          12 a"             -0.98       20.0
       44 a'             -8.58          11 a"             -1.46       11.8
       46 a'             -7.77          11 a"             -1.46        6.6
       45 a'             -8.07          13 a"              0.14        6.1
       43 a'             -9.50          11 a"             -1.46        4.8
       44 a'             -8.58          13 a"              0.14        3.9
       44 a'             -8.58          14 a"              0.85        2.8
       45 a'             -8.07          12 a"             -0.98        2.4
 

 S^2 expectation value:                     2.00000000


 Change of electron number:

             0.000000


 Electric transition dipole moment (velocity rep.):

    x        0.000000        Norm:                  0.062995
    y        0.000000
    z        0.062995        Norm / debye:          0.160118


 Electric transition dipole moment (length rep.):

    x        0.000000        Norm:                  0.050344
    y        0.000000
    z        0.050344        Norm / debye:          0.127963


 Magnetic transition dipole moment / i:

    x       -0.001300        Norm:                  0.002559
    y       -0.002205
    z        0.000000        Norm / Bohr mag.:      0.701457


 Electric quadrupole transition moment:

   xx        0.000000
   yy        0.000000        1/3*trace:             0.000000
   zz        0.000000
   xy        0.000000
   xz        0.452356        Anisotropy:            0.973597
   yz       -0.333673

 SUMMARY OF EXCITATION ENERGIES AND DIPOLE OSCILLATOR STRENGTHS (velocity/length):

 -----------------------------------------------------------------------------------------------
 |    Exc.   | energy (Eh) | energy (eV) | energy (cm-1) | energy (nm) | Osc.(vel) | Osc.(len) |
 -----------------------------------------------------------------------------------------------
 |     1 a'  |    0.083953 |     2.28449 |     18425.617 |     542.723 |   1.02167 |   0.65994 |
 |     2 a'  |    0.114796 |     3.12376 |     25194.836 |     396.907 |   0.23205 |   0.15860 |
 |     3 a'  |    0.130547 |     3.55238 |     28651.861 |     349.017 |   0.75804 |   0.50436 |
 |     4 a'  |    0.141093 |     3.83934 |     30966.341 |     322.931 |   0.92274 |   0.71072 |
 |     5 a'  |    0.158214 |     4.30523 |     34723.993 |     287.985 |   0.58174 |   0.50616 |
 |     6 a'  |    0.173228 |     4.71377 |     38019.106 |     263.026 |   0.06517 |   0.06957 |
 |     7 a'  |    0.178445 |     4.85573 |     39164.113 |     255.336 |   0.04410 |   0.03213 |
 |     8 a'  |    0.185707 |     5.05336 |     40758.061 |     245.350 |   0.30382 |   0.27107 |
 |     9 a'  |    0.194911 |     5.30380 |     42778.046 |     233.765 |   0.09227 |   0.06461 |
 |    10 a'  |    0.202640 |     5.51412 |     44474.408 |     224.848 |   0.19350 |   0.17639 |
 -----------------------------------------------------------------------------------------------


 -----------------------------------------------------------------------------------------------
 |    Exc.   | energy (Eh) | energy (eV) | energy (cm-1) | energy (nm) | Osc.(vel) | Osc.(len) |
 -----------------------------------------------------------------------------------------------
 |     1 a"  |    0.102151 |     2.77966 |     22419.458 |     446.041 |   0.01564 |   0.00471 |
 |     2 a"  |    0.115030 |     3.13014 |     25246.273 |     396.098 |   0.00000 |   0.00000 |
 |     3 a"  |    0.140894 |     3.83391 |     30922.591 |     323.388 |   0.00016 |   0.00005 |
 |     4 a"  |    0.161756 |     4.40162 |     35501.426 |     281.679 |   0.00127 |   0.00036 |
 |     5 a"  |    0.188569 |     5.13123 |     41386.140 |     241.627 |   0.00186 |   0.00099 |
 |     6 a"  |    0.189226 |     5.14910 |     41530.291 |     240.788 |   0.00060 |   0.00040 |
 |     7 a"  |    0.210413 |     5.72562 |     46180.228 |     216.543 |   0.00686 |   0.00319 |
 |     8 a"  |    0.216707 |     5.89690 |     47561.697 |     210.253 |   0.00004 |   0.00009 |
 |     9 a"  |    0.225645 |     6.14012 |     49523.425 |     201.925 |   0.00210 |   0.00101 |
 |    10 a"  |    0.229013 |     6.23176 |     50262.556 |     198.955 |   0.00061 |   0.00039 |
 -----------------------------------------------------------------------------------------------




    ------------------------------------------------------------------------
         total  cpu-time :  1 hours 32 minutes and 51 seconds
         total wall-time :  1 hours 33 minutes and 12 seconds
    ------------------------------------------------------------------------

   ****  escf : all done  ****


    2023-10-18 20:19:27.575 

