
 dscf (neshcl169) : TURBOMOLE rev. V7.5.0 compiled 13 Jun 2020 at 23:29:25
 Copyright (C) 2020 TURBOMOLE GmbH, Karlsruhe


    2023-10-16 14:17:11.800 



                             d s c f - program

                   idea & directorship : reinhart ahlrichs
                   program development : marco haeser
                                         michael baer
                           dft version : oliver treutler


                          quantum chemistry group
                          universitaet  karlsruhe
                                  germany



   *-----------------------------------------------------------------------*
   |                     program will use  1 thread(s)                     |
   *-----------------------------------------------------------------------*


              +--------------------------------------------------+
              | Atomic coordinate, charge and isotop information |
              +--------------------------------------------------+

                    atomic coordinates            atom    charge  isotop
          0.00000000   -1.45666900   -1.66620418    c      6.000     0
          0.00000000   -2.21034538    1.10066498    c      6.000     0
          0.00000000    0.00000000    2.46084367    n      7.000     0
          0.00000000    2.21034538    1.10066498    c      6.000     0
          0.00000000    1.45666900   -1.66620418    c      6.000     0
          0.00000000    5.04724274    2.32512196    s     16.000     0
          0.00000000   -5.04724274    2.32512196    s     16.000     0
          0.00000000    0.00000000    4.37458630    h      1.000     0
          1.65477053   -2.26812361   -2.58864887    h      1.000     0
         -1.65477053   -2.26812361   -2.58864887    h      1.000     0
         -1.65477053    2.26812361   -2.58864887    h      1.000     0
          1.65477053    2.26812361   -2.58864887    h      1.000     0
 
       center of nuclear mass  :    0.00000000    0.00000000    1.24951654
       center of nuclear charge:    0.00000000    0.00000000    1.15975483

              +--------------------------------------------------+
              |               basis set information              |
              +--------------------------------------------------+

              we will work with the 1s 3p 5d 7f 9g ... basis set
              ...i.e. with spherical basis functions...

   type   atoms  prim   cont   basis
   ---------------------------------------------------------------------------
    c        4     46     31   def2-TZVP   [5s3p2d1f|11s6p2d1f]
    n        1     46     31   def2-TZVP   [5s3p2d1f|11s6p2d1f]
    s        2     63     42   def2-TZVPP   [5s5p3d1f|14s9p3d1f]
    h        5      8      6   def2-TZVP   [3s1p|5s1p]
   ---------------------------------------------------------------------------
   total:   12    396    269
   ---------------------------------------------------------------------------

   total number of primitive shells          :   73
   total number of contracted shells         :  103
   total number of cartesian basis functions :  306
   total number of SCF-basis functions       :  269


 integral neglect threshold       :  0.11E-11
 integral storage threshold THIZE :  0.10E-04
 integral storage threshold THIME :         5


 DENSITY CONVERGENCE CHECK SWITCHED ON !
 SCF CONVERGENCE IF RMS(delta[D]) <     0.1000000000E-06


 symmetry group of the molecule :   c2v

 the group has the following generators :
   c2(z)
   mirror plane sigma(xz)

    4 symmetry operations found

 there are 4 real representations :   a1   a2   b1   b2  

 maximum number of shells which are related by symmetry :  4

  
           ------------------
           density functional
           ------------------
 PBE0 hybrid functional
 exchange:    3/4 (LDA+PBE) + 1/4 HF
 correlation: LDA (PW) + PBE

 spherical integration : Lebedev's spherical grid
 spherical gridsize    :                     6
    i.e. gridpoints    :                   974
 value for diffuse not defined
 radial integration    : Chebyshev 2nd kind (scaling 3)
 radial gridsize       :                    10
 integration cells     :                     6
 partition function    : becke
 partition sharpness   :                     3
  

          ------------------------
          nuclear repulsion energy  :   398.312947049    
          ------------------------


         -----------------
         -S,T+V- integrals
         -----------------

 1e-integrals will be neglected if expon. factor < 0.109214E-12
 
   Difference densities algorithm switched on.
   The maximal number of linear combinations of
   difference densities is                    20 .

 DIIS switched on: error vector is FDS-SDF
 Max. Iterations for DIIS is     :   4
 DIIS matrix (see manual) 
    Scaling factor of diagonals  :  1.200
    threshold for scaling factor :  0.000

 scf convergence criterion : increment of total energy < .1000000D-07
                  and increment of one-electron energy < .1000000D-04

 MOs are in ASCII format !


    mo occupation :
   irrep   mo's   occupied
    a1      94       15
    a2      43        3
    b1      48        4
    b2      84       12
 
 number of basis functions   :   269
 number of occupied orbitals :    34
 

 reading orbital data $scfmo  from file mos
 orbital characterization : expanded
 virtual MOs provided and orthogonalized by Cholesky decomposition

 automatic virtual orbital shift switched on 
      shift if e(lumo)-e(homo) < 0.10000000    


 DSCF restart information will be dumped onto file mos

          Overall gridpoints after grid construction =        105458
 
                                              current damping :  0.300
 ITERATION  ENERGY          1e-ENERGY        2e-ENERGY     RMS[dD(SAO)]   TOL
   1  -1004.1870006043    -2173.4614451     770.96149748    0.000D+00 0.109D-11
                            Exc =   -62.044019311485     N = 68.000000090    
          max. resid. norm for Fia-block=  2.430D+00 for orbital      1b2        
          max. resid. fock norm         =  9.545D+00 for orbital     76a1        
          Delta Eig. =   630.3558619109 eV 
 
                                              current damping :  0.250
 ITERATION  ENERGY          1e-ENERGY        2e-ENERGY     RMS[dD(SAO)]   TOL
   2  -1005.9417413004    -2175.7988566     771.54416826    0.217D-01 0.748D-12
                            Exc =   -61.544373256795     N = 68.000000069    
          Norm of current diis error:  2.0530    
          max. resid. norm for Fia-block=  4.808D-01 for orbital      1b2        
          max. resid. fock norm         =  5.720D-01 for orbital     82b2        
          Delta Eig. =   160.9007932160 eV 
 
                                              current damping :  0.200
 ITERATION  ENERGY          1e-ENERGY        2e-ENERGY     RMS[dD(SAO)]   TOL
   3  -1006.0687579016    -2172.2881880     767.90648304    0.120D-01 0.616D-12
                            Exc =   -61.513582088865     N = 68.000000072    
          Norm of current diis error:  1.3107    
          max. resid. norm for Fia-block=  9.350D-02 for orbital      1b2        
          max. resid. fock norm         =  1.054D-01 for orbital      1b2        
          Delta Eig. =    28.4492208241 eV 
 
                                              current damping :  0.250
 ITERATION  ENERGY          1e-ENERGY        2e-ENERGY     RMS[dD(SAO)]   TOL
   4  -1006.1529771780    -2175.2581980     770.79227380    0.874D-02 0.550D-12
                            Exc =   -61.619770122315     N = 68.000000065    
          Norm of current diis error: 0.29014    
          max. resid. norm for Fia-block=  1.999D-02 for orbital      1b2        
          max. resid. fock norm         =  2.665D-02 for orbital     29b1        
          Delta Eig. =     7.1675872095 eV 
 
                                              current damping :  0.300
 ITERATION  ENERGY          1e-ENERGY        2e-ENERGY     RMS[dD(SAO)]   TOL
   5  -1006.1567088853    -2174.3575086     769.88785269    0.201D-02 0.513D-12
                            Exc =   -61.571287018486     N = 68.000000068    
          Norm of current diis error: 0.16970    
          max. resid. norm for Fia-block=  7.355D-03 for orbital      9b2        
          max. resid. fock norm         =  1.143D-02 for orbital     11a1        
 mo-orthogonalization: Cholesky decomposition
          Delta Eig. =     0.8111492224 eV 
 
                                              current damping :  0.350
 ITERATION  ENERGY          1e-ENERGY        2e-ENERGY     RMS[dD(SAO)]   TOL
   6  -1006.1580303534    -2174.4024123     769.93143488    0.106D-02 0.490D-12
                            Exc =   -61.574862455056     N = 68.000000066    
          Norm of current diis error: 0.25844E-01
          max. resid. norm for Fia-block=  1.656D-03 for orbital      1a2        
          max. resid. fock norm         =  2.028D-03 for orbital     43a2        
          Delta Eig. =     0.1861089083 eV 
 
                                              current damping :  0.200
 ITERATION  ENERGY          1e-ENERGY        2e-ENERGY     RMS[dD(SAO)]   TOL
   7  -1006.1580678719    -2174.4914347     770.02041978    0.267D-03 0.472D-12
                            Exc =   -61.579322604287     N = 68.000000066    
          Norm of current diis error: 0.89495E-02
          max. resid. norm for Fia-block=  4.801D-04 for orbital     15a1        
          max. resid. fock norm         =  6.864D-04 for orbital     22b1        
          Delta Eig. =     0.0591404755 eV 
 
                                              current damping :  0.100
 ITERATION  ENERGY          1e-ENERGY        2e-ENERGY     RMS[dD(SAO)]   TOL
   8  -1006.1580716061    -2174.4916648     770.02064610    0.174D-03 0.456D-12
                            Exc =   -61.579285493295     N = 68.000000066    
          Norm of current diis error: 0.52864E-02
          max. resid. norm for Fia-block=  2.261D-04 for orbital      4b1        
          max. resid. fock norm         =  3.653D-04 for orbital     14a1        
          Delta Eig. =     0.0261750016 eV 
 
                                              current damping :  0.150
 ITERATION  ENERGY          1e-ENERGY        2e-ENERGY     RMS[dD(SAO)]   TOL
   9  -1006.1580731892    -2174.4884518     770.01743154    0.291D-04 0.445D-12
                            Exc =   -61.579360474471     N = 68.000000066    
          Norm of current diis error: 0.21127E-02
          max. resid. norm for Fia-block=  8.578D-05 for orbital     11b2        
          max. resid. fock norm         =  1.217D-04 for orbital     11b2        
          Delta Eig. =     0.0056357071 eV 
 
                                              current damping :  0.200
 ITERATION  ENERGY          1e-ENERGY        2e-ENERGY     RMS[dD(SAO)]   TOL
  10  -1006.1580734460    -2174.4925765     770.02155597    0.242D-04 0.435D-12
                            Exc =   -61.579461055482     N = 68.000000066    
          Norm of current diis error: 0.33022E-03
          max. resid. norm for Fia-block=  2.111D-05 for orbital      4b1        
          max. resid. fock norm         =  2.327D-05 for orbital     90a1        
 mo-orthogonalization: Cholesky decomposition
          Delta Eig. =     0.0014178294 eV 
 
                                              current damping :  0.250
 ITERATION  ENERGY          1e-ENERGY        2e-ENERGY     RMS[dD(SAO)]   TOL
  11  -1006.1580734519    -2174.4917945     770.02077400    0.248D-05 0.428D-12
                            Exc =   -61.579453915033     N = 68.000000066    
          Norm of current diis error: 0.17391E-03
          max. resid. norm for Fia-block=  7.549D-06 for orbital     11b2        
          max. resid. fock norm         =  1.214D-05 for orbital      9b2        
          Delta Eig. =     0.0006294479 eV 
 
                                              current damping :  0.300
 ITERATION  ENERGY          1e-ENERGY        2e-ENERGY     RMS[dD(SAO)]   TOL
  12  -1006.1580734535    -2174.4919240     770.02090353    0.241D-05 0.422D-12
                            Exc =   -61.579453942824     N = 68.000000066    
          Norm of current diis error: 0.59065E-04
          max. resid. norm for Fia-block=  2.995D-06 for orbital      4b1        
          max. resid. fock norm         =  4.561D-06 for orbital      3b1        
          Delta Eig. =     0.0002644042 eV 
 
                                              current damping :  0.150
 ITERATION  ENERGY          1e-ENERGY        2e-ENERGY     RMS[dD(SAO)]   TOL
  13  -1006.1580734537    -2174.4919493     770.02092875    0.340D-06 0.416D-12
                            Exc =   -61.579454700930     N = 68.000000066    
          Norm of current diis error: 0.17776E-04
          max. resid. norm for Fia-block=  1.109D-06 for orbital      9b2        
          max. resid. fock norm         =  1.297D-06 for orbital      9b2        
          Delta Eig. =     0.0001212743 eV 
 
                                              current damping :  0.100
 ITERATION  ENERGY          1e-ENERGY        2e-ENERGY     RMS[dD(SAO)]   TOL
  14  -1006.1580734537    -2174.4919791     770.02095861    0.220D-06 0.405D-12
                            Exc =   -61.579456611909     N = 68.000000066    
          Norm of current diis error: 0.79992E-05
          max. resid. norm for Fia-block=  3.532D-07 for orbital      3b1        
          max. resid. fock norm         =  8.699D-07 for orbital     92a1        
          Delta Eig. =     0.0000334739 eV 

 ENERGY & DENSITY CONVERGED !

 
                                              current damping :  0.150
 ITERATION  ENERGY          1e-ENERGY        2e-ENERGY     RMS[dD(SAO)]   TOL
  15  -1006.1580734537    -2174.4919622     770.02094167    0.713D-07 0.401D-12
                            Exc =   -61.579455392337     N = 68.000000066    
          max. resid. norm for Fia-block=  1.959D-07 for orbital      9b2        
          max. resid. fock norm         =  3.163D-07 for orbital      9b2        

 convergence criteria satisfied after    15 iterations


                  ------------------------------------------ 
                 |  total energy      =  -1006.15807345372  |
                  ------------------------------------------ 
                 :  kinetic energy    =   1003.86767076113  :
                 :  potential energy  =  -2010.02574421484  :
                 :  virial theorem    =      1.99772361545  :
                 :  wavefunction norm =      1.00000000000  :
                  .......................................... 


 <geterg> : there is no data group $energy 


 <skperg> : $end is missing 


 orbitals $scfmo  will be written to file mos

    irrep                 11a1        12a1        13a1        14a1        15a1  
 eigenvalues H         -0.65292    -0.49353    -0.45448    -0.40513    -0.25726
            eV         -17.7669    -13.4296    -12.3670    -11.0241     -7.0004
 occupation              2.0000      2.0000      2.0000      2.0000      2.0000

    irrep                 16a1        17a1        18a1        19a1        20a1  
 eigenvalues H          0.02344     0.05557     0.08445     0.09835     0.15026
            eV           0.6379      1.5122      2.2981      2.6763      4.0887

    irrep                  1a2         2a2         3a2         4a2         5a2  
 eigenvalues H         -5.91910    -0.42737    -0.31410    -0.09050     0.14692
            eV        -161.0682    -11.6294     -8.5472     -2.4626      3.9980
 occupation              2.0000      2.0000      2.0000

    irrep                  6a2         7a2         8a2         9a2        10a2  
 eigenvalues H          0.29558     0.30621     0.34466     0.47208     0.48226
            eV           8.0432      8.3325      9.3787     12.8460     13.1230

    irrep                  1b1         2b1         3b1         4b1         5b1  
 eigenvalues H         -5.91910    -0.52967    -0.43385    -0.26671    -0.03080
            eV        -161.0682    -14.4132    -11.8058     -7.2576     -0.8382
 occupation              2.0000      2.0000      2.0000      2.0000

    irrep                  6b1         7b1         8b1         9b1        10b1  
 eigenvalues H          0.07834     0.21257     0.26702     0.32272     0.34214
            eV           2.1318      5.7844      7.2661      8.7818      9.3101

    irrep                  8b2         9b2        10b2        11b2        12b2  
 eigenvalues H         -0.69249    -0.63732    -0.45989    -0.39753    -0.24584
            eV         -18.8436    -17.3425    -12.5144    -10.8173     -6.6897
 occupation              2.0000      2.0000      2.0000      2.0000      2.0000

    irrep                 13b2        14b2        15b2        16b2        17b2  
 eigenvalues H          0.07781     0.10940     0.12944     0.15512     0.22587
            eV           2.1173      2.9769      3.5223      4.2210      6.1463
 
 
 
 
 ==============================================================================
                           electrostatic moments
 ==============================================================================

 reference point for electrostatic moments:    0.00000   0.00000   0.00000

 
              nuc           elec       ->  total
 ------------------------------------------------------------------------------
                          charge      
 ------------------------------------------------------------------------------
          68.000000     -68.000000      -0.000000
 
 ------------------------------------------------------------------------------
                       dipole moment  
 ------------------------------------------------------------------------------
   x       0.000000      -0.000000      -0.000000
   y       0.000000      -0.000000      -0.000000
   z      78.863329     -79.715335      -0.852006
 
   | dipole moment | =     0.8520 a.u. =     2.1656 debye 
 
 ------------------------------------------------------------------------------
                     quadrupole moment
 ------------------------------------------------------------------------------
  xx      10.953062     -51.801444     -40.848381
  yy     919.856769    -972.373584     -52.516814
  zz     309.182223    -349.085593     -39.903370
  xy       0.000000       0.000000       0.000000
  xz       0.000000      -0.000000      -0.000000
  yz       0.000000      -0.000000      -0.000000
 
     1/3  trace=     -44.422855
     anisotropy=      12.168491
 
 ==============================================================================
 
HOMO-LUMO Separation
 HOMO         :   -0.24583926 H =     -6.68963 eV
 LUMO         :   -0.09049841 H =     -2.46259 eV
 HOMO-LUMO gap:    0.15534085 H =     +4.22704 eV
 
 ==============================================================================


    ------------------------------------------------------------------------
         total  cpu-time :  1 minutes and 18 seconds
         total wall-time :  1 minutes and 19 seconds
    ------------------------------------------------------------------------

   ****  dscf : all done  ****


    2023-10-16 14:18:30.571 

