
 escf (neshcl292) : TURBOMOLE rev. V7.5.0 compiled 13 Jun 2020 at 23:29:25
 Copyright (C) 2020 TURBOMOLE GmbH, Karlsruhe


    2023-10-18 11:34:23.232 




                                e s c f

                             TURBOMOLE GmbH


          integral direct evaluation of 

                    * excitation energies and transition moments 
                    * dynamic response properties 
                    * stabilities



          references (see also programs dscf and ridft) 

          implementation and benchmarks (review) 
          F. Furche and D. Rappoport,  
          "Density functional methods for excited states: 
          equilibrium structure and electronic spectra",
          ch. III of "Computational Photochemistry", ed. by 
          M. Olivucci, vol. 16 of "Theoretical and Computational 
          Chemistry", Elsevier, Amsterdam, 2005.

          Bethe-Salpeter equation
          K. Krause and W. Klopper,
          J. Comput. Chem. 38 (2017) 383.

          2c BSE, GW and hybrid TD-DFT
          C. Holzer and W. Klopper
          J. Chem. Phys. 150, 204116 (2019)

          nonorthonormal Krylov space methods 
          F. Furche, B. T. Krull, B. D. Nguyen, and J. Kwon, 
          J. Chem. Phys. 144 (2016), 174105.

          two-component GW quasi particle energies 
          M. Kuehn and F. Weigend, 
          J. Chem. Theory Comput. 11 (2015), 969.

          two-component TDDFT with spin-orbit coupling 
          M. Kuehn and F. Weigend, 
          J. Chem. Theory Comput. 9 (2013), 5341.
          M. Kuehn and F. Weigend, 
          J. Chem. Phys. 142 (2015), 034116.

          GW quasi particle energies
          M. J. van Setten, F. Weigend, and F. Evers,
          J. Chem. Theory Comput. 9 (2013), 232.

          Fast GW methods: RIGW, contour deformation
          J. Chem. Phys. 150, 204116 (2019)

          current-density dependent meta-GGA Linear Response
          J. E. Bates and F. Furche, 
          J. Chem. Phys. 137 (2012), 164105.

          spin-flip method 
          M. Kuehn and F. Weigend, 
          Chem. Phys. Chem. 12 (2011), 3331.

          RI-J method 
          R. Bauernschmitt, M. Haeser, O. Treutler, and R. Ahlrichs,
          Chem. Phys. Lett. 264 (1997), 573.

          density functional implementation               
          R. Bauernschmitt and R. Ahlrichs,
          Chem. Phys. Lett. 256 (1996), 454.
          R. Bauernschmitt and R. Ahlrichs,
          J. Chem. Phys. 104 (1996), 9047.

          UHF extension (RPA and CIS)
          C. Ochsenfeld, J. Gauss, and R. Ahlrichs, 
          J. Chem. Phys. 103 (1995), 7401.

          integral direct algorithm                 
          H. Weiss, R. Ahlrichs, and M. Haeser, 
          J. Chem. Phys. 99 (1993), 1262.

          Seminumerical and pseudospectral algorithms
          C. Holzer, in preparation (2020)

          Two-component static/dynamic polarizabilities,
          and relativistic damped-response approach,
          polarizabilities and damped response at GW-BSE level
          M. Kehry, Y. J. Franzke, C. Holzer, and W. Klopper,
          Mol. Phys. (2020)
                                     




              +--------------------------------------------------+
              | Atomic coordinate, charge and isotop information |
              +--------------------------------------------------+

                    atomic coordinates            atom    charge  isotop
         -1.34851448    0.00000000   -0.36723389    c      6.000     0
          1.34851448    0.00000000   -0.36723389    c      6.000     0
         -2.65971822    0.00000000    1.96258750    c      6.000     0
         -1.33705869    0.00000000    4.19230117    c      6.000     0
          1.33705869    0.00000000    4.19230117    c      6.000     0
          2.65971822    0.00000000    1.96258750    c      6.000     0
          2.67165471    0.00000000   -2.57471220    n      7.000     0
         -2.67165471    0.00000000   -2.57471220    n      7.000     0
         -1.33982622    0.00000000   -4.66308312    c      6.000     0
          1.33982622    0.00000000   -4.66308312    c      6.000     0
         -2.36641046    0.00000000   -6.44056555    h      1.000     0
          2.36641046    0.00000000   -6.44056555    h      1.000     0
         -4.70524645    0.00000000    1.91415746    h      1.000     0
         -2.34078894    0.00000000    5.97654862    h      1.000     0
          2.34078894    0.00000000    5.97654862    h      1.000     0
          4.70524645    0.00000000    1.91415746    h      1.000     0
 
       center of nuclear mass  :    0.00000000    0.00000000   -0.32414992
       center of nuclear charge:    0.00000000    0.00000000   -0.28898279

              +--------------------------------------------------+
              |               basis set information              |
              +--------------------------------------------------+

              we will work with the 1s 3p 5d 7f 9g ... basis set
              ...i.e. with spherical basis functions...

   type   atoms  prim   cont   basis
   ---------------------------------------------------------------------------
    c        8     46     31   def2-TZVP   [5s3p2d1f|11s6p2d1f]
    n        2     46     31   def2-TZVP   [5s3p2d1f|11s6p2d1f]
    h        6      8      6   def2-TZVP   [3s1p|5s1p]
   ---------------------------------------------------------------------------
   total:   16    508    346
   ---------------------------------------------------------------------------

   total number of primitive shells          :   46
   total number of contracted shells         :  134
   total number of cartesian basis functions :  396
   total number of SCF-basis functions       :  346


 residuum convergence criterium   :  0.10E-04


 integral neglect threshold       :  0.84E-11
 integral storage threshold THIZE :  0.10E-04
 integral storage threshold THIME :         5

 MISSING SPECIFICATION: 
 specify $scfinstab triplet or singlet or non-real
 or dynpol or polly or hyperpol or rpas or rpat
 or urpa or ciss or cist or ucis
 or spinflip or soghf or tdasoghf; see manual 

========================
 internal module stack: 
------------------------
    escf
    escf_input
========================

 missing specification
 escf ended abnormally
