
Slurm Job Summary
*****************
- General information:
    date = Do 1. Feb 09:20:19 CET 2024
    hostname = nesh-clk375
- Job information:
    JobId = 10358831
    JobName = TEST
    UserId = suphc355(743340)
    Account = suphc355
    QOS = normal
    NodeList = nesh-clk375
    Features = (null)
    Command = /gxfs_work/cau/suphc355/homologes/CH2X/orca/Se/run.sh
    WorkDir = /gxfs_work/cau/suphc355/homologes/CH2X/orca/Se
    StdOut = /gxfs_work/cau/suphc355/homologes/CH2X/orca/Se/ba.out
    StdErr = /gxfs_work/cau/suphc355/homologes/CH2X/orca/Se/ba.err
- Requested resources:
    Timelimit = 00:10:00 ( 600s )
    MinMemoryNode = 32G ( 32768.000M )
    NumNodes = 1
    NumCPUs = 1
    NumTasks = 1
    CPUs/Task = 1
- Used resources:
    RunTime = 00:01:42 ( 102s )
    MaxRSS = 137256K ( 134.039M )
====================
- Important conclusions and remarks:
    * !!! Please, always check if the number of requested cores and nodes matches the need of your program/code !!!
    * !!! Less than 20% of requested walltime used !!! Consider adaptation of your batch script.
    * !!! Less than 10% of requested main memory used !!! Consider adaptation of your batch script.

