
  ========================================================================
                license information 
    WARNING: License file not found!
             Please copy license.txt to $TURBODIR/LICENSE/
  ========================================================================

 dscf (neshcl364) : TURBOMOLE rev. V7-7 compiled 26 Oct 2022 at 09:17:38
 Copyright (C) 2022 TURBOMOLE GmbH, Karlsruhe


    2023-10-16 13:13:47.845 



                             d s c f - program

                   idea & directorship : reinhart ahlrichs
                   program development : marco haeser
                                         michael baer
                           dft version : oliver treutler


                          quantum chemistry group
                          universitaet  karlsruhe
                                  germany



   *-----------------------------------------------------------------------*
   |                     program will use  1 thread(s)                     |
   *-----------------------------------------------------------------------*


              +--------------------------------------------------+
              | Atomic coordinate, charge and isotop information |
              +--------------------------------------------------+

                    atomic coordinates            atom    charge  isotop
          0.00000000    0.00000000   -5.41280083    s     16.000     0
          0.00000000    0.00000000   -2.27610233    c      6.000     0
          2.28239910    0.00000000   -0.77097741    c      6.000     0
         -2.28239910    0.00000000   -0.77097741    c      6.000     0
          2.19281769    0.00000000    1.76800159    c      6.000     0
         -2.19281769    0.00000000    1.76800159    c      6.000     0
          0.00000000    0.00000000    3.10029624    o      8.000     0
          4.09779132    0.00000000   -1.70846636    h      1.000     0
         -4.09779132    0.00000000   -1.70846636    h      1.000     0
          3.81569057    0.00000000    3.00574565    h      1.000     0
         -3.81569057    0.00000000    3.00574565    h      1.000     0
 
       center of nuclear mass  :   -0.00000000    0.00000000   -1.11212284
       center of nuclear charge:   -0.00000000    0.00000000   -1.05000360

              +--------------------------------------------------+
              |               basis set information              |
              +--------------------------------------------------+

              we will work with the 1s 3p 5d 7f 9g ... basis set
              ...i.e. with spherical basis functions...

   type   atoms  prim   cont   basis
   ---------------------------------------------------------------------------
    s        1     63     42   def2-TZVPP   [5s5p3d1f|14s9p3d1f]
    c        5     46     31   def2-TZVP   [5s3p2d1f|11s6p2d1f]
    o        1     46     31   def2-TZVP   [5s3p2d1f|11s6p2d1f]
    h        4      8      6   def2-TZVP   [3s1p|5s1p]
   ---------------------------------------------------------------------------
   total:   11    371    252
   ---------------------------------------------------------------------------

   total number of primitive shells          :   73
   total number of contracted shells         :   96
   total number of cartesian basis functions :  288
   total number of SCF-basis functions       :  252


 integral neglect threshold       :  0.12E-11
 integral storage threshold THIZE :  0.10E-04
 integral storage threshold THIME :         5


 DENSITY CONVERGENCE CHECK SWITCHED ON !
 SCF CONVERGENCE IF RMS(delta[D]) <     0.1000000000E-06


 symmetry group of the molecule :   c2v

 the group has the following generators :
   c2(z)
   mirror plane sigma(xz)

    4 symmetry operations found

 there are 4 real representations :   a1   a2   b1   b2  

 maximum number of shells which are related by symmetry :  2

  
           ------------------
           density functional
           ------------------
 PBE0 hybrid functional
 exchange:    3/4 (LDA+PBE) + 1/4 HF
 correlation: LDA (PW) + PBE
 spherical integration : Lebedev's spherical grid
 spherical gridsize    :                     6
    i.e. gridpoints    :                   974
  maximum batchsize    :                   100
 value for diffuse not defined
 radial integration    : Chebyshev 2nd kind (scaling 3)
 radial gridsize       :                    10
 integration cells     :                     7
 partition function    : becke
 partition sharpness   :                     3
  

          ------------------------
          nuclear repulsion energy  :   322.949917542    
          ------------------------


         -----------------
         -S,T+V- integrals
         -----------------

 1e-integrals will be neglected if expon. factor < 0.116040E-12
 
 Difference densities algorithm switched on.
 The maximal number of linear combinations of
 difference densities is  20.

 DIIS switched on: error vector is FDS-SDF
 Max. Iterations for DIIS is     :   4
 DIIS matrix (see manual) 
    Scaling factor of diagonals  :  1.200
    threshold for scaling factor :  0.000

 scf convergence criterion : increment of total energy < .1000000D-07
                  and increment of one-electron energy < .1000000D-04

 MOs are in ASCII format !


    mo occupation :
   irrep   mo's   occupied
    a1      98       15
    a2      32        1
    b1      76        9
    b2      46        4
 
 number of basis functions   :   252
 number of occupied orbitals :    29
 

 reading orbital data $scfmo  from file mos
 orbital characterization : scfdump=8
 mo-orthogonalization by Cholesky decomposition

 automatic virtual orbital shift switched on 
      shift if e(lumo)-e(homo) < 0.10000000    


 DSCF restart information will be dumped onto file mos

          Overall gridpoints after grid construction =         98484
 
                                              current damping :  0.300
 ITERATION  ENERGY          1e-ENERGY        2e-ENERGY     RMS[dD(SAO)]   TOL
   1  -665.98015204791    -1553.4377491     564.50767953    0.000D+00 0.116D-11
                            Exc =   -47.305980142645     N = 57.999999995    
          max. resid. norm for Fia-block=  4.372D-06 for orbital      4b2        
          max. resid. fock norm         =  1.537D-05 for orbital     36a1        
          Delta Eig. =     0.0001122283 eV 
 
                                              current damping :  0.300
 ITERATION  ENERGY          1e-ENERGY        2e-ENERGY     RMS[dD(SAO)]   TOL
   2  -665.98015204792    -1553.4375819     564.50751232    0.112D-05 0.734D-12
                            Exc =   -47.305974664080     N = 57.999999995    
          Norm of current diis error: 0.64173E-04
          max. resid. norm for Fia-block=  2.447D-06 for orbital     15a1        
          max. resid. fock norm         =  4.022D-06 for orbital     36a1        
          Delta Eig. =     0.0002442214 eV 
 
                                              current damping :  0.350
 ITERATION  ENERGY          1e-ENERGY        2e-ENERGY     RMS[dD(SAO)]   TOL
   3  -665.98015204817    -1553.4376465     564.50757689    0.297D-06 0.615D-12
                            Exc =   -47.305976701337     N = 57.999999995    
          Norm of current diis error: 0.89962E-05
          max. resid. norm for Fia-block=  4.521D-07 for orbital     12a1        
          max. resid. fock norm         =  9.111D-07 for orbital     36a1        
          Delta Eig. =     0.0000496006 eV 

 ENERGY & DENSITY CONVERGED !

 
                                              current damping :  0.200
 ITERATION  ENERGY          1e-ENERGY        2e-ENERGY     RMS[dD(SAO)]   TOL
   4  -665.98015204819    -1553.4376647     564.50759506    0.108D-06 0.551D-12
                            Exc =   -47.305977200212     N = 57.999999995    
          max. resid. norm for Fia-block=  3.758D-07 for orbital      4b2        
          max. resid. fock norm         =  7.019D-07 for orbital     14a1        

 convergence criteria satisfied after     4 iterations


                  ------------------------------------------ 
                 |  total energy      =   -665.98015204819  |
                  ------------------------------------------ 
                 :  kinetic energy    =    664.10339604530  :
                 :  potential energy  =  -1330.08354809349  :
                 :  virial theorem    =      1.99718196406  :
                 :  wavefunction norm =      1.00000000000  :
                  .......................................... 


 orbitals $scfmo  will be written to file mos

    irrep                 11a1        12a1        13a1        14a1        15a1  
 eigenvalues H         -0.64031    -0.56753    -0.51570    -0.42653    -0.36878
            eV         -17.4240    -15.4433    -14.0330    -11.6066    -10.0350
 occupation              2.0000      2.0000      2.0000      2.0000      2.0000

    irrep                 16a1        17a1        18a1        19a1        20a1  
 eigenvalues H          0.04894     0.07300     0.09776     0.11793     0.15129
            eV           1.3318      1.9863      2.6603      3.2091      4.1170

    irrep                  1a2         2a2         3a2         4a2         5a2  
 eigenvalues H         -0.32322    -0.03395     0.23032     0.30567     0.41667
            eV          -8.7954     -0.9237      6.2674      8.3178     11.3382
 occupation              2.0000

    irrep                  6a2         7a2         8a2         9a2        10a2  
 eigenvalues H          0.65274     0.72456     0.86255     1.03413     1.29821
            eV          17.7621     19.7165     23.4713     28.1402     35.3264

    irrep                  5b1         6b1         7b1         8b1         9b1  
 eigenvalues H         -0.70964    -0.55355    -0.49001    -0.40751    -0.22229
            eV         -19.3106    -15.0630    -13.3340    -11.0890     -6.0487
 occupation              2.0000      2.0000      2.0000      2.0000      2.0000

    irrep                 10b1        11b1        12b1        13b1        14b1  
 eigenvalues H          0.06909     0.11375     0.16907     0.22047     0.23612
            eV           1.8801      3.0953      4.6008      5.9994      6.4253

    irrep                  1b2         2b2         3b2         4b2         5b2  
 eigenvalues H         -5.89298    -0.50514    -0.37359    -0.24224    -0.07885
            eV        -160.3573    -13.7458    -10.1660     -6.5917     -2.1456
 occupation              2.0000      2.0000      2.0000      2.0000

    irrep                  6b2         7b2         8b2         9b2        10b2  
 eigenvalues H          0.08539     0.19294     0.27072     0.34306     0.36240
            eV           2.3236      5.2501      7.3666      9.3351      9.8615
 
 
 
 
 ==============================================================================
                           electrostatic moments
 ==============================================================================

 reference point for electrostatic moments:    0.00000   0.00000   0.00000

 
              nuc           elec       ->  total
 ------------------------------------------------------------------------------
                          charge      
 ------------------------------------------------------------------------------
          58.000000     -58.000000      -0.000000
 
 ------------------------------------------------------------------------------
                       dipole moment  
 ------------------------------------------------------------------------------
   x       0.000000      -0.000000      -0.000000
   y       0.000000       0.000000       0.000000
   z     -60.900209      62.670927       1.770719
 
   | dipole moment | =     1.7707 a.u. =     4.5007 debye 
 
 ------------------------------------------------------------------------------
                     quadrupole moment
 ------------------------------------------------------------------------------
  xx     182.916318    -212.729756     -29.813438
  yy       0.000000     -36.798406     -36.798406
  zz     645.302707    -688.064616     -42.761908
  xy       0.000000       0.000000       0.000000
  xz       0.000000       0.000000       0.000000
  yz       0.000000       0.000000       0.000000
 
     1/3  trace=     -36.457917
     anisotropy=      11.225329
 
 ==============================================================================
 
HOMO-LUMO Separation
 HOMO         :   -0.22228543 H =     -6.04870 eV
 LUMO         :   -0.07884918 H =     -2.14560 eV
 HOMO-LUMO gap:    0.14343624 H =     +3.90310 eV
 
 ==============================================================================


    ------------------------------------------------------------------------
         total  cpu-time :  19.75 seconds
         total wall-time :  20.11 seconds
    ------------------------------------------------------------------------

   ****  dscf : all done  ****


    2023-10-16 13:14:07.899 

