
Slurm Job Summary
*****************
- General information:
    date = Mi 7. Feb 19:55:45 CET 2024
    hostname = nesh-srp102
- Job information:
    JobId = 10389524
    JobName = AE_TeH2
    UserId = suphc355(743340)
    Account = suphc355
    QOS = normal
    NodeList = nesh-srp[102-109]
    Features = (null)
    Command = /gxfs_work/cau/suphc355/homologes/H2X/AE/Te/run.sh
    WorkDir = /gxfs_work/cau/suphc355/homologes/H2X/AE/Te
    StdOut = /gxfs_work/cau/suphc355/homologes/H2X/AE/Te/ba.out
    StdErr = /gxfs_work/cau/suphc355/homologes/H2X/AE/Te/ba.err
- Requested resources:
    Timelimit = 1-00:00:00 ( 86400s )
    MinMemoryNode = 250G ( 256000.000M )
    NumNodes = 8
    NumCPUs = 128
    NumTasks = 128
    CPUs/Task = 1
- Used resources:
    RunTime = 03:59:04 ( 14344s )
    MaxRSS = 7460K ( 7.285M )
====================
- Important conclusions and remarks:
    * !!! Please, always check if the number of requested cores and nodes matches the need of your program/code !!!
    * !!! Less than 20% of requested walltime used !!! Consider adaptation of your batch script.
    * !!! Less than 10% of requested main memory used !!! Consider adaptation of your batch script.

