
  ========================================================================
                license information 
    WARNING: License file not found!
             Please copy license.txt to $TURBODIR/LICENSE/
  ========================================================================

 dscf (neshcl265) : TURBOMOLE rev. V7-7 compiled 26 Oct 2022 at 09:17:38
 Copyright (C) 2022 TURBOMOLE GmbH, Karlsruhe


    2023-10-26 15:57:07.977 



                             d s c f - program

                   idea & directorship : reinhart ahlrichs
                   program development : marco haeser
                                         michael baer
                           dft version : oliver treutler


                          quantum chemistry group
                          universitaet  karlsruhe
                                  germany



   *-----------------------------------------------------------------------*
   |                     program will use  1 thread(s)                     |
   *-----------------------------------------------------------------------*


              +--------------------------------------------------+
              | Atomic coordinate, charge and isotop information |
              +--------------------------------------------------+

                    atomic coordinates            atom    charge  isotop
          1.39335214   -0.76295980    0.00000000    n      7.000     0
          1.28450387   -3.06825846    0.00000000    o      8.000     0
          3.32868181    0.49273279    0.00000000    o      8.000     0
         -1.08606004    0.62725172    0.00000000    c      6.000     0
         -0.69904605    2.63955976    0.00000000    h      1.000     0
         -2.11071586    0.03583699   -1.68078913    h      1.000     0
         -2.11071586    0.03583699    1.68078913    h      1.000     0
 
       center of nuclear mass  :    1.23393272   -0.68194914    0.00000000
       center of nuclear charge:    1.10069101   -0.60844312    0.00000000

              +--------------------------------------------------+
              |               basis set information              |
              +--------------------------------------------------+

              we will work with the 1s 3p 5d 7f 9g ... basis set
              ...i.e. with spherical basis functions...

   type   atoms  prim   cont   basis
   ---------------------------------------------------------------------------
    n        1     52     37   def2-TZVPD   [6s3p3d1f|12s6p3d1f]
    o        2     55     40   def2-TZVPD   [6s4p3d1f|12s7p3d1f]
    c        1     52     37   def2-TZVPD   [6s3p3d1f|12s6p3d1f]
    h        3     11      9   def2-TZVPD   [3s2p|5s2p]
   ---------------------------------------------------------------------------
   total:    7    247    181
   ---------------------------------------------------------------------------

   total number of primitive shells          :   74
   total number of contracted shells         :   69
   total number of cartesian basis functions :  205
   total number of SCF-basis functions       :  181


 integral neglect threshold       :  0.16E-11
 integral storage threshold THIZE :  0.10E-04
 integral storage threshold THIME :         5


 DENSITY CONVERGENCE CHECK SWITCHED ON !
 SCF CONVERGENCE IF RMS(delta[D]) <     0.1000000000E-06


 symmetry group of the molecule :   cs

 the group has the following generators :
   c1(z)
   mirror plane sigma(xy)

    2 symmetry operations found

 there are 2 real representations :   a'   a"  

 maximum number of shells which are related by symmetry :  2

  
           ------------------
           density functional
           ------------------
 PBE0 hybrid functional
 exchange:    3/4 (LDA+PBE) + 1/4 HF
 correlation: LDA (PW) + PBE
 spherical integration : Lebedev's spherical grid
 spherical gridsize    :                     5
    i.e. gridpoints    :                   590
  maximum batchsize    :                   100
 value for diffuse not defined
 radial integration    : Chebyshev 2nd kind (scaling 3)
 radial gridsize       :                     8
 integration cells     :                     6
 partition function    : becke
 partition sharpness   :                     3
  

          ------------------------
          nuclear repulsion energy  :   124.778336591    
          ------------------------


         -----------------
         -S,T+V- integrals
         -----------------

 1e-integrals will be neglected if expon. factor < 0.163023E-12
 
 Difference densities algorithm switched on.
 The maximal number of linear combinations of
 difference densities is  20.

 DIIS switched on: error vector is FDS-SDF
 Max. Iterations for DIIS is     :   4
 DIIS matrix (see manual) 
    Scaling factor of diagonals  :  1.200
    threshold for scaling factor :  0.000

 scf convergence criterion : increment of total energy < .1000000D-07
                  and increment of one-electron energy < .1000000D-04

 MOs are in ASCII format !


    mo occupation :
   irrep   mo's   occupied
    a'     120       13
    a"      61        3
 
 number of basis functions   :   181
 number of occupied orbitals :    16
 

 reading orbital data $scfmo  from file mos
 orbital characterization : expanded
 virtual MOs provided and orthogonalized by Cholesky decomposition

 automatic virtual orbital shift switched on 
      shift if e(lumo)-e(homo) < 0.10000000    


 DSCF restart information will be dumped onto file mos

          Overall gridpoints after grid construction =         60560
 
                                              current damping :  0.300
 ITERATION  ENERGY          1e-ENERGY        2e-ENERGY     RMS[dD(SAO)]   TOL
   1  -243.60867183032    -575.27324881     206.88624038    0.000D+00 0.163D-11
                            Exc =   -22.795100145058     N = 32.000001006    
          max. resid. norm for Fia-block=  4.750D-01 for orbital     10a'        
          max. resid. fock norm         =  1.780D+01 for orbital     81a'        
          Delta Eig. =   895.4248482651 eV 
 
                                              current damping :  0.250
 ITERATION  ENERGY          1e-ENERGY        2e-ENERGY     RMS[dD(SAO)]   TOL
   2  -244.60252393732    -582.09280571     212.71194519    0.251D-01 0.137D-11
                            Exc =   -22.935527379656     N = 32.000000741    
          Norm of current diis error:  2.6148    
          max. resid. norm for Fia-block=  1.752D-01 for orbital      5a'        
          max. resid. fock norm         =  3.643D-01 for orbital     98a'        
          Delta Eig. =   206.1566419942 eV 
 
                                              current damping :  0.200
 ITERATION  ENERGY          1e-ENERGY        2e-ENERGY     RMS[dD(SAO)]   TOL
   3  -244.83819455355    -581.23444393     211.61791279    0.845D-02 0.976D-12
                            Exc =   -23.024619105628     N = 32.000000747    
          Norm of current diis error: 0.56666    
          max. resid. norm for Fia-block=  3.294D-02 for orbital     12a'        
          max. resid. fock norm         =  4.469D-02 for orbital     72a'        
          Delta Eig. =    45.9688042948 eV 
 
                                              current damping :  0.100
 ITERATION  ENERGY          1e-ENERGY        2e-ENERGY     RMS[dD(SAO)]   TOL
   4  -244.85247389159    -580.77151413     211.14070365    0.246D-02 0.842D-12
                            Exc =   -22.958226037686     N = 32.000000860    
          Norm of current diis error: 0.22077    
          max. resid. norm for Fia-block=  1.094D-02 for orbital     11a'        
          max. resid. fock norm         =  1.199D-02 for orbital     70a'        
          Delta Eig. =     7.4979688439 eV 
 
                                              current damping :  0.150
 ITERATION  ENERGY          1e-ENERGY        2e-ENERGY     RMS[dD(SAO)]   TOL
   5  -244.85432559265    -581.09964590     211.46698372    0.604D-03 0.780D-12
                            Exc =   -22.990728069411     N = 32.000000893    
          Norm of current diis error: 0.60000E-01
          max. resid. norm for Fia-block=  3.453D-03 for orbital     12a'        
          max. resid. fock norm         =  6.016D-03 for orbital    119a'        
 mo-orthogonalization: Cholesky decomposition
          Delta Eig. =     0.7737951092 eV 
 
                                              current damping :  0.200
 ITERATION  ENERGY          1e-ENERGY        2e-ENERGY     RMS[dD(SAO)]   TOL
   6  -244.85440368317    -581.03130463     211.39856436    0.250D-03 0.746D-12
                            Exc =   -22.986701726440     N = 32.000000899    
          Norm of current diis error: 0.42161E-01
          max. resid. norm for Fia-block=  3.080D-03 for orbital      3a"        
          max. resid. fock norm         =  7.467D-03 for orbital    120a'        
          Delta Eig. =     0.1863048276 eV 
 
                                              current damping :  0.100
 ITERATION  ENERGY          1e-ENERGY        2e-ENERGY     RMS[dD(SAO)]   TOL
   7  -244.85444096997    -581.00323795     211.37046039    0.234D-03 0.732D-12
                            Exc =   -22.984828236031     N = 32.000000906    
          Norm of current diis error: 0.32495E-01
          max. resid. norm for Fia-block=  1.308D-03 for orbital      3a"        
          max. resid. fock norm         =  2.905D-03 for orbital    119a'        
          Delta Eig. =     0.0971858627 eV 
 
                                              current damping :  0.150
 ITERATION  ENERGY          1e-ENERGY        2e-ENERGY     RMS[dD(SAO)]   TOL
   8  -244.85448985430    -581.01657472     211.38374827    0.112D-03 0.721D-12
                            Exc =   -22.985164049015     N = 32.000000908    
          Norm of current diis error: 0.54983E-02
          max. resid. norm for Fia-block=  3.595D-04 for orbital     12a'        
          max. resid. fock norm         =  5.207D-04 for orbital     86a'        
          Delta Eig. =     0.0428995011 eV 
 
                                              current damping :  0.100
 ITERATION  ENERGY          1e-ENERGY        2e-ENERGY     RMS[dD(SAO)]   TOL
   9  -244.85449065132    -581.02606015     211.39323291    0.184D-04 0.705D-12
                            Exc =   -22.986362457582     N = 32.000000907    
          Norm of current diis error: 0.38145E-02
          max. resid. norm for Fia-block=  1.497D-04 for orbital      1a"        
          max. resid. fock norm         =  2.041D-04 for orbital      4a"        
          Delta Eig. =     0.0149076707 eV 
 
                                              current damping :  0.150
 ITERATION  ENERGY          1e-ENERGY        2e-ENERGY     RMS[dD(SAO)]   TOL
  10  -244.85449123383    -581.02357873     211.39075090    0.923D-05 0.686D-12
                            Exc =   -22.985920068850     N = 32.000000907    
          Norm of current diis error: 0.10026E-02
          max. resid. norm for Fia-block=  5.110D-05 for orbital      1a"        
          max. resid. fock norm         =  7.307D-05 for orbital     77a'        
 mo-orthogonalization: Cholesky decomposition
          Delta Eig. =     0.0064312619 eV 
 
                                              current damping :  0.100
 ITERATION  ENERGY          1e-ENERGY        2e-ENERGY     RMS[dD(SAO)]   TOL
  11  -244.85449126837    -581.02168963     211.38886177    0.269D-05 0.683D-12
                            Exc =   -22.985819541982     N = 32.000000908    
          Norm of current diis error: 0.33728E-03
          max. resid. norm for Fia-block=  1.748D-05 for orbital      9a'        
          max. resid. fock norm         =  2.454D-05 for orbital      9a'        
          Delta Eig. =     0.0021622020 eV 
 
                                              current damping :  0.150
 ITERATION  ENERGY          1e-ENERGY        2e-ENERGY     RMS[dD(SAO)]   TOL
  12  -244.85449127218    -581.02260749     211.38977963    0.857D-06 0.670D-12
                            Exc =   -22.985882060226     N = 32.000000907    
          Norm of current diis error: 0.15181E-03
          max. resid. norm for Fia-block=  1.075D-05 for orbital      3a"        
          max. resid. fock norm         =  2.447D-05 for orbital    120a'        
          Delta Eig. =     0.0009348548 eV 
 
                                              current damping :  0.200
 ITERATION  ENERGY          1e-ENERGY        2e-ENERGY     RMS[dD(SAO)]   TOL
  13  -244.85449127267    -581.02246107     211.38963320    0.837D-06 0.654D-12
                            Exc =   -22.985871738441     N = 32.000000908    
          Norm of current diis error: 0.11238E-03
          max. resid. norm for Fia-block=  4.875D-06 for orbital      3a"        
          max. resid. fock norm         =  1.134D-05 for orbital    119a'        
          Delta Eig. =     0.0003657536 eV 
 
                                              current damping :  0.100
 ITERATION  ENERGY          1e-ENERGY        2e-ENERGY     RMS[dD(SAO)]   TOL
  14  -244.85449127326    -581.02243842     211.38961055    0.376D-06 0.629D-12
                            Exc =   -22.985869098579     N = 32.000000908    
          Norm of current diis error: 0.13037E-04
          max. resid. norm for Fia-block=  1.061D-06 for orbital     10a'        
          max. resid. fock norm         =  1.251D-06 for orbital     10a'        
          Delta Eig. =     0.0000931040 eV 

 ENERGY & DENSITY CONVERGED !

 
                                              current damping :  0.150
 ITERATION  ENERGY          1e-ENERGY        2e-ENERGY     RMS[dD(SAO)]   TOL
  15  -244.85449127330    -581.02245530     211.38962744    0.493D-07 0.614D-12
                            Exc =   -22.985871957338     N = 32.000000908    
          max. resid. norm for Fia-block=  1.326D-06 for orbital      1a"        
          max. resid. fock norm         =  1.776D-06 for orbital      4a"        

 convergence criteria satisfied after    15 iterations


                  ------------------------------------------ 
                 |  total energy      =   -244.85449127330  |
                  ------------------------------------------ 
                 :  kinetic energy    =    243.79940141752  :
                 :  potential energy  =   -488.65389269081  :
                 :  virial theorem    =      1.99569095159  :
                 :  wavefunction norm =      1.00000000000  :
                  .......................................... 


 <geterg> : there is no data group $energy 


 <skperg> : $end is missing 


 orbitals $scfmo  will be written to file mos

    irrep                  9a'        10a'        11a'        12a'        13a'  
 eigenvalues H         -0.56804    -0.54929    -0.47210    -0.33408    -0.32289
            eV         -15.4573    -14.9471    -12.8466     -9.0908     -8.7864
 occupation              2.0000      2.0000      2.0000      2.0000      2.0000

    irrep                 14a'        15a'        16a'        17a'        18a'  
 eigenvalues H          0.00482     0.05037     0.05754     0.06831     0.08411
            eV           0.1310      1.3708      1.5659      1.8590      2.2886

    irrep                  1a"         2a"         3a"         4a"         5a"  
 eigenvalues H         -0.57646    -0.45441    -0.34154    -0.07549     0.06662
            eV         -15.6864    -12.3652     -9.2938     -2.0541      1.8127
 occupation              2.0000      2.0000      2.0000

    irrep                  6a"         7a"         8a"         9a"        10a"  
 eigenvalues H          0.09128     0.11898     0.15983     0.21719     0.26853
            eV           2.4838      3.2377      4.3493      5.9100      7.3071
 
 
 
 
 ==============================================================================
                           electrostatic moments
 ==============================================================================

 reference point for electrostatic moments:    0.00000   0.00000   0.00000

 
              nuc           elec       ->  total
 ------------------------------------------------------------------------------
                          charge      
 ------------------------------------------------------------------------------
          32.000000     -32.000000      -0.000000
 
 ------------------------------------------------------------------------------
                       dipole moment  
 ------------------------------------------------------------------------------
   x      35.222112     -36.453891      -1.231778
   y     -19.470180      20.165464       0.695285
   z       0.000000       0.000000       0.000000
 
   | dipole moment | =     1.4145 a.u. =     3.5952 debye 
 
 ------------------------------------------------------------------------------
                     quadrupole moment
 ------------------------------------------------------------------------------
  xx     131.906660    -151.828530     -19.921870
  yy      90.661231    -110.447024     -19.785793
  zz       5.650104     -21.757475     -16.107371
  xy     -31.933671      32.094244       0.160574
  xz       0.000000      -0.000000      -0.000000
  yz       0.000000       0.000000       0.000000
 
     1/3  trace=     -18.605011
     anisotropy=       3.758617
 
 ==============================================================================
 
HOMO-LUMO Separation
 HOMO         :   -0.32289178 H =     -8.78634 eV
 LUMO         :   -0.07548769 H =     -2.05413 eV
 HOMO-LUMO gap:    0.24740409 H =     +6.73221 eV
 
 ==============================================================================


    ------------------------------------------------------------------------
         total  cpu-time :  39.17 seconds
         total wall-time :  39.59 seconds
    ------------------------------------------------------------------------

   ****  dscf : all done  ****


    2023-10-26 15:57:47.511 

