
 escf (neshcl265) : TURBOMOLE rev. V7-7 compiled 19 Oct 2022 at 02:10:57
 Copyright (C) 2022 TURBOMOLE GmbH, Karlsruhe


    2023-10-26 15:57:48.193 




                                e s c f

                             TURBOMOLE GmbH

          integral direct evaluation of 

                    * excitation energies and transition moments 
                    * dynamic response properties 
                    * stabilities



          references (see also programs dscf and ridft) 
          implementation and benchmarks (review) 
          F. Furche and D. Rappoport,  
          "Density functional methods for excited states: 
          equilibrium structure and electronic spectra",
          ch. III of "Computational Photochemistry", ed. by 
          M. Olivucci, vol. 16 of "Theoretical and Computational 
          Chemistry", Elsevier, Amsterdam, 2005.



              +--------------------------------------------------+
              | Atomic coordinate, charge and isotop information |
              +--------------------------------------------------+

                    atomic coordinates            atom    charge  isotop
          1.39335214   -0.76295980    0.00000000    n      7.000     0
          1.28450387   -3.06825846    0.00000000    o      8.000     0
          3.32868181    0.49273279    0.00000000    o      8.000     0
         -1.08606004    0.62725172    0.00000000    c      6.000     0
         -0.69904605    2.63955976    0.00000000    h      1.000     0
         -2.11071586    0.03583699   -1.68078913    h      1.000     0
         -2.11071586    0.03583699    1.68078913    h      1.000     0
 
       center of nuclear mass  :    1.23393272   -0.68194914    0.00000000
       center of nuclear charge:    1.10069101   -0.60844312    0.00000000

              +--------------------------------------------------+
              |               basis set information              |
              +--------------------------------------------------+

              we will work with the 1s 3p 5d 7f 9g ... basis set
              ...i.e. with spherical basis functions...

   type   atoms  prim   cont   basis
   ---------------------------------------------------------------------------
    n        1     52     37   def2-TZVPD   [6s3p3d1f|12s6p3d1f]
    o        2     55     40   def2-TZVPD   [6s4p3d1f|12s7p3d1f]
    c        1     52     37   def2-TZVPD   [6s3p3d1f|12s6p3d1f]
    h        3     11      9   def2-TZVPD   [3s2p|5s2p]
   ---------------------------------------------------------------------------
   total:    7    247    181
   ---------------------------------------------------------------------------

   total number of primitive shells          :   74
   total number of contracted shells         :   69
   total number of cartesian basis functions :  205
   total number of SCF-basis functions       :  181


 residuum convergence criterium   :  0.10E-04


 integral neglect threshold       :  0.16E-10
 integral storage threshold THIZE :  0.10E-04
 integral storage threshold THIME :         5

 CI SINGLES TRIPLET-CALCULATION (TAMM-DANCOFF-APPROXIMATION)
 
             FOUND DFT-FLAG !
 

 maximum number of Davidson iterations set to   35


 symmetry group of the molecule :   cs

 the group has the following generators :
   c1(z)
   mirror plane sigma(xy)

    2 symmetry operations found

 there are 2 real representations :   a'   a"  

 maximum number of shells which are related by symmetry :  2

 IRREPs of excited states :   a'   a"  
  
           ------------------
           density functional
           ------------------
 PBE0 hybrid functional
 exchange:    3/4 (LDA+PBE) + 1/4 HF
 correlation: LDA (PW) + PBE
 spherical integration : Lebedev's spherical grid
 spherical gridsize    :                     5
    i.e. gridpoints    :                   590
  maximum batchsize    :                   100
 value for diffuse not defined
 radial integration    : Chebyshev 2nd kind (scaling 3)
 radial gridsize       :                     8
 integration cells     :                     6
 partition function    : becke
 partition sharpness   :                     3
  

 ----------------------------------------------------------------------
          some useful papers before it begins
 ----------------------------------------------------------------------

     nonorthonormal Krylov space methods 
     F. Furche, B. T. Krull, B. D. Nguyen, and J. Kwon, 
     J. Chem. Phys. 144, 174105 (2016).

     density functional implementation               
     R. Bauernschmitt and R. Ahlrichs,
     Chem. Phys. Lett. 256, 454 (1996).
     R. Bauernschmitt and R. Ahlrichs,
     J. Chem. Phys. 104, 9047 (1996).

     UHF extension (RPA and CIS)
     C. Ochsenfeld, J. Gauss, and R. Ahlrichs, 
     J. Chem. Phys. 103, 7401 (1995).

     integral direct algorithm                 
     H. Weiss, R. Ahlrichs, and M. Haeser, 
     J. Chem. Phys. 99, 1262 (1993).

 ----------------------------------------------------------------------

  MOs are in ASCII format !


    mo occupation :
   irrep   mo's   occupied
    a'     120       13
    a"      61        3
 
 number of basis functions   :   181
 number of occupied orbitals :    16
 

 reading orbital data $scfmo  from file mos
 orbital characterization : scfconv=8

 biggest AO integral is expected to be     7.998976882
 preparing DFT   numerical integration ....
          Overall gridpoints after grid construction =         60560

 Calculating ground state density on molecular grid

 Integral of ground state density: N =   32.00000090751670    


 all orbitals will be included in the transformation

 number of non-frozen orbitals          :   181
 number of non-frozen occupied orbitals :    16



 dimension of super-tensorspace: 1

          IRREP   tensor space dimension   number of roots

           a'               1565                     10
           a"               1075                     10

 machine precision: 2.22D-16


 logfile cist_a'   will be constructed



 logfile cist_a"   will be constructed




                       Nonorthonormal Krylov Space Iteration


 total number of roots to be determined: 20


 maximum core memory set to          500 MB,
 corresponding to     1521 vectors in CAO basis


 maximum number of simultaneously treated vectors (including degeneracy):       36


 Iteration IRREP Converged      Max. Euclidean
                 roots          residual norm

    1       a'       0        7.956993770567496D-02
            a"       0        6.443949033560686D-02
 
    2       a'       0        2.624825418224119D-02
            a"       0        6.028677084519561D-03
 
    3       a'       0        3.966924055258165D-03
            a"       0        3.428834403358272D-03
 
    4       a'       0        4.619636843154913D-04
            a"       0        7.737801619482618D-04
 
    5       a'       1        4.607231164291949D-05
            a"       3        1.035627295444147D-04
 
    6       a'      10        5.226450795170816D-06
            a"      10        9.675595897066288D-06
 

 converged!

 Eigenpairs written on logfile cist_a'  

 Eigenpairs written on logfile cist_a"  



 IRREP   Vector     Eigenvalue           Euclidean residual norm

  a'        1    1.315745787084355D-01    3.295253024202769D-06
            2    2.827531421363826D-01    2.699592579525942D-06
            3    2.835211421308466D-01    3.874872239960334D-06
            4    2.922923013732072D-01    9.351726811936320D-07
            5    3.218859947700389D-01    8.860773790997991D-07
            6    3.238723878517816D-01    3.432833597092536D-06
            7    3.366692120433578D-01    5.162914962874267D-06
            8    3.389492434874860D-01    3.265193276543876D-06
            9    3.468765969183323D-01    5.226450795170816D-06
           10    3.486798965668250D-01    2.526505134438919D-06

  a"        1    1.344727062867616D-01    1.145329122870040D-06
            2    1.485893207182581D-01    2.530466301834186D-06
            3    3.026230481940126D-01    4.399303072623684D-06
            4    3.168315001863139D-01    1.158400923092773D-06
            5    3.422075609625653D-01    1.157169883201850D-06
            6    3.431089177485717D-01    1.186310378726660D-06
            7    3.515714646768296D-01    8.961843236017754D-06
            8    3.570891112914099D-01    9.675595897066288D-06
            9    3.602837670452986D-01    3.171234162252925D-06
           10    3.644422910186328D-01    8.626278605222770D-06






                    Selection rules for point group cs  


 Subduction with respect to cs  :

    Polar vector representation: a', a"                      

    Axial vector representation: a', a"                      

    Symmetric second rank tensor representation: a', a"                      




                            Ground state


 Total energy:                           -244.8544912733000    

 Charge:

               elec          nuc         total

           -32.000000    32.000000    -0.000000


 Electric dipole moment:

               elec          nuc         total   

    x      -36.453891    35.222112    -1.231778    Norm:              1.414461
    y       20.165464   -19.470180     0.695285
    z        0.000000     0.000000     0.000000    Norm / debye:      3.595227


 Electric quadrupole moment:

               elec          nuc         total   

   xx     -151.828530   131.906660   -19.921870
   yy     -110.447024    90.661231   -19.785793    1/3*trace:       -18.605011
   zz      -21.757475     5.650104   -16.107371
   xy       32.094244   -31.933671     0.160574
   xz        0.000000     0.000000     0.000000    Anisotropy:        3.758617
   yz        0.000000     0.000000     0.000000



 ==============================================================================

                              I R R E P   a'  

 ==============================================================================


 Excitation is electric dipole allowed

 Excitation is magnetic dipole allowed

 Excitation is electric quadrupole allowed




                         1 triplet a' excitation


 Total energy:                           -244.7229166945916    

 Excitation energy:                      0.1315745787084355    

 Excitation energy / eV:                  3.580327987136086    

 Excitation energy / nm:                  346.2929777716919    

 Excitation energy / cm^(-1):             28877.28207154197    


 Oscillator strength:

    velocity representation:             0.8631979572718903    

    length representation:               0.3931920378666105    

    mixed representation:                0.5825825369194949    


 Rotatory strength:

    velocity representation:              0.000000000000000    

    velocity rep. / 10^(-40)erg*cm^3:     0.000000000000000    

    length representation:                0.000000000000000    

    length rep. / 10^(-40)erg*cm^3:       0.000000000000000    


 Dominant contributions:

      occ. orbital   energy / eV   virt. orbital     energy / eV   |coeff.|^2*100
        3 a"             -9.29           4 a"             -2.05       98.4
 

 S^2 expectation value:                     2.00000000


 Change of electron number:

             0.000000


 Electric transition dipole moment (velocity rep.):

    x        1.565272        Norm:                  3.137002
    y        2.718585
    z        0.000000        Norm / debye:          7.973525


 Electric transition dipole moment (length rep.):

    x        1.055194        Norm:                  2.117201
    y        1.835512
    z        0.000000        Norm / debye:          5.381428


 Magnetic transition dipole moment / i:

    x        0.000000        Norm:                  0.001957
    y        0.000000
    z        0.001957        Norm / Bohr mag.:      0.536262


 Electric quadrupole transition moment:

   xx        5.073858
   yy       -4.914621        1/3*trace:             0.044936
   zz       -0.024428
   xy        2.953012
   xz        0.000000        Anisotropy:           10.049823
   yz        0.000000




                         2 triplet a' excitation


 Total energy:                           -244.5717381311636    

 Excitation energy:                      0.2827531421363826    

 Excitation energy / eV:                  7.694107768985427    

 Excitation energy / nm:                  161.1418084189602    

 Excitation energy / cm^(-1):             62057.14144964718    


 Oscillator strength:

    velocity representation:             0.1297475329946377    

    length representation:               0.1004542130096243    

    mixed representation:                0.1141233231893086    


 Rotatory strength:

    velocity representation:              0.000000000000000    

    velocity rep. / 10^(-40)erg*cm^3:     0.000000000000000    

    length representation:                0.000000000000000    

    length rep. / 10^(-40)erg*cm^3:       0.000000000000000    


 Dominant contributions:

      occ. orbital   energy / eV   virt. orbital     energy / eV   |coeff.|^2*100
       13 a'             -8.79          14 a'              0.13       63.3
        2 a"            -12.37           4 a"             -2.05       28.2
 

 S^2 expectation value:                     2.00000000


 Change of electron number:

            -0.000000


 Electric transition dipole moment (velocity rep.):

    x       -0.751235        Norm:                  0.829643
    y        0.352072
    z        0.000000        Norm / debye:          2.108759


 Electric transition dipole moment (length rep.):

    x       -0.652384        Norm:                  0.730005
    y        0.327572
    z        0.000000        Norm / debye:          1.855502


 Magnetic transition dipole moment / i:

    x        0.000000        Norm:                  0.001874
    y        0.000000
    z        0.001874        Norm / Bohr mag.:      0.513511


 Electric quadrupole transition moment:

   xx       -0.958650
   yy       -1.747679        1/3*trace:            -0.707521
   zz        0.583765
   xy        0.239049
   xz        0.000000        Anisotropy:            2.095246
   yz        0.000000




                         3 triplet a' excitation


 Total energy:                           -244.5709701311692    

 Excitation energy:                      0.2835211421308466    

 Excitation energy / eV:                  7.715006121093344    

 Excitation energy / nm:                  160.7053086678533    

 Excitation energy / cm^(-1):             62225.69796480976    


 Oscillator strength:

    velocity representation:             0.2507832120190008    

    length representation:               0.1944502277281084    

    mixed representation:                0.2208252000628198    


 Rotatory strength:

    velocity representation:              0.000000000000000    

    velocity rep. / 10^(-40)erg*cm^3:     0.000000000000000    

    length representation:                0.000000000000000    

    length rep. / 10^(-40)erg*cm^3:       0.000000000000000    


 Dominant contributions:

      occ. orbital   energy / eV   virt. orbital     energy / eV   |coeff.|^2*100
        2 a"            -12.37           4 a"             -2.05       54.7
       13 a'             -8.79          14 a'              0.13       32.5
        1 a"            -15.69           4 a"             -2.05       10.2
 

 S^2 expectation value:                     2.00000000


 Change of electron number:

             0.000000


 Electric transition dipole moment (velocity rep.):

    x        1.105076        Norm:                  1.151866
    y       -0.324968
    z        0.000000        Norm / debye:          2.927775


 Electric transition dipole moment (length rep.):

    x        0.974415        Norm:                  1.014278
    y       -0.281561
    z        0.000000        Norm / debye:          2.578058


 Magnetic transition dipole moment / i:

    x        0.000000        Norm:                  0.001051
    y        0.000000
    z        0.001051        Norm / Bohr mag.:      0.288047


 Electric quadrupole transition moment:

   xx        1.796624
   yy        1.653178        1/3*trace:             1.035915
   zz       -0.342058
   xy       -0.094277
   xz        0.000000        Anisotropy:            2.077117
   yz        0.000000




                         4 triplet a' excitation


 Total energy:                           -244.5621989719268    

 Excitation energy:                      0.2922923013732072    

 Excitation energy / eV:                  7.953681610107376    

 Excitation energy / nm:                  155.8828352506740    

 Excitation energy / cm^(-1):             64150.74490033775    


 Oscillator strength:

    velocity representation:             0.1023653468161565    

    length representation:               0.8932712429435012E-01

    mixed representation:                0.9562418208307887E-01


 Rotatory strength:

    velocity representation:              0.000000000000000    

    velocity rep. / 10^(-40)erg*cm^3:     0.000000000000000    

    length representation:                0.000000000000000    

    length rep. / 10^(-40)erg*cm^3:       0.000000000000000    


 Dominant contributions:

      occ. orbital   energy / eV   virt. orbital     energy / eV   |coeff.|^2*100
       12 a'             -9.09          14 a'              0.13       95.9
 

 S^2 expectation value:                     2.00000000


 Change of electron number:

             0.000000


 Electric transition dipole moment (velocity rep.):

    x        0.648820        Norm:                  0.724792
    y       -0.323042
    z        0.000000        Norm / debye:          1.842252


 Electric transition dipole moment (length rep.):

    x        0.605671        Norm:                  0.677062
    y       -0.302616
    z        0.000000        Norm / debye:          1.720934


 Magnetic transition dipole moment / i:

    x        0.000000        Norm:                  0.000014
    y        0.000000
    z       -0.000014        Norm / Bohr mag.:      0.003924


 Electric quadrupole transition moment:

   xx        0.476965
   yy       -0.554691        1/3*trace:            -0.142811
   zz       -0.350707
   xy       -0.817197
   xz        0.000000        Anisotropy:            1.702619
   yz        0.000000




                         5 triplet a' excitation


 Total energy:                           -244.5326052785300    

 Excitation energy:                      0.3218859947700389    

 Excitation energy / eV:                  8.758967325262075    

 Excitation energy / nm:                  141.5512119207028    

 Excitation energy / cm^(-1):             70645.80982965641    


 Oscillator strength:

    velocity representation:             0.5452816336513867E-01

    length representation:               0.5052169460654907E-01

    mixed representation:                0.5248601829877814E-01


 Rotatory strength:

    velocity representation:              0.000000000000000    

    velocity rep. / 10^(-40)erg*cm^3:     0.000000000000000    

    length representation:                0.000000000000000    

    length rep. / 10^(-40)erg*cm^3:       0.000000000000000    


 Dominant contributions:

      occ. orbital   energy / eV   virt. orbital     energy / eV   |coeff.|^2*100
       13 a'             -8.79          15 a'              1.37       88.9
       13 a'             -8.79          17 a'              1.86        4.8
 

 S^2 expectation value:                     2.00000000


 Change of electron number:

            -0.000000


 Electric transition dipole moment (velocity rep.):

    x        0.280408        Norm:                  0.504086
    y        0.418897
    z        0.000000        Norm / debye:          1.281270


 Electric transition dipole moment (length rep.):

    x        0.267829        Norm:                  0.485214
    y        0.404599
    z        0.000000        Norm / debye:          1.233301


 Magnetic transition dipole moment / i:

    x        0.000000        Norm:                  0.004973
    y        0.000000
    z        0.004973        Norm / Bohr mag.:      1.362899


 Electric quadrupole transition moment:

   xx        0.177858
   yy       -0.110360        1/3*trace:             0.027101
   zz        0.013805
   xy        0.172095
   xz        0.000000        Anisotropy:            0.389294
   yz        0.000000




                         6 triplet a' excitation


 Total energy:                           -244.5306188854482    

 Excitation energy:                      0.3238723878517816    

 Excitation energy / eV:                  8.813019854358723    

 Excitation energy / nm:                  140.6830417443670    

 Excitation energy / cm^(-1):             71081.77271769693    


 Oscillator strength:

    velocity representation:             0.2424609108453302    

    length representation:               0.1995360654063358    

    mixed representation:                0.2199534126539358    


 Rotatory strength:

    velocity representation:              0.000000000000000    

    velocity rep. / 10^(-40)erg*cm^3:     0.000000000000000    

    length representation:                0.000000000000000    

    length rep. / 10^(-40)erg*cm^3:       0.000000000000000    


 Dominant contributions:

      occ. orbital   energy / eV   virt. orbital     energy / eV   |coeff.|^2*100
       12 a'             -9.09          15 a'              1.37       75.6
       12 a'             -9.09          17 a'              1.86       12.1
       13 a'             -8.79          16 a'              1.57        4.5
 

 S^2 expectation value:                     2.00000000


 Change of electron number:

             0.000000


 Electric transition dipole moment (velocity rep.):

    x       -0.917156        Norm:                  1.059692
    y        0.530822
    z        0.000000        Norm / debye:          2.693488


 Electric transition dipole moment (length rep.):

    x       -0.832977        Norm:                  0.961323
    y        0.479887
    z        0.000000        Norm / debye:          2.443458


 Magnetic transition dipole moment / i:

    x        0.000000        Norm:                  0.000031
    y        0.000000
    z       -0.000031        Norm / Bohr mag.:      0.008417


 Electric quadrupole transition moment:

   xx        0.588532
   yy       -0.971028        1/3*trace:            -0.088505
   zz        0.116982
   xy       -1.368712
   xz        0.000000        Anisotropy:            2.745777
   yz        0.000000




                         7 triplet a' excitation


 Total energy:                           -244.5178220612567    

 Excitation energy:                      0.3366692120433578    

 Excitation energy / eV:                  9.161239307153545    

 Excitation energy / nm:                  135.3356678606303    

 Excitation energy / cm^(-1):             73890.35098127596    


 Oscillator strength:

    velocity representation:             0.3161590804237051E-01

    length representation:               0.2659458661378575E-01

    mixed representation:                0.2899620667719534E-01


 Rotatory strength:

    velocity representation:              0.000000000000000    

    velocity rep. / 10^(-40)erg*cm^3:     0.000000000000000    

    length representation:                0.000000000000000    

    length rep. / 10^(-40)erg*cm^3:       0.000000000000000    


 Dominant contributions:

      occ. orbital   energy / eV   virt. orbital     energy / eV   |coeff.|^2*100
       13 a'             -8.79          16 a'              1.57       85.9
       12 a'             -9.09          17 a'              1.86        5.2
 

 S^2 expectation value:                     2.00000000


 Change of electron number:

             0.000000


 Electric transition dipole moment (velocity rep.):

    x       -0.285815        Norm:                  0.375316
    y        0.243252
    z        0.000000        Norm / debye:          0.953965


 Electric transition dipole moment (length rep.):

    x       -0.263509        Norm:                  0.344224
    y        0.221479
    z        0.000000        Norm / debye:          0.874936


 Magnetic transition dipole moment / i:

    x        0.000000        Norm:                  0.000131
    y        0.000000
    z        0.000131        Norm / Bohr mag.:      0.035823


 Electric quadrupole transition moment:

   xx       -0.752620
   yy        0.281058        1/3*trace:            -0.181084
   zz       -0.071689
   xy        0.978184
   xz        0.000000        Anisotropy:            1.923233
   yz        0.000000




                         8 triplet a' excitation


 Total energy:                           -244.5155420298125    

 Excitation energy:                      0.3389492434874860    

 Excitation energy / eV:                  9.223282146059775    

 Excitation energy / nm:                  134.4252968119759    

 Excitation energy / cm^(-1):             74390.76004046037    


 Oscillator strength:

    velocity representation:             0.2405166507437543E-01

    length representation:               0.1714062833858837E-01

    mixed representation:                0.2029083163049419E-01


 Rotatory strength:

    velocity representation:              0.000000000000000    

    velocity rep. / 10^(-40)erg*cm^3:     0.000000000000000    

    length representation:                0.000000000000000    

    length rep. / 10^(-40)erg*cm^3:       0.000000000000000    


 Dominant contributions:

      occ. orbital   energy / eV   virt. orbital     energy / eV   |coeff.|^2*100
       13 a'             -8.79          17 a'              1.86       83.5
       13 a'             -8.79          15 a'              1.37        4.4
       13 a'             -8.79          18 a'              2.29        2.1
       12 a'             -9.09          18 a'              2.29        1.5
 

 S^2 expectation value:                     2.00000000


 Change of electron number:

            -0.000000


 Electric transition dipole moment (velocity rep.):

    x        0.233610        Norm:                  0.326250
    y        0.227740
    z        0.000000        Norm / debye:          0.829252


 Electric transition dipole moment (length rep.):

    x        0.204058        Norm:                  0.275418
    y        0.184974
    z        0.000000        Norm / debye:          0.700047


 Magnetic transition dipole moment / i:

    x        0.000000        Norm:                  0.001397
    y        0.000000
    z       -0.001397        Norm / Bohr mag.:      0.383011


 Electric quadrupole transition moment:

   xx        0.100100
   yy        0.140008        1/3*trace:             0.031124
   zz       -0.146736
   xy       -0.234736
   xz        0.000000        Anisotropy:            0.487519
   yz        0.000000




                         9 triplet a' excitation


 Total energy:                           -244.5076146763817    

 Excitation energy:                      0.3468765969183323    

 Excitation energy / eV:                  9.438996500846143    

 Excitation energy / nm:                  131.3532047557746    

 Excitation energy / cm^(-1):             76130.61300712376    


 Oscillator strength:

    velocity representation:             0.1010598787324594    

    length representation:               0.8506701663151690E-01

    mixed representation:                0.9271784756794589E-01


 Rotatory strength:

    velocity representation:              0.000000000000000    

    velocity rep. / 10^(-40)erg*cm^3:     0.000000000000000    

    length representation:                0.000000000000000    

    length rep. / 10^(-40)erg*cm^3:       0.000000000000000    


 Dominant contributions:

      occ. orbital   energy / eV   virt. orbital     energy / eV   |coeff.|^2*100
       12 a'             -9.09          17 a'              1.86       64.4
       12 a'             -9.09          15 a'              1.37       16.3
       13 a'             -8.79          18 a'              2.29        7.0
       13 a'             -8.79          16 a'              1.57        3.6
 

 S^2 expectation value:                     2.00000000


 Change of electron number:

             0.000000


 Electric transition dipole moment (velocity rep.):

    x       -0.559180        Norm:                  0.661070
    y        0.352606
    z        0.000000        Norm / debye:          1.680285


 Electric transition dipole moment (length rep.):

    x       -0.514812        Norm:                  0.606511
    y        0.320662
    z        0.000000        Norm / debye:          1.541609


 Magnetic transition dipole moment / i:

    x        0.000000        Norm:                  0.000417
    y        0.000000
    z       -0.000417        Norm / Bohr mag.:      0.114408


 Electric quadrupole transition moment:

   xx       -3.049333
   yy       -1.587416        1/3*trace:            -1.834567
   zz       -0.866951
   xy        1.013699
   xz        0.000000        Anisotropy:            2.606202
   yz        0.000000




                        10 triplet a' excitation


 Total energy:                           -244.5058113767332    

 Excitation energy:                      0.3486798965668250    

 Excitation energy / eV:                  9.488066801994497    

 Excitation energy / nm:                  130.6738733968499    

 Excitation energy / cm^(-1):             76526.39153151811    


 Oscillator strength:

    velocity representation:             0.2356878106189858E-01

    length representation:               0.1986472533141640E-01

    mixed representation:                0.2163665828379482E-01


 Rotatory strength:

    velocity representation:              0.000000000000000    

    velocity rep. / 10^(-40)erg*cm^3:     0.000000000000000    

    length representation:                0.000000000000000    

    length rep. / 10^(-40)erg*cm^3:       0.000000000000000    


 Dominant contributions:

      occ. orbital   energy / eV   virt. orbital     energy / eV   |coeff.|^2*100
       12 a'             -9.09          16 a'              1.57       88.3
       13 a'             -8.79          18 a'              2.29        4.5
 

 S^2 expectation value:                     2.00000000


 Change of electron number:

             0.000000


 Electric transition dipole moment (velocity rep.):

    x       -0.160110        Norm:                  0.318420
    y       -0.275239
    z        0.000000        Norm / debye:          0.809350


 Electric transition dipole moment (length rep.):

    x       -0.144580        Norm:                  0.292330
    y       -0.254074
    z        0.000000        Norm / debye:          0.743034


 Magnetic transition dipole moment / i:

    x        0.000000        Norm:                  0.000284
    y        0.000000
    z       -0.000284        Norm / Bohr mag.:      0.077782


 Electric quadrupole transition moment:

   xx        1.081775
   yy       -0.664181        1/3*trace:             0.251355
   zz        0.336471
   xy        0.459506
   xz        0.000000        Anisotropy:            1.713478
   yz        0.000000



 ==============================================================================

                              I R R E P   a"  

 ==============================================================================


 Excitation is electric dipole allowed

 Excitation is magnetic dipole allowed

 Excitation is electric quadrupole allowed




                         1 triplet a" excitation


 Total energy:                           -244.7200185670132    

 Excitation energy:                      0.1344727062867616    

 Excitation energy / eV:                  3.659190084821119    

 Excitation energy / nm:                  338.8297441031390    

 Excitation energy / cm^(-1):             29513.34755151657    


 Oscillator strength:

    velocity representation:             0.2171200794469232E-03

    length representation:               0.1072683166662012E-03

    mixed representation:                0.1526109610634286E-03


 Rotatory strength:

    velocity representation:              0.000000000000000    

    velocity rep. / 10^(-40)erg*cm^3:     0.000000000000000    

    length representation:                0.000000000000000    

    length rep. / 10^(-40)erg*cm^3:       0.000000000000000    


 Dominant contributions:

      occ. orbital   energy / eV   virt. orbital     energy / eV   |coeff.|^2*100
       13 a'             -8.79           4 a"             -2.05       98.4
 

 S^2 expectation value:                     2.00000000


 Change of electron number:

             0.000000


 Electric transition dipole moment (velocity rep.):

    x        0.000000        Norm:                  0.049213
    y        0.000000
    z        0.049213        Norm / debye:          0.125088


 Electric transition dipole moment (length rep.):

    x        0.000000        Norm:                  0.034591
    y        0.000000
    z        0.034591        Norm / debye:          0.087922


 Magnetic transition dipole moment / i:

    x        0.002041        Norm:                  0.002203
    y       -0.000829
    z        0.000000        Norm / Bohr mag.:      0.603721


 Electric quadrupole transition moment:

   xx        0.000000
   yy        0.000000        1/3*trace:             0.000000
   zz        0.000000
   xy        0.000000
   xz        0.000688        Anisotropy:            0.480558
   yz        0.277450




                         2 triplet a" excitation


 Total energy:                           -244.7059019525817    

 Excitation energy:                      0.1485893207182581    

 Excitation energy / eV:                  4.043322872695711    

 Excitation energy / nm:                  306.6394841819970    

 Excitation energy / cm^(-1):             32611.58629060357    


 Oscillator strength:

    velocity representation:             0.2998100302803128E-03

    length representation:               0.1880354804366951E-03

    mixed representation:                0.2374340394372692E-03


 Rotatory strength:

    velocity representation:              0.000000000000000    

    velocity rep. / 10^(-40)erg*cm^3:     0.000000000000000    

    length representation:                0.000000000000000    

    length rep. / 10^(-40)erg*cm^3:       0.000000000000000    


 Dominant contributions:

      occ. orbital   energy / eV   virt. orbital     energy / eV   |coeff.|^2*100
       12 a'             -9.09           4 a"             -2.05       98.8
 

 S^2 expectation value:                     2.00000000


 Change of electron number:

             0.000000


 Electric transition dipole moment (velocity rep.):

    x        0.000000        Norm:                  0.055014
    y        0.000000
    z        0.055014        Norm / debye:          0.139833


 Electric transition dipole moment (length rep.):

    x        0.000000        Norm:                  0.043568
    y        0.000000
    z        0.043568        Norm / debye:          0.110741


 Magnetic transition dipole moment / i:

    x        0.002252        Norm:                  0.004821
    y        0.004262
    z        0.000000        Norm / Bohr mag.:      1.321214


 Electric quadrupole transition moment:

   xx        0.000000
   yy        0.000000        1/3*trace:             0.000000
   zz        0.000000
   xy        0.000000
   xz       -0.778931        Anisotropy:            1.472905
   yz        0.341199




                         3 triplet a" excitation


 Total energy:                           -244.5518682251060    

 Excitation energy:                      0.3026230481940126    

 Excitation energy / eV:                  8.234795654580280    

 Excitation energy / nm:                  150.5614094230826    

 Excitation energy / cm^(-1):             66418.08174368922    


 Oscillator strength:

    velocity representation:             0.3527571098860653E-04

    length representation:               0.3055941476104057E-04

    mixed representation:                0.3283298772715367E-04


 Rotatory strength:

    velocity representation:              0.000000000000000    

    velocity rep. / 10^(-40)erg*cm^3:     0.000000000000000    

    length representation:                0.000000000000000    

    length rep. / 10^(-40)erg*cm^3:       0.000000000000000    


 Dominant contributions:

      occ. orbital   energy / eV   virt. orbital     energy / eV   |coeff.|^2*100
        3 a"             -9.29          14 a'              0.13       95.5
 

 S^2 expectation value:                     2.00000000


 Change of electron number:

             0.000000


 Electric transition dipole moment (velocity rep.):

    x        0.000000        Norm:                  0.013223
    y        0.000000
    z        0.013223        Norm / debye:          0.033610


 Electric transition dipole moment (length rep.):

    x        0.000000        Norm:                  0.012307
    y        0.000000
    z        0.012307        Norm / debye:          0.031283


 Magnetic transition dipole moment / i:

    x        0.001699        Norm:                  0.001854
    y       -0.000741
    z        0.000000        Norm / Bohr mag.:      0.508042


 Electric quadrupole transition moment:

   xx        0.000000
   yy        0.000000        1/3*trace:             0.000000
   zz        0.000000
   xy        0.000000
   xz        0.498045        Anisotropy:            2.037772
   yz        1.065891




                         4 triplet a" excitation


 Total energy:                           -244.5376597731137    

 Excitation energy:                      0.3168315001863139    

 Excitation energy / eV:                  8.621427470705216    

 Excitation energy / nm:                  143.8094148883754    

 Excitation energy / cm^(-1):             69536.47649751823    


 Oscillator strength:

    velocity representation:             0.1205715297503923E-01

    length representation:               0.9202000312101123E-02

    mixed representation:                0.1053327705129614E-01


 Rotatory strength:

    velocity representation:              0.000000000000000    

    velocity rep. / 10^(-40)erg*cm^3:     0.000000000000000    

    length representation:                0.000000000000000    

    length rep. / 10^(-40)erg*cm^3:       0.000000000000000    


 Dominant contributions:

      occ. orbital   energy / eV   virt. orbital     energy / eV   |coeff.|^2*100
       11 a'            -12.85           4 a"             -2.05       79.6
       10 a'            -14.95           4 a"             -2.05       18.0
 

 S^2 expectation value:                     2.00000000


 Change of electron number:

             0.000000


 Electric transition dipole moment (velocity rep.):

    x        0.000000        Norm:                  0.238921
    y        0.000000
    z       -0.238921        Norm / debye:          0.607281


 Electric transition dipole moment (length rep.):

    x        0.000000        Norm:                  0.208724
    y        0.000000
    z       -0.208724        Norm / debye:          0.530528


 Magnetic transition dipole moment / i:

    x        0.003596        Norm:                  0.004237
    y       -0.002241
    z        0.000000        Norm / Bohr mag.:      1.161292


 Electric quadrupole transition moment:

   xx        0.000000
   yy        0.000000        1/3*trace:             0.000000
   zz        0.000000
   xy        0.000000
   xz        0.939835        Anisotropy:            2.182560
   yz        0.839384




                         5 triplet a" excitation


 Total energy:                           -244.5122837123374    

 Excitation energy:                      0.3422075609625653    

 Excitation energy / eV:                  9.311945513721790    

 Excitation energy / nm:                  133.1453709901643    

 Excitation energy / cm^(-1):             75105.87806500675    


 Oscillator strength:

    velocity representation:             0.1301709658823228E-02

    length representation:               0.9680922524214183E-03

    mixed representation:                0.1122575180381650E-02


 Rotatory strength:

    velocity representation:              0.000000000000000    

    velocity rep. / 10^(-40)erg*cm^3:     0.000000000000000    

    length representation:                0.000000000000000    

    length rep. / 10^(-40)erg*cm^3:       0.000000000000000    


 Dominant contributions:

      occ. orbital   energy / eV   virt. orbital     energy / eV   |coeff.|^2*100
       13 a'             -8.79           5 a"              1.81       87.4
        3 a"             -9.29          15 a'              1.37        6.0
 

 S^2 expectation value:                     2.00000000


 Change of electron number:

             0.000000


 Electric transition dipole moment (velocity rep.):

    x        0.000000        Norm:                  0.075537
    y        0.000000
    z       -0.075537        Norm / debye:          0.191997


 Electric transition dipole moment (length rep.):

    x        0.000000        Norm:                  0.065142
    y        0.000000
    z       -0.065142        Norm / debye:          0.165575


 Magnetic transition dipole moment / i:

    x       -0.000393        Norm:                  0.000445
    y       -0.000207
    z        0.000000        Norm / Bohr mag.:      0.121906


 Electric quadrupole transition moment:

   xx        0.000000
   yy        0.000000        1/3*trace:             0.000000
   zz        0.000000
   xy        0.000000
   xz        0.032379        Anisotropy:            0.322243
   yz       -0.183208




                         6 triplet a" excitation


 Total energy:                           -244.5113823555514    

 Excitation energy:                      0.3431089177485717    

 Excitation energy / eV:                  9.336472690316327    

 Excitation energy / nm:                  132.7955943523117    

 Excitation energy / cm^(-1):             75303.70301274445    


 Oscillator strength:

    velocity representation:             0.4499214359791453E-03

    length representation:               0.4261194029093712E-03

    mixed representation:                0.4378587142624436E-03


 Rotatory strength:

    velocity representation:              0.000000000000000    

    velocity rep. / 10^(-40)erg*cm^3:     0.000000000000000    

    length representation:                0.000000000000000    

    length rep. / 10^(-40)erg*cm^3:       0.000000000000000    


 Dominant contributions:

      occ. orbital   energy / eV   virt. orbital     energy / eV   |coeff.|^2*100
        3 a"             -9.29          15 a'              1.37       84.6
       13 a'             -8.79           5 a"              1.81        6.0
 

 S^2 expectation value:                     2.00000000


 Change of electron number:

             0.000000


 Electric transition dipole moment (velocity rep.):

    x        0.000000        Norm:                  0.044350
    y        0.000000
    z        0.044350        Norm / debye:          0.112728


 Electric transition dipole moment (length rep.):

    x        0.000000        Norm:                  0.043161
    y        0.000000
    z        0.043161        Norm / debye:          0.109706


 Magnetic transition dipole moment / i:

    x       -0.001401        Norm:                  0.001470
    y        0.000445
    z        0.000000        Norm / Bohr mag.:      0.402875


 Electric quadrupole transition moment:

   xx        0.000000
   yy        0.000000        1/3*trace:             0.000000
   zz        0.000000
   xy        0.000000
   xz       -0.499820        Anisotropy:            1.577761
   yz       -0.761548




                         7 triplet a" excitation


 Total energy:                           -244.5029198086232    

 Excitation energy:                      0.3515714646768296    

 Excitation energy / eV:                  9.566750407388371    

 Excitation energy / nm:                  129.5991206279571    

 Excitation energy / cm^(-1):             77161.01737460528    


 Oscillator strength:

    velocity representation:             0.3005169085162442E-02

    length representation:               0.2353779605252145E-02

    mixed representation:                0.2659606306014032E-02


 Rotatory strength:

    velocity representation:              0.000000000000000    

    velocity rep. / 10^(-40)erg*cm^3:     0.000000000000000    

    length representation:                0.000000000000000    

    length rep. / 10^(-40)erg*cm^3:       0.000000000000000    


 Dominant contributions:

      occ. orbital   energy / eV   virt. orbital     energy / eV   |coeff.|^2*100
       12 a'             -9.09           5 a"              1.81       87.3
       13 a'             -8.79           6 a"              2.48        7.3
 

 S^2 expectation value:                     2.00000000


 Change of electron number:

             0.000000


 Electric transition dipole moment (velocity rep.):

    x        0.000000        Norm:                  0.113233
    y        0.000000
    z        0.113233        Norm / debye:          0.287812


 Electric transition dipole moment (length rep.):

    x        0.000000        Norm:                  0.100212
    y        0.000000
    z        0.100212        Norm / debye:          0.254717


 Magnetic transition dipole moment / i:

    x       -0.000146        Norm:                  0.000149
    y       -0.000028
    z        0.000000        Norm / Bohr mag.:      0.040743


 Electric quadrupole transition moment:

   xx        0.000000
   yy        0.000000        1/3*trace:             0.000000
   zz        0.000000
   xy        0.000000
   xz       -0.962368        Anisotropy:            1.814037
   yz        0.413229




                         8 triplet a" excitation


 Total energy:                           -244.4974021620086    

 Excitation energy:                      0.3570891112914099    

 Excitation energy / eV:                  9.716893275343775    

 Excitation energy / nm:                  127.5965892525272    

 Excitation energy / cm^(-1):             78372.00082767340    


 Oscillator strength:

    velocity representation:             0.1072082617767847E-01

    length representation:               0.1233685938872447E-01

    mixed representation:                0.1150049238445797E-01


 Rotatory strength:

    velocity representation:              0.000000000000000    

    velocity rep. / 10^(-40)erg*cm^3:     0.000000000000000    

    length representation:                0.000000000000000    

    length rep. / 10^(-40)erg*cm^3:       0.000000000000000    


 Dominant contributions:

      occ. orbital   energy / eV   virt. orbital     energy / eV   |coeff.|^2*100
        3 a"             -9.29          16 a'              1.57       93.8
 

 S^2 expectation value:                     2.00000000


 Change of electron number:

             0.000000


 Electric transition dipole moment (velocity rep.):

    x        0.000000        Norm:                  0.212213
    y        0.000000
    z        0.212213        Norm / debye:          0.539395


 Electric transition dipole moment (length rep.):

    x        0.000000        Norm:                  0.227646
    y        0.000000
    z        0.227646        Norm / debye:          0.578622


 Magnetic transition dipole moment / i:

    x       -0.000690        Norm:                  0.001092
    y       -0.000847
    z        0.000000        Norm / Bohr mag.:      0.299397


 Electric quadrupole transition moment:

   xx        0.000000
   yy        0.000000        1/3*trace:             0.000000
   zz        0.000000
   xy        0.000000
   xz        0.788305        Anisotropy:            1.425140
   yz       -0.235762




                         9 triplet a" excitation


 Total energy:                           -244.4942075062547    

 Excitation energy:                      0.3602837670452986    

 Excitation energy / eV:                  9.803824318689612    

 Excitation energy / nm:                  126.4651833571822    

 Excitation energy / cm^(-1):             79073.14671947176    


 Oscillator strength:

    velocity representation:             0.9438442765014112E-03

    length representation:               0.1012375656438876E-02

    mixed representation:                0.9775095748887541E-03


 Rotatory strength:

    velocity representation:              0.000000000000000    

    velocity rep. / 10^(-40)erg*cm^3:     0.000000000000000    

    length representation:                0.000000000000000    

    length rep. / 10^(-40)erg*cm^3:       0.000000000000000    


 Dominant contributions:

      occ. orbital   energy / eV   virt. orbital     energy / eV   |coeff.|^2*100
        3 a"             -9.29          17 a'              1.86       89.5
        3 a"             -9.29          15 a'              1.37        2.5
 

 S^2 expectation value:                     2.00000000


 Change of electron number:

             0.000000


 Electric transition dipole moment (velocity rep.):

    x        0.000000        Norm:                  0.062686
    y        0.000000
    z        0.062686        Norm / debye:          0.159334


 Electric transition dipole moment (length rep.):

    x        0.000000        Norm:                  0.064922
    y        0.000000
    z        0.064922        Norm / debye:          0.165017


 Magnetic transition dipole moment / i:

    x       -0.000515        Norm:                  0.000550
    y        0.000191
    z        0.000000        Norm / Bohr mag.:      0.150619


 Electric quadrupole transition moment:

   xx        0.000000
   yy        0.000000        1/3*trace:             0.000000
   zz        0.000000
   xy        0.000000
   xz       -0.078727        Anisotropy:            0.879952
   yz       -0.501904




                        10 triplet a" excitation


 Total energy:                           -244.4900489822814    

 Excitation energy:                      0.3644422910186328    

 Excitation energy / eV:                  9.916983562010451    

 Excitation energy / nm:                  125.0221332234751    

 Excitation energy / cm^(-1):             79985.83723277638    


 Oscillator strength:

    velocity representation:             0.2544407053719233E-01

    length representation:               0.1970431616022595E-01

    mixed representation:                0.2239102521699102E-01


 Rotatory strength:

    velocity representation:              0.000000000000000    

    velocity rep. / 10^(-40)erg*cm^3:     0.000000000000000    

    length representation:                0.000000000000000    

    length rep. / 10^(-40)erg*cm^3:       0.000000000000000    


 Dominant contributions:

      occ. orbital   energy / eV   virt. orbital     energy / eV   |coeff.|^2*100
       10 a'            -14.95           4 a"             -2.05       74.6
       11 a'            -12.85           4 a"             -2.05       16.4
 

 S^2 expectation value:                     2.00000000


 Change of electron number:

             0.000000


 Electric transition dipole moment (velocity rep.):

    x        0.000000        Norm:                  0.323612
    y        0.000000
    z       -0.323612        Norm / debye:          0.822546


 Electric transition dipole moment (length rep.):

    x        0.000000        Norm:                  0.284782
    y        0.000000
    z       -0.284782        Norm / debye:          0.723848


 Magnetic transition dipole moment / i:

    x       -0.003733        Norm:                  0.004091
    y        0.001675
    z        0.000000        Norm / Bohr mag.:      1.121365


 Electric quadrupole transition moment:

   xx        0.000000
   yy        0.000000        1/3*trace:             0.000000
   zz        0.000000
   xy        0.000000
   xz        0.078655        Anisotropy:            1.500077
   yz       -0.862491

 SUMMARY OF EXCITATION ENERGIES AND DIPOLE OSCILLATOR STRENGTHS (velocity/length):

 -----------------------------------------------------------------------------------------------
 |    Exc.   | energy (Eh) | energy (eV) | energy (cm-1) | energy (nm) | Osc.(vel) | Osc.(len) |
 -----------------------------------------------------------------------------------------------
 |     1 a'  |    0.131575 |     3.58033 |     28877.282 |     346.293 |   0.86320 |   0.39319 |
 |     2 a'  |    0.282753 |     7.69410 |     62057.141 |     161.142 |   0.12975 |   0.10045 |
 |     3 a'  |    0.283521 |     7.71500 |     62225.698 |     160.705 |   0.25078 |   0.19445 |
 |     4 a'  |    0.292292 |     7.95368 |     64150.745 |     155.883 |   0.10237 |   0.08933 |
 |     5 a'  |    0.321886 |     8.75896 |     70645.810 |     141.551 |   0.05453 |   0.05052 |
 |     6 a'  |    0.323872 |     8.81302 |     71081.773 |     140.683 |   0.24246 |   0.19954 |
 |     7 a'  |    0.336669 |     9.16124 |     73890.351 |     135.336 |   0.03162 |   0.02659 |
 |     8 a'  |    0.338949 |     9.22328 |     74390.760 |     134.425 |   0.02405 |   0.01714 |
 |     9 a'  |    0.346877 |     9.43899 |     76130.613 |     131.353 |   0.10106 |   0.08507 |
 |    10 a'  |    0.348680 |     9.48806 |     76526.392 |     130.674 |   0.02357 |   0.01986 |
 -----------------------------------------------------------------------------------------------


 -----------------------------------------------------------------------------------------------
 |    Exc.   | energy (Eh) | energy (eV) | energy (cm-1) | energy (nm) | Osc.(vel) | Osc.(len) |
 -----------------------------------------------------------------------------------------------
 |     1 a"  |    0.134473 |     3.65919 |     29513.348 |     338.830 |   0.00022 |   0.00011 |
 |     2 a"  |    0.148589 |     4.04332 |     32611.586 |     306.639 |   0.00030 |   0.00019 |
 |     3 a"  |    0.302623 |     8.23479 |     66418.082 |     150.561 |   0.00004 |   0.00003 |
 |     4 a"  |    0.316832 |     8.62142 |     69536.476 |     143.809 |   0.01206 |   0.00920 |
 |     5 a"  |    0.342208 |     9.31194 |     75105.878 |     133.145 |   0.00130 |   0.00097 |
 |     6 a"  |    0.343109 |     9.33647 |     75303.703 |     132.796 |   0.00045 |   0.00043 |
 |     7 a"  |    0.351571 |     9.56675 |     77161.017 |     129.599 |   0.00301 |   0.00235 |
 |     8 a"  |    0.357089 |     9.71689 |     78372.001 |     127.597 |   0.01072 |   0.01234 |
 |     9 a"  |    0.360284 |     9.80382 |     79073.147 |     126.465 |   0.00094 |   0.00101 |
 |    10 a"  |    0.364442 |     9.91698 |     79985.837 |     125.022 |   0.02544 |   0.01970 |
 -----------------------------------------------------------------------------------------------




    ------------------------------------------------------------------------
         total  cpu-time :  2 minutes and 37 seconds
         total wall-time :  2 minutes and 38 seconds
    ------------------------------------------------------------------------

   ****  escf : all done  ****


    2023-10-26 16:00:26.348 

