
Slurm Job Summary
*****************
- General information:
    date = Mon Oct 16 13:23:22 CEST 2023
    hostname = neshcl169
- Job information:
    JobId = 8867075
    JobName = dithiosuccimid
    UserId = suphc355(743340)
    Account = suphc355
    Partition = cluster
    QOS = normal
    NodeList = neshcl169
    Features = (null)
    Command = /gxfs_work1/cau/suphc355/benchmark_pbe0/pbe0_bm_tm/sing/dithiosuccinimid/run.sh
    WorkDir = /gxfs_work1/cau/suphc355/benchmark_pbe0/pbe0_bm_tm/sing/dithiosuccinimid
    StdOut = /gxfs_work1/cau/suphc355/benchmark_pbe0/pbe0_bm_tm/sing/dithiosuccinimid/batch.out
    StdErr = /gxfs_work1/cau/suphc355/benchmark_pbe0/pbe0_bm_tm/sing/dithiosuccinimid/batch.err
- Requested resources:
    Timelimit = 08:00:00 ( 28800s )
    MinMemoryNode = 32G ( 32768.000M )
    NumNodes = 1
    NumCPUs = 32
    NumTasks = 16
    CPUs/Task = 2
    TresPerNode = 
- Used resources:
    RunTime = 00:10:45 ( 645s )
    MaxRSS = 142964K ( 139.613M )
====================
- Important conclusions and remarks:
    * !!! Please, always check if the number of requested cores and nodes matches the need of your program/code !!!
    * !!! Less than 10% of requested walltime used !!! Please, adapt your batch script.
    * !!! Less than 10% of requested main memory used !!! Please, adapt your batch script.

