
 dscf (neshcl169) : TURBOMOLE rev. V7.5.0 compiled 13 Jun 2020 at 23:29:25
 Copyright (C) 2020 TURBOMOLE GmbH, Karlsruhe


    2023-10-16 13:12:40.509 



                             d s c f - program

                   idea & directorship : reinhart ahlrichs
                   program development : marco haeser
                                         michael baer
                           dft version : oliver treutler


                          quantum chemistry group
                          universitaet  karlsruhe
                                  germany



   *-----------------------------------------------------------------------*
   |                     program will use  1 thread(s)                     |
   *-----------------------------------------------------------------------*


              +--------------------------------------------------+
              | Atomic coordinate, charge and isotop information |
              +--------------------------------------------------+

                    atomic coordinates            atom    charge  isotop
          0.00000000   -1.45666900   -1.66620418    c      6.000     0
          0.00000000   -2.21034538    1.10066498    c      6.000     0
          0.00000000    0.00000000    2.46084367    n      7.000     0
          0.00000000    2.21034538    1.10066498    c      6.000     0
          0.00000000    1.45666900   -1.66620418    c      6.000     0
          0.00000000    5.04724274    2.32512196    s     16.000     0
          0.00000000   -5.04724274    2.32512196    s     16.000     0
          0.00000000    0.00000000    4.37458630    h      1.000     0
          1.65477053   -2.26812361   -2.58864887    h      1.000     0
         -1.65477053   -2.26812361   -2.58864887    h      1.000     0
         -1.65477053    2.26812361   -2.58864887    h      1.000     0
          1.65477053    2.26812361   -2.58864887    h      1.000     0
 
       center of nuclear mass  :    0.00000000    0.00000000    1.24951654
       center of nuclear charge:    0.00000000    0.00000000    1.15975483

              +--------------------------------------------------+
              |               basis set information              |
              +--------------------------------------------------+

              we will work with the 1s 3p 5d 7f 9g ... basis set
              ...i.e. with spherical basis functions...

   type   atoms  prim   cont   basis
   ---------------------------------------------------------------------------
    c        4     46     31   def2-TZVP   [5s3p2d1f|11s6p2d1f]
    n        1     46     31   def2-TZVP   [5s3p2d1f|11s6p2d1f]
    s        2     63     42   def2-TZVPP   [5s5p3d1f|14s9p3d1f]
    h        5      8      6   def2-TZVP   [3s1p|5s1p]
   ---------------------------------------------------------------------------
   total:   12    396    269
   ---------------------------------------------------------------------------

   total number of primitive shells          :   73
   total number of contracted shells         :  103
   total number of cartesian basis functions :  306
   total number of SCF-basis functions       :  269


 integral neglect threshold       :  0.11E-11
 integral storage threshold THIZE :  0.10E-04
 integral storage threshold THIME :         5


 DENSITY CONVERGENCE CHECK SWITCHED ON !
 SCF CONVERGENCE IF RMS(delta[D]) <     0.1000000000E-06


 symmetry group of the molecule :   c2v

 the group has the following generators :
   c2(z)
   mirror plane sigma(xz)

    4 symmetry operations found

 there are 4 real representations :   a1   a2   b1   b2  

 maximum number of shells which are related by symmetry :  4

  
           ------------------
           density functional
           ------------------
 PBE0 hybrid functional
 exchange:    3/4 (LDA+PBE) + 1/4 HF
 correlation: LDA (PW) + PBE

 spherical integration : Lebedev's spherical grid
 spherical gridsize    :                     6
    i.e. gridpoints    :                   974
 value for diffuse not defined
 radial integration    : Chebyshev 2nd kind (scaling 3)
 radial gridsize       :                    10
 integration cells     :                     6
 partition function    : becke
 partition sharpness   :                     3
  

          ------------------------
          nuclear repulsion energy  :   398.312947049    
          ------------------------


         -----------------
         -S,T+V- integrals
         -----------------

 1e-integrals will be neglected if expon. factor < 0.109214E-12
 
   Difference densities algorithm switched on.
   The maximal number of linear combinations of
   difference densities is                    20 .

 DIIS switched on: error vector is FDS-SDF
 Max. Iterations for DIIS is     :   4
 DIIS matrix (see manual) 
    Scaling factor of diagonals  :  1.200
    threshold for scaling factor :  0.000

 scf convergence criterion : increment of total energy < .1000000D-07
                  and increment of one-electron energy < .1000000D-04

 MOs are in ASCII format !


    mo occupation :
   irrep   mo's   occupied
    a1      94       15
    a2      43        3
    b1      48        4
    b2      84       12
 
 number of basis functions   :   269
 number of occupied orbitals :    34
 

 reading orbital data $scfmo  from file mos
 orbital characterization : scfdump=8
 mo-orthogonalization by Cholesky decomposition

 automatic virtual orbital shift switched on 
      shift if e(lumo)-e(homo) < 0.10000000    


 DSCF restart information will be dumped onto file mos

          Overall gridpoints after grid construction =        105458
 
                                              current damping :  0.300
 ITERATION  ENERGY          1e-ENERGY        2e-ENERGY     RMS[dD(SAO)]   TOL
   1  -1006.1580734536    -2174.4919660     770.02094551    0.000D+00 0.109D-11
                            Exc =   -61.579455818363     N = 68.000000066    
          max. resid. norm for Fia-block=  4.125D-06 for orbital      2b1        
          max. resid. fock norm         =  1.460D-05 for orbital     40a1        
          Delta Eig. =     0.0001210383 eV 
 
                                              current damping :  0.300
 ITERATION  ENERGY          1e-ENERGY        2e-ENERGY     RMS[dD(SAO)]   TOL
   2  -1006.1580734537    -2174.4919879     770.02096741    0.149D-05 0.691D-12
                            Exc =   -61.579456490795     N = 68.000000066    
          Norm of current diis error: 0.18694E-04
          max. resid. norm for Fia-block=  1.295D-06 for orbital      4b1        
          max. resid. fock norm         =  3.775D-06 for orbital     30a1        
          Delta Eig. =     0.0001702549 eV 
 
                                              current damping :  0.350
 ITERATION  ENERGY          1e-ENERGY        2e-ENERGY     RMS[dD(SAO)]   TOL
   3  -1006.1580734538    -2174.4919440     770.02092350    0.254D-06 0.568D-12
                            Exc =   -61.579454744212     N = 68.000000066    
          Norm of current diis error: 0.13919E-04
          max. resid. norm for Fia-block=  5.010D-07 for orbital     11b2        
          max. resid. fock norm         =  1.020D-06 for orbital     30a1        
          Delta Eig. =     0.0000316103 eV 

 ENERGY & DENSITY CONVERGED !

 
                                              current damping :  0.400
 ITERATION  ENERGY          1e-ENERGY        2e-ENERGY     RMS[dD(SAO)]   TOL
   4  -1006.1580734538    -2174.4919700     770.02094953    0.167D-06 0.531D-12
                            Exc =   -61.579455607407     N = 68.000000066    
          max. resid. norm for Fia-block=  3.794D-07 for orbital      9b2        
          max. resid. fock norm         =  4.525D-07 for orbital      8a1        

 convergence criteria satisfied after     4 iterations


                  ------------------------------------------ 
                 |  total energy      =  -1006.15807345378  |
                  ------------------------------------------ 
                 :  kinetic energy    =   1003.86767215795  :
                 :  potential energy  =  -2010.02574561174  :
                 :  virial theorem    =      1.99772361684  :
                 :  wavefunction norm =      1.00000000000  :
                  .......................................... 


 orbitals $scfmo  will be written to file mos

    irrep                 11a1        12a1        13a1        14a1        15a1  
 eigenvalues H         -0.65292    -0.49352    -0.45448    -0.40513    -0.25726
            eV         -17.7669    -13.4296    -12.3670    -11.0241     -7.0004
 occupation              2.0000      2.0000      2.0000      2.0000      2.0000

    irrep                 16a1        17a1        18a1        19a1        20a1  
 eigenvalues H          0.02344     0.05557     0.08445     0.09835     0.15026
            eV           0.6379      1.5122      2.2981      2.6764      4.0887

    irrep                  1a2         2a2         3a2         4a2         5a2  
 eigenvalues H         -5.91910    -0.42737    -0.31410    -0.09050     0.14692
            eV        -161.0682    -11.6294     -8.5471     -2.4626      3.9980
 occupation              2.0000      2.0000      2.0000

    irrep                  6a2         7a2         8a2         9a2        10a2  
 eigenvalues H          0.29558     0.30621     0.34466     0.47208     0.48226
            eV           8.0432      8.3325      9.3787     12.8460     13.1230

    irrep                  1b1         2b1         3b1         4b1         5b1  
 eigenvalues H         -5.91910    -0.52967    -0.43385    -0.26671    -0.03080
            eV        -161.0682    -14.4132    -11.8058     -7.2576     -0.8382
 occupation              2.0000      2.0000      2.0000      2.0000

    irrep                  6b1         7b1         8b1         9b1        10b1  
 eigenvalues H          0.07834     0.21257     0.26702     0.32272     0.34214
            eV           2.1318      5.7844      7.2661      8.7818      9.3101

    irrep                  8b2         9b2        10b2        11b2        12b2  
 eigenvalues H         -0.69248    -0.63732    -0.45989    -0.39753    -0.24584
            eV         -18.8436    -17.3425    -12.5144    -10.8173     -6.6897
 occupation              2.0000      2.0000      2.0000      2.0000      2.0000

    irrep                 13b2        14b2        15b2        16b2        17b2  
 eigenvalues H          0.07781     0.10940     0.12944     0.15512     0.22587
            eV           2.1173      2.9769      3.5223      4.2210      6.1463
 
 
 
 
 ==============================================================================
                           electrostatic moments
 ==============================================================================

 reference point for electrostatic moments:    0.00000   0.00000   0.00000

 
              nuc           elec       ->  total
 ------------------------------------------------------------------------------
                          charge      
 ------------------------------------------------------------------------------
          68.000000     -68.000000      -0.000000
 
 ------------------------------------------------------------------------------
                       dipole moment  
 ------------------------------------------------------------------------------
   x       0.000000       0.000000       0.000000
   y       0.000000       0.000000       0.000000
   z      78.863329     -79.715331      -0.852002
 
   | dipole moment | =     0.8520 a.u. =     2.1656 debye 
 
 ------------------------------------------------------------------------------
                     quadrupole moment
 ------------------------------------------------------------------------------
  xx      10.953062     -51.801440     -40.848378
  yy     919.856769    -972.373539     -52.516769
  zz     309.182223    -349.085574     -39.903351
  xy       0.000000       0.000000       0.000000
  xz       0.000000       0.000000       0.000000
  yz       0.000000       0.000000       0.000000
 
     1/3  trace=     -44.422833
     anisotropy=      12.168458
 
 ==============================================================================
 
HOMO-LUMO Separation
 HOMO         :   -0.24583929 H =     -6.68963 eV
 LUMO         :   -0.09049825 H =     -2.46258 eV
 HOMO-LUMO gap:    0.15534104 H =     +4.22705 eV
 
 ==============================================================================


    ------------------------------------------------------------------------
         total  cpu-time :  19.79 seconds
         total wall-time :  20.22 seconds
    ------------------------------------------------------------------------

   ****  dscf : all done  ****


    2023-10-16 13:13:00.709 

