
  ========================================================================
                license information 
    WARNING: License file not found!
             Please copy license.txt to $TURBODIR/LICENSE/
  ========================================================================

 dscf (neshcl209) : TURBOMOLE rev. V7-7 compiled 26 Oct 2022 at 09:17:38
 Copyright (C) 2022 TURBOMOLE GmbH, Karlsruhe


    2023-10-25 16:46:19.933 



                             d s c f - program

                   idea & directorship : reinhart ahlrichs
                   program development : marco haeser
                                         michael baer
                           dft version : oliver treutler


                          quantum chemistry group
                          universitaet  karlsruhe
                                  germany



   *-----------------------------------------------------------------------*
   |                     program will use  1 thread(s)                     |
   *-----------------------------------------------------------------------*


              +--------------------------------------------------+
              | Atomic coordinate, charge and isotop information |
              +--------------------------------------------------+

                    atomic coordinates            atom    charge  isotop
          1.39335214   -0.76295980    0.00000000    n      7.000     0
          1.28450387   -3.06825846    0.00000000    o      8.000     0
          3.32868181    0.49273279    0.00000000    o      8.000     0
         -1.08606004    0.62725172    0.00000000    c      6.000     0
         -0.69904605    2.63955976    0.00000000    h      1.000     0
         -2.11071586    0.03583699   -1.68078913    h      1.000     0
         -2.11071586    0.03583699    1.68078913    h      1.000     0
 
       center of nuclear mass  :    1.23393272   -0.68194914    0.00000000
       center of nuclear charge:    1.10069101   -0.60844312    0.00000000

              +--------------------------------------------------+
              |               basis set information              |
              +--------------------------------------------------+

              we will work with the 1s 3p 5d 7f 9g ... basis set
              ...i.e. with spherical basis functions...

   type   atoms  prim   cont   basis
   ---------------------------------------------------------------------------
    n        1     52     37   def2-TZVPD   [6s3p3d1f|12s6p3d1f]
    o        2     55     40   def2-TZVPD   [6s4p3d1f|12s7p3d1f]
    c        1     52     37   def2-TZVPD   [6s3p3d1f|12s6p3d1f]
    h        3     11      9   def2-TZVPD   [3s2p|5s2p]
   ---------------------------------------------------------------------------
   total:    7    247    181
   ---------------------------------------------------------------------------

   total number of primitive shells          :   74
   total number of contracted shells         :   69
   total number of cartesian basis functions :  205
   total number of SCF-basis functions       :  181


 integral neglect threshold       :  0.16E-11
 integral storage threshold THIZE :  0.10E-04
 integral storage threshold THIME :         5


 DENSITY CONVERGENCE CHECK SWITCHED ON !
 SCF CONVERGENCE IF RMS(delta[D]) <     0.1000000000E-06


 symmetry group of the molecule :   cs

 the group has the following generators :
   c1(z)
   mirror plane sigma(xy)

    2 symmetry operations found

 there are 2 real representations :   a'   a"  

 maximum number of shells which are related by symmetry :  2

  
           ------------------
           density functional
           ------------------
 PBE0 hybrid functional
 exchange:    3/4 (LDA+PBE) + 1/4 HF
 correlation: LDA (PW) + PBE
 spherical integration : Lebedev's spherical grid
 spherical gridsize    :                     6
    i.e. gridpoints    :                   974
  maximum batchsize    :                   100
 value for diffuse not defined
 radial integration    : Chebyshev 2nd kind (scaling 3)
 radial gridsize       :                    10
 integration cells     :                     6
 partition function    : becke
 partition sharpness   :                     3
  

          ------------------------
          nuclear repulsion energy  :   124.778336591    
          ------------------------


         -----------------
         -S,T+V- integrals
         -----------------

 1e-integrals will be neglected if expon. factor < 0.163023E-12
 
 Difference densities algorithm switched on.
 The maximal number of linear combinations of
 difference densities is  20.

 DIIS switched on: error vector is FDS-SDF
 Max. Iterations for DIIS is     :   4
 DIIS matrix (see manual) 
    Scaling factor of diagonals  :  1.200
    threshold for scaling factor :  0.000

 scf convergence criterion : increment of total energy < .1000000D-07
                  and increment of one-electron energy < .1000000D-04

 MOs are in ASCII format !


    mo occupation :
   irrep   mo's   occupied
    a'     120       13
    a"      61        3
 
 number of basis functions   :   181
 number of occupied orbitals :    16
 

 reading orbital data $scfmo  from file mos
 orbital characterization : expanded
 virtual MOs provided and orthogonalized by Cholesky decomposition

 automatic virtual orbital shift switched on 
      shift if e(lumo)-e(homo) < 0.10000000    


 DSCF restart information will be dumped onto file mos

          Overall gridpoints after grid construction =        123117
 
                                              current damping :  0.600
 ITERATION  ENERGY          1e-ENERGY        2e-ENERGY     RMS[dD(SAO)]   TOL
   1  -243.60867175899    -575.27324881     206.88624046    0.000D+00 0.163D-11
                            Exc =   -22.795100073737     N = 32.000000123    
          max. resid. norm for Fia-block=  4.750D-01 for orbital     10a'        
          max. resid. fock norm         =  1.780D+01 for orbital     81a'        
          Delta Eig. =   727.5323590219 eV 
 
                                              current damping :  0.550
 ITERATION  ENERGY          1e-ENERGY        2e-ENERGY     RMS[dD(SAO)]   TOL
   2  -244.72654234135    -580.00657934     210.50170041    0.194D-01 0.129D-11
                            Exc =   -22.867700812904     N = 32.000000060    
          Norm of current diis error:  1.6516    
          max. resid. norm for Fia-block=  1.499D-01 for orbital      5a'        
          max. resid. fock norm         =  3.289D-01 for orbital     98a'        
          Delta Eig. =   275.2224613661 eV 
 
                                              current damping :  0.450
 ITERATION  ENERGY          1e-ENERGY        2e-ENERGY     RMS[dD(SAO)]   TOL
   3  -244.82437801674    -580.89490504     211.29219043    0.959D-02 0.889D-12
                            Exc =   -22.975089874133     N = 32.000000035    
          Norm of current diis error: 0.70376    
          max. resid. norm for Fia-block=  4.818D-02 for orbital      5a'        
          max. resid. fock norm         =  7.592D-02 for orbital     77a'        
          Delta Eig. =   106.2438271895 eV 
 
                                              current damping :  0.500
 ITERATION  ENERGY          1e-ENERGY        2e-ENERGY     RMS[dD(SAO)]   TOL
   4  -244.84961937225    -580.82469381     211.19673785    0.406D-02 0.757D-12
                            Exc =   -22.959489812303     N = 32.000000052    
          Norm of current diis error: 0.28815    
          max. resid. norm for Fia-block=  2.671D-02 for orbital      5a'        
          max. resid. fock norm         =  3.253D-02 for orbital     98a'        
          Delta Eig. =    31.0941434463 eV 
 
                                              current damping :  0.550
 ITERATION  ENERGY          1e-ENERGY        2e-ENERGY     RMS[dD(SAO)]   TOL
   5  -244.85377034665    -581.01729925     211.38519231    0.132D-02 0.693D-12
                            Exc =   -22.984484607919     N = 32.000000068    
          Norm of current diis error: 0.91337E-01
          max. resid. norm for Fia-block=  7.151D-03 for orbital      5a'        
          max. resid. fock norm         =  8.928D-03 for orbital      8a'        
 mo-orthogonalization: Cholesky decomposition
          Delta Eig. =    10.2241341686 eV 
 
                                              current damping :  0.600
 ITERATION  ENERGY          1e-ENERGY        2e-ENERGY     RMS[dD(SAO)]   TOL
   6  -244.85437096083    -581.01558408     211.38287653    0.492D-03 0.653D-12
                            Exc =   -22.984129699326     N = 32.000000078    
          Norm of current diis error: 0.38764E-01
          max. resid. norm for Fia-block=  3.256D-03 for orbital      5a'        
          max. resid. fock norm         =  4.900D-03 for orbital    119a'        
          Delta Eig. =     3.5211938684 eV 
 
                                              current damping :  0.450
 ITERATION  ENERGY          1e-ENERGY        2e-ENERGY     RMS[dD(SAO)]   TOL
   7  -244.85445265293    -581.01417728     211.38138803    0.190D-03 0.629D-12
                            Exc =   -22.984864453749     N = 32.000000082    
          Norm of current diis error: 0.24719E-01
          max. resid. norm for Fia-block=  1.470D-03 for orbital      3a"        
          max. resid. fock norm         =  3.213D-03 for orbital    120a'        
          Delta Eig. =     1.4627133192 eV 
 
                                              current damping :  0.500
 ITERATION  ENERGY          1e-ENERGY        2e-ENERGY     RMS[dD(SAO)]   TOL
   8  -244.85448669699    -581.01900958     211.38618629    0.107D-03 0.615D-12
                            Exc =   -22.985503151086     N = 32.000000084    
          Norm of current diis error: 0.79699E-02
          max. resid. norm for Fia-block=  4.787D-04 for orbital     12a'        
          max. resid. fock norm         =  8.391D-04 for orbital    119a'        
          Delta Eig. =     0.4307355647 eV 
 
                                              current damping :  0.350
 ITERATION  ENERGY          1e-ENERGY        2e-ENERGY     RMS[dD(SAO)]   TOL
   9  -244.85449082550    -581.02391766     211.39109025    0.318D-04 0.602D-12
                            Exc =   -22.985943296426     N = 32.000000085    
          Norm of current diis error: 0.17197E-02
          max. resid. norm for Fia-block=  1.678D-04 for orbital      2a"        
          max. resid. fock norm         =  1.909D-04 for orbital      4a"        
          Delta Eig. =     0.1653264319 eV 
 
                                              current damping :  0.400
 ITERATION  ENERGY          1e-ENERGY        2e-ENERGY     RMS[dD(SAO)]   TOL
  10  -244.85449112026    -581.02151556     211.38868785    0.104D-04 0.592D-12
                            Exc =   -22.985773276348     N = 32.000000085    
          Norm of current diis error: 0.63496E-03
          max. resid. norm for Fia-block=  6.026D-05 for orbital      5a'        
          max. resid. fock norm         =  7.022D-05 for orbital      8a'        
 mo-orthogonalization: Cholesky decomposition
          Delta Eig. =     0.0372459199 eV 
 
                                              current damping :  0.450
 ITERATION  ENERGY          1e-ENERGY        2e-ENERGY     RMS[dD(SAO)]   TOL
  11  -244.85449114833    -581.02253662     211.38970888    0.317D-05 0.581D-12
                            Exc =   -22.985890589752     N = 32.000000085    
          Norm of current diis error: 0.31135E-03
          max. resid. norm for Fia-block=  2.332D-05 for orbital      2a"        
          max. resid. fock norm         =  2.760D-05 for orbital      4a"        
          Delta Eig. =     0.0117430889 eV 
 
                                              current damping :  0.300
 ITERATION  ENERGY          1e-ENERGY        2e-ENERGY     RMS[dD(SAO)]   TOL
  12  -244.85449115312    -581.02268353     211.38985579    0.135D-05 0.578D-12
                            Exc =   -22.985880576995     N = 32.000000085    
          Norm of current diis error: 0.18846E-03
          max. resid. norm for Fia-block=  1.174D-05 for orbital      3a"        
          max. resid. fock norm         =  2.482D-05 for orbital    120a'        
          Delta Eig. =     0.0042712265 eV 
 
                                              current damping :  0.350
 ITERATION  ENERGY          1e-ENERGY        2e-ENERGY     RMS[dD(SAO)]   TOL
  13  -244.85449115397    -581.02245727     211.38962953    0.843D-06 0.572D-12
                            Exc =   -22.985869015943     N = 32.000000085    
          Norm of current diis error: 0.12876E-03
          max. resid. norm for Fia-block=  8.182D-06 for orbital      3a"        
          max. resid. fock norm         =  1.893D-05 for orbital    119a'        
          Delta Eig. =     0.0011063234 eV 
 
                                              current damping :  0.200
 ITERATION  ENERGY          1e-ENERGY        2e-ENERGY     RMS[dD(SAO)]   TOL
  14  -244.85449115464    -581.02236176     211.38953402    0.561D-06 0.566D-12
                            Exc =   -22.985863945843     N = 32.000000085    
          Norm of current diis error: 0.52458E-04
          max. resid. norm for Fia-block=  2.708D-06 for orbital      3a"        
          max. resid. fock norm         =  4.714D-06 for orbital    119a'        
          Delta Eig. =     0.0003396224 eV 
 
                                              current damping :  0.250
 ITERATION  ENERGY          1e-ENERGY        2e-ENERGY     RMS[dD(SAO)]   TOL
  15  -244.85449115479    -581.02247465     211.38964691    0.165D-06 0.561D-12
                            Exc =   -22.985872888842     N = 32.000000085    
          Norm of current diis error: 0.11953E-04
          max. resid. norm for Fia-block=  8.254D-07 for orbital     13a'        
          max. resid. fock norm         =  1.038D-06 for orbital     41a"        
 mo-orthogonalization: Cholesky decomposition
          Delta Eig. =     0.0001126545 eV 

 ENERGY & DENSITY CONVERGED !

 
                                              current damping :  0.300
 ITERATION  ENERGY          1e-ENERGY        2e-ENERGY     RMS[dD(SAO)]   TOL
  16  -244.85449115481    -581.02244959     211.38962185    0.441D-07 0.555D-12
                            Exc =   -22.985870342685     N = 32.000000085    
          max. resid. norm for Fia-block=  5.011D-07 for orbital     10a'        
          max. resid. fock norm         =  6.662D-07 for orbital     10a'        

 convergence criteria satisfied after    16 iterations


                  ------------------------------------------ 
                 |  total energy      =   -244.85449115481  |
                  ------------------------------------------ 
                 :  kinetic energy    =    243.79938636813  :
                 :  potential energy  =   -488.65387752294  :
                 :  virial theorem    =      1.99569089061  :
                 :  wavefunction norm =      1.00000000000  :
                  .......................................... 


 <geterg> : there is no data group $energy 


 <skperg> : $end is missing 


 orbitals $scfmo  will be written to file mos

    irrep                  9a'        10a'        11a'        12a'        13a'  
 eigenvalues H         -0.56804    -0.54929    -0.47210    -0.33408    -0.32289
            eV         -15.4573    -14.9472    -12.8466     -9.0909     -8.7864
 occupation              2.0000      2.0000      2.0000      2.0000      2.0000

    irrep                 14a'        15a'        16a'        17a'        18a'  
 eigenvalues H          0.00482     0.05037     0.05754     0.06831     0.08411
            eV           0.1310      1.3708      1.5659      1.8589      2.2886

    irrep                  1a"         2a"         3a"         4a"         5a"  
 eigenvalues H         -0.57646    -0.45441    -0.34154    -0.07549     0.06662
            eV         -15.6864    -12.3652     -9.2938     -2.0541      1.8127
 occupation              2.0000      2.0000      2.0000

    irrep                  6a"         7a"         8a"         9a"        10a"  
 eigenvalues H          0.09128     0.11898     0.15983     0.21719     0.26853
            eV           2.4838      3.2377      4.3493      5.9100      7.3072
 
 
 
 
 ==============================================================================
                           electrostatic moments
 ==============================================================================

 reference point for electrostatic moments:    0.00000   0.00000   0.00000

 
              nuc           elec       ->  total
 ------------------------------------------------------------------------------
                          charge      
 ------------------------------------------------------------------------------
          32.000000     -32.000000      -0.000000
 
 ------------------------------------------------------------------------------
                       dipole moment  
 ------------------------------------------------------------------------------
   x      35.222112     -36.453885      -1.231773
   y     -19.470180      20.165460       0.695280
   z       0.000000      -0.000000      -0.000000
 
   | dipole moment | =     1.4145 a.u. =     3.5952 debye 
 
 ------------------------------------------------------------------------------
                     quadrupole moment
 ------------------------------------------------------------------------------
  xx     131.906660    -151.828509     -19.921849
  yy      90.661231    -110.447003     -19.785772
  zz       5.650104     -21.757479     -16.107375
  xy     -31.933671      32.094237       0.160566
  xz       0.000000       0.000000       0.000000
  yz       0.000000      -0.000000      -0.000000
 
     1/3  trace=     -18.604999
     anisotropy=       3.758592
 
 ==============================================================================
 
HOMO-LUMO Separation
 HOMO         :   -0.32289285 H =     -8.78637 eV
 LUMO         :   -0.07548765 H =     -2.05412 eV
 HOMO-LUMO gap:    0.24740520 H =     +6.73224 eV
 
 ==============================================================================


    ------------------------------------------------------------------------
         total  cpu-time :  46.77 seconds
         total wall-time :  47.19 seconds
    ------------------------------------------------------------------------

   ****  dscf : all done  ****


    2023-10-25 16:47:07.073 

