
 escf (neshcl209) : TURBOMOLE rev. V7-7 compiled 19 Oct 2022 at 02:10:57
 Copyright (C) 2022 TURBOMOLE GmbH, Karlsruhe


    2023-10-25 16:47:07.160 




                                e s c f

                             TURBOMOLE GmbH

          integral direct evaluation of 

                    * excitation energies and transition moments 
                    * dynamic response properties 
                    * stabilities



          references (see also programs dscf and ridft) 
          implementation and benchmarks (review) 
          F. Furche and D. Rappoport,  
          "Density functional methods for excited states: 
          equilibrium structure and electronic spectra",
          ch. III of "Computational Photochemistry", ed. by 
          M. Olivucci, vol. 16 of "Theoretical and Computational 
          Chemistry", Elsevier, Amsterdam, 2005.



              +--------------------------------------------------+
              | Atomic coordinate, charge and isotop information |
              +--------------------------------------------------+

                    atomic coordinates            atom    charge  isotop
          1.39335214   -0.76295980    0.00000000    n      7.000     0
          1.28450387   -3.06825846    0.00000000    o      8.000     0
          3.32868181    0.49273279    0.00000000    o      8.000     0
         -1.08606004    0.62725172    0.00000000    c      6.000     0
         -0.69904605    2.63955976    0.00000000    h      1.000     0
         -2.11071586    0.03583699   -1.68078913    h      1.000     0
         -2.11071586    0.03583699    1.68078913    h      1.000     0
 
       center of nuclear mass  :    1.23393272   -0.68194914    0.00000000
       center of nuclear charge:    1.10069101   -0.60844312    0.00000000

              +--------------------------------------------------+
              |               basis set information              |
              +--------------------------------------------------+

              we will work with the 1s 3p 5d 7f 9g ... basis set
              ...i.e. with spherical basis functions...

   type   atoms  prim   cont   basis
   ---------------------------------------------------------------------------
    n        1     52     37   def2-TZVPD   [6s3p3d1f|12s6p3d1f]
    o        2     55     40   def2-TZVPD   [6s4p3d1f|12s7p3d1f]
    c        1     52     37   def2-TZVPD   [6s3p3d1f|12s6p3d1f]
    h        3     11      9   def2-TZVPD   [3s2p|5s2p]
   ---------------------------------------------------------------------------
   total:    7    247    181
   ---------------------------------------------------------------------------

   total number of primitive shells          :   74
   total number of contracted shells         :   69
   total number of cartesian basis functions :  205
   total number of SCF-basis functions       :  181


 residuum convergence criterium   :  0.10E-04


 integral neglect threshold       :  0.16E-10
 integral storage threshold THIZE :  0.10E-04
 integral storage threshold THIME :         5

 CI SINGLES SINGLET-CALCULATION (TAMM-DANCOFF-APPROXIMATION)
 
             FOUND DFT-FLAG !
 

 maximum number of Davidson iterations set to   35


 symmetry group of the molecule :   cs

 the group has the following generators :
   c1(z)
   mirror plane sigma(xy)

    2 symmetry operations found

 there are 2 real representations :   a'   a"  

 maximum number of shells which are related by symmetry :  2

 IRREPs of excited states :   a'   a"  
  
           ------------------
           density functional
           ------------------
 PBE0 hybrid functional
 exchange:    3/4 (LDA+PBE) + 1/4 HF
 correlation: LDA (PW) + PBE
 spherical integration : Lebedev's spherical grid
 spherical gridsize    :                     6
    i.e. gridpoints    :                   974
  maximum batchsize    :                   100
 value for diffuse not defined
 radial integration    : Chebyshev 2nd kind (scaling 3)
 radial gridsize       :                    10
 integration cells     :                     6
 partition function    : becke
 partition sharpness   :                     3
  

 ----------------------------------------------------------------------
          some useful papers before it begins
 ----------------------------------------------------------------------

     nonorthonormal Krylov space methods 
     F. Furche, B. T. Krull, B. D. Nguyen, and J. Kwon, 
     J. Chem. Phys. 144, 174105 (2016).

     density functional implementation               
     R. Bauernschmitt and R. Ahlrichs,
     Chem. Phys. Lett. 256, 454 (1996).
     R. Bauernschmitt and R. Ahlrichs,
     J. Chem. Phys. 104, 9047 (1996).

     UHF extension (RPA and CIS)
     C. Ochsenfeld, J. Gauss, and R. Ahlrichs, 
     J. Chem. Phys. 103, 7401 (1995).

     integral direct algorithm                 
     H. Weiss, R. Ahlrichs, and M. Haeser, 
     J. Chem. Phys. 99, 1262 (1993).

 ----------------------------------------------------------------------

  MOs are in ASCII format !


    mo occupation :
   irrep   mo's   occupied
    a'     120       13
    a"      61        3
 
 number of basis functions   :   181
 number of occupied orbitals :    16
 

 reading orbital data $scfmo  from file mos
 orbital characterization : scfconv=8

 biggest AO integral is expected to be     7.998976882
 preparing DFT   numerical integration ....
          Overall gridpoints after grid construction =        123117

 Calculating ground state density on molecular grid

 Integral of ground state density: N =   32.00000008538138    


 all orbitals will be included in the transformation

 number of non-frozen orbitals          :   181
 number of non-frozen occupied orbitals :    16



 dimension of super-tensorspace: 1

          IRREP   tensor space dimension   number of roots

           a'               1565                     10
           a"               1075                     10

 machine precision: 2.22D-16


 logfile ciss_a'   will be constructed



 logfile ciss_a"   will be constructed




                       Nonorthonormal Krylov Space Iteration


 total number of roots to be determined: 20


 maximum core memory set to          500 MB,
 corresponding to     1521 vectors in CAO basis


 maximum number of simultaneously treated vectors (including degeneracy):       36


 Iteration IRREP Converged      Max. Euclidean
                 roots          residual norm

    1       a'       0        1.280512391584383D-01
            a"       0        5.422828812599019D-02
 
    2       a'       0        3.053740034330986D-02
            a"       0        7.599625064103875D-03
 
    3       a'       0        3.662782141117290D-03
            a"       0        2.750354372892959D-03
 
    4       a'       0        6.966617067171173D-04
            a"       0        5.286474987959462D-04
 
    5       a'       0        1.140077043996549D-04
            a"       7        7.565140732275258D-05
 
    6       a'       8        1.717967895277833D-05
            a"      10        9.476309096775065D-06
 
    7       a'      10        5.993594696174721D-06
            a"      10        9.476309096775065D-06
 

 converged!

 Eigenpairs written on logfile ciss_a'  

 Eigenpairs written on logfile ciss_a"  



 IRREP   Vector     Eigenvalue           Euclidean residual norm

  a'        1    2.780596745232851D-01    2.641788698281294D-06
            2    2.863898164392541D-01    1.085666690836115D-06
            3    2.978310362754470D-01    1.486297950437656D-06
            4    3.270582916263953D-01    2.148139724611666D-06
            5    3.308988028605897D-01    1.144279166402073D-06
            6    3.370930534361623D-01    2.565060911769045D-06
            7    3.460130013769626D-01    4.172468606279144D-06
            8    3.498893695826322D-01    5.993594696174721D-06
            9    3.517199265215759D-01    3.538195123926643D-06
           10    3.576690442248507D-01    2.072059005423731D-06

  a"        1    1.566192321895579D-01    6.859386115126035D-07
            2    1.707768622010006D-01    2.226782618108941D-06
            3    3.052930489951279D-01    2.629503985510234D-06
            4    3.326107008369356D-01    7.791291215449633D-06
            5    3.443046977747457D-01    3.585079625084660D-06
            6    3.455285141963959D-01    2.545934519303217D-06
            7    3.542918882126196D-01    1.571134165231327D-06
            8    3.590556908064181D-01    2.292249004957097D-06
            9    3.631028334060402D-01    9.476309096775065D-06
           10    3.702461162978199D-01    8.362420498228855D-06






                    Selection rules for point group cs  


 Subduction with respect to cs  :

    Polar vector representation: a', a"                      

    Axial vector representation: a', a"                      

    Symmetric second rank tensor representation: a', a"                      




                            Ground state


 Total energy:                           -244.8544911548000    

 Charge:

               elec          nuc         total

           -32.000000    32.000000    -0.000000


 Electric dipole moment:

               elec          nuc         total   

    x      -36.453885    35.222112    -1.231773    Norm:              1.414453
    y       20.165460   -19.470180     0.695280
    z        0.000000     0.000000     0.000000    Norm / debye:      3.595209


 Electric quadrupole moment:

               elec          nuc         total   

   xx     -151.828509   131.906660   -19.921849
   yy     -110.447003    90.661231   -19.785772    1/3*trace:       -18.604999
   zz      -21.757479     5.650104   -16.107375
   xy       32.094237   -31.933671     0.160566
   xz        0.000000     0.000000     0.000000    Anisotropy:        3.758592
   yz        0.000000     0.000000     0.000000



 ==============================================================================

                              I R R E P   a'  

 ==============================================================================


 Excitation is electric dipole allowed

 Excitation is magnetic dipole allowed

 Excitation is electric quadrupole allowed




                         1 singlet a' excitation


 Total energy:                           -244.5764314802767    

 Excitation energy:                      0.2780596745232851    

 Excitation energy / eV:                  7.566391962354365    

 Excitation energy / nm:                  163.8617780090384    

 Excitation energy / cm^(-1):             61027.04437856019    


 Oscillator strength:

    velocity representation:             0.9687839226011607E-02

    length representation:               0.2247465270681455    

    mixed representation:                0.4591849007861220E-01


 Rotatory strength:

    velocity representation:              0.000000000000000    

    velocity rep. / 10^(-40)erg*cm^3:     0.000000000000000    

    length representation:                0.000000000000000    

    length rep. / 10^(-40)erg*cm^3:       0.000000000000000    


 Dominant contributions:

      occ. orbital   energy / eV   virt. orbital     energy / eV   |coeff.|^2*100
        3 a"             -9.29           4 a"             -2.05       78.7
        3 a"             -9.29           5 a"              1.81        3.4
       13 a'             -8.79          15 a'              1.37        3.2
       13 a'             -8.79          17 a'              1.86        1.5
       13 a'             -8.79          14 a'              0.13        1.4
       13 a'             -8.79          36 a'             11.79        0.9
       12 a'             -9.09          18 a'              2.29        0.8
 

 Change of electron number:

            -0.000000


 Electric transition dipole moment (velocity rep.):

    x        0.140079        Norm:                  0.228607
    y        0.180663
    z        0.000000        Norm / debye:          0.581066


 Electric transition dipole moment (length rep.):

    x       -0.509267        Norm:                  1.101091
    y       -0.976242
    z        0.000000        Norm / debye:          2.798715


 Magnetic transition dipole moment / i:

    x        0.000000        Norm:                  0.000342
    y        0.000000
    z        0.000342        Norm / Bohr mag.:      0.093869


 Electric quadrupole transition moment:

   xx       -3.186036
   yy        3.230089        1/3*trace:            -0.004525
   zz       -0.057629
   xy       -1.829828
   xz        0.000000        Anisotropy:            6.397355
   yz        0.000000




                         2 singlet a' excitation


 Total energy:                           -244.5681013383607    

 Excitation energy:                      0.2863898164392541    

 Excitation energy / eV:                  7.793066754182122    

 Excitation energy / nm:                  159.0955754869322    

 Excitation energy / cm^(-1):             62855.29919924608    


 Oscillator strength:

    velocity representation:             0.4045804609921861E-02

    length representation:               0.7732708885027904E-04

    mixed representation:                0.5518234067635478E-03


 Rotatory strength:

    velocity representation:              0.000000000000000    

    velocity rep. / 10^(-40)erg*cm^3:     0.000000000000000    

    length representation:                0.000000000000000    

    length rep. / 10^(-40)erg*cm^3:       0.000000000000000    


 Dominant contributions:

      occ. orbital   energy / eV   virt. orbital     energy / eV   |coeff.|^2*100
       13 a'             -8.79          14 a'              0.13       95.9
 

 Change of electron number:

            -0.000000


 Electric transition dipole moment (velocity rep.):

    x        0.079686        Norm:                  0.145569
    y        0.121822
    z        0.000000        Norm / debye:          0.370003


 Electric transition dipole moment (length rep.):

    x        0.013619        Norm:                  0.020125
    y        0.014817
    z        0.000000        Norm / debye:          0.051153


 Magnetic transition dipole moment / i:

    x        0.000000        Norm:                  0.002361
    y        0.000000
    z        0.002361        Norm / Bohr mag.:      0.646990


 Electric quadrupole transition moment:

   xx       -0.063924
   yy       -0.118329        1/3*trace:             0.005229
   zz        0.197940
   xy       -0.044124
   xz        0.000000        Anisotropy:            0.302689
   yz        0.000000




                         3 singlet a' excitation


 Total energy:                           -244.5566601185245    

 Excitation energy:                      0.2978310362754470    

 Excitation energy / eV:                  8.104398319812830    

 Excitation energy / nm:                  152.9838972787948    

 Excitation energy / cm^(-1):             65366.35669755204    


 Oscillator strength:

    velocity representation:             0.4528107759450323E-01

    length representation:               0.4732761557854222E-01

    mixed representation:                0.4587058505820561E-01


 Rotatory strength:

    velocity representation:              0.000000000000000    

    velocity rep. / 10^(-40)erg*cm^3:     0.000000000000000    

    length representation:                0.000000000000000    

    length rep. / 10^(-40)erg*cm^3:       0.000000000000000    


 Dominant contributions:

      occ. orbital   energy / eV   virt. orbital     energy / eV   |coeff.|^2*100
       12 a'             -9.09          14 a'              0.13       96.2
 

 Change of electron number:

            -0.000000


 Electric transition dipole moment (velocity rep.):

    x       -0.416023        Norm:                  0.477550
    y        0.234475
    z        0.000000        Norm / debye:          1.213821


 Electric transition dipole moment (length rep.):

    x       -0.453751        Norm:                  0.488223
    y        0.180199
    z        0.000000        Norm / debye:          1.240948


 Magnetic transition dipole moment / i:

    x        0.000000        Norm:                  0.000212
    y        0.000000
    z        0.000212        Norm / Bohr mag.:      0.058086


 Electric quadrupole transition moment:

   xx       -0.632683
   yy        0.523978        1/3*trace:             0.022303
   zz        0.175613
   xy        0.633831
   xz        0.000000        Anisotropy:            1.503832
   yz        0.000000




                         4 singlet a' excitation


 Total energy:                           -244.5274328631736    

 Excitation energy:                      0.3270582916263953    

 Excitation energy / eV:                  8.899712744129236    

 Excitation energy / nm:                  139.3126357794587    

 Excitation energy / cm^(-1):             71780.99777207601    


 Oscillator strength:

    velocity representation:             0.1055720696966317E-01

    length representation:               0.4603406612944875E-01

    mixed representation:                0.2203825940918898E-01


 Rotatory strength:

    velocity representation:              0.000000000000000    

    velocity rep. / 10^(-40)erg*cm^3:     0.000000000000000    

    length representation:                0.000000000000000    

    length rep. / 10^(-40)erg*cm^3:       0.000000000000000    


 Dominant contributions:

      occ. orbital   energy / eV   virt. orbital     energy / eV   |coeff.|^2*100
       13 a'             -8.79          15 a'              1.37       81.8
       13 a'             -8.79          17 a'              1.86        8.6
 

 Change of electron number:

             0.000000


 Electric transition dipole moment (velocity rep.):

    x       -0.087995        Norm:                  0.220043
    y       -0.201682
    z        0.000000        Norm / debye:          0.559298


 Electric transition dipole moment (length rep.):

    x       -0.173118        Norm:                  0.459486
    y       -0.425627
    z        0.000000        Norm / debye:          1.167907


 Magnetic transition dipole moment / i:

    x        0.000000        Norm:                  0.004303
    y        0.000000
    z       -0.004303        Norm / Bohr mag.:      1.179222


 Electric quadrupole transition moment:

   xx       -0.389580
   yy        0.577904        1/3*trace:             0.039810
   zz       -0.068894
   xy       -0.295807
   xz        0.000000        Anisotropy:            0.995545
   yz        0.000000




                         5 singlet a' excitation


 Total energy:                           -244.5235923519394    

 Excitation energy:                      0.3308988028605897    

 Excitation energy / eV:                  9.004218416818237    

 Excitation energy / nm:                  137.6957313417547    

 Excitation energy / cm^(-1):             72623.89255690003    


 Oscillator strength:

    velocity representation:             0.6492444268102718E-02

    length representation:               0.4378966652894573E-01

    mixed representation:                0.1655131974753503E-01


 Rotatory strength:

    velocity representation:              0.000000000000000    

    velocity rep. / 10^(-40)erg*cm^3:     0.000000000000000    

    length representation:                0.000000000000000    

    length rep. / 10^(-40)erg*cm^3:       0.000000000000000    


 Dominant contributions:

      occ. orbital   energy / eV   virt. orbital     energy / eV   |coeff.|^2*100
        2 a"            -12.37           4 a"             -2.05       69.6
       12 a'             -9.09          15 a'              1.37       23.6
 

 Change of electron number:

             0.000000


 Electric transition dipole moment (velocity rep.):

    x        0.169381        Norm:                  0.171555
    y       -0.027223
    z        0.000000        Norm / debye:          0.436051


 Electric transition dipole moment (length rep.):

    x        0.445299        Norm:                  0.445537
    y        0.014556
    z        0.000000        Norm / debye:          1.132451


 Magnetic transition dipole moment / i:

    x        0.000000        Norm:                  0.000449
    y        0.000000
    z        0.000449        Norm / Bohr mag.:      0.123019


 Electric quadrupole transition moment:

   xx        0.979043
   yy        0.386917        1/3*trace:             0.390307
   zz       -0.195040
   xy       -0.437162
   xz        0.000000        Anisotropy:            1.267759
   yz        0.000000




                         6 singlet a' excitation


 Total energy:                           -244.5173981013639    

 Excitation energy:                      0.3370930534361623    

 Excitation energy / eV:                  9.172772623206392    

 Excitation energy / nm:                  135.1655045856015    

 Excitation energy / cm^(-1):             73983.37341443710    


 Oscillator strength:

    velocity representation:             0.1864478672564222E-01

    length representation:               0.4232856384169984E-01

    mixed representation:                0.2800340455676095E-01


 Rotatory strength:

    velocity representation:              0.000000000000000    

    velocity rep. / 10^(-40)erg*cm^3:     0.000000000000000    

    length representation:                0.000000000000000    

    length rep. / 10^(-40)erg*cm^3:       0.000000000000000    


 Dominant contributions:

      occ. orbital   energy / eV   virt. orbital     energy / eV   |coeff.|^2*100
       13 a'             -8.79          16 a'              1.57       69.0
       12 a'             -9.09          15 a'              1.37       19.6
        2 a"            -12.37           4 a"             -2.05        6.5
 

 Change of electron number:

            -0.000000


 Electric transition dipole moment (velocity rep.):

    x       -0.263050        Norm:                  0.288038
    y        0.117347
    z        0.000000        Norm / debye:          0.732125


 Electric transition dipole moment (length rep.):

    x       -0.409183        Norm:                  0.433998
    y        0.144650
    z        0.000000        Norm / debye:          1.103121


 Magnetic transition dipole moment / i:

    x        0.000000        Norm:                  0.000397
    y        0.000000
    z       -0.000397        Norm / Bohr mag.:      0.108878


 Electric quadrupole transition moment:

   xx        0.569494
   yy       -1.004641        1/3*trace:            -0.092318
   zz        0.158194
   xy       -1.441872
   xz        0.000000        Anisotropy:            2.869949
   yz        0.000000




                         7 singlet a' excitation


 Total energy:                           -244.5084781534230    

 Excitation energy:                      0.3460130013769626    

 Excitation energy / eV:                  9.415496860439283    

 Excitation energy / nm:                  131.6810422691637    

 Excitation energy / cm^(-1):             75941.07569460745    


 Oscillator strength:

    velocity representation:             0.4989136679974137E-02

    length representation:               0.1923998948341028E-01

    mixed representation:                0.9788219560593635E-02


 Rotatory strength:

    velocity representation:              0.000000000000000    

    velocity rep. / 10^(-40)erg*cm^3:     0.000000000000000    

    length representation:                0.000000000000000    

    length rep. / 10^(-40)erg*cm^3:       0.000000000000000    


 Dominant contributions:

      occ. orbital   energy / eV   virt. orbital     energy / eV   |coeff.|^2*100
       13 a'             -8.79          17 a'              1.86       62.0
       12 a'             -9.09          15 a'              1.37       10.3
       13 a'             -8.79          16 a'              1.57        7.6
       12 a'             -9.09          16 a'              1.57        7.2
       13 a'             -8.79          15 a'              1.37        3.6
 

 Change of electron number:

             0.000000


 Electric transition dipole moment (velocity rep.):

    x       -0.057376        Norm:                  0.147066
    y        0.135412
    z        0.000000        Norm / debye:          0.373807


 Electric transition dipole moment (length rep.):

    x       -0.100998        Norm:                  0.288803
    y        0.270567
    z        0.000000        Norm / debye:          0.734070


 Magnetic transition dipole moment / i:

    x        0.000000        Norm:                  0.000131
    y        0.000000
    z       -0.000131        Norm / Bohr mag.:      0.036033


 Electric quadrupole transition moment:

   xx        0.280615
   yy       -0.050405        1/3*trace:             0.085393
   zz        0.025968
   xy       -0.332655
   xz        0.000000        Anisotropy:            0.649696
   yz        0.000000




                         8 singlet a' excitation


 Total energy:                           -244.5046017852174    

 Excitation energy:                      0.3498893695826322    

 Excitation energy / eV:                  9.520978251384552    

 Excitation energy / nm:                  130.2221691226302    

 Excitation energy / cm^(-1):             76791.84017500401    


 Oscillator strength:

    velocity representation:             0.1956727280954894E-01

    length representation:               0.7694564602531748E-01

    mixed representation:                0.3799132615315879E-01


 Rotatory strength:

    velocity representation:              0.000000000000000    

    velocity rep. / 10^(-40)erg*cm^3:     0.000000000000000    

    length representation:                0.000000000000000    

    length rep. / 10^(-40)erg*cm^3:       0.000000000000000    


 Dominant contributions:

      occ. orbital   energy / eV   virt. orbital     energy / eV   |coeff.|^2*100
       12 a'             -9.09          15 a'              1.37       34.9
       13 a'             -8.79          17 a'              1.86       17.9
       13 a'             -8.79          16 a'              1.57       16.2
        2 a"            -12.37           4 a"             -2.05       11.9
       13 a'             -8.79          18 a'              2.29        5.2
       12 a'             -9.09          16 a'              1.57        2.5
        3 a"             -9.29           5 a"              1.81        2.4
 

 Change of electron number:

             0.000000


 Electric transition dipole moment (velocity rep.):

    x       -0.269156        Norm:                  0.289631
    y        0.106963
    z        0.000000        Norm / debye:          0.736175


 Electric transition dipole moment (length rep.):

    x       -0.565725        Norm:                  0.574344
    y        0.099126
    z        0.000000        Norm / debye:          1.459849


 Magnetic transition dipole moment / i:

    x        0.000000        Norm:                  0.000710
    y        0.000000
    z        0.000710        Norm / Bohr mag.:      0.194454


 Electric quadrupole transition moment:

   xx        0.198348
   yy       -0.011748        1/3*trace:             0.172324
   zz        0.330371
   xy       -0.434863
   xz        0.000000        Anisotropy:            0.810324
   yz        0.000000




                         9 singlet a' excitation


 Total energy:                           -244.5027712282784    

 Excitation energy:                      0.3517199265215759    

 Excitation energy / eV:                  9.570790261461893    

 Excitation energy / nm:                  129.5444165208677    

 Excitation energy / cm^(-1):             77193.60098315401    


 Oscillator strength:

    velocity representation:             0.6334608799241735E-02

    length representation:               0.1052738402176858E-01

    mixed representation:                0.7850207835367478E-02


 Rotatory strength:

    velocity representation:              0.000000000000000    

    velocity rep. / 10^(-40)erg*cm^3:     0.000000000000000    

    length representation:                0.000000000000000    

    length rep. / 10^(-40)erg*cm^3:       0.000000000000000    


 Dominant contributions:

      occ. orbital   energy / eV   virt. orbital     energy / eV   |coeff.|^2*100
       12 a'             -9.09          16 a'              1.57       83.7
       13 a'             -8.79          16 a'              1.57        5.1
       12 a'             -9.09          15 a'              1.37        3.5
 

 Change of electron number:

             0.000000


 Electric transition dipole moment (velocity rep.):

    x       -0.110512        Norm:                  0.164364
    y       -0.121666
    z        0.000000        Norm / debye:          0.417775


 Electric transition dipole moment (length rep.):

    x       -0.180162        Norm:                  0.211888
    y       -0.111528
    z        0.000000        Norm / debye:          0.538571


 Magnetic transition dipole moment / i:

    x        0.000000        Norm:                  0.000350
    y        0.000000
    z       -0.000350        Norm / Bohr mag.:      0.095934


 Electric quadrupole transition moment:

   xx        1.031718
   yy       -0.780819        1/3*trace:             0.167523
   zz        0.251671
   xy        0.284286
   xz        0.000000        Anisotropy:            1.649956
   yz        0.000000




                        10 singlet a' excitation


 Total energy:                           -244.4968221105752    

 Excitation energy:                      0.3576690442248507    

 Excitation energy / eV:                  9.732674060147662    

 Excitation energy / nm:                  127.3897011656294    

 Excitation energy / cm^(-1):             78499.28139407108    


 Oscillator strength:

    velocity representation:             0.1342347152692589    

    length representation:               0.1845323907602520    

    mixed representation:                0.1573869449641982    


 Rotatory strength:

    velocity representation:              0.000000000000000    

    velocity rep. / 10^(-40)erg*cm^3:     0.000000000000000    

    length representation:                0.000000000000000    

    length rep. / 10^(-40)erg*cm^3:       0.000000000000000    


 Dominant contributions:

      occ. orbital   energy / eV   virt. orbital     energy / eV   |coeff.|^2*100
       12 a'             -9.09          17 a'              1.86       78.7
       13 a'             -8.79          18 a'              2.29       15.1
 

 Change of electron number:

             0.000000


 Electric transition dipole moment (velocity rep.):

    x       -0.656272        Norm:                  0.750304
    y        0.363681
    z        0.000000        Norm / debye:          1.907097


 Electric transition dipole moment (length rep.):

    x       -0.769327        Norm:                  0.879713
    y        0.426651
    z        0.000000        Norm / debye:          2.236026


 Magnetic transition dipole moment / i:

    x        0.000000        Norm:                  0.000546
    y        0.000000
    z       -0.000546        Norm / Bohr mag.:      0.149707


 Electric quadrupole transition moment:

   xx       -2.293794
   yy       -1.059165        1/3*trace:            -1.181127
   zz       -0.190421
   xy        0.957748
   xz        0.000000        Anisotropy:            2.470515
   yz        0.000000



 ==============================================================================

                              I R R E P   a"  

 ==============================================================================


 Excitation is electric dipole allowed

 Excitation is magnetic dipole allowed

 Excitation is electric quadrupole allowed




                         1 singlet a" excitation


 Total energy:                           -244.6978719226104    

 Excitation energy:                      0.1566192321895579    

 Excitation energy / eV:                  4.261827974951276    

 Excitation energy / nm:                  290.9179927842719    

 Excitation energy / cm^(-1):             34373.94814532077    


 Oscillator strength:

    velocity representation:             0.5039503750567659E-05

    length representation:               0.4606543976978850E-04

    mixed representation:                0.1523636953120388E-04


 Rotatory strength:

    velocity representation:              0.000000000000000    

    velocity rep. / 10^(-40)erg*cm^3:     0.000000000000000    

    length representation:                0.000000000000000    

    length rep. / 10^(-40)erg*cm^3:       0.000000000000000    


 Dominant contributions:

      occ. orbital   energy / eV   virt. orbital     energy / eV   |coeff.|^2*100
       13 a'             -8.79           4 a"             -2.05       99.3
 

 Change of electron number:

             0.000000


 Electric transition dipole moment (velocity rep.):

    x        0.000000        Norm:                  0.006947
    y        0.000000
    z       -0.006947        Norm / debye:          0.017658


 Electric transition dipole moment (length rep.):

    x        0.000000        Norm:                  0.021004
    y        0.000000
    z        0.021004        Norm / debye:          0.053388


 Magnetic transition dipole moment / i:

    x        0.001885        Norm:                  0.002122
    y       -0.000974
    z        0.000000        Norm / Bohr mag.:      0.581612


 Electric quadrupole transition moment:

   xx        0.000000
   yy        0.000000        1/3*trace:             0.000000
   zz        0.000000
   xy        0.000000
   xz        0.039936        Anisotropy:            0.421796
   yz        0.240227




                         2 singlet a" excitation


 Total energy:                           -244.6837142925990    

 Excitation energy:                      0.1707768622010006    

 Excitation energy / eV:                  4.647076854020926    

 Excitation energy / nm:                  266.8005025550413    

 Excitation energy / cm^(-1):             37481.18876366940    


 Oscillator strength:

    velocity representation:             0.1719927364572355E-02

    length representation:               0.2672381176231230E-06

    mixed representation:                0.2143898671478704E-04


 Rotatory strength:

    velocity representation:              0.000000000000000    

    velocity rep. / 10^(-40)erg*cm^3:     0.000000000000000    

    length representation:                0.000000000000000    

    length rep. / 10^(-40)erg*cm^3:       0.000000000000000    


 Dominant contributions:

      occ. orbital   energy / eV   virt. orbital     energy / eV   |coeff.|^2*100
       12 a'             -9.09           4 a"             -2.05       99.4
 

 Change of electron number:

             0.000000


 Electric transition dipole moment (velocity rep.):

    x        0.000000        Norm:                  0.122910
    y        0.000000
    z       -0.122910        Norm / debye:          0.312408


 Electric transition dipole moment (length rep.):

    x        0.000000        Norm:                  0.001532
    y        0.000000
    z       -0.001532        Norm / debye:          0.003894


 Magnetic transition dipole moment / i:

    x        0.002220        Norm:                  0.004603
    y        0.004032
    z        0.000000        Norm / Bohr mag.:      1.261424


 Electric quadrupole transition moment:

   xx        0.000000
   yy        0.000000        1/3*trace:             0.000000
   zz        0.000000
   xy        0.000000
   xz       -0.702655        Anisotropy:            1.340983
   yz        0.325097




                         3 singlet a" excitation


 Total energy:                           -244.5491981058049    

 Excitation energy:                      0.3052930489951279    

 Excitation energy / eV:                  8.307450104153645    

 Excitation energy / nm:                  149.2446448092146    

 Excitation energy / cm^(-1):             67004.07918348270    


 Oscillator strength:

    velocity representation:             0.7965025641805752E-04

    length representation:               0.5817475475063131E-04

    mixed representation:                0.6807080235273706E-04


 Rotatory strength:

    velocity representation:              0.000000000000000    

    velocity rep. / 10^(-40)erg*cm^3:     0.000000000000000    

    length representation:                0.000000000000000    

    length rep. / 10^(-40)erg*cm^3:       0.000000000000000    


 Dominant contributions:

      occ. orbital   energy / eV   virt. orbital     energy / eV   |coeff.|^2*100
        3 a"             -9.29          14 a'              0.13       97.3
 

 Change of electron number:

             0.000000


 Electric transition dipole moment (velocity rep.):

    x        0.000000        Norm:                  0.019782
    y        0.000000
    z       -0.019782        Norm / debye:          0.050282


 Electric transition dipole moment (length rep.):

    x        0.000000        Norm:                  0.016907
    y        0.000000
    z       -0.016907        Norm / debye:          0.042972


 Magnetic transition dipole moment / i:

    x       -0.001597        Norm:                  0.001746
    y        0.000707
    z        0.000000        Norm / Bohr mag.:      0.478664


 Electric quadrupole transition moment:

   xx        0.000000
   yy        0.000000        1/3*trace:             0.000000
   zz        0.000000
   xy        0.000000
   xz       -0.452178        Anisotropy:            1.859066
   yz       -0.973436




                         4 singlet a" excitation


 Total energy:                           -244.5218804539631    

 Excitation energy:                      0.3326107008369356    

 Excitation energy / eV:                  9.050801550855205    

 Excitation energy / nm:                  136.9870318223397    

 Excitation energy / cm^(-1):             72999.61073305462    


 Oscillator strength:

    velocity representation:             0.2308150802627738E-03

    length representation:               0.2646973359230611E-02

    mixed representation:                0.7816401783200742E-03


 Rotatory strength:

    velocity representation:              0.000000000000000    

    velocity rep. / 10^(-40)erg*cm^3:     0.000000000000000    

    length representation:                0.000000000000000    

    length rep. / 10^(-40)erg*cm^3:       0.000000000000000    


 Dominant contributions:

      occ. orbital   energy / eV   virt. orbital     energy / eV   |coeff.|^2*100
       11 a'            -12.85           4 a"             -2.05       97.2
 

 Change of electron number:

             0.000000


 Electric transition dipole moment (velocity rep.):

    x        0.000000        Norm:                  0.032263
    y        0.000000
    z        0.032263        Norm / debye:          0.082006


 Electric transition dipole moment (length rep.):

    x        0.000000        Norm:                  0.109258
    y        0.000000
    z        0.109258        Norm / debye:          0.277708


 Magnetic transition dipole moment / i:

    x       -0.002188        Norm:                  0.002442
    y        0.001086
    z        0.000000        Norm / Bohr mag.:      0.669313


 Electric quadrupole transition moment:

   xx        0.000000
   yy        0.000000        1/3*trace:             0.000000
   zz        0.000000
   xy        0.000000
   xz       -0.569262        Anisotropy:            1.303034
   yz       -0.491840




                         5 singlet a" excitation


 Total energy:                           -244.5101864570253    

 Excitation energy:                      0.3443046977747457    

 Excitation energy / eV:                  9.369011534340723    

 Excitation energy / nm:                  132.3343914691774    

 Excitation energy / cm^(-1):             75566.14639238743    


 Oscillator strength:

    velocity representation:             0.8803205529525030E-04

    length representation:               0.3678798257217099E-04

    mixed representation:                0.5690801100015762E-04


 Rotatory strength:

    velocity representation:              0.000000000000000    

    velocity rep. / 10^(-40)erg*cm^3:     0.000000000000000    

    length representation:                0.000000000000000    

    length rep. / 10^(-40)erg*cm^3:       0.000000000000000    


 Dominant contributions:

      occ. orbital   energy / eV   virt. orbital     energy / eV   |coeff.|^2*100
       13 a'             -8.79           5 a"              1.81       81.1
        3 a"             -9.29          15 a'              1.37       13.8
 

 Change of electron number:

             0.000000


 Electric transition dipole moment (velocity rep.):

    x        0.000000        Norm:                  0.019584
    y        0.000000
    z        0.019584        Norm / debye:          0.049777


 Electric transition dipole moment (length rep.):

    x        0.000000        Norm:                  0.012660
    y        0.000000
    z        0.012660        Norm / debye:          0.032178


 Magnetic transition dipole moment / i:

    x        0.000900        Norm:                  0.000900
    y        0.000007
    z        0.000000        Norm / Bohr mag.:      0.246571


 Electric quadrupole transition moment:

   xx        0.000000
   yy        0.000000        1/3*trace:             0.000000
   zz        0.000000
   xy        0.000000
   xz        0.280516        Anisotropy:            1.060608
   yz        0.544310




                         6 singlet a" excitation


 Total energy:                           -244.5089626406036    

 Excitation energy:                      0.3455285141963959    

 Excitation energy / eV:                  9.402313287829598    

 Excitation energy / nm:                  131.8656805096616    

 Excitation energy / cm^(-1):             75834.74304957371    


 Oscillator strength:

    velocity representation:             0.1308124084388355E-03

    length representation:               0.7361693901012125E-04

    mixed representation:                0.9813260973707378E-04


 Rotatory strength:

    velocity representation:              0.000000000000000    

    velocity rep. / 10^(-40)erg*cm^3:     0.000000000000000    

    length representation:                0.000000000000000    

    length rep. / 10^(-40)erg*cm^3:       0.000000000000000    


 Dominant contributions:

      occ. orbital   energy / eV   virt. orbital     energy / eV   |coeff.|^2*100
        3 a"             -9.29          15 a'              1.37       79.0
       13 a'             -8.79           5 a"              1.81       14.1
 

 Change of electron number:

             0.000000


 Electric transition dipole moment (velocity rep.):

    x        0.000000        Norm:                  0.023830
    y        0.000000
    z       -0.023830        Norm / debye:          0.060571


 Electric transition dipole moment (length rep.):

    x        0.000000        Norm:                  0.017877
    y        0.000000
    z       -0.017877        Norm / debye:          0.045439


 Magnetic transition dipole moment / i:

    x        0.000936        Norm:                  0.001044
    y       -0.000463
    z        0.000000        Norm / Bohr mag.:      0.286193


 Electric quadrupole transition moment:

   xx        0.000000
   yy        0.000000        1/3*trace:             0.000000
   zz        0.000000
   xy        0.000000
   xz        0.282041        Anisotropy:            0.968872
   yz        0.483071




                         7 singlet a" excitation


 Total energy:                           -244.5001992665874    

 Excitation energy:                      0.3542918882126196    

 Excitation energy / eV:                  9.640776929970947    

 Excitation energy / nm:                  128.6039962412469    

 Excitation energy / cm^(-1):             77758.08132547038    


 Oscillator strength:

    velocity representation:             0.1020205195313630E-03

    length representation:               0.2186513981763320E-03

    mixed representation:                0.1493550442342284E-03


 Rotatory strength:

    velocity representation:              0.000000000000000    

    velocity rep. / 10^(-40)erg*cm^3:     0.000000000000000    

    length representation:                0.000000000000000    

    length rep. / 10^(-40)erg*cm^3:       0.000000000000000    


 Dominant contributions:

      occ. orbital   energy / eV   virt. orbital     energy / eV   |coeff.|^2*100
       12 a'             -9.09           5 a"              1.81       90.9
 

 Change of electron number:

             0.000000


 Electric transition dipole moment (velocity rep.):

    x        0.000000        Norm:                  0.020783
    y        0.000000
    z       -0.020783        Norm / debye:          0.052826


 Electric transition dipole moment (length rep.):

    x        0.000000        Norm:                  0.030426
    y        0.000000
    z       -0.030426        Norm / debye:          0.077335


 Magnetic transition dipole moment / i:

    x        0.000416        Norm:                  0.000619
    y        0.000459
    z        0.000000        Norm / Bohr mag.:      0.169738


 Electric quadrupole transition moment:

   xx        0.000000
   yy        0.000000        1/3*trace:             0.000000
   zz        0.000000
   xy        0.000000
   xz        0.823456        Anisotropy:            1.578520
   yz       -0.390506




                         8 singlet a" excitation


 Total energy:                           -244.4954354639936    

 Excitation energy:                      0.3590556908064181    

 Excitation energy / eV:                  9.770406649626469    

 Excitation energy / nm:                  126.8977315403841    

 Excitation energy / cm^(-1):             78803.61514047200    


 Oscillator strength:

    velocity representation:             0.1068055317247237E-01

    length representation:               0.1421338350242001E-01

    mixed representation:                0.1232099014926716E-01


 Rotatory strength:

    velocity representation:              0.000000000000000    

    velocity rep. / 10^(-40)erg*cm^3:     0.000000000000000    

    length representation:                0.000000000000000    

    length rep. / 10^(-40)erg*cm^3:       0.000000000000000    


 Dominant contributions:

      occ. orbital   energy / eV   virt. orbital     energy / eV   |coeff.|^2*100
        3 a"             -9.29          16 a'              1.57       98.1
 

 Change of electron number:

             0.000000


 Electric transition dipole moment (velocity rep.):

    x        0.000000        Norm:                  0.211233
    y        0.000000
    z        0.211233        Norm / debye:          0.536905


 Electric transition dipole moment (length rep.):

    x        0.000000        Norm:                  0.243676
    y        0.000000
    z        0.243676        Norm / debye:          0.619368


 Magnetic transition dipole moment / i:

    x       -0.000505        Norm:                  0.001147
    y       -0.001030
    z        0.000000        Norm / Bohr mag.:      0.314329


 Electric quadrupole transition moment:

   xx        0.000000
   yy        0.000000        1/3*trace:             0.000000
   zz        0.000000
   xy        0.000000
   xz        0.707377        Anisotropy:            1.266568
   yz       -0.185337




                         9 singlet a" excitation


 Total energy:                           -244.4913883213940    

 Excitation energy:                      0.3631028334060402    

 Excitation energy / eV:                  9.880535050261271    

 Excitation energy / nm:                  125.4833299773476    

 Excitation energy / cm^(-1):             79691.86026791431    


 Oscillator strength:

    velocity representation:             0.5647297532972898E-03

    length representation:               0.6808424943389183E-03

    mixed representation:                0.6200742002876178E-03


 Rotatory strength:

    velocity representation:              0.000000000000000    

    velocity rep. / 10^(-40)erg*cm^3:     0.000000000000000    

    length representation:                0.000000000000000    

    length rep. / 10^(-40)erg*cm^3:       0.000000000000000    


 Dominant contributions:

      occ. orbital   energy / eV   virt. orbital     energy / eV   |coeff.|^2*100
        3 a"             -9.29          17 a'              1.86       91.7
 

 Change of electron number:

             0.000000


 Electric transition dipole moment (velocity rep.):

    x        0.000000        Norm:                  0.048300
    y        0.000000
    z        0.048300        Norm / debye:          0.122768


 Electric transition dipole moment (length rep.):

    x        0.000000        Norm:                  0.053034
    y        0.000000
    z        0.053034        Norm / debye:          0.134800


 Magnetic transition dipole moment / i:

    x       -0.000938        Norm:                  0.001026
    y        0.000414
    z        0.000000        Norm / Bohr mag.:      0.281085


 Electric quadrupole transition moment:

   xx        0.000000
   yy        0.000000        1/3*trace:             0.000000
   zz        0.000000
   xy        0.000000
   xz       -0.172111        Anisotropy:            1.045674
   yz       -0.578667




                        10 singlet a" excitation


 Total energy:                           -244.4842450385022    

 Excitation energy:                      0.3702461162978199    

 Excitation energy / eV:                  10.07491375098387    

 Excitation energy / nm:                  123.0623378729774    

 Excitation energy / cm^(-1):             81259.62964257327    


 Oscillator strength:

    velocity representation:             0.1699333798013189E-04

    length representation:               0.1028948145707630E-03

    mixed representation:                0.4181538425512762E-04


 Rotatory strength:

    velocity representation:              0.000000000000000    

    velocity rep. / 10^(-40)erg*cm^3:     0.000000000000000    

    length representation:                0.000000000000000    

    length rep. / 10^(-40)erg*cm^3:       0.000000000000000    


 Dominant contributions:

      occ. orbital   energy / eV   virt. orbital     energy / eV   |coeff.|^2*100
       13 a'             -8.79           6 a"              2.48       88.6
       12 a'             -9.09           5 a"              1.81        6.4
 

 Change of electron number:

             0.000000


 Electric transition dipole moment (velocity rep.):

    x        0.000000        Norm:                  0.008297
    y        0.000000
    z        0.008297        Norm / debye:          0.021090


 Electric transition dipole moment (length rep.):

    x        0.000000        Norm:                  0.020417
    y        0.000000
    z        0.020417        Norm / debye:          0.051896


 Magnetic transition dipole moment / i:

    x        0.000702        Norm:                  0.001084
    y        0.000826
    z        0.000000        Norm / Bohr mag.:      0.297112


 Electric quadrupole transition moment:

   xx        0.000000
   yy        0.000000        1/3*trace:             0.000000
   zz        0.000000
   xy        0.000000
   xz       -0.709184        Anisotropy:            1.228677
   yz        0.016541

 SUMMARY OF EXCITATION ENERGIES AND DIPOLE OSCILLATOR STRENGTHS (velocity/length):

 -----------------------------------------------------------------------------------------------
 |    Exc.   | energy (Eh) | energy (eV) | energy (cm-1) | energy (nm) | Osc.(vel) | Osc.(len) |
 -----------------------------------------------------------------------------------------------
 |     1 a'  |    0.278060 |     7.56639 |     61027.044 |     163.862 |   0.00969 |   0.22475 |
 |     2 a'  |    0.286390 |     7.79306 |     62855.299 |     159.096 |   0.00405 |   0.00008 |
 |     3 a'  |    0.297831 |     8.10440 |     65366.357 |     152.984 |   0.04528 |   0.04733 |
 |     4 a'  |    0.327058 |     8.89971 |     71780.998 |     139.313 |   0.01056 |   0.04603 |
 |     5 a'  |    0.330899 |     9.00422 |     72623.893 |     137.696 |   0.00649 |   0.04379 |
 |     6 a'  |    0.337093 |     9.17277 |     73983.373 |     135.166 |   0.01864 |   0.04233 |
 |     7 a'  |    0.346013 |     9.41549 |     75941.076 |     131.681 |   0.00499 |   0.01924 |
 |     8 a'  |    0.349889 |     9.52097 |     76791.840 |     130.222 |   0.01957 |   0.07695 |
 |     9 a'  |    0.351720 |     9.57079 |     77193.601 |     129.544 |   0.00633 |   0.01053 |
 |    10 a'  |    0.357669 |     9.73267 |     78499.281 |     127.390 |   0.13423 |   0.18453 |
 -----------------------------------------------------------------------------------------------


 -----------------------------------------------------------------------------------------------
 |    Exc.   | energy (Eh) | energy (eV) | energy (cm-1) | energy (nm) | Osc.(vel) | Osc.(len) |
 -----------------------------------------------------------------------------------------------
 |     1 a"  |    0.156619 |     4.26183 |     34373.948 |     290.918 |   0.00001 |   0.00005 |
 |     2 a"  |    0.170777 |     4.64708 |     37481.189 |     266.801 |   0.00172 |   0.00000 |
 |     3 a"  |    0.305293 |     8.30745 |     67004.079 |     149.245 |   0.00008 |   0.00006 |
 |     4 a"  |    0.332611 |     9.05080 |     72999.611 |     136.987 |   0.00023 |   0.00265 |
 |     5 a"  |    0.344305 |     9.36901 |     75566.146 |     132.334 |   0.00009 |   0.00004 |
 |     6 a"  |    0.345529 |     9.40231 |     75834.743 |     131.866 |   0.00013 |   0.00007 |
 |     7 a"  |    0.354292 |     9.64077 |     77758.081 |     128.604 |   0.00010 |   0.00022 |
 |     8 a"  |    0.359056 |     9.77040 |     78803.615 |     126.898 |   0.01068 |   0.01421 |
 |     9 a"  |    0.363103 |     9.88053 |     79691.860 |     125.483 |   0.00056 |   0.00068 |
 |    10 a"  |    0.370246 |    10.07491 |     81259.630 |     123.062 |   0.00002 |   0.00010 |
 -----------------------------------------------------------------------------------------------




    ------------------------------------------------------------------------
         total  cpu-time :  3 minutes and 38 seconds
         total wall-time :  3 minutes and 38 seconds
    ------------------------------------------------------------------------

   ****  escf : all done  ****


    2023-10-25 16:50:45.607 

