
  ========================================================================
                license information 
    WARNING: License file not found!
             Please copy license.txt to $TURBODIR/LICENSE/
  ========================================================================

 dscf (neshcl255) : TURBOMOLE rev. V7-7 compiled 26 Oct 2022 at 09:17:38
 Copyright (C) 2022 TURBOMOLE GmbH, Karlsruhe


    2023-10-16 13:13:48.493 



                             d s c f - program

                   idea & directorship : reinhart ahlrichs
                   program development : marco haeser
                                         michael baer
                           dft version : oliver treutler


                          quantum chemistry group
                          universitaet  karlsruhe
                                  germany



   *-----------------------------------------------------------------------*
   |                     program will use  1 thread(s)                     |
   *-----------------------------------------------------------------------*


              +--------------------------------------------------+
              | Atomic coordinate, charge and isotop information |
              +--------------------------------------------------+

                    atomic coordinates            atom    charge  isotop
          1.17436584    0.00000000   -2.91783955    c      6.000     0
         -1.17436584    0.00000000   -2.91783955    c      6.000     0
         -2.75209597    0.00000000   -0.84138302    c      6.000     0
         -1.32564422    0.00000000    1.40629602    c      6.000     0
          1.32564422    0.00000000    1.40629602    c      6.000     0
          2.75209597    0.00000000   -0.84138302    c      6.000     0
         -4.79588040    0.00000000   -0.84670344    h      1.000     0
         -2.31805929    0.00000000    3.19962998    h      1.000     0
          2.31805929    0.00000000    3.19962998    h      1.000     0
          4.79588040    0.00000000   -0.84670344    h      1.000     0
 
       center of nuclear mass  :    0.00000000    0.00000000   -0.68042285
       center of nuclear charge:    0.00000000    0.00000000   -0.58823163

              +--------------------------------------------------+
              |               basis set information              |
              +--------------------------------------------------+

              we will work with the 1s 3p 5d 7f 9g ... basis set
              ...i.e. with spherical basis functions...

   type   atoms  prim   cont   basis
   ---------------------------------------------------------------------------
    c        6     46     31   def2-TZVP   [5s3p2d1f|11s6p2d1f]
    h        4      8      6   def2-TZVP   [3s1p|5s1p]
   ---------------------------------------------------------------------------
   total:   10    308    210
   ---------------------------------------------------------------------------

   total number of primitive shells          :   26
   total number of contracted shells         :   82
   total number of cartesian basis functions :  240
   total number of SCF-basis functions       :  210


 integral neglect threshold       :  0.14E-11
 integral storage threshold THIZE :  0.10E-04
 integral storage threshold THIME :         5


 DENSITY CONVERGENCE CHECK SWITCHED ON !
 SCF CONVERGENCE IF RMS(delta[D]) <     0.1000000000E-06


 symmetry group of the molecule :   c2v

 the group has the following generators :
   c2(z)
   mirror plane sigma(xz)

    4 symmetry operations found

 there are 4 real representations :   a1   a2   b1   b2  

 maximum number of shells which are related by symmetry :  2

  
           ------------------
           density functional
           ------------------
 PBE0 hybrid functional
 exchange:    3/4 (LDA+PBE) + 1/4 HF
 correlation: LDA (PW) + PBE
 spherical integration : Lebedev's spherical grid
 spherical gridsize    :                     6
    i.e. gridpoints    :                   974
  maximum batchsize    :                   100
 value for diffuse not defined
 radial integration    : Chebyshev 2nd kind (scaling 3)
 radial gridsize       :                    10
 integration cells     :                     5
 partition function    : becke
 partition sharpness   :                     3
  

          ------------------------
          nuclear repulsion energy  :   188.037264303    
          ------------------------


         -----------------
         -S,T+V- integrals
         -----------------

 1e-integrals will be neglected if expon. factor < 0.139248E-12
 
 Difference densities algorithm switched on.
 The maximal number of linear combinations of
 difference densities is  20.

 DIIS switched on: error vector is FDS-SDF
 Max. Iterations for DIIS is     :   4
 DIIS matrix (see manual) 
    Scaling factor of diagonals  :  1.200
    threshold for scaling factor :  0.000

 scf convergence criterion : increment of total energy < .1000000D-07
                  and increment of one-electron energy < .1000000D-04

 MOs are in ASCII format !


    mo occupation :
   irrep   mo's   occupied
    a1      73       10
    a2      32        1
    b1      73        7
    b2      32        2
 
 number of basis functions   :   210
 number of occupied orbitals :    20
 

 reading orbital data $scfmo  from file mos
 orbital characterization : scfconv=7
 mo-orthogonalization by Cholesky decomposition

 closed shell shift switched on 
 all occupied orbitals are shifted by    0.40000


 DSCF restart information will be dumped onto file mos

          Overall gridpoints after grid construction =         87462
 
                                              current damping :  1.000
 ITERATION  ENERGY          1e-ENERGY        2e-ENERGY     RMS[dD(SAO)]   TOL
   1  -230.68377324078    -680.78456710     262.06352955    0.000D+00 0.139D-11
                            Exc =   -25.542465803633     N = 40.000000000    
          max. resid. norm for Fia-block=  6.463D-02 for orbital      3b1        
          max. resid. fock norm         =  1.154D-01 for orbital     73b1        
          Delta Eig. =    14.5139336775 eV 
 
                                              current damping :  0.950
 ITERATION  ENERGY          1e-ENERGY        2e-ENERGY     RMS[dD(SAO)]   TOL
   2  -230.69913989016    -681.25008383     262.51367963    0.188D-02 0.879D-12
                            Exc =   -25.565853052165     N = 39.999999999    
          Norm of current diis error: 0.39119    
          max. resid. norm for Fia-block=  3.737D-02 for orbital      3b1        
          max. resid. fock norm         =  5.522D-02 for orbital     73b1        
          Delta Eig. =     7.2670752302 eV 
 
                                              current damping :  0.800
 ITERATION  ENERGY          1e-ENERGY        2e-ENERGY     RMS[dD(SAO)]   TOL
   3  -230.70500888731    -681.39860155     262.65632836    0.117D-02 0.646D-12
                            Exc =   -25.571428716708     N = 39.999999999    
          Norm of current diis error: 0.23570    
          max. resid. norm for Fia-block=  2.012D-02 for orbital      3b1        
          max. resid. fock norm         =  2.655D-02 for orbital     73b1        
          Delta Eig. =     3.8791741720 eV 
 
                                              current damping :  0.650
 ITERATION  ENERGY          1e-ENERGY        2e-ENERGY     RMS[dD(SAO)]   TOL
   4  -230.70748512068    -681.49764977     262.75290035    0.820D-03 0.512D-12
                            Exc =   -25.574892244072     N = 39.999999999    
          Norm of current diis error: 0.13558    
          max. resid. norm for Fia-block=  9.970D-03 for orbital      7b1        
          max. resid. fock norm         =  1.184D-02 for orbital     73b1        
          Delta Eig. =     1.8879291949 eV 
 
                                              current damping :  0.500
 ITERATION  ENERGY          1e-ENERGY        2e-ENERGY     RMS[dD(SAO)]   TOL
   5  -230.70847929659    -681.56581762     262.82007402    0.626D-03 0.429D-12
                            Exc =   -25.577599379883     N = 39.999999999    
          Norm of current diis error: 0.75365E-01
          max. resid. norm for Fia-block=  6.264D-03 for orbital      7b1        
          max. resid. fock norm         =  6.294D-03 for orbital      7b1        
 mo-orthogonalization: Cholesky decomposition
          Delta Eig. =     0.8243415025 eV 
 
                                              current damping :  0.350
 ITERATION  ENERGY          1e-ENERGY        2e-ENERGY     RMS[dD(SAO)]   TOL
   6  -230.70886653348    -681.60874142     262.86261058    0.492D-03 0.376D-12
                            Exc =   -25.579489364619     N = 39.999999999    
          Norm of current diis error: 0.41073E-01
          max. resid. norm for Fia-block=  4.096D-03 for orbital      7b1        
          max. resid. fock norm         =  4.108D-03 for orbital      7b1        
          Delta Eig. =     0.3204187281 eV 
 
                                              current damping :  0.200
 ITERATION  ENERGY          1e-ENERGY        2e-ENERGY     RMS[dD(SAO)]   TOL
   7  -230.70901605724    -681.62868873     262.88240837    0.370D-03 0.340D-12
                            Exc =   -25.580353150096     N = 39.999999999    
          Norm of current diis error: 0.22408E-01
          max. resid. norm for Fia-block=  2.698D-03 for orbital      7b1        
          max. resid. fock norm         =  2.700D-03 for orbital      7b1        
          Delta Eig. =     0.0988240414 eV 
 
                                              current damping :  0.100
 ITERATION  ENERGY          1e-ENERGY        2e-ENERGY     RMS[dD(SAO)]   TOL
   8  -230.70907472778    -681.64066494     262.89432591    0.258D-03 0.313D-12
                            Exc =   -25.580893305850     N = 39.999999999    
          Norm of current diis error: 0.12199E-01
          max. resid. norm for Fia-block=  1.751D-03 for orbital      7b1        
          max. resid. fock norm         =  1.752D-03 for orbital      7b1        
          Delta Eig. =     0.0202883091 eV 
 
                                              current damping :  0.100
 ITERATION  ENERGY          1e-ENERGY        2e-ENERGY     RMS[dD(SAO)]   TOL
   9  -230.70909645115    -681.64575911     262.89939836    0.159D-03 0.292D-12
                            Exc =   -25.581133507064     N = 39.999999999    
          Norm of current diis error: 0.68373E-02
          max. resid. norm for Fia-block=  1.086D-03 for orbital      7b1        
          max. resid. fock norm         =  1.091D-03 for orbital      8b1        
          Delta Eig. =     0.0035354957 eV 
 
                                              current damping :  0.100
 ITERATION  ENERGY          1e-ENERGY        2e-ENERGY     RMS[dD(SAO)]   TOL
  10  -230.70910387385    -681.64828860     262.90192042    0.963D-04 0.278D-12
                            Exc =   -25.581255863609     N = 39.999999999    
          Norm of current diis error: 0.40484E-02
          max. resid. norm for Fia-block=  6.865D-04 for orbital      7b1        
          max. resid. fock norm         =  6.911D-04 for orbital      8b1        
 mo-orthogonalization: Cholesky decomposition
          Delta Eig. =     0.0010481874 eV 
 
                                              current damping :  0.100
 ITERATION  ENERGY          1e-ENERGY        2e-ENERGY     RMS[dD(SAO)]   TOL
  11  -230.70910657057    -681.64920709     262.90283621    0.567D-04 0.268D-12
                            Exc =   -25.581301518357     N = 39.999999999    
          Norm of current diis error: 0.24653E-02
          max. resid. norm for Fia-block=  4.200D-04 for orbital      7b1        
          max. resid. fock norm         =  4.245D-04 for orbital      8b1        
          Delta Eig. =     0.0009646781 eV 
 
                                              current damping :  0.100
 ITERATION  ENERGY          1e-ENERGY        2e-ENERGY     RMS[dD(SAO)]   TOL
  12  -230.70910758113    -681.64988572     262.90351384    0.325D-04 0.262D-12
                            Exc =   -25.581334010004     N = 39.999999999    
          Norm of current diis error: 0.15101E-02
          max. resid. norm for Fia-block=  2.640D-04 for orbital      7b1        
          max. resid. fock norm         =  2.665D-04 for orbital      8b1        
          Delta Eig. =     0.0010222512 eV 
 
                                              current damping :  0.100
 ITERATION  ENERGY          1e-ENERGY        2e-ENERGY     RMS[dD(SAO)]   TOL
  13  -230.70910796313    -681.65002229     262.90365002    0.178D-04 0.257D-12
                            Exc =   -25.581339954875     N = 39.999999999    
          Norm of current diis error: 0.93617E-03
          max. resid. norm for Fia-block=  1.536D-04 for orbital      7b1        
          max. resid. fock norm         =  1.554D-04 for orbital      8b1        
          Delta Eig. =     0.0006949046 eV 
 
                                              current damping :  0.100
 ITERATION  ENERGY          1e-ENERGY        2e-ENERGY     RMS[dD(SAO)]   TOL
  14  -230.70910810971    -681.65025748     262.90388507    0.957D-05 0.253D-12
                            Exc =   -25.581349657056     N = 39.999999999    
          Norm of current diis error: 0.58050E-03
          max. resid. norm for Fia-block=  9.811D-05 for orbital      7b1        
          max. resid. fock norm         =  9.915D-05 for orbital      8b1        
          Delta Eig. =     0.0008914967 eV 
 
                                              current damping :  0.150
 ITERATION  ENERGY          1e-ENERGY        2e-ENERGY     RMS[dD(SAO)]   TOL
  15  -230.70910816610    -681.65021653     262.90384406    0.531D-05 0.251D-12
                            Exc =   -25.581346570688     N = 39.999999999    
          Norm of current diis error: 0.36877E-03
          max. resid. norm for Fia-block=  5.381D-05 for orbital      2b2        
          max. resid. fock norm         =  5.446D-05 for orbital      2b2        
 mo-orthogonalization: Cholesky decomposition
          Delta Eig. =     0.0005428733 eV 
 
                                              current damping :  0.200
 ITERATION  ENERGY          1e-ENERGY        2e-ENERGY     RMS[dD(SAO)]   TOL
  16  -230.70910818781    -681.65031212     262.90393963    0.376D-05 0.249D-12
                            Exc =   -25.581349905486     N = 39.999999999    
          Norm of current diis error: 0.23490E-03
          max. resid. norm for Fia-block=  3.663D-05 for orbital      7b1        
          max. resid. fock norm         =  3.710D-05 for orbital      8b1        
          Delta Eig. =     0.0004549599 eV 
 
                                              current damping :  0.250
 ITERATION  ENERGY          1e-ENERGY        2e-ENERGY     RMS[dD(SAO)]   TOL
  17  -230.70910819649    -681.65027792     262.90390542    0.225D-05 0.247D-12
                            Exc =   -25.581347618010     N = 39.999999999    
          Norm of current diis error: 0.15796E-03
          max. resid. norm for Fia-block=  2.507D-05 for orbital      2b2        
          max. resid. fock norm         =  2.522D-05 for orbital      2b2        
          Delta Eig. =     0.0001822803 eV 
 
                                              current damping :  0.300
 ITERATION  ENERGY          1e-ENERGY        2e-ENERGY     RMS[dD(SAO)]   TOL
  18  -230.70910820031    -681.65030244     262.90392993    0.164D-05 0.246D-12
                            Exc =   -25.581348168394     N = 39.999999999    
          Norm of current diis error: 0.10511E-03
          max. resid. norm for Fia-block=  1.613D-05 for orbital      2b2        
          max. resid. fock norm         =  1.632D-05 for orbital      2b2        
          Delta Eig. =     0.0001239705 eV 
 
                                              current damping :  0.350
 ITERATION  ENERGY          1e-ENERGY        2e-ENERGY     RMS[dD(SAO)]   TOL
  19  -230.70910820203    -681.65029251     262.90392000    0.105D-05 0.396D-12
                            Exc =   -25.581347336399     N = 39.999999999    
          Norm of current diis error: 0.74396E-04
          max. resid. norm for Fia-block=  1.261D-05 for orbital      2b2        
          max. resid. fock norm         =  1.264D-05 for orbital      2b2        
          Delta Eig. =     0.0000561108 eV 

 ENERGY & DENSITY CONVERGED !

 
                                              current damping :  0.400
 ITERATION  ENERGY          1e-ENERGY        2e-ENERGY     RMS[dD(SAO)]   TOL
  20  -230.70910820281    -681.65029997     262.90392746    0.768D-06 0.396D-12
                            Exc =   -25.581347387165     N = 39.999999999    
          max. resid. norm for Fia-block=  7.519D-06 for orbital      2b2        
          max. resid. fock norm         =  7.531D-06 for orbital      2b2        

 convergence criteria satisfied after    20 iterations


                  ------------------------------------------ 
                 |  total energy      =   -230.70910820281  |
                  ------------------------------------------ 
                 :  kinetic energy    =    229.56012628401  :
                 :  potential energy  =   -460.26923448682  :
                 :  virial theorem    =      1.99501978085  :
                 :  wavefunction norm =      1.00000000000  :
                  .......................................... 


 orbitals $scfmo  will be written to file mos

    irrep                  6a1         7a1         8a1         9a1        10a1  
 eigenvalues H         -0.64473    -0.53167    -0.47852    -0.40524    -0.28056
            eV         -17.5442    -14.4676    -13.0212    -11.0273     -7.6346
 occupation              2.0000      2.0000      2.0000      2.0000      2.0000

    irrep                 11a1        12a1        13a1        14a1        15a1  
 eigenvalues H          0.06161     0.10337     0.15515     0.18963     0.22044
            eV           1.6764      2.8129      4.2220      5.1602      5.9986

    irrep                  1a2         2a2         3a2         4a2         5a2  
 eigenvalues H         -0.28264     0.00437     0.16410     0.25505     0.34470
            eV          -7.6912      0.1188      4.4655      6.9403      9.3798
 occupation              2.0000

    irrep                  6a2         7a2         8a2         9a2        10a2  
 eigenvalues H          0.42636     0.73463     0.86934     1.07534     1.20756
            eV          11.6020     19.9904     23.6561     29.2618     32.8595

    irrep                  3b1         4b1         5b1         6b1         7b1  
 eigenvalues H        -10.23866    -0.78758    -0.60552    -0.48437    -0.41190
            eV        -278.6102    -21.4313    -16.4772    -13.1805    -11.2085
 occupation              2.0000      2.0000      2.0000      2.0000      2.0000

    irrep                  8b1         9b1        10b1        11b1        12b1  
 eigenvalues H         -0.07466     0.08570     0.11921     0.18967     0.23588
            eV          -2.0315      2.3322      3.2438      5.1614      6.4186

    irrep                  1b2         2b2         3b2         4b2         5b2  
 eigenvalues H         -0.40711    -0.28198    -0.02944     0.21165     0.25830
            eV         -11.0782     -7.6731     -0.8012      5.7592      7.0286
 occupation              2.0000      2.0000

    irrep                  6b2         7b2         8b2         9b2        10b2  
 eigenvalues H          0.33318     0.46605     0.65073     0.78928     0.86180
            eV           9.0663     12.6819     17.7073     21.4775     23.4510
 
 
 
 
 ==============================================================================
                           electrostatic moments
 ==============================================================================

 reference point for electrostatic moments:    0.00000   0.00000   0.00000

 
              nuc           elec       ->  total
 ------------------------------------------------------------------------------
                          charge      
 ------------------------------------------------------------------------------
          40.000000     -40.000000      -0.000000
 
 ------------------------------------------------------------------------------
                       dipole moment  
 ------------------------------------------------------------------------------
   x       0.000000      -0.000000      -0.000000
   y       0.000000       0.000000       0.000000
   z     -23.529265      24.203213       0.673948
 
   | dipole moment | =     0.6739 a.u. =     1.7130 debye 
 
 ------------------------------------------------------------------------------
                     quadrupole moment
 ------------------------------------------------------------------------------
  xx     185.273735    -206.883887     -21.610152
  yy       0.000000     -28.141598     -28.141598
  zz     156.301656    -182.850207     -26.548551
  xy       0.000000       0.000000       0.000000
  xz       0.000000      -0.000000      -0.000000
  yz       0.000000       0.000000       0.000000
 
     1/3  trace=     -25.433434
     anisotropy=       5.898533
 
 ==============================================================================
 
HOMO-LUMO Separation
 HOMO         :   -0.28056398 H =     -7.63454 eV
 LUMO         :   -0.07465574 H =     -2.03149 eV
 HOMO-LUMO gap:    0.20590825 H =     +5.60305 eV
 
 ==============================================================================


    ------------------------------------------------------------------------
         total  cpu-time :  1 minutes and  4 seconds
         total wall-time :  1 minutes and  5 seconds
    ------------------------------------------------------------------------

   ****  dscf : all done  ****


    2023-10-16 13:14:53.143 

