
Slurm Job Summary
*****************
- General information:
    date = Do 1. Feb 11:19:09 CET 2024
    hostname = nesh-srp148
- Job information:
    JobId = 10358797
    JobName = H2S_PP
    UserId = suphc355(743340)
    Account = suphc355
    QOS = normal
    NodeList = nesh-srp[148-149]
    Features = (null)
    Command = /gxfs_work/cau/suphc355/homologes/H2X/PP/S/run.sh
    WorkDir = /gxfs_work/cau/suphc355/homologes/H2X/PP/S
    StdOut = /gxfs_work/cau/suphc355/homologes/H2X/PP/S/ba.out
    StdErr = /gxfs_work/cau/suphc355/homologes/H2X/PP/S/ba.err
- Requested resources:
    Timelimit = 1-00:00:00 ( 86400s )
    MinMemoryNode = 160G ( 163840.000M )
    NumNodes = 2
    NumCPUs = 32
    NumTasks = 32
    CPUs/Task = 1
- Used resources:
    RunTime = 02:09:51 ( 7791s )
    MaxRSS = 6716K ( 6.559M )
====================
- Important conclusions and remarks:
    * !!! Please, always check if the number of requested cores and nodes matches the need of your program/code !!!
    * !!! Less than 10% of requested walltime used !!! Consider adaptation of your batch script.
    * !!! Less than 10% of requested main memory used !!! Consider adaptation of your batch script.

