
 dscf (neshcl290) : TURBOMOLE rev. V7.5.0 compiled 13 Jun 2020 at 23:29:25
 Copyright (C) 2020 TURBOMOLE GmbH, Karlsruhe


    2023-10-18 16:18:34.560 



                             d s c f - program

                   idea & directorship : reinhart ahlrichs
                   program development : marco haeser
                                         michael baer
                           dft version : oliver treutler


                          quantum chemistry group
                          universitaet  karlsruhe
                                  germany



   *-----------------------------------------------------------------------*
   |                     program will use  1 thread(s)                     |
   *-----------------------------------------------------------------------*


              +--------------------------------------------------+
              | Atomic coordinate, charge and isotop information |
              +--------------------------------------------------+

                    atomic coordinates            atom    charge  isotop
         -1.21680521   -0.54798775    0.00000000    c      6.000     0
          1.47055313   -0.57606450    0.00000000    c      6.000     0
         -2.52647247    1.78147434    0.00000000    c      6.000     0
         -1.19513251    4.00686383    0.00000000    c      6.000     0
          1.47815466    3.98090616    0.00000000    c      6.000     0
          2.79470860    1.74496958    0.00000000    c      6.000     0
          2.76725162   -2.80196220    0.00000000    n      7.000     0
         -2.40664480   -2.94318394    0.00000000    c      6.000     0
         -1.14311419   -5.07594637    0.00000000    n      7.000     0
          1.42140758   -4.87823354    0.00000000    c      6.000     0
         -4.45962995   -3.06626246    0.00000000    h      1.000     0
          2.44281169   -6.65619490    0.00000000    h      1.000     0
         -4.57590076    1.78208416    0.00000000    h      1.000     0
         -2.18431645    5.79880374    0.00000000    h      1.000     0
          2.49366292    5.75900268    0.00000000    h      1.000     0
          4.83946613    1.69173116    0.00000000    h      1.000     0
 
       center of nuclear mass  :    0.14697309   -0.56963667    0.00000000
       center of nuclear charge:    0.13005396   -0.50623133    0.00000000

              +--------------------------------------------------+
              |               basis set information              |
              +--------------------------------------------------+

              we will work with the 1s 3p 5d 7f 9g ... basis set
              ...i.e. with spherical basis functions...

   type   atoms  prim   cont   basis
   ---------------------------------------------------------------------------
    c        8     46     31   def2-TZVP   [5s3p2d1f|11s6p2d1f]
    n        2     46     31   def2-TZVP   [5s3p2d1f|11s6p2d1f]
    h        6      8      6   def2-TZVP   [3s1p|5s1p]
   ---------------------------------------------------------------------------
   total:   16    508    346
   ---------------------------------------------------------------------------

   total number of primitive shells          :   46
   total number of contracted shells         :  134
   total number of cartesian basis functions :  396
   total number of SCF-basis functions       :  346


 integral neglect threshold       :  0.84E-12
 integral storage threshold THIZE :  0.10E-04
 integral storage threshold THIME :         5


 DENSITY CONVERGENCE CHECK SWITCHED ON !
 SCF CONVERGENCE IF RMS(delta[D]) <     0.1000000000E-06


 symmetry group of the molecule :   cs

 the group has the following generators :
   c1(z)
   mirror plane sigma(xy)

    2 symmetry operations found

 there are 2 real representations :   a'   a"  

 maximum number of shells which are related by symmetry :  1

  
           ------------------
           density functional
           ------------------
 PBE0 hybrid functional
 exchange:    3/4 (LDA+PBE) + 1/4 HF
 correlation: LDA (PW) + PBE

 spherical integration : Lebedev's spherical grid
 spherical gridsize    :                     6
    i.e. gridpoints    :                   974
 value for diffuse not defined
 radial integration    : Chebyshev 2nd kind (scaling 3)
 radial gridsize       :                    10
 integration cells     :                    16
 partition function    : becke
 partition sharpness   :                     3
  

          ------------------------
          nuclear repulsion energy  :   466.379061771    
          ------------------------


         -----------------
         -S,T+V- integrals
         -----------------

 1e-integrals will be neglected if expon. factor < 0.843930E-13
 
   Difference densities algorithm switched on.
   The maximal number of linear combinations of
   difference densities is                    20 .

 DIIS switched on: error vector is FDS-SDF
 Max. Iterations for DIIS is     :   4
 DIIS matrix (see manual) 
    Scaling factor of diagonals  :  1.200
    threshold for scaling factor :  0.000

 scf convergence criterion : increment of total energy < .1000000D-07
                  and increment of one-electron energy < .1000000D-04

 MOs are in ASCII format !


    mo occupation :
   irrep   mo's   occupied
    a'     240       29
    a"     106        5
 
 number of basis functions   :   346
 number of occupied orbitals :    34
 

 reading orbital data $scfmo  from file mos
 orbital characterization : expanded
 virtual MOs provided and orthogonalized by Cholesky decomposition

 automatic virtual orbital shift switched on 
      shift if e(lumo)-e(homo) < 0.10000000    


 DSCF restart information will be dumped onto file mos

          Overall gridpoints after grid construction =        276504
 
                                              current damping :  0.300
 ITERATION  ENERGY          1e-ENERGY        2e-ENERGY     RMS[dD(SAO)]   TOL
   1  -416.01157847150    -1472.8486414     590.45800114    0.000D+00 0.842D-12
                            Exc =   -43.961261078042     N = 67.999999789    
          max. resid. norm for Fia-block=  2.987D-01 for orbital     21a'        
          max. resid. fock norm         =  8.750D+00 for orbital    147a'        
          Delta Eig. =   645.7408463350 eV 
 
                                              current damping :  0.250
 ITERATION  ENERGY          1e-ENERGY        2e-ENERGY     RMS[dD(SAO)]   TOL
   2  -417.46852940450    -1488.1335953     604.28600411    0.257D-01 0.781D-12
                            Exc =   -44.705894927596     N = 67.999999859    
          Norm of current diis error:  1.8682    
          max. resid. norm for Fia-block=  1.014D-01 for orbital     13a'        
          max. resid. fock norm         =  2.308D-01 for orbital     56a"        
          Delta Eig. =   147.1422359178 eV 
 
                                              current damping :  0.200
 ITERATION  ENERGY          1e-ENERGY        2e-ENERGY     RMS[dD(SAO)]   TOL
   3  -417.58196386340    -1487.2464784     603.28545278    0.823D-02 0.494D-12
                            Exc =   -44.829380916881     N = 67.999999893    
          Norm of current diis error: 0.93320    
          max. resid. norm for Fia-block=  4.660D-02 for orbital     28a'        
          max. resid. fock norm         =  5.289D-02 for orbital     28a'        
          Delta Eig. =    35.4989184716 eV 
 
                                              current damping :  0.250
 ITERATION  ENERGY          1e-ENERGY        2e-ENERGY     RMS[dD(SAO)]   TOL
   4  -417.61928300753    -1487.4860948     603.48775003    0.901D-02 0.389D-12
                            Exc =   -44.762648527241     N = 67.999999890    
          Norm of current diis error: 0.40623    
          max. resid. norm for Fia-block=  1.356D-02 for orbital     29a'        
          max. resid. fock norm         =  2.961D-02 for orbital    235a'        
          Delta Eig. =     4.0631553021 eV 
 
                                              current damping :  0.150
 ITERATION  ENERGY          1e-ENERGY        2e-ENERGY     RMS[dD(SAO)]   TOL
   5  -417.62585536243    -1488.1824846     604.17756749    0.762D-03 0.373D-12
                            Exc =   -44.819099102701     N = 67.999999898    
          Norm of current diis error: 0.13605    
          max. resid. norm for Fia-block=  5.503D-03 for orbital      5a"        
          max. resid. fock norm         =  1.437D-02 for orbital    235a'        
 mo-orthogonalization: Cholesky decomposition
          Delta Eig. =     1.2255242422 eV 
 
                                              current damping :  0.200
 ITERATION  ENERGY          1e-ENERGY        2e-ENERGY     RMS[dD(SAO)]   TOL
   6  -417.62649263727    -1488.0806016     604.07504722    0.121D-02 0.355D-12
                            Exc =   -44.817405917574     N = 67.999999897    
          Norm of current diis error: 0.74374E-01
          max. resid. norm for Fia-block=  2.409D-03 for orbital      5a"        
          max. resid. fock norm         =  6.529D-03 for orbital    237a'        
          Delta Eig. =     0.2709999403 eV 
 
                                              current damping :  0.100
 ITERATION  ENERGY          1e-ENERGY        2e-ENERGY     RMS[dD(SAO)]   TOL
   7  -417.62673733343    -1487.9748645     603.96906538    0.211D-03 0.345D-12
                            Exc =   -44.811412170179     N = 67.999999897    
          Norm of current diis error: 0.21975E-01
          max. resid. norm for Fia-block=  8.911D-04 for orbital      5a"        
          max. resid. fock norm         =  1.808D-03 for orbital    236a'        
          Delta Eig. =     0.0754807815 eV 
 
                                              current damping :  0.150
 ITERATION  ENERGY          1e-ENERGY        2e-ENERGY     RMS[dD(SAO)]   TOL
   8  -417.62675500979    -1488.0215696     604.01575278    0.727D-04 0.339D-12
                            Exc =   -44.814111935657     N = 67.999999898    
          Norm of current diis error: 0.11517E-01
          max. resid. norm for Fia-block=  4.375D-04 for orbital     29a'        
          max. resid. fock norm         =  1.187D-03 for orbital    236a'        
          Delta Eig. =     0.0482922679 eV 
 
                                              current damping :  0.100
 ITERATION  ENERGY          1e-ENERGY        2e-ENERGY     RMS[dD(SAO)]   TOL
   9  -417.62675909703    -1488.0369960     604.03117518    0.541D-04 0.338D-12
                            Exc =   -44.814935330995     N = 67.999999898    
          Norm of current diis error: 0.65504E-02
          max. resid. norm for Fia-block=  2.438D-04 for orbital      3a"        
          max. resid. fock norm         =  4.490D-04 for orbital    240a'        
          Delta Eig. =     0.0355984351 eV 
 
                                              current damping :  0.150
 ITERATION  ENERGY          1e-ENERGY        2e-ENERGY     RMS[dD(SAO)]   TOL
  10  -417.62676109428    -1488.0232726     604.01744972    0.570D-04 0.332D-12
                            Exc =   -44.814088800156     N = 67.999999898    
          Norm of current diis error: 0.17923E-02
          max. resid. norm for Fia-block=  7.278D-05 for orbital     29a'        
          max. resid. fock norm         =  1.296D-04 for orbital    240a'        
 mo-orthogonalization: Cholesky decomposition
          Delta Eig. =     0.0091761023 eV 
 
                                              current damping :  0.100
 ITERATION  ENERGY          1e-ENERGY        2e-ENERGY     RMS[dD(SAO)]   TOL
  11  -417.62676120279    -1488.0230137     604.01719074    0.120D-04 0.330D-12
                            Exc =   -44.814159446008     N = 67.999999898    
          Norm of current diis error: 0.94971E-03
          max. resid. norm for Fia-block=  3.206D-05 for orbital      3a"        
          max. resid. fock norm         =  7.307D-05 for orbital    236a'        
          Delta Eig. =     0.0032020182 eV 
 
                                              current damping :  0.150
 ITERATION  ENERGY          1e-ENERGY        2e-ENERGY     RMS[dD(SAO)]   TOL
  12  -417.62676124442    -1488.0244968     604.01867375    0.396D-05 0.325D-12
                            Exc =   -44.814201596938     N = 67.999999898    
          Norm of current diis error: 0.22754E-03
          max. resid. norm for Fia-block=  1.017D-05 for orbital      4a"        
          max. resid. fock norm         =  2.235D-05 for orbital    237a'        
          Delta Eig. =     0.0011881855 eV 
 
                                              current damping :  0.200
 ITERATION  ENERGY          1e-ENERGY        2e-ENERGY     RMS[dD(SAO)]   TOL
  13  -417.62676124596    -1488.0241223     604.01829932    0.763D-06 0.320D-12
                            Exc =   -44.814185012757     N = 67.999999898    
          Norm of current diis error: 0.15049E-03
          max. resid. norm for Fia-block=  6.091D-06 for orbital      5a"        
          max. resid. fock norm         =  1.509D-05 for orbital    233a'        
          Delta Eig. =     0.0004583877 eV 
 
                                              current damping :  0.250
 ITERATION  ENERGY          1e-ENERGY        2e-ENERGY     RMS[dD(SAO)]   TOL
  14  -417.62676124705    -1488.0241753     604.01835230    0.351D-06 0.317D-12
                            Exc =   -44.814189604371     N = 67.999999898    
          Norm of current diis error: 0.34321E-04
          max. resid. norm for Fia-block=  1.953D-06 for orbital      4a"        
          max. resid. fock norm         =  4.397D-06 for orbital    238a'        
          Delta Eig. =     0.0001377572 eV 
 
                                              current damping :  0.100
 ITERATION  ENERGY          1e-ENERGY        2e-ENERGY     RMS[dD(SAO)]   TOL
  15  -417.62676124708    -1488.0242501     604.01842704    0.238D-06 0.312D-12
                            Exc =   -44.814193361224     N = 67.999999898    
          Norm of current diis error: 0.21041E-04
          max. resid. norm for Fia-block=  7.458D-07 for orbital      5a"        
          max. resid. fock norm         =  2.066D-06 for orbital    238a'        
 mo-orthogonalization: Cholesky decomposition
          Delta Eig. =     0.0000749647 eV 

 ENERGY & DENSITY CONVERGED !

 
                                              current damping :  0.150
 ITERATION  ENERGY          1e-ENERGY        2e-ENERGY     RMS[dD(SAO)]   TOL
  16  -417.62676124708    -1488.0242161     604.01839308    0.108D-06 0.310D-12
                            Exc =   -44.814191353178     N = 67.999999898    
          max. resid. norm for Fia-block=  4.571D-07 for orbital     29a'        
          max. resid. fock norm         =  7.972D-07 for orbital    238a'        

 convergence criteria satisfied after    16 iterations


                  ------------------------------------------ 
                 |  total energy      =   -417.62676124708  |
                  ------------------------------------------ 
                 :  kinetic energy    =    415.57277469121  :
                 :  potential energy  =   -833.19953593828  :
                 :  virial theorem    =      1.99508176500  :
                 :  wavefunction norm =      1.00000000000  :
                  .......................................... 


 <geterg> : there is no data group $energy 


 <skperg> : $end is missing 


 orbitals $scfmo  will be written to file mos

    irrep                 25a'        26a'        27a'        28a'        29a'  
 eigenvalues H         -0.43372    -0.40248    -0.38467    -0.31919    -0.26977
            eV         -11.8022    -10.9521    -10.4676     -8.6857     -7.3409
 occupation              2.0000      2.0000      2.0000      2.0000      2.0000

    irrep                 30a'        31a'        32a'        33a'        34a'  
 eigenvalues H          0.05298     0.07118     0.08772     0.09938     0.10802
            eV           1.4417      1.9370      2.3870      2.7042      2.9393

    irrep                  1a"         2a"         3a"         4a"         5a"  
 eigenvalues H         -0.45717    -0.38607    -0.34868    -0.29178    -0.26599
            eV         -12.4402    -10.5056     -9.4882     -7.9399     -7.2381
 occupation              2.0000      2.0000      2.0000      2.0000      2.0000

    irrep                  6a"         7a"         8a"         9a"        10a"  
 eigenvalues H         -0.07276    -0.03773     0.00009     0.07089     0.15575
            eV          -1.9799     -1.0266      0.0026      1.9289      4.2382
 
 
 
 
 ==============================================================================
                           electrostatic moments
 ==============================================================================

 reference point for electrostatic moments:    0.00000   0.00000   0.00000

 
              nuc           elec       ->  total
 ------------------------------------------------------------------------------
                          charge      
 ------------------------------------------------------------------------------
          68.000000     -68.000000      -0.000000
 
 ------------------------------------------------------------------------------
                       dipole moment  
 ------------------------------------------------------------------------------
   x       8.843669      -9.311200      -0.467531
   y     -34.423731      35.491625       1.067894
   z       0.000000       0.000000       0.000000
 
   | dipole moment | =     1.1658 a.u. =     2.9631 debye 
 
 ------------------------------------------------------------------------------
                     quadrupole moment
 ------------------------------------------------------------------------------
  xx     319.528597    -359.779801     -40.251205
  yy     789.127135    -831.089390     -41.962255
  zz       0.000000     -44.576632     -44.576632
  xy      -5.875456       5.528928      -0.346528
  xz       0.000000       0.000000       0.000000
  yz       0.000000       0.000000       0.000000
 
     1/3  trace=     -42.263364
     anisotropy=       3.820502
 
 ==============================================================================
 
HOMO-LUMO Separation
 HOMO         :   -0.26599468 H =     -7.23809 eV
 LUMO         :   -0.07275788 H =     -1.97984 eV
 HOMO-LUMO gap:    0.19323679 H =     +5.25824 eV
 
 ==============================================================================


    ------------------------------------------------------------------------
         total  cpu-time :  7 minutes and 56 seconds
         total wall-time :  7 minutes and 57 seconds
    ------------------------------------------------------------------------

   ****  dscf : all done  ****


    2023-10-18 16:26:31.837 

