
Slurm Job Summary
*****************
- General information:
    date = Fr 2. Feb 12:19:34 CET 2024
    hostname = nesh-srp138
- Job information:
    JobId = 10361700
    JobName = CH2O_PP
    UserId = suphc355(743340)
    Account = suphc355
    QOS = normal
    NodeList = nesh-srp[138-141]
    Features = (null)
    Command = /gxfs_work/cau/suphc355/homologes/CH2X/PP/O/run.sh
    WorkDir = /gxfs_work/cau/suphc355/homologes/CH2X/PP/O
    StdOut = /gxfs_work/cau/suphc355/homologes/CH2X/PP/O/ba.out
    StdErr = /gxfs_work/cau/suphc355/homologes/CH2X/PP/O/ba.err
- Requested resources:
    Timelimit = 1-00:00:00 ( 86400s )
    MinMemoryNode = 160G ( 163840.000M )
    NumNodes = 4
    NumCPUs = 64
    NumTasks = 64
    CPUs/Task = 1
- Used resources:
    RunTime = 02:38:50 ( 9530s )
    MaxRSS = 6964K ( 6.801M )
====================
- Important conclusions and remarks:
    * !!! Please, always check if the number of requested cores and nodes matches the need of your program/code !!!
    * !!! Less than 20% of requested walltime used !!! Consider adaptation of your batch script.
    * !!! Less than 10% of requested main memory used !!! Consider adaptation of your batch script.

