
Slurm Job Summary
*****************
- General information:
    date = Mo 12. Feb 10:51:39 CET 2024
    hostname = nesh-clk407
- Job information:
    JobId = 10419436
    JobName = arin
    UserId = suphc355(743340)
    Account = suphc355
    QOS = normal
    NodeList = nesh-clk407
    Features = (null)
    Command = /gxfs_work/cau/suphc355/calc_paper/pbe0_bm_tm/trip/o_aren/run.sh
    WorkDir = /gxfs_work/cau/suphc355/calc_paper/pbe0_bm_tm/trip/o_aren
    StdOut = /gxfs_work/cau/suphc355/calc_paper/pbe0_bm_tm/trip/o_aren/batch.out
    StdErr = /gxfs_work/cau/suphc355/calc_paper/pbe0_bm_tm/trip/o_aren/batch.err
- Requested resources:
    Timelimit = 04:00:00 ( 14400s )
    MinMemoryNode = 32G ( 32768.000M )
    NumNodes = 1
    NumCPUs = 32
    NumTasks = 16
    CPUs/Task = 2
- Used resources:
    RunTime = 00:00:03 ( 3s )
    MaxRSS = 1856K ( 1.812M )
====================
- Important conclusions and remarks:
    * !!! Please, always check if the number of requested cores and nodes matches the need of your program/code !!!
    * !!! Less than 10% of requested walltime used !!! Consider adaptation of your batch script.
    * !!! Less than 10% of requested main memory used !!! Consider adaptation of your batch script.

