
  ========================================================================
                license information 
    WARNING: License file not found!
             Please copy license.txt to $TURBODIR/LICENSE/
  ========================================================================

 dscf (nesh-login1) : TURBOMOLE rev. V7-7 compiled 26 Oct 2022 at 09:17:38
 Copyright (C) 2022 TURBOMOLE GmbH, Karlsruhe


    2024-02-12 10:57:41.263 



                             d s c f - program

                   idea & directorship : reinhart ahlrichs
                   program development : marco haeser
                                         michael baer
                           dft version : oliver treutler


                          quantum chemistry group
                          universitaet  karlsruhe
                                  germany



   *-----------------------------------------------------------------------*
   |                     program will use  1 thread(s)                     |
   *-----------------------------------------------------------------------*


              +--------------------------------------------------+
              | Atomic coordinate, charge and isotop information |
              +--------------------------------------------------+

                    atomic coordinates            atom    charge  isotop
          1.17436584    0.00000000   -2.91783955    c      6.000     0
         -1.17436584    0.00000000   -2.91783955    c      6.000     0
         -2.75209597    0.00000000   -0.84138302    c      6.000     0
         -1.32564422    0.00000000    1.40629602    c      6.000     0
          1.32564422    0.00000000    1.40629602    c      6.000     0
          2.75209597    0.00000000   -0.84138302    c      6.000     0
         -4.79588040    0.00000000   -0.84670344    h      1.000     0
         -2.31805929    0.00000000    3.19962998    h      1.000     0
          2.31805929    0.00000000    3.19962998    h      1.000     0
          4.79588040    0.00000000   -0.84670344    h      1.000     0
 
       center of nuclear mass  :    0.00000000    0.00000000   -0.68042285
       center of nuclear charge:    0.00000000    0.00000000   -0.58823163

              +--------------------------------------------------+
              |               basis set information              |
              +--------------------------------------------------+

              we will work with the 1s 3p 5d 7f 9g ... basis set
              ...i.e. with spherical basis functions...

   type   atoms  prim   cont   basis
   ---------------------------------------------------------------------------
    c        6     46     31   def2-TZVP   [5s3p2d1f|11s6p2d1f]
    h        4      8      6   def2-TZVP   [3s1p|5s1p]
   ---------------------------------------------------------------------------
   total:   10    308    210
   ---------------------------------------------------------------------------

   total number of primitive shells          :   26
   total number of contracted shells         :   82
   total number of cartesian basis functions :  240
   total number of SCF-basis functions       :  210


 integral neglect threshold       :  0.14E-11
 integral storage threshold THIZE :  0.10E-04
 integral storage threshold THIME :         5


 DENSITY CONVERGENCE CHECK SWITCHED ON !
 SCF CONVERGENCE IF RMS(delta[D]) <     0.1000000000E-06


 symmetry group of the molecule :   c2v

 the group has the following generators :
   c2(z)
   mirror plane sigma(xz)

    4 symmetry operations found

 there are 4 real representations :   a1   a2   b1   b2  

 maximum number of shells which are related by symmetry :  2

  
           ------------------
           density functional
           ------------------
 PBE0 hybrid functional
 exchange:    3/4 (LDA+PBE) + 1/4 HF
 correlation: LDA (PW) + PBE
 spherical integration : Lebedev's spherical grid
 spherical gridsize    :                     6
    i.e. gridpoints    :                   974
  maximum batchsize    :                   100
 value for diffuse not defined
 radial integration    : Chebyshev 2nd kind (scaling 3)
 radial gridsize       :                    10
 integration cells     :                     5
 partition function    : becke
 partition sharpness   :                     3
  

          ------------------------
          nuclear repulsion energy  :   188.037264303    
          ------------------------


         -----------------
         -S,T+V- integrals
         -----------------

 1e-integrals will be neglected if expon. factor < 0.139248E-12
 
 Difference densities algorithm switched on.
 The maximal number of linear combinations of
 difference densities is  20.

 DIIS switched on: error vector is FDS-SDF
 Max. Iterations for DIIS is     :   4
 DIIS matrix (see manual) 
    Scaling factor of diagonals  :  1.200
    threshold for scaling factor :  0.000

 scf convergence criterion : increment of total energy < .1000000D-07
                  and increment of one-electron energy < .1000000D-04

 MOs are in ASCII format !


    mo occupation :
   irrep   mo's   occupied
    a1      73       10
    a2      32        1
    b1      73        7
    b2      32        2
 
 number of basis functions   :   210
 number of occupied orbitals :    20
 

 reading orbital data $scfmo  from file mos
 orbital characterization : scfdump=7
 mo-orthogonalization by Cholesky decomposition

 automatic virtual orbital shift switched on 
      shift if e(lumo)-e(homo) < 0.10000000    


 DSCF restart information will be dumped onto file mos

          Overall gridpoints after grid construction =         87462
 
                                              current damping :  0.600
 ITERATION  ENERGY          1e-ENERGY        2e-ENERGY     RMS[dD(SAO)]   TOL
   1  -230.68377289996    -680.78454218     262.06350498    0.000D+00 0.139D-11
                            Exc =   -25.542463597565     N = 40.000000000    
          max. resid. norm for Fia-block=  6.463D-02 for orbital      3b1        
          max. resid. fock norm         =  1.154D-01 for orbital     73b1        
          Delta Eig. =    18.1410523914 eV 
 
                                              current damping :  0.550
 ITERATION  ENERGY          1e-ENERGY        2e-ENERGY     RMS[dD(SAO)]   TOL
   2  -230.70443287539    -681.63761958     262.89592240    0.273D-02 0.878D-12
                            Exc =   -25.587719430719     N = 39.999999999    
          Norm of current diis error: 0.28191    
          max. resid. norm for Fia-block=  2.912D-02 for orbital      3b1        
          max. resid. fock norm         =  3.885D-02 for orbital     73b1        
          Delta Eig. =     7.3314291031 eV 
 
                                              current damping :  0.500
 ITERATION  ENERGY          1e-ENERGY        2e-ENERGY     RMS[dD(SAO)]   TOL
   3  -230.70819679175    -681.45375588     262.70829479    0.144D-02 0.671D-12
                            Exc =   -25.573505011896     N = 39.999999999    
          Norm of current diis error: 0.12125    
          max. resid. norm for Fia-block=  1.100D-02 for orbital      3b1        
          max. resid. fock norm         =  1.618D-02 for orbital     23b1        
          Delta Eig. =     2.5560155730 eV 
 
                                              current damping :  0.550
 ITERATION  ENERGY          1e-ENERGY        2e-ENERGY     RMS[dD(SAO)]   TOL
   4  -230.70899444106    -681.66025503     262.91399628    0.676D-03 0.595D-12
                            Exc =   -25.582300278311     N = 39.999999999    
          Norm of current diis error: 0.41000E-01
          max. resid. norm for Fia-block=  3.598D-03 for orbital      3b1        
          max. resid. fock norm         =  5.018D-03 for orbital     73b1        
          Delta Eig. =     0.8710250940 eV 
 
                                              current damping :  0.600
 ITERATION  ENERGY          1e-ENERGY        2e-ENERGY     RMS[dD(SAO)]   TOL
   5  -230.70909159612    -681.63901407     262.89265817    0.256D-03 0.555D-12
                            Exc =   -25.581027341666     N = 39.999999999    
          Norm of current diis error: 0.15269E-01
          max. resid. norm for Fia-block=  1.353D-03 for orbital      3b1        
          max. resid. fock norm         =  1.892D-03 for orbital     72a1        
 mo-orthogonalization: Cholesky decomposition
          Delta Eig. =     0.3013597385 eV 
 
                                              current damping :  0.650
 ITERATION  ENERGY          1e-ENERGY        2e-ENERGY     RMS[dD(SAO)]   TOL
   6  -230.70910520147    -681.64607588     262.89970637    0.942D-04 0.536D-12
                            Exc =   -25.581234362600     N = 39.999999999    
          Norm of current diis error: 0.64118E-02
          max. resid. norm for Fia-block=  5.352D-04 for orbital      7b1        
          max. resid. fock norm         =  8.477D-04 for orbital     72a1        
          Delta Eig. =     0.1099289098 eV 
 
                                              current damping :  0.500
 ITERATION  ENERGY          1e-ENERGY        2e-ENERGY     RMS[dD(SAO)]   TOL
   7  -230.70910771289    -681.64875061     262.90237860    0.407D-04 0.525D-12
                            Exc =   -25.581309333434     N = 39.999999999    
          Norm of current diis error: 0.25472E-02
          max. resid. norm for Fia-block=  2.011D-04 for orbital      3b1        
          max. resid. fock norm         =  3.105D-04 for orbital     72a1        
          Delta Eig. =     0.0464462077 eV 
 
                                              current damping :  0.350
 ITERATION  ENERGY          1e-ENERGY        2e-ENERGY     RMS[dD(SAO)]   TOL
   8  -230.70910813860    -681.65049172     262.90411928    0.171D-04 0.515D-12
                            Exc =   -25.581366324540     N = 39.999999999    
          Norm of current diis error: 0.92982E-03
          max. resid. norm for Fia-block=  7.986D-05 for orbital      7b1        
          max. resid. fock norm         =  1.058D-04 for orbital     71b1        
          Delta Eig. =     0.0189631835 eV 
 
                                              current damping :  0.400
 ITERATION  ENERGY          1e-ENERGY        2e-ENERGY     RMS[dD(SAO)]   TOL
   9  -230.70910819582    -681.64973485     262.90336235    0.726D-05 0.507D-12
                            Exc =   -25.581323557379     N = 39.999999999    
          Norm of current diis error: 0.34893E-03
          max. resid. norm for Fia-block=  2.187D-05 for orbital      2b2        
          max. resid. fock norm         =  3.492D-05 for orbital     71b1        
          Delta Eig. =     0.0044008500 eV 
 
                                              current damping :  0.450
 ITERATION  ENERGY          1e-ENERGY        2e-ENERGY     RMS[dD(SAO)]   TOL
  10  -230.70910820314    -681.65029260     262.90392010    0.202D-05 0.499D-12
                            Exc =   -25.581347582332     N = 39.999999999    
          Norm of current diis error: 0.66967E-04
          max. resid. norm for Fia-block=  6.292D-06 for orbital      7b1        
          max. resid. fock norm         =  6.392D-06 for orbital      8b1        
 mo-orthogonalization: Cholesky decomposition
          Delta Eig. =     0.0011862445 eV 
 
                                              current damping :  0.500
 ITERATION  ENERGY          1e-ENERGY        2e-ENERGY     RMS[dD(SAO)]   TOL
  11  -230.70910820359    -681.65027646     262.90390395    0.610D-06 0.486D-12
                            Exc =   -25.581345818373     N = 39.999999999    
          Norm of current diis error: 0.22328E-04
          max. resid. norm for Fia-block=  2.063D-06 for orbital      7b1        
          max. resid. fock norm         =  2.203D-06 for orbital      8b1        
          Delta Eig. =     0.0003426617 eV 

 ENERGY & DENSITY CONVERGED !

 
                                              current damping :  0.550
 ITERATION  ENERGY          1e-ENERGY        2e-ENERGY     RMS[dD(SAO)]   TOL
  12  -230.70910820367    -681.65029352     262.90392101    0.199D-06 0.472D-12
                            Exc =   -25.581346501972     N = 39.999999999    
          max. resid. norm for Fia-block=  8.367D-07 for orbital      7b1        
          max. resid. fock norm         =  9.592D-07 for orbital      8b1        

 convergence criteria satisfied after    12 iterations


                  ------------------------------------------ 
                 |  total energy      =   -230.70910820367  |
                  ------------------------------------------ 
                 :  kinetic energy    =    229.56012784134  :
                 :  potential energy  =   -460.26923604501  :
                 :  virial theorem    =      1.99501978760  :
                 :  wavefunction norm =      1.00000000000  :
                  .......................................... 


 orbitals $scfmo  will be written to file mos

    irrep                  6a1         7a1         8a1         9a1        10a1  
 eigenvalues H         -0.64473    -0.53167    -0.47852    -0.40524    -0.28057
            eV         -17.5443    -14.4676    -13.0212    -11.0273     -7.6346
 occupation              2.0000      2.0000      2.0000      2.0000      2.0000

    irrep                 11a1        12a1        13a1        14a1        15a1  
 eigenvalues H          0.06161     0.10337     0.15515     0.18963     0.22044
            eV           1.6764      2.8129      4.2220      5.1602      5.9986

    irrep                  1a2         2a2         3a2         4a2         5a2  
 eigenvalues H         -0.28264     0.00437     0.16410     0.25505     0.34470
            eV          -7.6912      0.1188      4.4655      6.9403      9.3798
 occupation              2.0000

    irrep                  6a2         7a2         8a2         9a2        10a2  
 eigenvalues H          0.42636     0.73463     0.86934     1.07534     1.20755
            eV          11.6020     19.9904     23.6561     29.2618     32.8595

    irrep                  3b1         4b1         5b1         6b1         7b1  
 eigenvalues H        -10.23866    -0.78758    -0.60552    -0.48437    -0.41190
            eV        -278.6102    -21.4313    -16.4772    -13.1805    -11.2085
 occupation              2.0000      2.0000      2.0000      2.0000      2.0000

    irrep                  8b1         9b1        10b1        11b1        12b1  
 eigenvalues H         -0.07466     0.08570     0.11921     0.18967     0.23588
            eV          -2.0315      2.3322      3.2438      5.1614      6.4186

    irrep                  1b2         2b2         3b2         4b2         5b2  
 eigenvalues H         -0.40711    -0.28198    -0.02944     0.21165     0.25830
            eV         -11.0782     -7.6731     -0.8012      5.7592      7.0286
 occupation              2.0000      2.0000

    irrep                  6b2         7b2         8b2         9b2        10b2  
 eigenvalues H          0.33318     0.46605     0.65073     0.78928     0.86180
            eV           9.0663     12.6819     17.7073     21.4775     23.4510
 
 
 
 
 ==============================================================================
                           electrostatic moments
 ==============================================================================

 reference point for electrostatic moments:    0.00000   0.00000   0.00000

 
              nuc           elec       ->  total
 ------------------------------------------------------------------------------
                          charge      
 ------------------------------------------------------------------------------
          40.000000     -40.000000      -0.000000
 
 ------------------------------------------------------------------------------
                       dipole moment  
 ------------------------------------------------------------------------------
   x       0.000000       0.000000       0.000000
   y       0.000000       0.000000       0.000000
   z     -23.529265      24.203186       0.673921
 
   | dipole moment | =     0.6739 a.u. =     1.7129 debye 
 
 ------------------------------------------------------------------------------
                     quadrupole moment
 ------------------------------------------------------------------------------
  xx     185.273735    -206.883871     -21.610136
  yy       0.000000     -28.141613     -28.141613
  zz     156.301656    -182.850153     -26.548498
  xy       0.000000       0.000000       0.000000
  xz       0.000000      -0.000000      -0.000000
  yz       0.000000       0.000000       0.000000
 
     1/3  trace=     -25.433415
     anisotropy=       5.898543
 
 ==============================================================================
 
HOMO-LUMO Separation
 HOMO         :   -0.28056520 H =     -7.63457 eV
 LUMO         :   -0.07465663 H =     -2.03151 eV
 HOMO-LUMO gap:    0.20590857 H =     +5.60306 eV
 
 ==============================================================================


    ------------------------------------------------------------------------
         total  cpu-time :  24.76 seconds
         total wall-time :  24.85 seconds
    ------------------------------------------------------------------------

   ****  dscf : all done  ****


    2024-02-12 10:58:06.108 

