
Slurm Job Summary
*****************
- General information:
    date = Sa 28. Okt 04:11:48 CEST 2023
    hostname = n135
- Job information:
    JobId = 6125411
    JobName = thiophen
    UserId = suphc355(743340)
    Account = suphc355
    QOS = normal
    NodeList = n[135-136,172,205]
    Features = (null)
    Command = /work_beegfs/suphc355/benchmark/pbe0_bm_final/defuse/thiophen/run.sh
    WorkDir = /work_beegfs/suphc355/benchmark/pbe0_bm_final/defuse/thiophen
    StdOut = /work_beegfs/suphc355/benchmark/pbe0_bm_final/defuse/thiophen/batch.out
    StdErr = /work_beegfs/suphc355/benchmark/pbe0_bm_final/defuse/thiophen/batch.err
- Requested resources:
    Timelimit = 01:00:00 ( 3600s )
    MinMemoryNode = 250G ( 256000.000M )
    NumNodes = 4
    NumCPUs = 128
    NumTasks = 64
    CPUs/Task = 2
- Used resources:
    RunTime = 00:54:44 ( 3284s )
    MaxRSS = 6632K ( 6.477M )
====================
- Important conclusions and remarks:
    * !!! Please, always check if the number of requested cores and nodes matches the need of your program/code !!!
    (null)
    * !!! Less than 10% of requested main memory used !!! Consider adaptation of your batch script.

