
Slurm Job Summary
*****************
- General information:
    date = Mo 5. Feb 13:35:22 CET 2024
    hostname = nesh-clk357
- Job information:
    JobId = 10377432
    JobName = HI_orca
    UserId = suphc355(743340)
    Account = suphc355
    QOS = normal
    NodeList = nesh-clk357
    Features = (null)
    Command = /gxfs_work/cau/suphc355/homologes/HX/orca/I/run.sh
    WorkDir = /gxfs_work/cau/suphc355/homologes/HX/orca/I
    StdOut = /gxfs_work/cau/suphc355/homologes/HX/orca/I/ba.out
    StdErr = /gxfs_work/cau/suphc355/homologes/HX/orca/I/ba.err
- Requested resources:
    Timelimit = 00:10:00 ( 600s )
    MinMemoryNode = 32G ( 32768.000M )
    NumNodes = 1
    NumCPUs = 1
    NumTasks = 1
    CPUs/Task = 1
- Used resources:
    RunTime = 00:00:46 ( 46s )
    MaxRSS = 72752K ( 71.047M )
====================
- Important conclusions and remarks:
    * !!! Please, always check if the number of requested cores and nodes matches the need of your program/code !!!
    * !!! Less than 10% of requested walltime used !!! Consider adaptation of your batch script.
    * !!! Less than 10% of requested main memory used !!! Consider adaptation of your batch script.

