
Slurm Job Summary
*****************
- General information:
    date = Mi 25. Okt 16:56:47 CEST 2023
    hostname = n142
- Job information:
    JobId = 6123627
    JobName = nitromethan
    UserId = suphc355(743340)
    Account = suphc355
    QOS = normal
    NodeList = n[142-149]
    Features = (null)
    Command = /work_beegfs/suphc355/benchmark/pbe0_bm_final/defuse/nitromethan/run.sh
    WorkDir = /work_beegfs/suphc355/benchmark/pbe0_bm_final/defuse/nitromethan
    StdOut = /work_beegfs/suphc355/benchmark/pbe0_bm_final/defuse/nitromethan/batch.out
    StdErr = /work_beegfs/suphc355/benchmark/pbe0_bm_final/defuse/nitromethan/batch.err
- Requested resources:
    Timelimit = 02:00:00 ( 7200s )
    MinMemoryNode = 128G ( 131072.000M )
    NumNodes = 8
    NumCPUs = 128
    NumTasks = 64
    CPUs/Task = 2
- Used resources:
    RunTime = 00:02:07 ( 127s )
    MaxRSS = 6632K ( 6.477M )
====================
- Important conclusions and remarks:
    * !!! Please, always check if the number of requested cores and nodes matches the need of your program/code !!!
    * !!! Less than 10% of requested walltime used !!! Consider adaptation of your batch script.
    * !!! Less than 10% of requested main memory used !!! Consider adaptation of your batch script.

