
Slurm Job Summary
*****************
- General information:
    date = Do 1. Feb 11:26:59 CET 2024
    hostname = nesh-clk516
- Job information:
    JobId = 10358789
    JobName = CH2S_PP
    UserId = suphc355(743340)
    Account = suphc355
    QOS = normal
    NodeList = nesh-clk[516,539,553,585]
    Features = (null)
    Command = /gxfs_work/cau/suphc355/homologes/CH2X/PP/S/run.sh
    WorkDir = /gxfs_work/cau/suphc355/homologes/CH2X/PP/S
    StdOut = /gxfs_work/cau/suphc355/homologes/CH2X/PP/S/ba.out
    StdErr = /gxfs_work/cau/suphc355/homologes/CH2X/PP/S/ba.err
- Requested resources:
    Timelimit = 1-00:00:00 ( 86400s )
    MinMemoryNode = 160G ( 163840.000M )
    NumNodes = 4
    NumCPUs = 64
    NumTasks = 64
    CPUs/Task = 1
- Used resources:
    RunTime = 02:21:25 ( 8485s )
    MaxRSS = 6976K ( 6.812M )
====================
- Important conclusions and remarks:
    * !!! Please, always check if the number of requested cores and nodes matches the need of your program/code !!!
    * !!! Less than 10% of requested walltime used !!! Consider adaptation of your batch script.
    * !!! Less than 10% of requested main memory used !!! Consider adaptation of your batch script.

