
Slurm Job Summary
*****************
- General information:
    date = Do 5. Okt 14:42:16 CEST 2023
    hostname = n106
- Job information:
    JobId = 5945376
    JobName = dithiin
    UserId = suphc355(743340)
    Account = suphc355
    QOS = normal
    NodeList = n[106-107,109-110,114-115,152-153]
    Features = (null)
    Command = /work_beegfs/suphc355/pbe0_bm_final/dithiin/cp2k/run.sh
    WorkDir = /work_beegfs/suphc355/pbe0_bm_final/dithiin/cp2k
    StdOut = /work_beegfs/suphc355/pbe0_bm_final/dithiin/cp2k/batch.out
    StdErr = /work_beegfs/suphc355/pbe0_bm_final/dithiin/cp2k/batch.err
- Requested resources:
    Timelimit = 04:00:00 ( 14400s )
    MinMemoryNode = 32G ( 32768.000M )
    NumNodes = 8
    NumCPUs = 256
    NumTasks = 128
    CPUs/Task = 2
- Used resources:
    RunTime = 00:03:26 ( 206s )
    MaxRSS = 6636K ( 6.480M )
====================
- Important conclusions and remarks:
    * !!! Please, always check if the number of requested cores and nodes matches the need of your program/code !!!
    * !!! Less than 10% of requested walltime used !!! Consider adaptation of your batch script.
    * !!! Less than 10% of requested main memory used !!! Consider adaptation of your batch script.

