
Slurm Job Summary
*****************
- General information:
    date = Fr 8. Mär 19:28:31 CET 2024
    hostname = nesh-srp149
- Job information:
    JobId = 10651012
    JobName = CAU7_TABA
    UserId = suphc355(743340)
    Account = suphc355
    QOS = normal
    NodeList = nesh-srp[149,235-238],nesh-web[05-07]
    Features = (null)
    Command = /gxfs_work/cau/suphc355/MOFs/CAU7_TABA/SOC/DZ/run.sh
    WorkDir = /gxfs_work/cau/suphc355/MOFs/CAU7_TABA/SOC/DZ
    StdOut = /gxfs_work/cau/suphc355/MOFs/CAU7_TABA/SOC/DZ/ba.out
    StdErr = /gxfs_work/cau/suphc355/MOFs/CAU7_TABA/SOC/DZ/ba.err
- Requested resources:
    Timelimit = 2-00:00:00 ( 172800s )
    MinMemoryNode = 250G ( 256000.000M )
    NumNodes = 8
    NumCPUs = 256
    NumTasks = 128
    CPUs/Task = 2
- Used resources:
    RunTime = 06:18:31 ( 22711s )
    MaxRSS = 7440K ( 7.266M )
====================
- Important conclusions and remarks:
    * !!! Please, always check if the number of requested cores and nodes matches the need of your program/code !!!
    * !!! Less than 20% of requested walltime used !!! Consider adaptation of your batch script.
    * !!! Less than 10% of requested main memory used !!! Consider adaptation of your batch script.

