
Slurm Job Summary
*****************
- General information:
    date = Do 1. Feb 11:21:42 CET 2024
    hostname = nesh-clk359
- Job information:
    JobId = 10358818
    JobName = I2
    UserId = suphc355(743340)
    Account = suphc355
    QOS = normal
    NodeList = nesh-clk[359-360],nesh-srp[273-274]
    Features = (null)
    Command = /gxfs_work/cau/suphc355/homologes/X2/PP/I/run.sh
    WorkDir = /gxfs_work/cau/suphc355/homologes/X2/PP/I
    StdOut = /gxfs_work/cau/suphc355/homologes/X2/PP/I/ba.out
    StdErr = /gxfs_work/cau/suphc355/homologes/X2/PP/I/ba.err
- Requested resources:
    Timelimit = 2-00:00:00 ( 172800s )
    MinMemoryNode = 160G ( 163840.000M )
    NumNodes = 4
    NumCPUs = 128
    NumTasks = 64
    CPUs/Task = 2
- Used resources:
    RunTime = 00:00:20 ( 20s )
    MaxRSS = 2444K ( 2.387M )
====================
- Important conclusions and remarks:
    * !!! Please, always check if the number of requested cores and nodes matches the need of your program/code !!!
    * !!! Less than 10% of requested walltime used !!! Consider adaptation of your batch script.
    * !!! Less than 10% of requested main memory used !!! Consider adaptation of your batch script.

