
Slurm Job Summary
*****************
- General information:
    date = Di 5. Dez 17:49:29 CET 2023
    hostname = nesh-clk516
- Job information:
    JobId = 10197156
    JobName = HCL_opt
    UserId = suphc355(743340)
    Account = suphc355
    QOS = normal
    NodeList = nesh-clk[516-517]
    Features = (null)
    Command = /gxfs_work/cau/suphc355/homologes/HX/opt/Cl/run.sh
    WorkDir = /gxfs_work/cau/suphc355/homologes/HX/opt/Cl
    StdOut = /gxfs_work/cau/suphc355/homologes/HX/opt/Cl/ba.out
    StdErr = /gxfs_work/cau/suphc355/homologes/HX/opt/Cl/ba.err
- Requested resources:
    Timelimit = 1-00:00:00 ( 86400s )
    MinMemoryNode = 160G ( 163840.000M )
    NumNodes = 2
    NumCPUs = 64
    NumTasks = 32
    CPUs/Task = 2
- Used resources:
    RunTime = 00:22:55 ( 1375s )
    MaxRSS = 6920K ( 6.758M )
====================
- Important conclusions and remarks:
    * !!! Please, always check if the number of requested cores and nodes matches the need of your program/code !!!
    * !!! Less than 10% of requested walltime used !!! Consider adaptation of your batch script.
    * !!! Less than 10% of requested main memory used !!! Consider adaptation of your batch script.

