
Slurm Job Summary
*****************
- General information:
    date = Mi 20. Mär 07:56:57 CET 2024
    hostname = nesh-srp188
- Job information:
    JobId = 10730841
    JobName = CAU7_HYB
    UserId = suphc355(743340)
    Account = suphc355
    QOS = normal
    NodeList = nesh-srp[188,257-264,328-334]
    Features = (null)
    Command = /gxfs_work/cau/suphc355/MOFs/CAU7_TABA/geo_opt/HYB/run.sh
    WorkDir = /gxfs_work/cau/suphc355/MOFs/CAU7_TABA/geo_opt/HYB
    StdOut = /gxfs_work/cau/suphc355/MOFs/CAU7_TABA/geo_opt/HYB/ba.out
    StdErr = /gxfs_work/cau/suphc355/MOFs/CAU7_TABA/geo_opt/HYB/ba.err
- Requested resources:
    Timelimit = 2-00:00:00 ( 172800s )
    MinMemoryNode = 250G ( 256000.000M )
    NumNodes = 16
    NumCPUs = 512
    NumTasks = 256
    CPUs/Task = 2
- Used resources:
    RunTime = 1-22:28:58 ( 167338s )
    MaxRSS = 8448K ( 8.250M )
====================
- Important conclusions and remarks:
    * !!! Please, always check if the number of requested cores and nodes matches the need of your program/code !!!
    (null)
    * !!! Less than 10% of requested main memory used !!! Consider adaptation of your batch script.

