
Slurm Job Summary
*****************
- General information:
    date = Do 7. Dez 11:29:37 CET 2023
    hostname = nesh-clk431
- Job information:
    JobId = 10199042
    JobName = I2_opt
    UserId = suphc355(743340)
    Account = suphc355
    QOS = normal
    NodeList = nesh-clk[431-432]
    Features = (null)
    Command = /gxfs_work/cau/suphc355/homologes/X2/opt/I/run.sh
    WorkDir = /gxfs_work/cau/suphc355/homologes/X2/opt/I
    StdOut = /gxfs_work/cau/suphc355/homologes/X2/opt/I/ba.out
    StdErr = /gxfs_work/cau/suphc355/homologes/X2/opt/I/ba.err
- Requested resources:
    Timelimit = 1-00:00:00 ( 86400s )
    MinMemoryNode = 160G ( 163840.000M )
    NumNodes = 2
    NumCPUs = 64
    NumTasks = 32
    CPUs/Task = 2
- Used resources:
    RunTime = 00:26:10 ( 1570s )
    MaxRSS = 6952K ( 6.789M )
====================
- Important conclusions and remarks:
    * !!! Please, always check if the number of requested cores and nodes matches the need of your program/code !!!
    * !!! Less than 10% of requested walltime used !!! Consider adaptation of your batch script.
    * !!! Less than 10% of requested main memory used !!! Consider adaptation of your batch script.

