forrtl: severe (174): SIGSEGV, segmentation fault occurred
Image              PC                Routine            Line        Source             
libpthread-2.28.s  000014C347A76CE0  Unknown               Unknown  Unknown
libiomp5.so        000014C3309229EC  Unknown               Unknown  Unknown
libiomp5.so        000014C3309229BA  Unknown               Unknown  Unknown
libiomp5.so        000014C330924A5F  Unknown               Unknown  Unknown
cp2k.psmp          0000000003850066  Unknown               Unknown  Unknown
cp2k.psmp          000000000305F965  input_keyword_typ         433  input_keyword_types.F
cp2k.psmp          0000000003054C82  input_section_typ         245  input_section_types.F
cp2k.psmp          0000000003054B1B  input_section_typ         252  input_section_types.F
cp2k.psmp          0000000003054B1B  input_section_typ         252  input_section_types.F
cp2k.psmp          0000000003054B1B  input_section_typ         252  input_section_types.F
cp2k.psmp          0000000000423070  MAIN__                    382  cp2k.F
cp2k.psmp          000000000042125D  Unknown               Unknown  Unknown
libc-2.28.so       000014C33042ACF3  __libc_start_main     Unknown  Unknown
cp2k.psmp          000000000042117E  Unknown               Unknown  Unknown
forrtl: severe (174): SIGSEGV, segmentation fault occurred
Image              PC                Routine            Line        Source             
libpthread-2.28.s  000014C347A76CE0  Unknown               Unknown  Unknown
libiomp5.so        000014C330921D21  Unknown               Unknown  Unknown
libiomp5.so        000014C330921B10  Unknown               Unknown  Unknown
libiomp5.so        000014C330921948  Unknown               Unknown  Unknown
libiomp5.so        000014C3309215FD  Unknown               Unknown  Unknown
libiomp5.so        000014C330921F3E  Unknown               Unknown  Unknown
libiomp5.so        000014C33088DF5D  Unknown               Unknown  Unknown
ld-2.28.so         000014C34836A1E6  Unknown               Unknown  Unknown
libc-2.28.so       000014C33044123C  Unknown               Unknown  Unknown
libc-2.28.so       000014C330441370  on_exit               Unknown  Unknown
cp2k.psmp          00000000038232EE  Unknown               Unknown  Unknown
cp2k.psmp          000000000041CD64  Unknown               Unknown  Unknown
libpthread-2.28.s  000014C347A76CE0  Unknown               Unknown  Unknown
libiomp5.so        000014C3309229EC  Unknown               Unknown  Unknown
libiomp5.so        000014C3309229BA  Unknown               Unknown  Unknown
libiomp5.so        000014C330924A5F  Unknown               Unknown  Unknown
cp2k.psmp          0000000003850066  Unknown               Unknown  Unknown
cp2k.psmp          000000000305F965  input_keyword_typ         433  input_keyword_types.F
cp2k.psmp          0000000003054C82  input_section_typ         245  input_section_types.F
cp2k.psmp          0000000003054B1B  input_section_typ         252  input_section_types.F
cp2k.psmp          0000000003054B1B  input_section_typ         252  input_section_types.F
cp2k.psmp          0000000003054B1B  input_section_typ         252  input_section_types.F
cp2k.psmp          0000000000423070  MAIN__                    382  cp2k.F
cp2k.psmp          000000000042125D  Unknown               Unknown  Unknown
libc-2.28.so       000014C33042ACF3  __libc_start_main     Unknown  Unknown
cp2k.psmp          000000000042117E  Unknown               Unknown  Unknown
