
Slurm Job Summary
*****************
- General information:
    date = Di 13. Feb 15:06:03 CET 2024
    hostname = nesh-srp136
- Job information:
    JobId = 10422422
    JobName = I2
    UserId = suphc355(743340)
    Account = suphc355
    QOS = normal
    NodeList = nesh-srp[136-140,142-146,290-295]
    Features = (null)
    Command = /gxfs_work/cau/suphc355/homologes/X2/AE/I/run.sh
    WorkDir = /gxfs_work/cau/suphc355/homologes/X2/AE/I
    StdOut = /gxfs_work/cau/suphc355/homologes/X2/AE/I/ba.out
    StdErr = /gxfs_work/cau/suphc355/homologes/X2/AE/I/ba.err
- Requested resources:
    Timelimit = 1-00:00:00 ( 86400s )
    MinMemoryNode = 250G ( 256000.000M )
    NumNodes = 16
    NumCPUs = 256
    NumTasks = 256
    CPUs/Task = 1
- Used resources:
    RunTime = 04:57:21 ( 17841s )
    MaxRSS = 8516K ( 8.316M )
====================
- Important conclusions and remarks:
    * !!! Please, always check if the number of requested cores and nodes matches the need of your program/code !!!
    * !!! Less than 30% of requested walltime used !!! Consider adaptation of your batch script.
    * !!! Less than 10% of requested main memory used !!! Consider adaptation of your batch script.

