
Slurm Job Summary
*****************
- General information:
    date = Di 26. Mär 03:31:24 CET 2024
    hostname = nesh-srp218
- Job information:
    JobId = 10794562
    JobName = CAU7_HYB
    UserId = suphc355(743340)
    Account = suphc355
    QOS = normal
    NodeList = nesh-srp[218-223,266-271,285-288]
    Features = (null)
    Command = /gxfs_work/cau/suphc355/MOFs/CAU7_TABA/SOC/HYB/run.sh
    WorkDir = /gxfs_work/cau/suphc355/MOFs/CAU7_TABA/SOC/HYB
    StdOut = /gxfs_work/cau/suphc355/MOFs/CAU7_TABA/SOC/HYB/ba.out
    StdErr = /gxfs_work/cau/suphc355/MOFs/CAU7_TABA/SOC/HYB/ba.err
- Requested resources:
    Timelimit = 2-00:00:00 ( 172800s )
    MinMemoryNode = 250G ( 256000.000M )
    NumNodes = 16
    NumCPUs = 512
    NumTasks = 256
    CPUs/Task = 2
- Used resources:
    RunTime = 12:57:36 ( 46656s )
    MaxRSS = 8464K ( 8.266M )
====================
- Important conclusions and remarks:
    * !!! Please, always check if the number of requested cores and nodes matches the need of your program/code !!!
    * !!! Less than 30% of requested walltime used !!! Consider adaptation of your batch script.
    * !!! Less than 10% of requested main memory used !!! Consider adaptation of your batch script.

