
Slurm Job Summary
*****************
- General information:
    date = Mon Oct 16 14:27:50 CEST 2023
    hostname = neshcl126
- Job information:
    JobId = 8867398
    JobName = CP2K
    UserId = suphc355(743340)
    Account = suphc355
    Partition = cluster
    QOS = normal
    NodeList = neshcl[126,132,148,210,236,275,363-364]
    Features = (null)
    Command = /gxfs_work1/cau/suphc355/benchmark_pbe0/pbe0_bm_tm/trip/dithiin/run.sh
    WorkDir = /gxfs_work1/cau/suphc355/benchmark_pbe0/pbe0_bm_tm/trip/dithiin
    StdOut = /gxfs_work1/cau/suphc355/benchmark_pbe0/pbe0_bm_tm/trip/dithiin/batch.out
    StdErr = /gxfs_work1/cau/suphc355/benchmark_pbe0/pbe0_bm_tm/trip/dithiin/batch.err
- Requested resources:
    Timelimit = 04:00:00 ( 14400s )
    MinMemoryNode = 32G ( 32768.000M )
    NumNodes = 8
    NumCPUs = 256
    NumTasks = 128
    CPUs/Task = 2
    TresPerNode = 
- Used resources:
    RunTime = 00:05:39 ( 339s )
    MaxRSS = 75212K ( 73.449M )
====================
- Important conclusions and remarks:
    * !!! Please, always check if the number of requested cores and nodes matches the need of your program/code !!!
    * !!! Less than 10% of requested walltime used !!! Please, adapt your batch script.
    * !!! Less than 10% of requested main memory used !!! Please, adapt your batch script.

