
  ========================================================================
                license information 
    WARNING: License file not found!
             Please copy license.txt to $TURBODIR/LICENSE/
  ========================================================================

 dscf (neshcl126) : TURBOMOLE rev. V7-7 compiled 26 Oct 2022 at 09:17:38
 Copyright (C) 2022 TURBOMOLE GmbH, Karlsruhe


    2023-10-16 14:22:13.497 



                             d s c f - program

                   idea & directorship : reinhart ahlrichs
                   program development : marco haeser
                                         michael baer
                           dft version : oliver treutler


                          quantum chemistry group
                          universitaet  karlsruhe
                                  germany



   *-----------------------------------------------------------------------*
   |                     program will use  1 thread(s)                     |
   *-----------------------------------------------------------------------*


              +--------------------------------------------------+
              | Atomic coordinate, charge and isotop information |
              +--------------------------------------------------+

                    atomic coordinates            atom    charge  isotop
         -2.86580685    0.06685457   -0.58775952    c      6.000     0
         -1.74686624   -0.93439975   -3.58758084    s     16.000     0
          1.74686624    0.93439975   -3.58758084    s     16.000     0
          2.86580685   -0.06685457   -0.58775952    c      6.000     0
          1.34949386   -0.26465201    1.43310237    c      6.000     0
         -1.34949386    0.26465201    1.43310237    c      6.000     0
          4.88043544   -0.42046691   -0.47747096    h      1.000     0
          2.19170306   -0.81587368    3.21970895    h      1.000     0
         -2.19170306    0.81587368    3.21970895    h      1.000     0
         -4.88043544    0.42046691   -0.47747096    h      1.000     0
 
       center of nuclear mass  :    0.00000000    0.00000000   -1.75749779
       center of nuclear charge:    0.00000000    0.00000000   -1.65289994

              +--------------------------------------------------+
              |               basis set information              |
              +--------------------------------------------------+

              we will work with the 1s 3p 5d 7f 9g ... basis set
              ...i.e. with spherical basis functions...

   type   atoms  prim   cont   basis
   ---------------------------------------------------------------------------
    c        4     46     31   def2-TZVP   [5s3p2d1f|11s6p2d1f]
    s        2     63     42   def2-TZVPP   [5s5p3d1f|14s9p3d1f]
    h        4      8      6   def2-TZVP   [3s1p|5s1p]
   ---------------------------------------------------------------------------
   total:   10    342    232
   ---------------------------------------------------------------------------

   total number of primitive shells          :   53
   total number of contracted shells         :   88
   total number of cartesian basis functions :  264
   total number of SCF-basis functions       :  232


 integral neglect threshold       :  0.13E-11
 integral storage threshold THIZE :  0.10E-04
 integral storage threshold THIME :         5


 DENSITY CONVERGENCE CHECK SWITCHED ON !
 SCF CONVERGENCE IF RMS(delta[D]) <     0.1000000000E-06


 symmetry group of the molecule :   c2 

 the group has the following generators :
   c2(z)

    2 symmetry operations found

 there are 2 real representations :   a    b   

 maximum number of shells which are related by symmetry :  2

  
           ------------------
           density functional
           ------------------
 PBE0 hybrid functional
 exchange:    3/4 (LDA+PBE) + 1/4 HF
 correlation: LDA (PW) + PBE
 spherical integration : Lebedev's spherical grid
 spherical gridsize    :                     6
    i.e. gridpoints    :                   974
  maximum batchsize    :                   100
 value for diffuse not defined
 radial integration    : Chebyshev 2nd kind (scaling 3)
 radial gridsize       :                    10
 integration cells     :                     5
 partition function    : becke
 partition sharpness   :                     3
  

          ------------------------
          nuclear repulsion energy  :   335.703759752    
          ------------------------


         -----------------
         -S,T+V- integrals
         -----------------

 1e-integrals will be neglected if expon. factor < 0.126589E-12
 
 Difference densities algorithm switched on.
 The maximal number of linear combinations of
 difference densities is  20.

 DIIS switched on: error vector is FDS-SDF
 Max. Iterations for DIIS is     :   4
 DIIS matrix (see manual) 
    Scaling factor of diagonals  :  1.200
    threshold for scaling factor :  0.000

 scf convergence criterion : increment of total energy < .1000000D-07
                  and increment of one-electron energy < .1000000D-04

 MOs are in ASCII format !


    mo occupation :
   irrep   mo's   occupied
    a      116       16
    b      116       14
 
 number of basis functions   :   232
 number of occupied orbitals :    30
 

 reading orbital data $scfmo  from file mos
 orbital characterization : expanded
 virtual MOs provided and orthogonalized by Cholesky decomposition

 automatic virtual orbital shift switched on 
      shift if e(lumo)-e(homo) < 0.10000000    


 DSCF restart information will be dumped onto file mos

          Overall gridpoints after grid construction =        172382
 
                                              current damping :  0.300
 ITERATION  ENERGY          1e-ENERGY        2e-ENERGY     RMS[dD(SAO)]   TOL
   1  -949.33796285558    -1974.5461784     689.50445584    0.000D+00 0.126D-11
                            Exc =   -56.487714902727     N = 59.999999951    
          max. resid. norm for Fia-block=  2.428D+00 for orbital      1a         
          max. resid. fock norm         =  8.240D+00 for orbital     79b         
          Delta Eig. =   429.4725720193 eV 
 
                                              current damping :  0.250
 ITERATION  ENERGY          1e-ENERGY        2e-ENERGY     RMS[dD(SAO)]   TOL
   2  -950.67321273191    -1974.0822224     687.70524990    0.118D-01 0.830D-12
                            Exc =   -55.994325645045     N = 59.999999788    
          Norm of current diis error:  1.3938    
          max. resid. norm for Fia-block=  4.797D-01 for orbital      1a         
          max. resid. fock norm         =  5.433D-01 for orbital      1a         
          Delta Eig. =   111.9941696242 eV 
 
                                              current damping :  0.200
 ITERATION  ENERGY          1e-ENERGY        2e-ENERGY     RMS[dD(SAO)]   TOL
   3  -950.76430085316    -1974.9243214     688.45626083    0.639D-02 0.677D-12
                            Exc =   -56.055596166259     N = 59.999999853    
          Norm of current diis error: 0.68338    
          max. resid. norm for Fia-block=  9.880D-02 for orbital      1a         
          max. resid. fock norm         =  1.137D-01 for orbital      1a         
          Delta Eig. =    20.7202418147 eV 
 
                                              current damping :  0.100
 ITERATION  ENERGY          1e-ENERGY        2e-ENERGY     RMS[dD(SAO)]   TOL
   4  -950.79006656127    -1975.2759740     688.78214770    0.304D-02 0.607D-12
                            Exc =   -56.090937770328     N = 59.999999781    
          Norm of current diis error: 0.26816    
          max. resid. norm for Fia-block=  1.902D-02 for orbital      1a         
          max. resid. fock norm         =  2.281D-02 for orbital      1a         
          Delta Eig. =     4.8446825693 eV 
 
                                              current damping :  0.150
 ITERATION  ENERGY          1e-ENERGY        2e-ENERGY     RMS[dD(SAO)]   TOL
   5  -950.79471446725    -1975.1513952     688.65292094    0.134D-02 0.572D-12
                            Exc =   -56.063319136033     N = 59.999999802    
          Norm of current diis error: 0.96399E-01
          max. resid. norm for Fia-block=  4.265D-03 for orbital     13b         
          max. resid. fock norm         =  9.243D-03 for orbital    115a         
 mo-orthogonalization: Cholesky decomposition
          Delta Eig. =     0.3634132805 eV 
 
                                              current damping :  0.100
 ITERATION  ENERGY          1e-ENERGY        2e-ENERGY     RMS[dD(SAO)]   TOL
   6  -950.79511716780    -1975.0406750     688.54179809    0.508D-03 0.555D-12
                            Exc =   -56.064864564962     N = 59.999999794    
          Norm of current diis error: 0.54234E-01
          max. resid. norm for Fia-block=  1.819D-03 for orbital     14b         
          max. resid. fock norm         =  5.178D-03 for orbital    115a         
          Delta Eig. =     0.1501765045 eV 
 
                                              current damping :  0.150
 ITERATION  ENERGY          1e-ENERGY        2e-ENERGY     RMS[dD(SAO)]   TOL
   7  -950.79525460683    -1975.1291691     688.63015479    0.143D-03 0.543D-12
                            Exc =   -56.068252760729     N = 59.999999795    
          Norm of current diis error: 0.19439E-01
          max. resid. norm for Fia-block=  6.260D-04 for orbital     13b         
          max. resid. fock norm         =  1.318D-03 for orbital    115a         
          Delta Eig. =     0.0485792872 eV 
 
                                              current damping :  0.100
 ITERATION  ENERGY          1e-ENERGY        2e-ENERGY     RMS[dD(SAO)]   TOL
   8  -950.79527146758    -1975.1349040     688.63587274    0.447D-04 0.531D-12
                            Exc =   -56.068249432011     N = 59.999999794    
          Norm of current diis error: 0.53732E-02
          max. resid. norm for Fia-block=  2.357D-04 for orbital     14a         
          max. resid. fock norm         =  3.368D-04 for orbital     14a         
          Delta Eig. =     0.0177334209 eV 
 
                                              current damping :  0.150
 ITERATION  ENERGY          1e-ENERGY        2e-ENERGY     RMS[dD(SAO)]   TOL
   9  -950.79527274885    -1975.1129259     688.61389344    0.210D-04 0.523D-12
                            Exc =   -56.067462483135     N = 59.999999794    
          Norm of current diis error: 0.23128E-02
          max. resid. norm for Fia-block=  9.015D-05 for orbital     13b         
          max. resid. fock norm         =  1.286D-04 for orbital     13b         
          Delta Eig. =     0.0082269116 eV 
 
                                              current damping :  0.200
 ITERATION  ENERGY          1e-ENERGY        2e-ENERGY     RMS[dD(SAO)]   TOL
  10  -950.79527298874    -1975.1202337     688.62120099    0.739D-05 0.511D-12
                            Exc =   -56.067778003577     N = 59.999999794    
          Norm of current diis error: 0.84326E-03
          max. resid. norm for Fia-block=  4.902D-05 for orbital     14b         
          max. resid. fock norm         =  6.689D-05 for orbital      9a         
 mo-orthogonalization: Cholesky decomposition
          Delta Eig. =     0.0020401500 eV 
 
                                              current damping :  0.100
 ITERATION  ENERGY          1e-ENERGY        2e-ENERGY     RMS[dD(SAO)]   TOL
  11  -950.79527303008    -1975.1206231     688.62159029    0.370D-05 0.499D-12
                            Exc =   -56.067758961200     N = 59.999999794    
          Norm of current diis error: 0.30259E-03
          max. resid. norm for Fia-block=  1.690D-05 for orbital     13b         
          max. resid. fock norm         =  3.240D-05 for orbital      9a         
          Delta Eig. =     0.0015569294 eV 
 
                                              current damping :  0.150
 ITERATION  ENERGY          1e-ENERGY        2e-ENERGY     RMS[dD(SAO)]   TOL
  12  -950.79527303381    -1975.1195301     688.62049734    0.168D-05 0.485D-12
                            Exc =   -56.067734868836     N = 59.999999794    
          Norm of current diis error: 0.23417E-03
          max. resid. norm for Fia-block=  8.390D-06 for orbital     14b         
          max. resid. fock norm         =  1.968D-05 for orbital    115a         
          Delta Eig. =     0.0005805860 eV 
 
                                              current damping :  0.200
 ITERATION  ENERGY          1e-ENERGY        2e-ENERGY     RMS[dD(SAO)]   TOL
  13  -950.79527303668    -1975.1198993     688.62086648    0.625D-06 0.477D-12
                            Exc =   -56.067743547222     N = 59.999999794    
          Norm of current diis error: 0.61320E-04
          max. resid. norm for Fia-block=  2.725D-06 for orbital     15a         
          max. resid. fock norm         =  5.612D-06 for orbital    115a         
          Delta Eig. =     0.0002086237 eV 
 
                                              current damping :  0.100
 ITERATION  ENERGY          1e-ENERGY        2e-ENERGY     RMS[dD(SAO)]   TOL
  14  -950.79527303690    -1975.1200280     688.62099519    0.195D-06 0.458D-12
                            Exc =   -56.067747673362     N = 59.999999794    
          Norm of current diis error: 0.18895E-04
          max. resid. norm for Fia-block=  9.967D-07 for orbital     14b         
          max. resid. fock norm         =  1.141D-06 for orbital     71a         
          Delta Eig. =     0.0000925304 eV 

 DENSITY CONVERGED !

 
                                              current damping :  0.150
 ITERATION  ENERGY          1e-ENERGY        2e-ENERGY     RMS[dD(SAO)]   TOL
  15  -950.79527303692    -1975.1199450     688.62091223    0.842D-07 0.453D-12
                            Exc =   -56.067745211697     N = 59.999999794    
          Norm of current diis error: 0.80476E-05
          max. resid. norm for Fia-block=  4.215D-07 for orbital     13b         
          max. resid. fock norm         =  6.252D-07 for orbital      9a         
 mo-orthogonalization: Cholesky decomposition
          Delta Eig. =     0.0000324270 eV 

 ENERGY & DENSITY CONVERGED !

 
                                              current damping :  0.200
 ITERATION  ENERGY          1e-ENERGY        2e-ENERGY     RMS[dD(SAO)]   TOL
  16  -950.79527303698    -1975.1199638     688.62093100    0.372D-07 0.444D-12
                            Exc =   -56.067746087795     N = 59.999999794    
          max. resid. norm for Fia-block=  4.492D-07 for orbital     14b         
          max. resid. fock norm         =  6.537D-07 for orbital      9a         

 convergence criteria satisfied after    16 iterations


                  ------------------------------------------ 
                 |  total energy      =   -950.79527303698  |
                  ------------------------------------------ 
                 :  kinetic energy    =    948.74296051393  :
                 :  potential energy  =  -1899.53823355091  :
                 :  virial theorem    =      1.99784147799  :
                 :  wavefunction norm =      1.00000000000  :
                  .......................................... 


 <geterg> : there is no data group $energy 


 <skperg> : $end is missing 


 orbitals $scfmo  will be written to file mos

    irrep                 12a         13a         14a         15a         16a   
 eigenvalues H         -0.47641    -0.38635    -0.36788    -0.28996    -0.21918
            eV         -12.9638    -10.5131    -10.0105     -7.8904     -5.9643
 occupation              2.0000      2.0000      2.0000      2.0000      2.0000

    irrep                 17a         18a         19a         20a         21a   
 eigenvalues H          0.02806     0.04600     0.05534     0.11198     0.14799
            eV           0.7635      1.2518      1.5058      3.0472      4.0271

    irrep                 10b         11b         12b         13b         14b   
 eigenvalues H         -0.51687    -0.45697    -0.39771    -0.35062    -0.28864
            eV         -14.0648    -12.4350    -10.8222     -9.5409     -7.8544
 occupation              2.0000      2.0000      2.0000      2.0000      2.0000

    irrep                 15b         16b         17b         18b         19b   
 eigenvalues H         -0.07568    -0.00379     0.07185     0.08642     0.12303
            eV          -2.0593     -0.1030      1.9552      2.3515      3.3479
 
 
 
 
 ==============================================================================
                           electrostatic moments
 ==============================================================================

 reference point for electrostatic moments:    0.00000   0.00000   0.00000

 
              nuc           elec       ->  total
 ------------------------------------------------------------------------------
                          charge      
 ------------------------------------------------------------------------------
          60.000000     -60.000000       0.000000
 
 ------------------------------------------------------------------------------
                       dipole moment  
 ------------------------------------------------------------------------------
   x      -0.000000      -0.000000      -0.000000
   y       0.000000       0.000000       0.000000
   z     -99.173997      99.919610       0.745613
 
   | dipole moment | =     0.7456 a.u. =     1.8952 debye 
 
 ------------------------------------------------------------------------------
                     quadrupole moment
 ------------------------------------------------------------------------------
  xx     275.301549    -307.455283     -32.153733
  yy      30.518300     -69.990092     -39.471792
  zz     461.843493    -499.092606     -37.249112
  xy      37.967393     -38.442604      -0.475212
  xz       0.000000      -0.000000      -0.000000
  yz       0.000000      -0.000000      -0.000000
 
     1/3  trace=     -36.291546
     anisotropy=       6.550272
 
 ==============================================================================
 
HOMO-LUMO Separation
 HOMO         :   -0.21918282 H =     -5.96427 eV
 LUMO         :   -0.07567782 H =     -2.05930 eV
 HOMO-LUMO gap:    0.14350500 H =     +3.90497 eV
 
 ==============================================================================


    ------------------------------------------------------------------------
         total  cpu-time :  1 minutes and 10 seconds
         total wall-time :  1 minutes and 10 seconds
    ------------------------------------------------------------------------

   ****  dscf : all done  ****


    2023-10-16 14:23:23.522 

