
 escf (neshcl126) : TURBOMOLE rev. V7-7 compiled 19 Oct 2022 at 02:10:57
 Copyright (C) 2022 TURBOMOLE GmbH, Karlsruhe


    2023-10-16 14:23:23.704 




                                e s c f

                             TURBOMOLE GmbH

          integral direct evaluation of 

                    * excitation energies and transition moments 
                    * dynamic response properties 
                    * stabilities



          references (see also programs dscf and ridft) 
          implementation and benchmarks (review) 
          F. Furche and D. Rappoport,  
          "Density functional methods for excited states: 
          equilibrium structure and electronic spectra",
          ch. III of "Computational Photochemistry", ed. by 
          M. Olivucci, vol. 16 of "Theoretical and Computational 
          Chemistry", Elsevier, Amsterdam, 2005.



              +--------------------------------------------------+
              | Atomic coordinate, charge and isotop information |
              +--------------------------------------------------+

                    atomic coordinates            atom    charge  isotop
         -2.86580685    0.06685457   -0.58775952    c      6.000     0
         -1.74686624   -0.93439975   -3.58758084    s     16.000     0
          1.74686624    0.93439975   -3.58758084    s     16.000     0
          2.86580685   -0.06685457   -0.58775952    c      6.000     0
          1.34949386   -0.26465201    1.43310237    c      6.000     0
         -1.34949386    0.26465201    1.43310237    c      6.000     0
          4.88043544   -0.42046691   -0.47747096    h      1.000     0
          2.19170306   -0.81587368    3.21970895    h      1.000     0
         -2.19170306    0.81587368    3.21970895    h      1.000     0
         -4.88043544    0.42046691   -0.47747096    h      1.000     0
 
       center of nuclear mass  :    0.00000000    0.00000000   -1.75749779
       center of nuclear charge:    0.00000000    0.00000000   -1.65289994

              +--------------------------------------------------+
              |               basis set information              |
              +--------------------------------------------------+

              we will work with the 1s 3p 5d 7f 9g ... basis set
              ...i.e. with spherical basis functions...

   type   atoms  prim   cont   basis
   ---------------------------------------------------------------------------
    c        4     46     31   def2-TZVP   [5s3p2d1f|11s6p2d1f]
    s        2     63     42   def2-TZVPP   [5s5p3d1f|14s9p3d1f]
    h        4      8      6   def2-TZVP   [3s1p|5s1p]
   ---------------------------------------------------------------------------
   total:   10    342    232
   ---------------------------------------------------------------------------

   total number of primitive shells          :   53
   total number of contracted shells         :   88
   total number of cartesian basis functions :  264
   total number of SCF-basis functions       :  232


 residuum convergence criterium   :  0.10E-04


 integral neglect threshold       :  0.13E-10
 integral storage threshold THIZE :  0.10E-04
 integral storage threshold THIME :         5

 CI SINGLES TRIPLET-CALCULATION (TAMM-DANCOFF-APPROXIMATION)
 
             FOUND DFT-FLAG !
 

 maximum number of Davidson iterations set to   35


 symmetry group of the molecule :   c2 

 the group has the following generators :
   c2(z)

    2 symmetry operations found

 there are 2 real representations :   a    b   

 maximum number of shells which are related by symmetry :  2

 IRREPs of excited states :   a    b   
  
           ------------------
           density functional
           ------------------
 PBE0 hybrid functional
 exchange:    3/4 (LDA+PBE) + 1/4 HF
 correlation: LDA (PW) + PBE
 spherical integration : Lebedev's spherical grid
 spherical gridsize    :                     6
    i.e. gridpoints    :                   974
  maximum batchsize    :                   100
 value for diffuse not defined
 radial integration    : Chebyshev 2nd kind (scaling 3)
 radial gridsize       :                    10
 integration cells     :                     5
 partition function    : becke
 partition sharpness   :                     3
  

 ----------------------------------------------------------------------
          some useful papers before it begins
 ----------------------------------------------------------------------

     nonorthonormal Krylov space methods 
     F. Furche, B. T. Krull, B. D. Nguyen, and J. Kwon, 
     J. Chem. Phys. 144, 174105 (2016).

     density functional implementation               
     R. Bauernschmitt and R. Ahlrichs,
     Chem. Phys. Lett. 256, 454 (1996).
     R. Bauernschmitt and R. Ahlrichs,
     J. Chem. Phys. 104, 9047 (1996).

     UHF extension (RPA and CIS)
     C. Ochsenfeld, J. Gauss, and R. Ahlrichs, 
     J. Chem. Phys. 103, 7401 (1995).

     integral direct algorithm                 
     H. Weiss, R. Ahlrichs, and M. Haeser, 
     J. Chem. Phys. 99, 1262 (1993).

 ----------------------------------------------------------------------

  MOs are in ASCII format !


    mo occupation :
   irrep   mo's   occupied
    a      116       16
    b      116       14
 
 number of basis functions   :   232
 number of occupied orbitals :    30
 

 reading orbital data $scfmo  from file mos
 orbital characterization : scfconv=8

 biggest AO integral is expected to be     9.804440325
 preparing DFT   numerical integration ....
          Overall gridpoints after grid construction =        172382

 Calculating ground state density on molecular grid

 Integral of ground state density: N =   59.99999979425318    


 all orbitals will be included in the transformation

 number of non-frozen orbitals          :   232
 number of non-frozen occupied orbitals :    30



 dimension of super-tensorspace: 1

          IRREP   tensor space dimension   number of roots

           a                3028                     10
           b                3032                     10

 machine precision: 2.22D-16


 logfile cist_a    will be constructed



 logfile cist_b    will be constructed




                       Nonorthonormal Krylov Space Iteration


 total number of roots to be determined: 20


 maximum core memory set to          500 MB,
 corresponding to      922 vectors in CAO basis


 maximum number of simultaneously treated vectors (including degeneracy):       36


 Iteration IRREP Converged      Max. Euclidean
                 roots          residual norm

    1       a        0        5.511222550345503D-02
            b        0        5.775256904803235D-02
 
    2       a        0        8.421044174633715D-03
            b        0        7.184884317012239D-03
 
    3       a        0        2.917852407837206D-03
            b        0        1.573787308120881D-03
 
    4       a        0        7.608330510259291D-04
            b        0        2.443007229740352D-04
 
    5       a        3        1.217430164868036D-04
            b        3        4.710558284782158D-05
 
    6       a        9        1.970318711933974D-05
            b       10        6.632472136962123D-06
 
    7       a       10        8.171985245568893D-06
            b       10        6.632472136962123D-06
 

 converged!

 Eigenpairs written on logfile cist_a   

 Eigenpairs written on logfile cist_b   



 IRREP   Vector     Eigenvalue           Euclidean residual norm

  a         1    1.369355611505446D-01    5.340583932425664D-06
            2    1.752082370406500D-01    9.519150534073760D-07
            3    1.806936039826354D-01    9.196052879983753D-07
            4    2.113662272536935D-01    1.089277698589448D-06
            5    2.135080268733024D-01    8.000220038971987D-06
            6    2.271753550023509D-01    8.171985245568893D-06
            7    2.392167230689344D-01    3.890540345411661D-06
            8    2.460133394417165D-01    4.431492970431861D-06
            9    2.762154500715020D-01    4.863920576725992D-06
           10    2.792073661532138D-01    3.824118804471757D-06

  b         1    6.902783994777824D-02    1.719303788112466D-06
            2    1.218807539010895D-01    3.937292634164505D-06
            3    1.536849913274420D-01    4.092517506645494D-06
            4    1.989331276840124D-01    1.975830788866100D-06
            5    2.150329802886833D-01    2.297518631222789D-06
            6    2.244383039727014D-01    1.347257171513294D-06
            7    2.407146664102548D-01    3.581089495671705D-06
            8    2.484333314194630D-01    4.833781067025660D-06
            9    2.581217516253854D-01    3.397666525550958D-06
           10    2.657872319989832D-01    6.632472136962123D-06






                    Selection rules for point group c2  


 Subduction with respect to c2  :

    Polar vector representation: a, b                        

    Axial vector representation: a, b                        

    Symmetric second rank tensor representation: a, b                        




                            Ground state


 Total energy:                           -950.7952730370000    

 Charge:

               elec          nuc         total

           -60.000000    60.000000    -0.000000


 Electric dipole moment:

               elec          nuc         total   

    x        0.000000    -0.000000    -0.000000    Norm:              0.745613
    y        0.000000     0.000000     0.000000
    z       99.919610   -99.173997     0.745613    Norm / debye:      1.895175


 Electric quadrupole moment:

               elec          nuc         total   

   xx     -307.455283   275.301549   -32.153733
   yy      -69.990092    30.518300   -39.471792    1/3*trace:       -36.291546
   zz     -499.092606   461.843493   -37.249112
   xy      -38.442604    37.967393    -0.475212
   xz        0.000000     0.000000     0.000000    Anisotropy:        6.550272
   yz        0.000000     0.000000     0.000000



 ==============================================================================

                              I R R E P   a   

 ==============================================================================


 Excitation is electric dipole allowed

 Excitation is magnetic dipole allowed

 Excitation is electric quadrupole allowed




                         1 triplet a excitation


 Total energy:                           -950.6583374758495    

 Excitation energy:                      0.1369355611505446    

 Excitation energy / eV:                  3.726207804228730    

 Excitation energy / nm:                  332.7357209272209    

 Excitation energy / cm^(-1):             30053.88171321304    


 Oscillator strength:

    velocity representation:             0.4641256031984031    

    length representation:               0.3047306221446828    

    mixed representation:                0.3760761675723756    


 Rotatory strength:

    velocity representation:            -0.3363940358385384E-02

    velocity rep. / 10^(-40)erg*cm^3:    -217.3267492550626    

    length representation:              -0.2725766019382513E-02

    length rep. / 10^(-40)erg*cm^3:      -176.0976132486021    


 Dominant contributions:

      occ. orbital   energy / eV   virt. orbital     energy / eV   |coeff.|^2*100
       14 b              -7.85          15 b              -2.06       92.1
 

 S^2 expectation value:                     2.00000000


 Change of electron number:

             0.000000


 Electric transition dipole moment (velocity rep.):

    x        0.000000        Norm:                  2.254786
    y        0.000000
    z        2.254786        Norm / debye:          5.731137


 Electric transition dipole moment (length rep.):

    x        0.000000        Norm:                  1.827029
    y        0.000000
    z        1.827029        Norm / debye:          4.643881


 Magnetic transition dipole moment / i:

    x        0.000000        Norm:                  0.001492
    y        0.000000
    z       -0.001492        Norm / Bohr mag.:      0.408891


 Electric quadrupole transition moment:

   xx       -2.557490
   yy       -0.152878        1/3*trace:            -1.666290
   zz       -2.288502
   xy       -0.154977
   xz        0.000000        Anisotropy:            2.297771
   yz        0.000000




                         2 triplet a excitation


 Total energy:                           -950.6200647999593    

 Excitation energy:                      0.1752082370406500    

 Excitation energy / eV:                  4.767660750360395    

 Excitation energy / nm:                  260.0525718972269    

 Excitation energy / cm^(-1):             38453.76312009472    


 Oscillator strength:

    velocity representation:             0.1807980270792689    

    length representation:               0.1273978127761976    

    mixed representation:                0.1517671677410849    


 Rotatory strength:

    velocity representation:             0.9343575282588720E-03

    velocity rep. / 10^(-40)erg*cm^3:     60.36399657096197    

    length representation:               0.7843271191186008E-03

    length rep. / 10^(-40)erg*cm^3:       50.67130953310018    


 Dominant contributions:

      occ. orbital   energy / eV   virt. orbital     energy / eV   |coeff.|^2*100
       16 a              -5.96          17 a               0.76       70.4
       16 a              -5.96          18 a               1.25        7.3
       13 b              -9.54          15 b              -2.06        6.0
       14 b              -7.85          16 b              -0.10        5.8
       16 a              -5.96          19 a               1.51        2.9
 

 S^2 expectation value:                     2.00000000


 Change of electron number:

             0.000000


 Electric transition dipole moment (velocity rep.):

    x        0.000000        Norm:                  1.244128
    y        0.000000
    z        1.244128        Norm / debye:          3.162283


 Electric transition dipole moment (length rep.):

    x        0.000000        Norm:                  1.044358
    y        0.000000
    z        1.044358        Norm / debye:          2.654513


 Magnetic transition dipole moment / i:

    x        0.000000        Norm:                  0.000751
    y        0.000000
    z        0.000751        Norm / Bohr mag.:      0.205832


 Electric quadrupole transition moment:

   xx       -2.129392
   yy        0.227294        1/3*trace:            -0.687814
   zz       -0.161345
   xy       -0.366894
   xz        0.000000        Anisotropy:            2.278803
   yz        0.000000




                         3 triplet a excitation


 Total energy:                           -950.6145794330174    

 Excitation energy:                      0.1806936039826354    

 Excitation energy / eV:                  4.916925243356581    

 Excitation energy / nm:                  252.1580822771050    

 Excitation energy / cm^(-1):             39657.66200394095    


 Oscillator strength:

    velocity representation:             0.6068690380876597    

    length representation:               0.3791969186309680    

    mixed representation:                0.4797112352815807    


 Rotatory strength:

    velocity representation:            -0.1751403567385335E-02

    velocity rep. / 10^(-40)erg*cm^3:    -113.1491059241809    

    length representation:              -0.1384430438953499E-02

    length rep. / 10^(-40)erg*cm^3:      -89.44087433581490    


 Dominant contributions:

      occ. orbital   energy / eV   virt. orbital     energy / eV   |coeff.|^2*100
       13 b              -9.54          15 b              -2.06       25.2
       16 a              -5.96          17 a               0.76       25.0
       16 a              -5.96          18 a               1.25       19.6
       14 b              -7.85          16 b              -0.10       13.6
       16 a              -5.96          19 a               1.51        4.0
       14 b              -7.85          15 b              -2.06        3.7
 

 S^2 expectation value:                     2.00000000


 Change of electron number:

             0.000000


 Electric transition dipole moment (velocity rep.):

    x        0.000000        Norm:                  2.244511
    y        0.000000
    z       -2.244511        Norm / debye:          5.705021


 Electric transition dipole moment (length rep.):

    x        0.000000        Norm:                  1.774217
    y        0.000000
    z       -1.774217        Norm / debye:          4.509643


 Magnetic transition dipole moment / i:

    x        0.000000        Norm:                  0.000780
    y        0.000000
    z        0.000780        Norm / Bohr mag.:      0.213860


 Electric quadrupole transition moment:

   xx        1.978048
   yy        0.672969        1/3*trace:             1.343896
   zz        1.380670
   xy       -0.055392
   xz        0.000000        Anisotropy:            1.135636
   yz        0.000000




                         4 triplet a excitation


 Total energy:                           -950.5839068097463    

 Excitation energy:                      0.2113662272536935    

 Excitation energy / eV:                  5.751570146758505    

 Excitation energy / nm:                  215.5659078179615    

 Excitation energy / cm^(-1):             46389.52466895666    


 Oscillator strength:

    velocity representation:             0.2780570223825146E-01

    length representation:               0.2838377581655107E-01

    mixed representation:                0.2809325219251594E-01


 Rotatory strength:

    velocity representation:             0.4273082410464800E-03

    velocity rep. / 10^(-40)erg*cm^3:     27.60617046168546    

    length representation:               0.4317272074914532E-03

    length rep. / 10^(-40)erg*cm^3:       27.89165697756833    


 Dominant contributions:

      occ. orbital   energy / eV   virt. orbital     energy / eV   |coeff.|^2*100
       13 b              -9.54          15 b              -2.06       63.9
       16 a              -5.96          18 a               1.25       17.0
       14 b              -7.85          16 b              -0.10       11.8
 

 S^2 expectation value:                     2.00000000


 Change of electron number:

            -0.000000


 Electric transition dipole moment (velocity rep.):

    x        0.000000        Norm:                  0.444217
    y        0.000000
    z       -0.444217        Norm / debye:          1.129094


 Electric transition dipole moment (length rep.):

    x        0.000000        Norm:                  0.448810
    y        0.000000
    z       -0.448810        Norm / debye:          1.140771


 Magnetic transition dipole moment / i:

    x        0.000000        Norm:                  0.000962
    y        0.000000
    z       -0.000962        Norm / Bohr mag.:      0.263640


 Electric quadrupole transition moment:

   xx        0.074236
   yy        0.048103        1/3*trace:             0.701718
   zz        1.982815
   xy        0.520881
   xz        0.000000        Anisotropy:            2.123013
   yz        0.000000




                         5 triplet a excitation


 Total energy:                           -950.5817650101267    

 Excitation energy:                      0.2135080268733024    

 Excitation energy / eV:                  5.809851504724437    

 Excitation energy / nm:                  213.4034646249516    

 Excitation energy / cm^(-1):             46859.59534950372    


 Oscillator strength:

    velocity representation:             0.3759796066194773E-02

    length representation:               0.3339613686659368E-02

    mixed representation:                0.3543482242330574E-02


 Rotatory strength:

    velocity representation:             0.3526257100891691E-03

    velocity rep. / 10^(-40)erg*cm^3:     22.78131926043431    

    length representation:               0.3323379566048648E-03

    length rep. / 10^(-40)erg*cm^3:       21.47063267128557    


 Dominant contributions:

      occ. orbital   energy / eV   virt. orbital     energy / eV   |coeff.|^2*100
       14 b              -7.85          16 b              -0.10       55.0
       16 a              -5.96          18 a               1.25       33.7
       12 b             -10.82          15 b              -2.06        3.6
 

 S^2 expectation value:                     2.00000000


 Change of electron number:

             0.000000


 Electric transition dipole moment (velocity rep.):

    x        0.000000        Norm:                  0.162525
    y        0.000000
    z        0.162525        Norm / debye:          0.413101


 Electric transition dipole moment (length rep.):

    x        0.000000        Norm:                  0.153175
    y        0.000000
    z        0.153175        Norm / debye:          0.389334


 Magnetic transition dipole moment / i:

    x        0.000000        Norm:                  0.002170
    y        0.000000
    z        0.002170        Norm / Bohr mag.:      0.594645


 Electric quadrupole transition moment:

   xx       -0.424076
   yy        0.761612        1/3*trace:            -0.182709
   zz       -0.885662
   xy        0.816188
   xz        0.000000        Anisotropy:            2.040760
   yz        0.000000




                         6 triplet a excitation


 Total energy:                           -950.5680976819976    

 Excitation energy:                      0.2271753550023509    

 Excitation energy / eV:                  6.181758585029362    

 Excitation energy / nm:                  200.5646812328234    

 Excitation energy / cm^(-1):             49859.22714328237    


 Oscillator strength:

    velocity representation:             0.7975142931168733E-02

    length representation:               0.6086435931951221E-02

    mixed representation:                0.6967079481297178E-02


 Rotatory strength:

    velocity representation:            -0.4077119849842690E-04

    velocity rep. / 10^(-40)erg*cm^3:    -2.634015793653645    

    length representation:              -0.3561769148689813E-04

    length rep. / 10^(-40)erg*cm^3:      -2.301074419325507    


 Dominant contributions:

      occ. orbital   energy / eV   virt. orbital     energy / eV   |coeff.|^2*100
       16 a              -5.96          19 a               1.51       79.8
       16 a              -5.96          18 a               1.25       14.1
 

 S^2 expectation value:                     2.00000000


 Change of electron number:

            -0.000000


 Electric transition dipole moment (velocity rep.):

    x        0.000000        Norm:                  0.229474
    y        0.000000
    z        0.229474        Norm / debye:          0.583270


 Electric transition dipole moment (length rep.):

    x        0.000000        Norm:                  0.200469
    y        0.000000
    z        0.200469        Norm / debye:          0.509544


 Magnetic transition dipole moment / i:

    x        0.000000        Norm:                  0.000178
    y        0.000000
    z       -0.000178        Norm / Bohr mag.:      0.048695


 Electric quadrupole transition moment:

   xx        2.598439
   yy        0.181677        1/3*trace:             0.188114
   zz       -2.215774
   xy       -0.387840
   xz        0.000000        Anisotropy:            4.223013
   yz        0.000000




                         7 triplet a excitation


 Total energy:                           -950.5560563139311    

 Excitation energy:                      0.2392167230689344    

 Excitation energy / eV:                  6.509421021917952    

 Excitation energy / nm:                  190.4689274038343    

 Excitation energy / cm^(-1):             52502.00195281854    


 Oscillator strength:

    velocity representation:             0.2990872904085794E-01

    length representation:               0.3241928630027836E-01

    mixed representation:                0.3113871624927758E-01


 Rotatory strength:

    velocity representation:            -0.1621686246821447E-03

    velocity rep. / 10^(-40)erg*cm^3:    -10.47687422444402    

    length representation:              -0.1688377590908170E-03

    length rep. / 10^(-40)erg*cm^3:      -10.90773242850490    


 Dominant contributions:

      occ. orbital   energy / eV   virt. orbital     energy / eV   |coeff.|^2*100
       12 b             -10.82          15 b              -2.06       54.6
       15 a              -7.89          18 a               1.25       14.4
       14 b              -7.85          16 b              -0.10        8.1
       13 b              -9.54          16 b              -0.10        7.3
       16 a              -5.96          19 a               1.51        5.6
 

 S^2 expectation value:                     2.00000000


 Change of electron number:

             0.000000


 Electric transition dipole moment (velocity rep.):

    x        0.000000        Norm:                  0.433061
    y        0.000000
    z       -0.433061        Norm / debye:          1.100739


 Electric transition dipole moment (length rep.):

    x        0.000000        Norm:                  0.450870
    y        0.000000
    z       -0.450870        Norm / debye:          1.146007


 Magnetic transition dipole moment / i:

    x        0.000000        Norm:                  0.000374
    y        0.000000
    z        0.000374        Norm / Bohr mag.:      0.102632


 Electric quadrupole transition moment:

   xx       -4.715084
   yy        0.505843        1/3*trace:             0.490330
   zz        5.680230
   xy       -0.808759
   xz        0.000000        Anisotropy:            9.110968
   yz        0.000000




                         8 triplet a excitation


 Total energy:                           -950.5492596975583    

 Excitation energy:                      0.2460133394417165    

 Excitation energy / eV:                  6.694366442653235    

 Excitation energy / nm:                  185.2068378218755    

 Excitation energy / cm^(-1):             53993.68682124449    


 Oscillator strength:

    velocity representation:             0.9204547865883601E-02

    length representation:               0.9429485736275157E-02

    mixed representation:                0.9316337950622625E-02


 Rotatory strength:

    velocity representation:            -0.8037285217655374E-05

    velocity rep. / 10^(-40)erg*cm^3:   -0.5192473358912925    

    length representation:              -0.8134898789624900E-05

    length rep. / 10^(-40)erg*cm^3:     -0.5255536427871420    


 Dominant contributions:

      occ. orbital   energy / eV   virt. orbital     energy / eV   |coeff.|^2*100
       15 a              -7.89          17 a               0.76       90.2
 

 S^2 expectation value:                     2.00000000


 Change of electron number:

            -0.000000


 Electric transition dipole moment (velocity rep.):

    x        0.000000        Norm:                  0.236901
    y        0.000000
    z        0.236901        Norm / debye:          0.602148


 Electric transition dipole moment (length rep.):

    x        0.000000        Norm:                  0.239779
    y        0.000000
    z        0.239779        Norm / debye:          0.609461


 Magnetic transition dipole moment / i:

    x        0.000000        Norm:                  0.000034
    y        0.000000
    z       -0.000034        Norm / Bohr mag.:      0.009298


 Electric quadrupole transition moment:

   xx       -1.848929
   yy        0.147306        1/3*trace:            -0.496365
   zz        0.212529
   xy       -0.628111
   xz        0.000000        Anisotropy:            2.302820
   yz        0.000000




                         9 triplet a excitation


 Total energy:                           -950.5190575869285    

 Excitation energy:                      0.2762154500715020    

 Excitation energy / eV:                  7.516208040170496    

 Excitation energy / nm:                  164.9558438827565    

 Excitation energy / cm^(-1):             60622.28389807719    


 Oscillator strength:

    velocity representation:             0.2847030132336124E-01

    length representation:               0.1849007868862645E-01

    mixed representation:                0.2294380334116066E-01


 Rotatory strength:

    velocity representation:            -0.8378133359492453E-04

    velocity rep. / 10^(-40)erg*cm^3:    -5.412677675170884    

    length representation:              -0.6751816286836476E-04

    length rep. / 10^(-40)erg*cm^3:      -4.361998516197992    


 Dominant contributions:

      occ. orbital   energy / eV   virt. orbital     energy / eV   |coeff.|^2*100
       15 a              -7.89          18 a               1.25       60.1
       12 b             -10.82          15 b              -2.06       25.2
       15 a              -7.89          19 a               1.51        6.2
 

 S^2 expectation value:                     2.00000000


 Change of electron number:

            -0.000000


 Electric transition dipole moment (velocity rep.):

    x        0.000000        Norm:                  0.393204
    y        0.000000
    z        0.393204        Norm / debye:          0.999432


 Electric transition dipole moment (length rep.):

    x        0.000000        Norm:                  0.316877
    y        0.000000
    z        0.316877        Norm / debye:          0.805428


 Magnetic transition dipole moment / i:

    x        0.000000        Norm:                  0.000213
    y        0.000000
    z       -0.000213        Norm / Bohr mag.:      0.058397


 Electric quadrupole transition moment:

   xx       -1.637235
   yy        0.643417        1/3*trace:            -0.175881
   zz        0.466174
   xy        0.663949
   xz        0.000000        Anisotropy:            2.480129
   yz        0.000000




                        10 triplet a excitation


 Total energy:                           -950.5160656708468    

 Excitation energy:                      0.2792073661532138    

 Excitation energy / eV:                  7.597622253977351    

 Excitation energy / nm:                  163.1882184476369    

 Excitation energy / cm^(-1):             61278.93357519629    


 Oscillator strength:

    velocity representation:             0.8959749441016070E-02

    length representation:               0.6099196437942687E-02

    mixed representation:                0.7392379310851425E-02


 Rotatory strength:

    velocity representation:            -0.5577643845378659E-03

    velocity rep. / 10^(-40)erg*cm^3:    -36.03426566101385    

    length representation:              -0.4601920984209923E-03

    length rep. / 10^(-40)erg*cm^3:      -29.73062603009514    


 Dominant contributions:

      occ. orbital   energy / eV   virt. orbital     energy / eV   |coeff.|^2*100
       13 b              -9.54          16 b              -0.10       78.2
       12 b             -10.82          15 b              -2.06        4.8
       11 b             -12.43          15 b              -2.06        2.9
       12 b             -10.82          16 b              -0.10        2.1
       15 a              -7.89          18 a               1.25        2.0
 

 S^2 expectation value:                     2.00000000


 Change of electron number:

            -0.000000


 Electric transition dipole moment (velocity rep.):

    x        0.000000        Norm:                  0.219397
    y        0.000000
    z        0.219397        Norm / debye:          0.557655


 Electric transition dipole moment (length rep.):

    x        0.000000        Norm:                  0.181017
    y        0.000000
    z        0.181017        Norm / debye:          0.460102


 Magnetic transition dipole moment / i:

    x        0.000000        Norm:                  0.002542
    y        0.000000
    z       -0.002542        Norm / Bohr mag.:      0.696763


 Electric quadrupole transition moment:

   xx        0.757969
   yy        0.989919        1/3*trace:             0.001756
   zz       -1.742621
   xy        0.220498
   xz        0.000000        Anisotropy:            2.651909
   yz        0.000000



 ==============================================================================

                              I R R E P   b   

 ==============================================================================


 Excitation is electric dipole allowed

 Excitation is magnetic dipole allowed

 Excitation is electric quadrupole allowed




                         1 triplet b excitation


 Total energy:                           -950.7262451970522    

 Excitation energy:                      0.6902783994777824E-01

 Excitation energy / eV:                  1.878343899578346    

 Excitation energy / nm:                  660.0721200963283    

 Excitation energy / cm^(-1):             15149.85968055734    


 Oscillator strength:

    velocity representation:             0.5163741304780728E-01

    length representation:               0.2489039986138131E-01

    mixed representation:                0.3584909524984014E-01


 Rotatory strength:

    velocity representation:             0.7936139550383196E-03

    velocity rep. / 10^(-40)erg*cm^3:     51.27128386268858    

    length representation:               0.5811443691507381E-03

    length rep. / 10^(-40)erg*cm^3:       37.54472527450941    


 Dominant contributions:

      occ. orbital   energy / eV   virt. orbital     energy / eV   |coeff.|^2*100
       16 a              -5.96          15 b              -2.06       97.0
 

 S^2 expectation value:                     2.00000000


 Change of electron number:

             0.000000


 Electric transition dipole moment (velocity rep.):

    x       -1.025303        Norm:                  1.059292
    y       -0.266182
    z        0.000000        Norm / debye:          2.692472


 Electric transition dipole moment (length rep.):

    x       -0.710041        Norm:                  0.735444
    y       -0.191623
    z        0.000000        Norm / debye:          1.869326


 Magnetic transition dipole moment / i:

    x        0.000350        Norm:                  0.004344
    y       -0.004330
    z        0.000000        Norm / Bohr mag.:      1.190524


 Electric quadrupole transition moment:

   xx        0.000000
   yy        0.000000        1/3*trace:             0.000000
   zz        0.000000
   xy        0.000000
   xz        0.973269        Anisotropy:            1.772282
   yz        0.315821




                         2 triplet b excitation


 Total energy:                           -950.6733922830989    

 Excitation energy:                      0.1218807539010895    

 Excitation energy / eV:                  3.316545479900820    

 Excitation energy / nm:                  373.8355006974788    

 Excitation energy / cm^(-1):             26749.73345187921    


 Oscillator strength:

    velocity representation:             0.2765351820652597    

    length representation:               0.1538204437999724    

    mixed representation:                0.2062214557656482    


 Rotatory strength:

    velocity representation:            -0.1616455951288049E-03

    velocity rep. / 10^(-40)erg*cm^3:    -10.44308399617546    

    length representation:              -0.1915082167702111E-03

    length rep. / 10^(-40)erg*cm^3:      -12.37235318472781    


 Dominant contributions:

      occ. orbital   energy / eV   virt. orbital     energy / eV   |coeff.|^2*100
       15 a              -7.89          15 b              -2.06       54.7
       16 a              -5.96          16 b              -0.10       41.5
 

 S^2 expectation value:                     2.00000000


 Change of electron number:

             0.000000


 Electric transition dipole moment (velocity rep.):

    x       -1.843536        Norm:                  1.844817
    y       -0.068738
    z        0.000000        Norm / debye:          4.689092


 Electric transition dipole moment (length rep.):

    x       -1.375551        Norm:                  1.375894
    y       -0.030739
    z        0.000000        Norm / debye:          3.497201


 Magnetic transition dipole moment / i:

    x        0.000216        Norm:                  0.003457
    y       -0.003450
    z        0.000000        Norm / Bohr mag.:      0.947402


 Electric quadrupole transition moment:

   xx        0.000000
   yy        0.000000        1/3*trace:             0.000000
   zz        0.000000
   xy        0.000000
   xz        2.302015        Anisotropy:            4.041954
   yz       -0.382784




                         3 triplet b excitation


 Total energy:                           -950.6415880456726    

 Excitation energy:                      0.1536849913274420    

 Excitation energy / eV:                  4.181983184394038    

 Excitation energy / nm:                  296.4723638037140    

 Excitation energy / cm^(-1):             33729.95671572303    


 Oscillator strength:

    velocity representation:             0.1368105120726509    

    length representation:               0.8493986300908830E-01

    mixed representation:                0.1077987599801183    


 Rotatory strength:

    velocity representation:             0.1025980710621824E-02

    velocity rep. / 10^(-40)erg*cm^3:     66.28329544607686    

    length representation:               0.8141308709629767E-03

    length rep. / 10^(-40)erg*cm^3:       52.59677544922352    


 Dominant contributions:

      occ. orbital   energy / eV   virt. orbital     energy / eV   |coeff.|^2*100
       16 a              -5.96          16 b              -0.10       55.1
       15 a              -7.89          15 b              -2.06       41.7
 

 S^2 expectation value:                     2.00000000


 Change of electron number:

             0.000000


 Electric transition dipole moment (velocity rep.):

    x       -0.910787        Norm:                  1.155552
    y       -0.711174
    z        0.000000        Norm / debye:          2.937143


 Electric transition dipole moment (length rep.):

    x       -0.719237        Norm:                  0.910512
    y       -0.558329
    z        0.000000        Norm / debye:          2.314308


 Magnetic transition dipole moment / i:

    x       -0.002062        Norm:                  0.002385
    y        0.001198
    z        0.000000        Norm / Bohr mag.:      0.653706


 Electric quadrupole transition moment:

   xx        0.000000
   yy        0.000000        1/3*trace:             0.000000
   zz        0.000000
   xy        0.000000
   xz        4.229793        Anisotropy:            8.536151
   yz        2.529323




                         4 triplet b excitation


 Total energy:                           -950.5963399093160    

 Excitation energy:                      0.1989331276840124    

 Excitation energy / eV:                  5.413248148746855    

 Excitation energy / nm:                  229.0385376757025    

 Excitation energy / cm^(-1):             43660.77473244456    


 Oscillator strength:

    velocity representation:              1.543784716987743    

    length representation:                1.017632832933348    

    mixed representation:                 1.253393528832232    


 Rotatory strength:

    velocity representation:             0.3765576624637430E-02

    velocity rep. / 10^(-40)erg*cm^3:     243.2743864983677    

    length representation:               0.3130002798864317E-02

    length rep. / 10^(-40)erg*cm^3:       202.2132561716779    


 Dominant contributions:

      occ. orbital   energy / eV   virt. orbital     energy / eV   |coeff.|^2*100
       14 a             -10.01          15 b              -2.06       44.7
       15 a              -7.89          16 b              -0.10       44.4
       14 a             -10.01          16 b              -0.10        2.9
 

 S^2 expectation value:                     2.00000000


 Change of electron number:

             0.000000


 Electric transition dipole moment (velocity rep.):

    x        3.312967        Norm:                  3.411815
    y        0.815309
    z        0.000000        Norm / debye:          8.672034


 Electric transition dipole moment (length rep.):

    x        2.691512        Norm:                  2.770050
    y        0.654935
    z        0.000000        Norm / debye:          7.040818


 Magnetic transition dipole moment / i:

    x        0.003479        Norm:                  0.010134
    y       -0.009518
    z        0.000000        Norm / Bohr mag.:      2.777362


 Electric quadrupole transition moment:

   xx        0.000000
   yy        0.000000        1/3*trace:             0.000000
   zz        0.000000
   xy        0.000000
   xz       -5.932527        Anisotropy:           10.820176
   yz       -1.957175




                         5 triplet b excitation


 Total energy:                           -950.5802400567113    

 Excitation energy:                      0.2150329802886833    

 Excitation energy / eV:                  5.851347616251164    

 Excitation energy / nm:                  211.8900672763353    

 Excitation energy / cm^(-1):             47194.28393717916    


 Oscillator strength:

    velocity representation:             0.3369707911927701E-01

    length representation:               0.2610188111907726E-01

    mixed representation:                0.2964993201930477E-01


 Rotatory strength:

    velocity representation:            -0.2730758360823364E-03

    velocity rep. / 10^(-40)erg*cm^3:    -17.64201425508256    

    length representation:              -0.2073352238159160E-03

    length rep. / 10^(-40)erg*cm^3:      -13.39485406917600    


 Dominant contributions:

      occ. orbital   energy / eV   virt. orbital     energy / eV   |coeff.|^2*100
       16 a              -5.96          17 b               1.96       66.4
       14 b              -7.85          17 a               0.76       14.2
       16 a              -5.96          18 b               2.35       13.8
 

 S^2 expectation value:                     2.00000000


 Change of electron number:

             0.000000


 Electric transition dipole moment (velocity rep.):

    x        0.035122        Norm:                  0.484830
    y       -0.483556
    z        0.000000        Norm / debye:          1.232324


 Electric transition dipole moment (length rep.):

    x        0.021399        Norm:                  0.426706
    y       -0.426169
    z        0.000000        Norm / debye:          1.084587


 Magnetic transition dipole moment / i:

    x       -0.003489        Norm:                  0.003503
    y        0.000311
    z        0.000000        Norm / Bohr mag.:      0.959945


 Electric quadrupole transition moment:

   xx        0.000000
   yy        0.000000        1/3*trace:             0.000000
   zz        0.000000
   xy        0.000000
   xz       -1.272686        Anisotropy:            2.310358
   yz        0.399401




                         6 triplet b excitation


 Total energy:                           -950.5708347330274    

 Excitation energy:                      0.2244383039727014    

 Excitation energy / eV:                  6.107279605124063    

 Excitation energy / nm:                  203.0105906768120    

 Excitation energy / cm^(-1):             49258.51387934299    


 Oscillator strength:

    velocity representation:             0.9158215493489709E-01

    length representation:               0.6654050405066780E-01

    mixed representation:                0.7803365482190690E-01


 Rotatory strength:

    velocity representation:            -0.1175927304819430E-02

    velocity rep. / 10^(-40)erg*cm^3:    -75.97056763495564    

    length representation:              -0.1037584412462529E-02

    length rep. / 10^(-40)erg*cm^3:      -67.03295047312848    


 Dominant contributions:

      occ. orbital   energy / eV   virt. orbital     energy / eV   |coeff.|^2*100
       15 a              -7.89          16 b              -0.10       48.2
       14 a             -10.01          15 b              -2.06       44.7
 

 S^2 expectation value:                     2.00000000


 Change of electron number:

             0.000000


 Electric transition dipole moment (velocity rep.):

    x       -0.725221        Norm:                  0.782353
    y       -0.293478
    z        0.000000        Norm / debye:          1.988557


 Electric transition dipole moment (length rep.):

    x       -0.611007        Norm:                  0.666868
    y       -0.267177
    z        0.000000        Norm / debye:          1.695023


 Magnetic transition dipole moment / i:

    x        0.000670        Norm:                  0.002446
    y        0.002352
    z        0.000000        Norm / Bohr mag.:      0.670292


 Electric quadrupole transition moment:

   xx        0.000000
   yy        0.000000        1/3*trace:             0.000000
   zz        0.000000
   xy        0.000000
   xz        2.813630        Anisotropy:            5.045189
   yz        0.753743




                         7 triplet b excitation


 Total energy:                           -950.5545583705898    

 Excitation energy:                      0.2407146664102548    

 Excitation energy / eV:                  6.550182151618836    

 Excitation energy / nm:                  189.2836582809020    

 Excitation energy / cm^(-1):             52830.76251446438    


 Oscillator strength:

    velocity representation:             0.2739067285973742E-01

    length representation:               0.1911367722355419E-01

    mixed representation:                0.2287248439405601E-01


 Rotatory strength:

    velocity representation:             0.8965515311030812E-03

    velocity rep. / 10^(-40)erg*cm^3:     57.92154706565690    

    length representation:               0.7556529750680091E-03

    length rep. / 10^(-40)erg*cm^3:       48.81882172110534    


 Dominant contributions:

      occ. orbital   energy / eV   virt. orbital     energy / eV   |coeff.|^2*100
       13 a             -10.51          15 b              -2.06       96.1
 

 S^2 expectation value:                     2.00000000


 Change of electron number:

             0.000000


 Electric transition dipole moment (velocity rep.):

    x        0.375323        Norm:                  0.413139
    y        0.172673
    z        0.000000        Norm / debye:          1.050101


 Electric transition dipole moment (length rep.):

    x        0.317329        Norm:                  0.345117
    y        0.135677
    z        0.000000        Norm / debye:          0.877207


 Magnetic transition dipole moment / i:

    x        0.002283        Norm:                  0.002295
    y        0.000229
    z        0.000000        Norm / Bohr mag.:      0.628930


 Electric quadrupole transition moment:

   xx        0.000000
   yy        0.000000        1/3*trace:             0.000000
   zz        0.000000
   xy        0.000000
   xz       -1.083039        Anisotropy:            2.270187
   yz       -0.738203




                         8 triplet b excitation


 Total energy:                           -950.5468397055805    

 Excitation energy:                      0.2484333314194630    

 Excitation energy / eV:                  6.760217803087917    

 Excitation energy / nm:                  183.4027358553967    

 Excitation energy / cm^(-1):             54524.81366685736    


 Oscillator strength:

    velocity representation:             0.2826001261926669    

    length representation:               0.2313103947851363    

    mixed representation:                0.2556695186338580    


 Rotatory strength:

    velocity representation:             0.2241277153202601E-02

    velocity rep. / 10^(-40)erg*cm^3:     144.7972989981767    

    length representation:               0.1982900699865496E-02

    length rep. / 10^(-40)erg*cm^3:       128.1049356666350    


 Dominant contributions:

      occ. orbital   energy / eV   virt. orbital     energy / eV   |coeff.|^2*100
       14 b              -7.85          17 a               0.76       73.8
       16 a              -5.96          17 b               1.96       15.8
       13 b              -9.54          17 a               0.76        2.9
 

 S^2 expectation value:                     2.00000000


 Change of electron number:

             0.000000


 Electric transition dipole moment (velocity rep.):

    x        1.305892        Norm:                  1.306252
    y        0.030649
    z        0.000000        Norm / debye:          3.320186


 Electric transition dipole moment (length rep.):

    x        1.181316        Norm:                  1.181784
    y        0.033281
    z        0.000000        Norm / debye:          3.003819


 Magnetic transition dipole moment / i:

    x        0.001905        Norm:                  0.008245
    y       -0.008022
    z        0.000000        Norm / Bohr mag.:      2.259659


 Electric quadrupole transition moment:

   xx        0.000000
   yy        0.000000        1/3*trace:             0.000000
   zz        0.000000
   xy        0.000000
   xz       -0.504290        Anisotropy:            0.998706
   yz       -0.279576




                         9 triplet b excitation


 Total energy:                           -950.5371512853746    

 Excitation energy:                      0.2581217516253854    

 Excitation energy / eV:                  7.023853243572702    

 Excitation energy / nm:                  176.5188418763194    

 Excitation energy / cm^(-1):             56651.17611361858    


 Oscillator strength:

    velocity representation:             0.4753999059067916E-01

    length representation:               0.4144395162178917E-01

    mixed representation:                0.4433216701498833E-01


 Rotatory strength:

    velocity representation:            -0.6205529601008428E-04

    velocity rep. / 10^(-40)erg*cm^3:    -4.009071005766994    

    length representation:              -0.7171716687116911E-04

    length rep. / 10^(-40)erg*cm^3:      -4.633274398888275    


 Dominant contributions:

      occ. orbital   energy / eV   virt. orbital     energy / eV   |coeff.|^2*100
       16 a              -5.96          18 b               2.35       77.4
       16 a              -5.96          17 b               1.96       11.4
       14 b              -7.85          18 a               1.25        5.1
 

 S^2 expectation value:                     2.00000000


 Change of electron number:

             0.000000


 Electric transition dipole moment (velocity rep.):

    x        0.481030        Norm:                  0.525609
    y       -0.211838
    z        0.000000        Norm / debye:          1.335975


 Electric transition dipole moment (length rep.):

    x        0.438704        Norm:                  0.490754
    y       -0.219952
    z        0.000000        Norm / debye:          1.247382


 Magnetic transition dipole moment / i:

    x        0.000120        Norm:                  0.000578
    y        0.000565
    z        0.000000        Norm / Bohr mag.:      0.158368


 Electric quadrupole transition moment:

   xx        0.000000
   yy        0.000000        1/3*trace:             0.000000
   zz        0.000000
   xy        0.000000
   xz        0.558173        Anisotropy:            1.147351
   yz       -0.356718




                        10 triplet b excitation


 Total energy:                           -950.5294858050011    

 Excitation energy:                      0.2657872319989832    

 Excitation energy / eV:                  7.232441666852033    

 Excitation energy / nm:                  171.4279211883824    

 Excitation energy / cm^(-1):             58333.55458775206    


 Oscillator strength:

    velocity representation:             0.9459911446478948E-01

    length representation:               0.1062229511880071    

    mixed representation:                0.1002425266118449    


 Rotatory strength:

    velocity representation:             0.9963624605893136E-03

    velocity rep. / 10^(-40)erg*cm^3:     64.36981384045211    

    length representation:               0.1053025039270109E-02

    length rep. / 10^(-40)erg*cm^3:       68.03048933322962    


 Dominant contributions:

      occ. orbital   energy / eV   virt. orbital     energy / eV   |coeff.|^2*100
       14 b              -7.85          18 a               1.25       67.2
       14 b              -7.85          19 a               1.51       17.4
       16 a              -5.96          18 b               2.35        3.0
       14 a             -10.01          16 b              -0.10        2.6
 

 S^2 expectation value:                     2.00000000


 Change of electron number:

             0.000000


 Electric transition dipole moment (velocity rep.):

    x        0.706608        Norm:                  0.730671
    y       -0.185974
    z        0.000000        Norm / debye:          1.857195


 Electric transition dipole moment (length rep.):

    x        0.749118        Norm:                  0.774262
    y       -0.195712
    z        0.000000        Norm / debye:          1.967992


 Magnetic transition dipole moment / i:

    x        0.000815        Norm:                  0.002404
    y       -0.002261
    z        0.000000        Norm / Bohr mag.:      0.658797


 Electric quadrupole transition moment:

   xx        0.000000
   yy        0.000000        1/3*trace:             0.000000
   zz        0.000000
   xy        0.000000
   xz        0.773806        Anisotropy:            1.347288
   yz        0.079288

 SUMMARY OF EXCITATION ENERGIES AND DIPOLE OSCILLATOR STRENGTHS (velocity/length):

 -----------------------------------------------------------------------------------------------
 |    Exc.   | energy (Eh) | energy (eV) | energy (cm-1) | energy (nm) | Osc.(vel) | Osc.(len) |
 -----------------------------------------------------------------------------------------------
 |     1 a   |    0.136936 |     3.72621 |     30053.882 |     332.736 |   0.46413 |   0.30473 |
 |     2 a   |    0.175208 |     4.76766 |     38453.763 |     260.053 |   0.18080 |   0.12740 |
 |     3 a   |    0.180694 |     4.91692 |     39657.662 |     252.158 |   0.60687 |   0.37920 |
 |     4 a   |    0.211366 |     5.75157 |     46389.525 |     215.566 |   0.02781 |   0.02838 |
 |     5 a   |    0.213508 |     5.80985 |     46859.595 |     213.403 |   0.00376 |   0.00334 |
 |     6 a   |    0.227175 |     6.18176 |     49859.227 |     200.565 |   0.00798 |   0.00609 |
 |     7 a   |    0.239217 |     6.50942 |     52502.002 |     190.469 |   0.02991 |   0.03242 |
 |     8 a   |    0.246013 |     6.69436 |     53993.687 |     185.207 |   0.00920 |   0.00943 |
 |     9 a   |    0.276215 |     7.51621 |     60622.284 |     164.956 |   0.02847 |   0.01849 |
 |    10 a   |    0.279207 |     7.59762 |     61278.934 |     163.188 |   0.00896 |   0.00610 |
 -----------------------------------------------------------------------------------------------


 -----------------------------------------------------------------------------------------------
 |    Exc.   | energy (Eh) | energy (eV) | energy (cm-1) | energy (nm) | Osc.(vel) | Osc.(len) |
 -----------------------------------------------------------------------------------------------
 |     1 b   |    0.069028 |     1.87834 |     15149.860 |     660.072 |   0.05164 |   0.02489 |
 |     2 b   |    0.121881 |     3.31654 |     26749.733 |     373.836 |   0.27654 |   0.15382 |
 |     3 b   |    0.153685 |     4.18198 |     33729.957 |     296.472 |   0.13681 |   0.08494 |
 |     4 b   |    0.198933 |     5.41325 |     43660.775 |     229.039 |   1.54378 |   1.01763 |
 |     5 b   |    0.215033 |     5.85135 |     47194.284 |     211.890 |   0.03370 |   0.02610 |
 |     6 b   |    0.224438 |     6.10728 |     49258.514 |     203.011 |   0.09158 |   0.06654 |
 |     7 b   |    0.240715 |     6.55018 |     52830.763 |     189.284 |   0.02739 |   0.01911 |
 |     8 b   |    0.248433 |     6.76022 |     54524.814 |     183.403 |   0.28260 |   0.23131 |
 |     9 b   |    0.258122 |     7.02385 |     56651.176 |     176.519 |   0.04754 |   0.04144 |
 |    10 b   |    0.265787 |     7.23244 |     58333.555 |     171.428 |   0.09460 |   0.10622 |
 -----------------------------------------------------------------------------------------------




    ------------------------------------------------------------------------
         total  cpu-time :  4 minutes and 26 seconds
         total wall-time :  4 minutes and 27 seconds
    ------------------------------------------------------------------------

   ****  escf : all done  ****


    2023-10-16 14:27:50.890 

