forrtl: severe (174): SIGSEGV, segmentation fault occurred
Image              PC                Routine            Line        Source             
libpthread-2.28.s  0000151A4000ACE0  Unknown               Unknown  Unknown
cp2k.psmp          0000000002DBCE12  xc_mp_xc_vxc_pw_c        1254  xc.F
libiomp5.so        0000151A28EAC493  __kmp_invoke_micr     Unknown  Unknown
libiomp5.so        0000151A28E1A533  Unknown               Unknown  Unknown
libiomp5.so        0000151A28E19470  Unknown               Unknown  Unknown
libiomp5.so        0000151A28EAD1FF  Unknown               Unknown  Unknown
libpthread-2.28.s  0000151A400001CF  Unknown               Unknown  Unknown
libc-2.28.so       0000151A289BDDD3  clone                 Unknown  Unknown
forrtl: severe (154): array index out of bounds
Image              PC                Routine            Line        Source             
libpthread-2.28.s  0000149F22B12CE0  Unknown               Unknown  Unknown
cp2k.psmp          0000000002D21331  xc_mp_divide_by_n        3305  xc.F
libiomp5.so        0000149F0B9B4493  __kmp_invoke_micr     Unknown  Unknown
libiomp5.so        0000149F0B922533  Unknown               Unknown  Unknown
libiomp5.so        0000149F0B921470  Unknown               Unknown  Unknown
libiomp5.so        0000149F0B9B51FF  Unknown               Unknown  Unknown
libpthread-2.28.s  0000149F22B081CF  Unknown               Unknown  Unknown
libc-2.28.so       0000149F0B4C5DD3  clone                 Unknown  Unknown
