
Slurm Job Summary
*****************
- General information:
    date = Di 5. Dez 14:35:14 CET 2023
    hostname = nesh-clk575
- Job information:
    JobId = 10196628
    JobName = quiox
    UserId = suphc355(743340)
    Account = suphc355
    QOS = normal
    NodeList = nesh-clk575
    Features = (null)
    Command = /gxfs_work/cau/suphc355/benchmark_pbe0/pbe0_bm_tm/sing/quinoxaline/run.sh
    WorkDir = /gxfs_work/cau/suphc355/benchmark_pbe0/pbe0_bm_tm/sing/quinoxaline
    StdOut = /gxfs_work/cau/suphc355/benchmark_pbe0/pbe0_bm_tm/sing/quinoxaline/batch.out
    StdErr = /gxfs_work/cau/suphc355/benchmark_pbe0/pbe0_bm_tm/sing/quinoxaline/batch.err
- Requested resources:
    Timelimit = 04:00:00 ( 14400s )
    MinMemoryNode = 32G ( 32768.000M )
    NumNodes = 1
    NumCPUs = 32
    NumTasks = 16
    CPUs/Task = 2
- Used resources:
    RunTime = 00:00:04 ( 4s )
    MaxRSS = 1844K ( 1.801M )
====================
- Important conclusions and remarks:
    * !!! Please, always check if the number of requested cores and nodes matches the need of your program/code !!!
    * !!! Less than 10% of requested walltime used !!! Consider adaptation of your batch script.
    * !!! Less than 10% of requested main memory used !!! Consider adaptation of your batch script.

