
Slurm Job Summary
*****************
- General information:
    date = Mi 7. Feb 18:16:53 CET 2024
    hostname = nesh-srp330
- Job information:
    JobId = 10389527
    JobName = HCL_AE
    UserId = suphc355(743340)
    Account = suphc355
    QOS = normal
    NodeList = nesh-srp[330-333]
    Features = (null)
    Command = /gxfs_work/cau/suphc355/homologes/HX/AE/Cl/run.sh
    WorkDir = /gxfs_work/cau/suphc355/homologes/HX/AE/Cl
    StdOut = /gxfs_work/cau/suphc355/homologes/HX/AE/Cl/ba.out
    StdErr = /gxfs_work/cau/suphc355/homologes/HX/AE/Cl/ba.err
- Requested resources:
    Timelimit = 1-00:00:00 ( 86400s )
    MinMemoryNode = 250G ( 256000.000M )
    NumNodes = 4
    NumCPUs = 64
    NumTasks = 64
    CPUs/Task = 1
- Used resources:
    RunTime = 02:16:47 ( 8207s )
    MaxRSS = 6964K ( 6.801M )
====================
- Important conclusions and remarks:
    * !!! Please, always check if the number of requested cores and nodes matches the need of your program/code !!!
    * !!! Less than 10% of requested walltime used !!! Consider adaptation of your batch script.
    * !!! Less than 10% of requested main memory used !!! Consider adaptation of your batch script.

