
Slurm Job Summary
*****************
- General information:
    date = Wed Oct 18 12:11:27 CEST 2023
    hostname = neshcl147
- Job information:
    JobId = 8874488
    JobName = CP2K
    UserId = suphc355(743340)
    Account = suphc355
    Partition = cluster
    QOS = normal
    NodeList = neshcl[147,157-159,221-222,350-351]
    Features = (null)
    Command = /gxfs_work1/cau/suphc355/benchmark_pbe0/pbe0_bm_tm/trip/bithiophen/run.sh
    WorkDir = /gxfs_work1/cau/suphc355/benchmark_pbe0/pbe0_bm_tm/trip/bithiophen
    StdOut = /gxfs_work1/cau/suphc355/benchmark_pbe0/pbe0_bm_tm/trip/bithiophen/batch.out
    StdErr = /gxfs_work1/cau/suphc355/benchmark_pbe0/pbe0_bm_tm/trip/bithiophen/batch.err
- Requested resources:
    Timelimit = 04:00:00 ( 14400s )
    MinMemoryNode = 32G ( 32768.000M )
    NumNodes = 8
    NumCPUs = 256
    NumTasks = 128
    CPUs/Task = 2
    TresPerNode = 
- Used resources:
    RunTime = 00:21:18 ( 1278s )
    MaxRSS = 145236K ( 141.832M )
====================
- Important conclusions and remarks:
    * !!! Please, always check if the number of requested cores and nodes matches the need of your program/code !!!
    * !!! Less than 10% of requested walltime used !!! Please, adapt your batch script.
    * !!! Less than 10% of requested main memory used !!! Please, adapt your batch script.

