
 dscf (neshcl147) : TURBOMOLE rev. V7.5.0 compiled 13 Jun 2020 at 23:29:25
 Copyright (C) 2020 TURBOMOLE GmbH, Karlsruhe


    2023-10-18 11:50:13.092 



                             d s c f - program

                   idea & directorship : reinhart ahlrichs
                   program development : marco haeser
                                         michael baer
                           dft version : oliver treutler


                          quantum chemistry group
                          universitaet  karlsruhe
                                  germany



   *-----------------------------------------------------------------------*
   |                     program will use  1 thread(s)                     |
   *-----------------------------------------------------------------------*


              +--------------------------------------------------+
              | Atomic coordinate, charge and isotop information |
              +--------------------------------------------------+

                    atomic coordinates            atom    charge  isotop
         -3.96988777    1.08891220    0.79781607    s     16.000     0
         -0.74152793    1.15246315    0.10778198    c      6.000     0
          0.02013602    3.59049858   -0.36396283    c      6.000     0
         -1.96658914    5.38569503   -0.19485320    c      6.000     0
         -4.23600720    4.31664304    0.40189966    c      6.000     0
          0.74152793   -1.15246315    0.10778198    c      6.000     0
         -0.02013602   -3.59049858   -0.36396283    c      6.000     0
          1.96658914   -5.38569503   -0.19485320    c      6.000     0
          4.23600720   -4.31664304    0.40189966    c      6.000     0
          3.96988777   -1.08891220    0.79781607    s     16.000     0
          6.04440757   -5.22731657    0.63328793    h      1.000     0
         -6.04440757    5.22731657    0.63328793    h      1.000     0
         -1.71756380    7.38826071   -0.52112393    h      1.000     0
          1.94373787    4.07268382   -0.86084568    h      1.000     0
         -1.94373787   -4.07268382   -0.86084568    h      1.000     0
          1.71756380   -7.38826071   -0.52112393    h      1.000     0
 
       center of nuclear mass  :   -0.00000000    0.00000000    0.29153896
       center of nuclear charge:    0.00000000   -0.00000000    0.27259463

              +--------------------------------------------------+
              |               basis set information              |
              +--------------------------------------------------+

              we will work with the 1s 3p 5d 7f 9g ... basis set
              ...i.e. with spherical basis functions...

   type   atoms  prim   cont   basis
   ---------------------------------------------------------------------------
    s        2     63     42   def2-TZVPP   [5s5p3d1f|14s9p3d1f]
    c        8     46     31   def2-TZVP   [5s3p2d1f|11s6p2d1f]
    h        6      8      6   def2-TZVP   [3s1p|5s1p]
   ---------------------------------------------------------------------------
   total:   16    542    368
   ---------------------------------------------------------------------------

   total number of primitive shells          :   53
   total number of contracted shells         :  140
   total number of cartesian basis functions :  420
   total number of SCF-basis functions       :  368


 integral neglect threshold       :  0.79E-12
 integral storage threshold THIZE :  0.10E-04
 integral storage threshold THIME :         5


 DENSITY CONVERGENCE CHECK SWITCHED ON !
 SCF CONVERGENCE IF RMS(delta[D]) <     0.1000000000E-06


 symmetry group of the molecule :   c2 

 the group has the following generators :
   c2(z)

    2 symmetry operations found

 there are 2 real representations :   a    b   

 maximum number of shells which are related by symmetry :  2

  
           ------------------
           density functional
           ------------------
 PBE0 hybrid functional
 exchange:    3/4 (LDA+PBE) + 1/4 HF
 correlation: LDA (PW) + PBE

 spherical integration : Lebedev's spherical grid
 spherical gridsize    :                     6
    i.e. gridpoints    :                   974
 value for diffuse not defined
 radial integration    : Chebyshev 2nd kind (scaling 3)
 radial gridsize       :                    10
 integration cells     :                     8
 partition function    : becke
 partition sharpness   :                     3
  

          ------------------------
          nuclear repulsion energy  :   631.233522245    
          ------------------------


         -----------------
         -S,T+V- integrals
         -----------------

 1e-integrals will be neglected if expon. factor < 0.795705E-13
 
   Difference densities algorithm switched on.
   The maximal number of linear combinations of
   difference densities is                    20 .

 DIIS switched on: error vector is FDS-SDF
 Max. Iterations for DIIS is     :   4
 DIIS matrix (see manual) 
    Scaling factor of diagonals  :  1.200
    threshold for scaling factor :  0.000

 scf convergence criterion : increment of total energy < .1000000D-07
                  and increment of one-electron energy < .1000000D-04

 MOs are in ASCII format !


    mo occupation :
   irrep   mo's   occupied
    a      184       22
    b      184       21
 
 number of basis functions   :   368
 number of occupied orbitals :    43
 

 reading orbital data $scfmo  from file mos
 orbital characterization : expanded
 virtual MOs provided and orthogonalized by Cholesky decomposition

 automatic virtual orbital shift switched on 
      shift if e(lumo)-e(homo) < 0.10000000    


 DSCF restart information will be dumped onto file mos

          Overall gridpoints after grid construction =        271199
 
                                              current damping :  0.300
 ITERATION  ENERGY          1e-ENERGY        2e-ENERGY     RMS[dD(SAO)]   TOL
   1  -1102.4155704642    -2760.2247996     1026.5757069    0.000D+00 0.794D-12
                            Exc =   -73.002541513742     N = 85.999999874    
          max. resid. norm for Fia-block=  2.427D+00 for orbital      1a         
          max. resid. fock norm         =  7.145D+00 for orbital    139b         
          Delta Eig. =   434.1240448815 eV 
 
                                              current damping :  0.250
 ITERATION  ENERGY          1e-ENERGY        2e-ENERGY     RMS[dD(SAO)]   TOL
   2  -1104.1475426032    -2768.5999860     1033.2189211    0.245D-01 0.629D-12
                            Exc =   -72.942519675794     N = 85.999999865    
          Norm of current diis error:  1.8018    
          max. resid. norm for Fia-block=  4.788D-01 for orbital      1a         
          max. resid. fock norm         =  5.426D-01 for orbital      1a         
          Delta Eig. =   113.6864217566 eV 
 
                                              current damping :  0.200
 ITERATION  ENERGY          1e-ENERGY        2e-ENERGY     RMS[dD(SAO)]   TOL
   3  -1104.2717134027    -2768.2706701     1032.7654344    0.631D-02 0.452D-12
                            Exc =   -72.982055170127     N = 85.999999875    
          Norm of current diis error: 0.98517    
          max. resid. norm for Fia-block=  9.932D-02 for orbital      1a         
          max. resid. fock norm         =  1.147D-01 for orbital      1a         
          Delta Eig. =    21.1697886189 eV 
 
                                              current damping :  0.250
 ITERATION  ENERGY          1e-ENERGY        2e-ENERGY     RMS[dD(SAO)]   TOL
   4  -1104.3162476995    -2770.0361773     1034.4864074    0.330D-02 0.396D-12
                            Exc =   -73.047656293380     N = 85.999999871    
          Norm of current diis error: 0.37288    
          max. resid. norm for Fia-block=  1.914D-02 for orbital      1a         
          max. resid. fock norm         =  2.579D-02 for orbital    181b         
          Delta Eig. =     4.4864068367 eV 
 
                                              current damping :  0.300
 ITERATION  ENERGY          1e-ENERGY        2e-ENERGY     RMS[dD(SAO)]   TOL
   5  -1104.3219349582    -2769.3620932     1033.8066360    0.108D-02 0.373D-12
                            Exc =   -73.030521861511     N = 85.999999868    
          Norm of current diis error: 0.22473    
          max. resid. norm for Fia-block=  8.018D-03 for orbital     21a         
          max. resid. fock norm         =  1.534D-02 for orbital    182a         
 mo-orthogonalization: Cholesky decomposition
          Delta Eig. =     0.9642122341 eV 
 
                                              current damping :  0.350
 ITERATION  ENERGY          1e-ENERGY        2e-ENERGY     RMS[dD(SAO)]   TOL
   6  -1104.3243571751    -2769.6370973     1034.0792178    0.502D-03 0.360D-12
                            Exc =   -73.025471115718     N = 85.999999871    
          Norm of current diis error: 0.55363E-01
          max. resid. norm for Fia-block=  2.463D-03 for orbital     19b         
          max. resid. fock norm         =  3.595D-03 for orbital     19b         
          Delta Eig. =     0.2120121346 eV 
 
                                              current damping :  0.400
 ITERATION  ENERGY          1e-ENERGY        2e-ENERGY     RMS[dD(SAO)]   TOL
   7  -1104.3245327726    -2769.5448997     1033.9868446    0.214D-03 0.346D-12
                            Exc =   -73.027391461584     N = 85.999999871    
          Norm of current diis error: 0.15593E-01
          max. resid. norm for Fia-block=  8.439D-04 for orbital     22a         
          max. resid. fock norm         =  1.638D-03 for orbital    181a         
          Delta Eig. =     0.0497531137 eV 
 
                                              current damping :  0.450
 ITERATION  ENERGY          1e-ENERGY        2e-ENERGY     RMS[dD(SAO)]   TOL
   8  -1104.3245443244    -2769.6074738     1034.0494072    0.482D-04 0.336D-12
                            Exc =   -73.029085643169     N = 85.999999871    
          Norm of current diis error: 0.96506E-02
          max. resid. norm for Fia-block=  3.356D-04 for orbital     21b         
          max. resid. fock norm         =  6.247D-04 for orbital    181a         
          Delta Eig. =     0.0187845234 eV 
 
                                              current damping :  0.500
 ITERATION  ENERGY          1e-ENERGY        2e-ENERGY     RMS[dD(SAO)]   TOL
   9  -1104.3245490749    -2769.5975353     1034.0394640    0.219D-04 0.326D-12
                            Exc =   -73.028910736593     N = 85.999999871    
          Norm of current diis error: 0.25439E-02
          max. resid. norm for Fia-block=  1.159D-04 for orbital     22a         
          max. resid. fock norm         =  1.359D-04 for orbital     19b         
          Delta Eig. =     0.0072370698 eV 
 
                                              current damping :  0.350
 ITERATION  ENERGY          1e-ENERGY        2e-ENERGY     RMS[dD(SAO)]   TOL
  10  -1104.3245495538    -2769.5912803     1034.0332085    0.111D-04 0.315D-12
                            Exc =   -73.028700126538     N = 85.999999871    
          Norm of current diis error: 0.12444E-02
          max. resid. norm for Fia-block=  7.265D-05 for orbital     19b         
          max. resid. fock norm         =  1.234D-04 for orbital    184b         
 mo-orthogonalization: Cholesky decomposition
          Delta Eig. =     0.0034591640 eV 
 
                                              current damping :  0.200
 ITERATION  ENERGY          1e-ENERGY        2e-ENERGY     RMS[dD(SAO)]   TOL
  11  -1104.3245496190    -2769.5890333     1034.0309614    0.645D-05 0.303D-12
                            Exc =   -73.028755014653     N = 85.999999871    
          Norm of current diis error: 0.10784E-02
          max. resid. norm for Fia-block=  3.899D-05 for orbital     21a         
          max. resid. fock norm         =  6.925D-05 for orbital    181a         
          Delta Eig. =     0.0026855716 eV 
 
                                              current damping :  0.250
 ITERATION  ENERGY          1e-ENERGY        2e-ENERGY     RMS[dD(SAO)]   TOL
  12  -1104.3245496860    -2769.5907935     1034.0327216    0.289D-05 0.294D-12
                            Exc =   -73.028749640015     N = 85.999999871    
          Norm of current diis error: 0.29381E-03
          max. resid. norm for Fia-block=  1.676D-05 for orbital     22a         
          max. resid. fock norm         =  2.028D-05 for orbital    182a         
          Delta Eig. =     0.0008016465 eV 
 
                                              current damping :  0.300
 ITERATION  ENERGY          1e-ENERGY        2e-ENERGY     RMS[dD(SAO)]   TOL
  13  -1104.3245496909    -2769.5900177     1034.0319457    0.977D-06 0.283D-12
                            Exc =   -73.028729792024     N = 85.999999871    
          Norm of current diis error: 0.16206E-03
          max. resid. norm for Fia-block=  7.356D-06 for orbital     20a         
          max. resid. fock norm         =  1.031D-05 for orbital     20a         
          Delta Eig. =     0.0004962269 eV 
 
                                              current damping :  0.350
 ITERATION  ENERGY          1e-ENERGY        2e-ENERGY     RMS[dD(SAO)]   TOL
  14  -1104.3245496925    -2769.5900598     1034.0319879    0.571D-06 0.280D-12
                            Exc =   -73.028735450671     N = 85.999999871    
          Norm of current diis error: 0.42126E-04
          max. resid. norm for Fia-block=  2.414D-06 for orbital     22a         
          max. resid. fock norm         =  4.139D-06 for orbital    184b         
          Delta Eig. =     0.0001796823 eV 
 
                                              current damping :  0.200
 ITERATION  ENERGY          1e-ENERGY        2e-ENERGY     RMS[dD(SAO)]   TOL
  15  -1104.3245496926    -2769.5901208     1034.0320489    0.152D-06 0.276D-12
                            Exc =   -73.028737673876     N = 85.999999871    
          Norm of current diis error: 0.21830E-04
          max. resid. norm for Fia-block=  9.176D-07 for orbital     22a         
          max. resid. fock norm         =  2.001D-06 for orbital    184b         
 mo-orthogonalization: Cholesky decomposition
          Delta Eig. =     0.0000477112 eV 

 ENERGY & DENSITY CONVERGED !

 
                                              current damping :  0.100
 ITERATION  ENERGY          1e-ENERGY        2e-ENERGY     RMS[dD(SAO)]   TOL
  16  -1104.3245496926    -2769.5901349     1034.0320629    0.724D-07 0.274D-12
                            Exc =   -73.028737901898     N = 85.999999871    
          max. resid. norm for Fia-block=  6.877D-07 for orbital     21b         
          max. resid. fock norm         =  1.285D-06 for orbital    184b         

 convergence criteria satisfied after    16 iterations


                  ------------------------------------------ 
                 |  total energy      =  -1104.32454969259  |
                  ------------------------------------------ 
                 :  kinetic energy    =   1101.47648909431  :
                 :  potential energy  =  -2205.80103878690  :
                 :  virial theorem    =      1.99742099313  :
                 :  wavefunction norm =      1.00000000000  :
                  .......................................... 


 <geterg> : there is no data group $energy 


 <skperg> : $end is missing 


 orbitals $scfmo  will be written to file mos

    irrep                 18a         19a         20a         21a         22a   
 eigenvalues H         -0.40945    -0.38593    -0.35127    -0.28970    -0.26752
            eV         -11.1419    -10.5019     -9.5585     -7.8831     -7.2797
 occupation              2.0000      2.0000      2.0000      2.0000      2.0000

    irrep                 23a         24a         25a         26a         27a   
 eigenvalues H         -0.04840     0.02421     0.05181     0.06712     0.09372
            eV          -1.3170      0.6587      1.4099      1.8264      2.5503

    irrep                 17b         18b         19b         20b         21b   
 eigenvalues H         -0.41316    -0.38894    -0.36376    -0.27121    -0.22319
            eV         -11.2428    -10.5836     -9.8984     -7.3802     -6.0732
 occupation              2.0000      2.0000      2.0000      2.0000      2.0000

    irrep                 22b         23b         24b         25b         26b   
 eigenvalues H          0.00406     0.02110     0.06003     0.07533     0.08562
            eV           0.1106      0.5741      1.6336      2.0498      2.3300
 
 
 
 
 ==============================================================================
                           electrostatic moments
 ==============================================================================

 reference point for electrostatic moments:    0.00000   0.00000   0.00000

 
              nuc           elec       ->  total
 ------------------------------------------------------------------------------
                          charge      
 ------------------------------------------------------------------------------
          86.000000     -86.000000      -0.000000
 
 ------------------------------------------------------------------------------
                       dipole moment  
 ------------------------------------------------------------------------------
   x       0.000000       0.000000       0.000000
   y      -0.000000       0.000000      -0.000000
   z      23.443138     -23.553609      -0.110470
 
   | dipole moment | =     0.1105 a.u. =     0.2808 debye 
 
 ------------------------------------------------------------------------------
                     quadrupole moment
 ------------------------------------------------------------------------------
  xx     859.184282    -907.851460     -48.667178
  yy     977.246962   -1022.967511     -45.720549
  zz      27.318617     -84.631651     -57.313034
  xy    -566.979505     564.185271      -2.794235
  xz       0.000000       0.000000       0.000000
  yz      -0.000000       0.000000       0.000000
 
     1/3  trace=     -50.566920
     anisotropy=      11.503600
 
 ==============================================================================
 
HOMO-LUMO Separation
 HOMO         :   -0.22318503 H =     -6.07318 eV
 LUMO         :   -0.04839741 H =     -1.31696 eV
 HOMO-LUMO gap:    0.17478762 H =     +4.75622 eV
 
 ==============================================================================


    ------------------------------------------------------------------------
         total  cpu-time :  4 minutes and 21 seconds
         total wall-time :  4 minutes and 22 seconds
    ------------------------------------------------------------------------

   ****  dscf : all done  ****


    2023-10-18 11:54:35.395 

