
Slurm Job Summary
*****************
- General information:
    date = Wed Oct 25 16:24:23 CEST 2023
    hostname = neshcl125
- Job information:
    JobId = 8903541
    JobName = thioform
    UserId = suphc355(743340)
    Account = suphc355
    Partition = cluster
    QOS = normal
    NodeList = neshcl125
    Features = (null)
    Command = /gxfs_work1/cau/suphc355/benchmark_pbe0/pbe0_bm_tm/sing/thioformaldehyd/defuse/run.sh
    WorkDir = /gxfs_work1/cau/suphc355/benchmark_pbe0/pbe0_bm_tm/sing/thioformaldehyd/defuse
    StdOut = /gxfs_work1/cau/suphc355/benchmark_pbe0/pbe0_bm_tm/sing/thioformaldehyd/defuse/batch.out
    StdErr = /gxfs_work1/cau/suphc355/benchmark_pbe0/pbe0_bm_tm/sing/thioformaldehyd/defuse/batch.err
- Requested resources:
    Timelimit = 01:00:00 ( 3600s )
    MinMemoryNode = 32G ( 32768.000M )
    NumNodes = 1
    NumCPUs = 32
    NumTasks = 16
    CPUs/Task = 2
    TresPerNode = 
- Used resources:
    RunTime = 00:00:47 ( 47s )
    MaxRSS = 28928K ( 28.250M )
====================
- Important conclusions and remarks:
    * !!! Please, always check if the number of requested cores and nodes matches the need of your program/code !!!
    * !!! Less than 10% of requested walltime used !!! Please, adapt your batch script.
    * !!! Less than 10% of requested main memory used !!! Please, adapt your batch script.

