
  ========================================================================
                license information 
    WARNING: License file not found!
             Please copy license.txt to $TURBODIR/LICENSE/
  ========================================================================

 dscf (neshcl125) : TURBOMOLE rev. V7-7 compiled 26 Oct 2022 at 09:17:38
 Copyright (C) 2022 TURBOMOLE GmbH, Karlsruhe


    2023-10-25 16:23:40.513 



                             d s c f - program

                   idea & directorship : reinhart ahlrichs
                   program development : marco haeser
                                         michael baer
                           dft version : oliver treutler


                          quantum chemistry group
                          universitaet  karlsruhe
                                  germany



   *-----------------------------------------------------------------------*
   |                     program will use  1 thread(s)                     |
   *-----------------------------------------------------------------------*


              +--------------------------------------------------+
              | Atomic coordinate, charge and isotop information |
              +--------------------------------------------------+

                    atomic coordinates            atom    charge  isotop
          0.00000000    0.00000000   -0.21272080    c      6.000     0
          0.00000000    0.00000000    2.83208048    s     16.000     0
         -1.74201265    0.00000000   -1.30967984    h      1.000     0
          1.74201265    0.00000000   -1.30967984    h      1.000     0
 
       center of nuclear mass  :    0.00000000    0.00000000    1.85746467
       center of nuclear charge:    0.00000000    0.00000000    1.72573347

              +--------------------------------------------------+
              |               basis set information              |
              +--------------------------------------------------+

              we will work with the 1s 3p 5d 7f 9g ... basis set
              ...i.e. with spherical basis functions...

   type   atoms  prim   cont   basis
   ---------------------------------------------------------------------------
    c        1     52     37   def2-TZVPD   [6s3p3d1f|12s6p3d1f]
    s        1     72     51   def2-TZVPPD   [6s6p4d1f|15s10p4d1f]
    h        2     11      9   def2-TZVPD   [3s2p|5s2p]
   ---------------------------------------------------------------------------
   total:    4    146    106
   ---------------------------------------------------------------------------

   total number of primitive shells          :   59
   total number of contracted shells         :   40
   total number of cartesian basis functions :  119
   total number of SCF-basis functions       :  106


 integral neglect threshold       :  0.28E-11
 integral storage threshold THIZE :  0.10E-04
 integral storage threshold THIME :         5


 DENSITY CONVERGENCE CHECK SWITCHED ON !
 SCF CONVERGENCE IF RMS(delta[D]) <     0.1000000000E-06


 symmetry group of the molecule :   c2v

 the group has the following generators :
   c2(z)
   mirror plane sigma(xz)

    4 symmetry operations found

 there are 4 real representations :   a1   a2   b1   b2  

 maximum number of shells which are related by symmetry :  2

  
           ------------------
           density functional
           ------------------
 PBE0 hybrid functional
 exchange:    3/4 (LDA+PBE) + 1/4 HF
 correlation: LDA (PW) + PBE
 spherical integration : Lebedev's spherical grid
 spherical gridsize    :                     6
    i.e. gridpoints    :                   974
  maximum batchsize    :                   100
 value for diffuse not defined
 radial integration    : Chebyshev 2nd kind (scaling 3)
 radial gridsize       :                    10
 integration cells     :                     3
 partition function    : becke
 partition sharpness   :                     3
  

          ------------------------
          nuclear repulsion energy  :   44.7671992637    
          ------------------------


         -----------------
         -S,T+V- integrals
         -----------------

 1e-integrals will be neglected if expon. factor < 0.280837E-12
 
 Difference densities algorithm switched on.
 The maximal number of linear combinations of
 difference densities is  20.

 DIIS switched on: error vector is FDS-SDF
 Max. Iterations for DIIS is     :   4
 DIIS matrix (see manual) 
    Scaling factor of diagonals  :  1.200
    threshold for scaling factor :  0.000

 scf convergence criterion : increment of total energy < .1000000D-07
                  and increment of one-electron energy < .1000000D-04

 MOs are in ASCII format !


    mo occupation :
   irrep   mo's   occupied
    a1      46        7
    a2      11        0
    b1      27        3
    b2      22        2
 
 number of basis functions   :   106
 number of occupied orbitals :    12
 

 reading orbital data $scfmo  from file mos
 orbital characterization : expanded
 virtual MOs provided and orthogonalized by Cholesky decomposition

 automatic virtual orbital shift switched on 
      shift if e(lumo)-e(homo) < 0.10000000    


 DSCF restart information will be dumped onto file mos

          Overall gridpoints after grid construction =         37606
 
                                              current damping :  0.300
 ITERATION  ENERGY          1e-ENERGY        2e-ENERGY     RMS[dD(SAO)]   TOL
   1  -436.64284670673    -693.17962209     211.76957612    0.000D+00 0.280D-11
                            Exc =   -24.193959194015     N = 24.000000556    
          max. resid. norm for Fia-block=  2.430D+00 for orbital      1a1        
          max. resid. fock norm         =  9.355D+00 for orbital     30a1        
          Delta Eig. =   413.0841976410 eV 
 
                                              current damping :  0.250
 ITERATION  ENERGY          1e-ENERGY        2e-ENERGY     RMS[dD(SAO)]   TOL
   2  -437.24254832279    -690.30376065     208.29401306    0.577D-01 0.200D-11
                            Exc =   -23.870990802145     N = 24.000000151    
          Norm of current diis error: 0.98782    
          max. resid. norm for Fia-block=  4.806D-01 for orbital      1a1        
          max. resid. fock norm         =  5.450D-01 for orbital      1a1        
          Delta Eig. =   111.2947341943 eV 
 
                                              current damping :  0.200
 ITERATION  ENERGY          1e-ENERGY        2e-ENERGY     RMS[dD(SAO)]   TOL
   3  -437.27392551332    -691.43812705     209.39700228    0.268D-01 0.149D-11
                            Exc =   -23.902022414115     N = 24.000000029    
          Norm of current diis error: 0.66595    
          max. resid. norm for Fia-block=  9.680D-02 for orbital      1a1        
          max. resid. fock norm         =  1.107D-01 for orbital      1a1        
          Delta Eig. =    20.0723927090 eV 
 
                                              current damping :  0.250
 ITERATION  ENERGY          1e-ENERGY        2e-ENERGY     RMS[dD(SAO)]   TOL
   4  -437.29620771511    -691.01985693     208.95644995    0.978D-02 0.135D-11
                            Exc =   -23.909575380866     N = 24.000000140    
          Norm of current diis error: 0.16310    
          max. resid. norm for Fia-block=  1.984D-02 for orbital      1a1        
          max. resid. fock norm         =  2.398D-02 for orbital      1a1        
          Delta Eig. =     3.9430079712 eV 
 
                                              current damping :  0.300
 ITERATION  ENERGY          1e-ENERGY        2e-ENERGY     RMS[dD(SAO)]   TOL
   5  -437.29801683167    -691.04128313     208.97606704    0.351D-02 0.126D-11
                            Exc =   -23.899748302874     N = 24.000000217    
          Norm of current diis error: 0.39178E-01
          max. resid. norm for Fia-block=  3.434D-03 for orbital      7a1        
          max. resid. fock norm         =  4.118D-03 for orbital      7a1        
 mo-orthogonalization: Cholesky decomposition
          Delta Eig. =     0.6113716756 eV 
 
                                              current damping :  0.350
 ITERATION  ENERGY          1e-ENERGY        2e-ENERGY     RMS[dD(SAO)]   TOL
   6  -437.29812164100    -691.03644450     208.97112360    0.832D-03 0.121D-11
                            Exc =   -23.900290020858     N = 24.000000251    
          Norm of current diis error: 0.10081E-01
          max. resid. norm for Fia-block=  9.792D-04 for orbital      7a1        
          max. resid. fock norm         =  1.040D-03 for orbital      7a1        
          Delta Eig. =     0.1343524556 eV 
 
                                              current damping :  0.200
 ITERATION  ENERGY          1e-ENERGY        2e-ENERGY     RMS[dD(SAO)]   TOL
   7  -437.29812993457    -691.02887947     208.96355027    0.270D-03 0.115D-11
                            Exc =   -23.900190826785     N = 24.000000263    
          Norm of current diis error: 0.37133E-02
          max. resid. norm for Fia-block=  4.091D-04 for orbital      7a1        
          max. resid. fock norm         =  4.550D-04 for orbital      7a1        
          Delta Eig. =     0.0336575187 eV 
 
                                              current damping :  0.250
 ITERATION  ENERGY          1e-ENERGY        2e-ENERGY     RMS[dD(SAO)]   TOL
   8  -437.29813112647    -691.03107357     208.96574318    0.974D-04 0.111D-11
                            Exc =   -23.900356468326     N = 24.000000268    
          Norm of current diis error: 0.87149E-03
          max. resid. norm for Fia-block=  9.655D-05 for orbital      7a1        
          max. resid. fock norm         =  1.120D-04 for orbital      7a1        
          Delta Eig. =     0.0092255086 eV 
 
                                              current damping :  0.300
 ITERATION  ENERGY          1e-ENERGY        2e-ENERGY     RMS[dD(SAO)]   TOL
   9  -437.29813119535    -691.02886703     208.96353657    0.250D-04 0.108D-11
                            Exc =   -23.900263709553     N = 24.000000269    
          Norm of current diis error: 0.21109E-03
          max. resid. norm for Fia-block=  2.211D-05 for orbital      7a1        
          max. resid. fock norm         =  2.312D-05 for orbital      7a1        
          Delta Eig. =     0.0017947352 eV 
 
                                              current damping :  0.350
 ITERATION  ENERGY          1e-ENERGY        2e-ENERGY     RMS[dD(SAO)]   TOL
  10  -437.29813119932    -691.02949351     208.96416304    0.339D-05 0.106D-11
                            Exc =   -23.900298018766     N = 24.000000270    
          Norm of current diis error: 0.10439E-03
          max. resid. norm for Fia-block=  1.155D-05 for orbital      7a1        
          max. resid. fock norm         =  1.355D-05 for orbital      7a1        
 mo-orthogonalization: Cholesky decomposition
          Delta Eig. =     0.0004834820 eV 
 
                                              current damping :  0.400
 ITERATION  ENERGY          1e-ENERGY        2e-ENERGY     RMS[dD(SAO)]   TOL
  11  -437.29813120003    -691.02938315     208.96405269    0.166D-05 0.105D-11
                            Exc =   -23.900295874103     N = 24.000000270    
          Norm of current diis error: 0.21097E-04
          max. resid. norm for Fia-block=  2.255D-06 for orbital      2b2        
          max. resid. fock norm         =  2.331D-06 for orbital      3b2        
          Delta Eig. =     0.0001887020 eV 

 ENERGY & DENSITY CONVERGED !

 
                                              current damping :  0.250
 ITERATION  ENERGY          1e-ENERGY        2e-ENERGY     RMS[dD(SAO)]   TOL
  12  -437.29813120006    -691.02938008     208.96404962    0.378D-06 0.103D-11
                            Exc =   -23.900294692638     N = 24.000000270    
          max. resid. norm for Fia-block=  1.109D-06 for orbital      7a1        
          max. resid. fock norm         =  1.335D-06 for orbital      7a1        

 convergence criteria satisfied after    12 iterations


                  ------------------------------------------ 
                 |  total energy      =   -437.29813120006  |
                  ------------------------------------------ 
                 :  kinetic energy    =    436.48895624866  :
                 :  potential energy  =   -873.78708744872  :
                 :  virial theorem    =      1.99814960345  :
                 :  wavefunction norm =      1.00000000000  :
                  .......................................... 


 <geterg> : there is no data group $energy 


 <skperg> : $end is missing 


 orbitals $scfmo  will be written to file mos

    irrep                  3a1         4a1         5a1         6a1         7a1  
 eigenvalues H         -8.00630    -5.94069    -0.82452    -0.62398    -0.41374
            eV        -217.8642   -161.6558    -22.4365    -16.9795    -11.2585
 occupation              2.0000      2.0000      2.0000      2.0000      2.0000

    irrep                  8a1         9a1        10a1        11a1        12a1  
 eigenvalues H          0.01478     0.03522     0.08339     0.10816     0.12056
            eV           0.4021      0.9585      2.2693      2.9432      3.2807

    irrep                  1a2         2a2         3a2         4a2         5a2  
 eigenvalues H          0.13266     0.23339     0.36901     0.51252     0.82542
            eV           3.6100      6.3508     10.0414     13.9465     22.4610

    irrep                  6a2         7a2         8a2         9a2        10a2  
 eigenvalues H          1.60077     1.62075     2.08853     3.07864     3.23551
            eV          43.5596     44.1031     56.8323     83.7747     88.0434

    irrep                  1b1         2b1         3b1         4b1         5b1  
 eigenvalues H         -5.93335    -0.48261    -0.24806     0.04005     0.11331
            eV        -161.4559    -13.1327     -6.7502      1.0899      3.0833
 occupation              2.0000      2.0000      2.0000

    irrep                  6b1         7b1         8b1         9b1        10b1  
 eigenvalues H          0.16765     0.25266     0.31096     0.36103     0.45549
            eV           4.5619      6.8753      8.4617      9.8243     12.3946

    irrep                  1b2         2b2         3b2         4b2         5b2  
 eigenvalues H         -5.94287    -0.33782    -0.09666     0.04863     0.17581
            eV        -161.7151     -9.1927     -2.6304      1.3233      4.7840
 occupation              2.0000      2.0000

    irrep                  6b2         7b2         8b2         9b2        10b2  
 eigenvalues H          0.21609     0.30675     0.38629     0.50417     0.55931
            eV           5.8801      8.3471     10.5116     13.7192     15.2197
 
 
 
 
 ==============================================================================
                           electrostatic moments
 ==============================================================================

 reference point for electrostatic moments:    0.00000   0.00000   0.00000

 
              nuc           elec       ->  total
 ------------------------------------------------------------------------------
                          charge      
 ------------------------------------------------------------------------------
          24.000000     -24.000000      -0.000000
 
 ------------------------------------------------------------------------------
                       dipole moment  
 ------------------------------------------------------------------------------
   x       0.000000       0.000000       0.000000
   y       0.000000       0.000000       0.000000
   z      41.417603     -42.118513      -0.700910
 
   | dipole moment | =     0.7009 a.u. =     1.7815 debye 
 
 ------------------------------------------------------------------------------
                     quadrupole moment
 ------------------------------------------------------------------------------
  xx       6.069216     -21.262227     -15.193011
  yy       0.000000     -14.735603     -14.735603
  zz     132.032901    -147.171722     -15.138821
  xy       0.000000       0.000000       0.000000
  xz       0.000000      -0.000000      -0.000000
  yz       0.000000       0.000000       0.000000
 
     1/3  trace=     -15.022478
     anisotropy=       0.432864
 
 ==============================================================================
 
HOMO-LUMO Separation
 HOMO         :   -0.24806173 H =     -6.75011 eV
 LUMO         :   -0.09666452 H =     -2.63038 eV
 HOMO-LUMO gap:    0.15139721 H =     +4.11973 eV
 
 ==============================================================================


    ------------------------------------------------------------------------
         total  cpu-time :   4.44 seconds
         total wall-time :   4.73 seconds
    ------------------------------------------------------------------------

   ****  dscf : all done  ****


    2023-10-25 16:23:45.198 

