
 escf (neshcl125) : TURBOMOLE rev. V7-7 compiled 19 Oct 2022 at 02:10:57
 Copyright (C) 2022 TURBOMOLE GmbH, Karlsruhe


    2023-10-25 16:23:45.780 




                                e s c f

                             TURBOMOLE GmbH

          integral direct evaluation of 

                    * excitation energies and transition moments 
                    * dynamic response properties 
                    * stabilities



          references (see also programs dscf and ridft) 
          implementation and benchmarks (review) 
          F. Furche and D. Rappoport,  
          "Density functional methods for excited states: 
          equilibrium structure and electronic spectra",
          ch. III of "Computational Photochemistry", ed. by 
          M. Olivucci, vol. 16 of "Theoretical and Computational 
          Chemistry", Elsevier, Amsterdam, 2005.



              +--------------------------------------------------+
              | Atomic coordinate, charge and isotop information |
              +--------------------------------------------------+

                    atomic coordinates            atom    charge  isotop
          0.00000000    0.00000000   -0.21272080    c      6.000     0
          0.00000000    0.00000000    2.83208048    s     16.000     0
         -1.74201265    0.00000000   -1.30967984    h      1.000     0
          1.74201265    0.00000000   -1.30967984    h      1.000     0
 
       center of nuclear mass  :    0.00000000    0.00000000    1.85746467
       center of nuclear charge:    0.00000000    0.00000000    1.72573347

              +--------------------------------------------------+
              |               basis set information              |
              +--------------------------------------------------+

              we will work with the 1s 3p 5d 7f 9g ... basis set
              ...i.e. with spherical basis functions...

   type   atoms  prim   cont   basis
   ---------------------------------------------------------------------------
    c        1     52     37   def2-TZVPD   [6s3p3d1f|12s6p3d1f]
    s        1     72     51   def2-TZVPPD   [6s6p4d1f|15s10p4d1f]
    h        2     11      9   def2-TZVPD   [3s2p|5s2p]
   ---------------------------------------------------------------------------
   total:    4    146    106
   ---------------------------------------------------------------------------

   total number of primitive shells          :   59
   total number of contracted shells         :   40
   total number of cartesian basis functions :  119
   total number of SCF-basis functions       :  106


 residuum convergence criterium   :  0.10E-04


 integral neglect threshold       :  0.28E-10
 integral storage threshold THIZE :  0.10E-04
 integral storage threshold THIME :         5

 CI SINGLES SINGLET-CALCULATION (TAMM-DANCOFF-APPROXIMATION)
 
             FOUND DFT-FLAG !
 

 maximum number of Davidson iterations set to   35


 symmetry group of the molecule :   c2v

 the group has the following generators :
   c2(z)
   mirror plane sigma(xz)

    4 symmetry operations found

 there are 4 real representations :   a1   a2   b1   b2  

 maximum number of shells which are related by symmetry :  2

 IRREPs of excited states :   a1   a2   b1   b2  
  
           ------------------
           density functional
           ------------------
 PBE0 hybrid functional
 exchange:    3/4 (LDA+PBE) + 1/4 HF
 correlation: LDA (PW) + PBE
 spherical integration : Lebedev's spherical grid
 spherical gridsize    :                     6
    i.e. gridpoints    :                   974
  maximum batchsize    :                   100
 value for diffuse not defined
 radial integration    : Chebyshev 2nd kind (scaling 3)
 radial gridsize       :                    10
 integration cells     :                     3
 partition function    : becke
 partition sharpness   :                     3
  

 ----------------------------------------------------------------------
          some useful papers before it begins
 ----------------------------------------------------------------------

     nonorthonormal Krylov space methods 
     F. Furche, B. T. Krull, B. D. Nguyen, and J. Kwon, 
     J. Chem. Phys. 144, 174105 (2016).

     density functional implementation               
     R. Bauernschmitt and R. Ahlrichs,
     Chem. Phys. Lett. 256, 454 (1996).
     R. Bauernschmitt and R. Ahlrichs,
     J. Chem. Phys. 104, 9047 (1996).

     UHF extension (RPA and CIS)
     C. Ochsenfeld, J. Gauss, and R. Ahlrichs, 
     J. Chem. Phys. 103, 7401 (1995).

     integral direct algorithm                 
     H. Weiss, R. Ahlrichs, and M. Haeser, 
     J. Chem. Phys. 99, 1262 (1993).

 ----------------------------------------------------------------------

  MOs are in ASCII format !


    mo occupation :
   irrep   mo's   occupied
    a1      46        7
    a2      11        0
    b1      27        3
    b2      22        2
 
 number of basis functions   :   106
 number of occupied orbitals :    12
 

 reading orbital data $scfmo  from file mos
 orbital characterization : scfconv=8

 biggest AO integral is expected to be     9.804440325
 preparing DFT   numerical integration ....
          Overall gridpoints after grid construction =         37606

 Calculating ground state density on molecular grid

 Integral of ground state density: N =   24.00000026969527    


 all orbitals will be included in the transformation

 number of non-frozen orbitals          :   106
 number of non-frozen occupied orbitals :    12



 dimension of super-tensorspace: 1

          IRREP   tensor space dimension   number of roots

           a1                385                     10
           a2                185                     10
           b1                307                     10
           b2                251                     10

 machine precision: 2.22D-16


 logfile ciss_a1   will be constructed



 logfile ciss_a2   will be constructed



 logfile ciss_b1   will be constructed



 logfile ciss_b2   will be constructed




                       Nonorthonormal Krylov Space Iteration


 total number of roots to be determined: 40


 maximum core memory set to          500 MB,
 corresponding to     4443 vectors in CAO basis


 maximum number of simultaneously treated vectors (including degeneracy):       72


 Iteration IRREP Converged      Max. Euclidean
                 roots          residual norm

    1       a1       0        1.356955732023767D-01
            a2       0        4.113495192239642D-02
            b1       0        7.731544838518528D-02
            b2       0        7.259116655617115D-02
 
    2       a1       0        1.378148637226217D-02
            a2       0        1.608898395839564D-03
            b1       0        9.781085992370611D-03
            b2       0        7.300871785923165D-03
 
    3       a1       0        1.423504609533733D-03
            a2       0        6.696340797746688D-05
            b1       0        6.754046901878134D-04
            b2       0        7.213790614637517D-04
 
    4       a1       0        1.260631056338080D-04
            a2      10        3.058686915352703D-06
            b1       7        5.744667646055244D-05
            b2       8        3.658929118558989D-05
 
    5       a1      10        7.571543637991566D-06
            a2      10        3.058686915352703D-06
            b1      10        9.746249457456490D-06
            b2      10        7.486581289057646D-06
 

 converged!

 Eigenpairs written on logfile ciss_a1  

 Eigenpairs written on logfile ciss_a2  

 Eigenpairs written on logfile ciss_b1  

 Eigenpairs written on logfile ciss_b2  



 IRREP   Vector     Eigenvalue           Euclidean residual norm

  a1        1    2.477854273713773D-01    4.072576371285005D-07
            2    2.525978917016294D-01    1.712033777937610D-06
            3    3.273369663952964D-01    1.079504962152810D-06
            4    3.520717342286640D-01    1.502280061845521D-06
            5    3.710062167223834D-01    6.731867884493617D-07
            6    3.949564347448444D-01    1.969626856064821D-06
            7    4.100350692995402D-01    1.411869241007335D-06
            8    4.527761261564376D-01    2.128619476215288D-06
            9    4.560965600243405D-01    1.743396378499614D-06
           10    4.673646553891316D-01    7.571543637991566D-06

  a2        1    8.298015995124855D-02    5.385286218273142D-07
            2    2.552564643456918D-01    2.841986098822200D-07
            3    3.094569323893752D-01    9.250420967977682D-07
            4    3.349882232289810D-01    4.050354190812215D-07
            5    3.766653509096887D-01    5.685465123637717D-07
            6    4.050561753537692D-01    1.192633639339924D-06
            7    4.067278352750107D-01    1.374815161498859D-06
            8    4.493918030726928D-01    1.329160688019153D-06
            9    4.893181279049786D-01    3.058686915352703D-06
           10    4.924342453078042D-01    1.762168431247239D-06

  b1        1    2.179408676548862D-01    2.327706420988361D-06
            2    2.391321743702113D-01    7.154075062877903D-06
            3    2.872969960411622D-01    3.472669402451795D-06
            4    3.042739820042139D-01    3.969682250942583D-06
            5    3.211661434773761D-01    8.747934917836383D-06
            6    3.967005094145696D-01    9.746249457456490D-06
            7    4.068872757249285D-01    6.581666843502710D-06
            8    4.122177165200304D-01    6.965113586295878D-07
            9    4.290560362211647D-01    2.734892834899302D-06
           10    4.481815564306739D-01    1.304600831099506D-06

  b2        1    2.515102168503880D-01    6.705252564235077D-06
            2    3.048696099447602D-01    2.303899367723706D-06
            3    3.301592118668608D-01    2.827047905650876D-06
            4    3.347567788954884D-01    7.486581289057646D-06
            5    3.766632159740956D-01    2.152572687278646D-06
            6    3.958346276116800D-01    5.539119422100340D-06
            7    4.046220401908437D-01    4.434813961216510D-07
            8    4.222673247223496D-01    4.028083348581938D-06
            9    4.354826044836604D-01    6.832699952137641D-06
           10    4.791838408396900D-01    1.514329399023992D-06






                    Selection rules for point group c2v 


 Subduction with respect to c2v :

    Polar vector representation: a1, b1, b2                  

    Axial vector representation: a2, b1, b2                  

    Symmetric second rank tensor representation: a1, a2, b1, b2              




                            Ground state


 Total energy:                           -437.2981312001000    

 Charge:

               elec          nuc         total

           -24.000000    24.000000     0.000000


 Electric dipole moment:

               elec          nuc         total   

    x        0.000000     0.000000     0.000000    Norm:              0.700910
    y        0.000000     0.000000     0.000000
    z      -42.118513    41.417603    -0.700910    Norm / debye:      1.781549


 Electric quadrupole moment:

               elec          nuc         total   

   xx      -21.262227     6.069216   -15.193011
   yy      -14.735603     0.000000   -14.735603    1/3*trace:       -15.022478
   zz     -147.171722   132.032901   -15.138821
   xy        0.000000     0.000000     0.000000
   xz        0.000000     0.000000     0.000000    Anisotropy:        0.432864
   yz        0.000000     0.000000     0.000000



 ==============================================================================

                              I R R E P   a1  

 ==============================================================================


 Excitation is electric dipole allowed

 Excitation is magnetic dipole forbidden

 Excitation is electric quadrupole allowed




                         1 singlet a1 excitation


 Total energy:                           -437.0503457727286    

 Excitation energy:                      0.2477854273713773    

 Excitation energy / eV:                  6.742587429355309    

 Excitation energy / nm:                  183.8822934155457    

 Excitation energy / cm^(-1):             54382.61516517471    


 Oscillator strength:

    velocity representation:             0.4241369232652265E-01

    length representation:               0.1603610761723717    

    mixed representation:                0.8247123950763099E-01


 Rotatory strength:

    velocity representation:              0.000000000000000    

    velocity rep. / 10^(-40)erg*cm^3:     0.000000000000000    

    length representation:                0.000000000000000    

    length rep. / 10^(-40)erg*cm^3:       0.000000000000000    


 Dominant contributions:

      occ. orbital   energy / eV   virt. orbital     energy / eV   |coeff.|^2*100
        3 b1             -6.75           4 b1              1.09       87.8
        2 b2             -9.19           3 b2             -2.63       10.2
 

 Change of electron number:

             0.000000


 Electric transition dipole moment (velocity rep.):

    x        0.000000        Norm:                  0.506712
    y        0.000000
    z        0.506712        Norm / debye:          1.287942


 Electric transition dipole moment (length rep.):

    x        0.000000        Norm:                  0.985274
    y        0.000000
    z        0.985274        Norm / debye:          2.504337


 Magnetic transition dipole moment / i:

    x        0.000000        Norm:                  0.000000
    y        0.000000
    z        0.000000        Norm / Bohr mag.:      0.000000


 Electric quadrupole transition moment:

   xx        1.831072
   yy        0.770512        1/3*trace:             1.646270
   zz        2.337227
   xy        0.000000
   xz        0.000000        Anisotropy:            1.384842
   yz        0.000000




                         2 singlet a1 excitation


 Total energy:                           -437.0455333083984    

 Excitation energy:                      0.2525978917016294    

 Excitation energy / eV:                  6.873541302799793    

 Excitation energy / nm:                  180.3789903116840    

 Excitation energy / cm^(-1):             55438.82899681370    


 Oscillator strength:

    velocity representation:             0.6401515038031796E-02

    length representation:               0.1276022397705704    

    mixed representation:                0.2858054682433219E-01


 Rotatory strength:

    velocity representation:              0.000000000000000    

    velocity rep. / 10^(-40)erg*cm^3:     0.000000000000000    

    length representation:                0.000000000000000    

    length rep. / 10^(-40)erg*cm^3:       0.000000000000000    


 Dominant contributions:

      occ. orbital   energy / eV   virt. orbital     energy / eV   |coeff.|^2*100
        2 b2             -9.19           3 b2             -2.63       74.0
        3 b1             -6.75           4 b1              1.09       11.6
        3 b1             -6.75           5 b1              3.08        3.8
        3 b1             -6.75           6 b1              4.56        2.9
 

 Change of electron number:

             0.000000


 Electric transition dipole moment (velocity rep.):

    x        0.000000        Norm:                  0.194972
    y        0.000000
    z       -0.194972        Norm / debye:          0.495573


 Electric transition dipole moment (length rep.):

    x        0.000000        Norm:                  0.870482
    y        0.000000
    z        0.870482        Norm / debye:          2.212562


 Magnetic transition dipole moment / i:

    x        0.000000        Norm:                  0.000000
    y        0.000000
    z        0.000000        Norm / Bohr mag.:      0.000000


 Electric quadrupole transition moment:

   xx       -0.260754
   yy        0.339614        1/3*trace:             0.716404
   zz        2.070352
   xy        0.000000
   xz        0.000000        Anisotropy:            2.096420
   yz        0.000000




                         3 singlet a1 excitation


 Total energy:                           -436.9707942337047    

 Excitation energy:                      0.3273369663952964    

 Excitation energy / eV:                  8.907295873668387    

 Excitation energy / nm:                  139.1940334810127    

 Excitation energy / cm^(-1):             71842.15981406598    


 Oscillator strength:

    velocity representation:             0.9438732708150244E-03

    length representation:               0.2943908847754894E-01

    mixed representation:                0.5271315654665068E-02


 Rotatory strength:

    velocity representation:              0.000000000000000    

    velocity rep. / 10^(-40)erg*cm^3:     0.000000000000000    

    length representation:                0.000000000000000    

    length rep. / 10^(-40)erg*cm^3:       0.000000000000000    


 Dominant contributions:

      occ. orbital   energy / eV   virt. orbital     energy / eV   |coeff.|^2*100
        3 b1             -6.75           5 b1              3.08       85.9
        2 b2             -9.19           4 b2              1.32        8.7
 

 Change of electron number:

            -0.000000


 Electric transition dipole moment (velocity rep.):

    x        0.000000        Norm:                  0.065767
    y        0.000000
    z       -0.065767        Norm / debye:          0.167163


 Electric transition dipole moment (length rep.):

    x        0.000000        Norm:                  0.367291
    y        0.000000
    z       -0.367291        Norm / debye:          0.933568


 Magnetic transition dipole moment / i:

    x        0.000000        Norm:                  0.000000
    y        0.000000
    z        0.000000        Norm / Bohr mag.:      0.000000


 Electric quadrupole transition moment:

   xx        2.217781
   yy       -0.382796        1/3*trace:             0.972089
   zz        1.081281
   xy        0.000000
   xz        0.000000        Anisotropy:            2.258114
   yz        0.000000




                         4 singlet a1 excitation


 Total energy:                           -436.9460594658713    

 Excitation energy:                      0.3520717342286640    

 Excitation energy / eV:                  9.580363440355125    

 Excitation energy / nm:                  129.4149692528496    

 Excitation energy / cm^(-1):             77270.81384974459    


 Oscillator strength:

    velocity representation:             0.2295225914739953E-03

    length representation:               0.9690152919936783E-02

    mixed representation:                0.1491344698573469E-02


 Rotatory strength:

    velocity representation:              0.000000000000000    

    velocity rep. / 10^(-40)erg*cm^3:     0.000000000000000    

    length representation:                0.000000000000000    

    length rep. / 10^(-40)erg*cm^3:       0.000000000000000    


 Dominant contributions:

      occ. orbital   energy / eV   virt. orbital     energy / eV   |coeff.|^2*100
        2 b2             -9.19           4 b2              1.32       88.6
        3 b1             -6.75           5 b1              3.08        7.3
 

 Change of electron number:

             0.000000


 Electric transition dipole moment (velocity rep.):

    x        0.000000        Norm:                  0.031271
    y        0.000000
    z       -0.031271        Norm / debye:          0.079484


 Electric transition dipole moment (length rep.):

    x        0.000000        Norm:                  0.203187
    y        0.000000
    z       -0.203187        Norm / debye:          0.516453


 Magnetic transition dipole moment / i:

    x        0.000000        Norm:                  0.000000
    y        0.000000
    z        0.000000        Norm / Bohr mag.:      0.000000


 Electric quadrupole transition moment:

   xx        1.179529
   yy        2.786603        1/3*trace:             1.366935
   zz        0.134674
   xy        0.000000
   xz        0.000000        Anisotropy:            2.313778
   yz        0.000000




                         5 singlet a1 excitation


 Total energy:                           -436.9271249833776    

 Excitation energy:                      0.3710062167223834    

 Excitation energy / eV:                  10.09559714476566    

 Excitation energy / nm:                  122.8102134312594    

 Excitation energy / cm^(-1):             81426.45240254927    


 Oscillator strength:

    velocity representation:             0.3498653348729350E-01

    length representation:               0.1020172381673762    

    mixed representation:                0.5974302904460155E-01


 Rotatory strength:

    velocity representation:              0.000000000000000    

    velocity rep. / 10^(-40)erg*cm^3:     0.000000000000000    

    length representation:                0.000000000000000    

    length rep. / 10^(-40)erg*cm^3:       0.000000000000000    


 Dominant contributions:

      occ. orbital   energy / eV   virt. orbital     energy / eV   |coeff.|^2*100
        3 b1             -6.75           6 b1              4.56       70.8
        7 a1            -11.26           8 a1              0.40       22.0
 

 Change of electron number:

            -0.000000


 Electric transition dipole moment (velocity rep.):

    x        0.000000        Norm:                  0.376102
    y        0.000000
    z       -0.376102        Norm / debye:          0.955963


 Electric transition dipole moment (length rep.):

    x        0.000000        Norm:                  0.642232
    y        0.000000
    z       -0.642232        Norm / debye:          1.632403


 Magnetic transition dipole moment / i:

    x        0.000000        Norm:                  0.000000
    y        0.000000
    z        0.000000        Norm / Bohr mag.:      0.000000


 Electric quadrupole transition moment:

   xx       -0.615607
   yy       -0.512033        1/3*trace:            -1.407397
   zz       -3.094552
   xy        0.000000
   xz        0.000000        Anisotropy:            2.532321
   yz        0.000000




                         6 singlet a1 excitation


 Total energy:                           -436.9031747653551    

 Excitation energy:                      0.3949564347448444    

 Excitation energy / eV:                  10.74731601573271    

 Excitation energy / nm:                  115.3629834881296    

 Excitation energy / cm^(-1):             86682.91765821337    


 Oscillator strength:

    velocity representation:             0.1284834539136491    

    length representation:               0.3258982473107921    

    mixed representation:                0.2046277899966062    


 Rotatory strength:

    velocity representation:              0.000000000000000    

    velocity rep. / 10^(-40)erg*cm^3:     0.000000000000000    

    length representation:                0.000000000000000    

    length rep. / 10^(-40)erg*cm^3:       0.000000000000000    


 Dominant contributions:

      occ. orbital   energy / eV   virt. orbital     energy / eV   |coeff.|^2*100
        7 a1            -11.26           8 a1              0.40       71.9
        3 b1             -6.75           6 b1              4.56       15.4
        7 a1            -11.26           9 a1              0.96        4.3
 

 Change of electron number:

            -0.000000


 Electric transition dipole moment (velocity rep.):

    x        0.000000        Norm:                  0.698545
    y        0.000000
    z       -0.698545        Norm / debye:          1.775539


 Electric transition dipole moment (length rep.):

    x        0.000000        Norm:                  1.112531
    y        0.000000
    z       -1.112531        Norm / debye:          2.827793


 Magnetic transition dipole moment / i:

    x        0.000000        Norm:                  0.000000
    y        0.000000
    z        0.000000        Norm / Bohr mag.:      0.000000


 Electric quadrupole transition moment:

   xx        1.087607
   yy        0.552971        1/3*trace:            -0.275251
   zz       -2.466331
   xy        0.000000
   xz        0.000000        Anisotropy:            3.319073
   yz        0.000000




                         7 singlet a1 excitation


 Total energy:                           -436.8880961308004    

 Excitation energy:                      0.4100350692995402    

 Excitation energy / eV:                  11.15762671430319    

 Excitation energy / nm:                  111.1206237501478    

 Excitation energy / cm^(-1):             89992.29540856549    


 Oscillator strength:

    velocity representation:             0.2934720919087168    

    length representation:               0.4210087034531629    

    mixed representation:                0.3515029230521081    


 Rotatory strength:

    velocity representation:              0.000000000000000    

    velocity rep. / 10^(-40)erg*cm^3:     0.000000000000000    

    length representation:                0.000000000000000    

    length rep. / 10^(-40)erg*cm^3:       0.000000000000000    


 Dominant contributions:

      occ. orbital   energy / eV   virt. orbital     energy / eV   |coeff.|^2*100
        7 a1            -11.26           9 a1              0.96       90.5
 

 Change of electron number:

             0.000000


 Electric transition dipole moment (velocity rep.):

    x        0.000000        Norm:                  1.036140
    y        0.000000
    z       -1.036140        Norm / debye:          2.633626


 Electric transition dipole moment (length rep.):

    x        0.000000        Norm:                  1.241025
    y        0.000000
    z       -1.241025        Norm / debye:          3.154396


 Magnetic transition dipole moment / i:

    x        0.000000        Norm:                  0.000000
    y        0.000000
    z        0.000000        Norm / Bohr mag.:      0.000000


 Electric quadrupole transition moment:

   xx       -0.288981
   yy       -0.751618        1/3*trace:            -2.122086
   zz       -5.325658
   xy        0.000000
   xz        0.000000        Anisotropy:            4.822032
   yz        0.000000




                         8 singlet a1 excitation


 Total energy:                           -436.8453550739436    

 Excitation energy:                      0.4527761261564376    

 Excitation energy / eV:                  12.32067054516072    

 Excitation energy / nm:                  100.6310846085942    

 Excitation energy / cm^(-1):             99372.87307796076    


 Oscillator strength:

    velocity representation:             0.7287353871772028E-02

    length representation:               0.7996523953949576E-02

    mixed representation:                0.7633708128854038E-02


 Rotatory strength:

    velocity representation:              0.000000000000000    

    velocity rep. / 10^(-40)erg*cm^3:     0.000000000000000    

    length representation:                0.000000000000000    

    length rep. / 10^(-40)erg*cm^3:       0.000000000000000    


 Dominant contributions:

      occ. orbital   energy / eV   virt. orbital     energy / eV   |coeff.|^2*100
        3 b1             -6.75           7 b1              6.88       61.9
        7 a1            -11.26          10 a1              2.27       33.0
 

 Change of electron number:

             0.000000


 Electric transition dipole moment (velocity rep.):

    x        0.000000        Norm:                  0.155378
    y        0.000000
    z       -0.155378        Norm / debye:          0.394934


 Electric transition dipole moment (length rep.):

    x        0.000000        Norm:                  0.162763
    y        0.000000
    z       -0.162763        Norm / debye:          0.413704


 Magnetic transition dipole moment / i:

    x        0.000000        Norm:                  0.000000
    y        0.000000
    z        0.000000        Norm / Bohr mag.:      0.000000


 Electric quadrupole transition moment:

   xx       -1.029672
   yy       -0.394659        1/3*trace:            -0.183719
   zz        0.873175
   xy        0.000000
   xz        0.000000        Anisotropy:            1.678016
   yz        0.000000




                         9 singlet a1 excitation


 Total energy:                           -436.8420346400757    

 Excitation energy:                      0.4560965600243405    

 Excitation energy / eV:                  12.41102418659652    

 Excitation energy / nm:                  99.89847907988698    

 Excitation energy / cm^(-1):             100101.6240748825    


 Oscillator strength:

    velocity representation:             0.1957002170930108E-03

    length representation:               0.3310763416491553E-03

    mixed representation:                0.2545421614096563E-03


 Rotatory strength:

    velocity representation:              0.000000000000000    

    velocity rep. / 10^(-40)erg*cm^3:     0.000000000000000    

    length representation:                0.000000000000000    

    length rep. / 10^(-40)erg*cm^3:       0.000000000000000    


 Dominant contributions:

      occ. orbital   energy / eV   virt. orbital     energy / eV   |coeff.|^2*100
        7 a1            -11.26          10 a1              2.27       58.0
        3 b1             -6.75           7 b1              6.88       33.8
 

 Change of electron number:

             0.000000


 Electric transition dipole moment (velocity rep.):

    x        0.000000        Norm:                  0.025370
    y        0.000000
    z       -0.025370        Norm / debye:          0.064483


 Electric transition dipole moment (length rep.):

    x        0.000000        Norm:                  0.032998
    y        0.000000
    z        0.032998        Norm / debye:          0.083872


 Magnetic transition dipole moment / i:

    x        0.000000        Norm:                  0.000000
    y        0.000000
    z        0.000000        Norm / Bohr mag.:      0.000000


 Electric quadrupole transition moment:

   xx        0.262509
   yy       -0.101685        1/3*trace:             0.759399
   zz        2.117372
   xy        0.000000
   xz        0.000000        Anisotropy:            2.061233
   yz        0.000000




                        10 singlet a1 excitation


 Total energy:                           -436.8307665447109    

 Excitation energy:                      0.4673646553891316    

 Excitation energy / eV:                  12.71764479364919    

 Excitation energy / nm:                  97.48994095855106    

 Excitation energy / cm^(-1):             102574.6851437624    


 Oscillator strength:

    velocity representation:             0.3464781525865372E-01

    length representation:               0.3237708733535794E-01

    mixed representation:                0.3349321335149524E-01


 Rotatory strength:

    velocity representation:              0.000000000000000    

    velocity rep. / 10^(-40)erg*cm^3:     0.000000000000000    

    length representation:                0.000000000000000    

    length rep. / 10^(-40)erg*cm^3:       0.000000000000000    


 Dominant contributions:

      occ. orbital   energy / eV   virt. orbital     energy / eV   |coeff.|^2*100
        2 b2             -9.19           5 b2              4.78       77.7
        2 b1            -13.13           4 b1              1.09        7.3
        7 a1            -11.26          11 a1              2.94        5.5
 

 Change of electron number:

             0.000000


 Electric transition dipole moment (velocity rep.):

    x        0.000000        Norm:                  0.333469
    y        0.000000
    z       -0.333469        Norm / debye:          0.847600


 Electric transition dipole moment (length rep.):

    x        0.000000        Norm:                  0.322357
    y        0.000000
    z       -0.322357        Norm / debye:          0.819355


 Magnetic transition dipole moment / i:

    x        0.000000        Norm:                  0.000000
    y        0.000000
    z        0.000000        Norm / Bohr mag.:      0.000000


 Electric quadrupole transition moment:

   xx       -0.714219
   yy        0.304157        1/3*trace:            -0.407763
   zz       -0.813227
   xy        0.000000
   xz        0.000000        Anisotropy:            1.071316
   yz        0.000000



 ==============================================================================

                              I R R E P   a2  

 ==============================================================================


 Excitation is electric dipole forbidden

 Excitation is magnetic dipole allowed

 Excitation is electric quadrupole allowed




                         1 singlet a2 excitation


 Total energy:                           -437.2151510401487    

 Excitation energy:                      0.8298015995124855E-01

 Excitation energy / eV:                  2.258006006683392    

 Excitation energy / nm:                  549.0873081802783    

 Excitation energy / cm^(-1):             18212.03996072720    


 Oscillator strength:

    velocity representation:              0.000000000000000    

    length representation:                0.000000000000000    

    mixed representation:                 0.000000000000000    


 Rotatory strength:

    velocity representation:              0.000000000000000    

    velocity rep. / 10^(-40)erg*cm^3:     0.000000000000000    

    length representation:                0.000000000000000    

    length rep. / 10^(-40)erg*cm^3:       0.000000000000000    


 Dominant contributions:

      occ. orbital   energy / eV   virt. orbital     energy / eV   |coeff.|^2*100
        3 b1             -6.75           3 b2             -2.63       99.8
 

 Change of electron number:

             0.000000


 Electric transition dipole moment (velocity rep.):

    x        0.000000        Norm:                  0.000000
    y        0.000000
    z        0.000000        Norm / debye:          0.000000


 Electric transition dipole moment (length rep.):

    x        0.000000        Norm:                  0.000000
    y        0.000000
    z        0.000000        Norm / debye:          0.000000


 Magnetic transition dipole moment / i:

    x        0.000000        Norm:                  0.004079
    y        0.000000
    z        0.004079        Norm / Bohr mag.:      1.117965


 Electric quadrupole transition moment:

   xx        0.000000
   yy        0.000000        1/3*trace:             0.000000
   zz        0.000000
   xy        1.045347
   xz        0.000000        Anisotropy:            1.810594
   yz        0.000000




                         2 singlet a2 excitation


 Total energy:                           -437.0428747357543    

 Excitation energy:                      0.2552564643456918    

 Excitation energy / eV:                  6.945884776264101    

 Excitation energy / nm:                  178.5002890202769    

 Excitation energy / cm^(-1):             56022.31824605844    


 Oscillator strength:

    velocity representation:              0.000000000000000    

    length representation:                0.000000000000000    

    mixed representation:                 0.000000000000000    


 Rotatory strength:

    velocity representation:              0.000000000000000    

    velocity rep. / 10^(-40)erg*cm^3:     0.000000000000000    

    length representation:                0.000000000000000    

    length rep. / 10^(-40)erg*cm^3:       0.000000000000000    


 Dominant contributions:

      occ. orbital   energy / eV   virt. orbital     energy / eV   |coeff.|^2*100
        3 b1             -6.75           4 b2              1.32       99.7
 

 Change of electron number:

             0.000000


 Electric transition dipole moment (velocity rep.):

    x        0.000000        Norm:                  0.000000
    y        0.000000
    z        0.000000        Norm / debye:          0.000000


 Electric transition dipole moment (length rep.):

    x        0.000000        Norm:                  0.000000
    y        0.000000
    z        0.000000        Norm / debye:          0.000000


 Magnetic transition dipole moment / i:

    x        0.000000        Norm:                  0.000119
    y        0.000000
    z       -0.000119        Norm / Bohr mag.:      0.032664


 Electric quadrupole transition moment:

   xx        0.000000
   yy        0.000000        1/3*trace:             0.000000
   zz        0.000000
   xy        0.957542
   xz        0.000000        Anisotropy:            1.658512
   yz        0.000000




                         3 singlet a2 excitation


 Total energy:                           -436.9886742677106    

 Excitation energy:                      0.3094569323893752    

 Excitation energy / eV:                  8.420755184800194    

 Excitation energy / nm:                  147.2364904162811    

 Excitation energy / cm^(-1):             67917.94595371300    


 Oscillator strength:

    velocity representation:              0.000000000000000    

    length representation:                0.000000000000000    

    mixed representation:                 0.000000000000000    


 Rotatory strength:

    velocity representation:              0.000000000000000    

    velocity rep. / 10^(-40)erg*cm^3:     0.000000000000000    

    length representation:                0.000000000000000    

    length rep. / 10^(-40)erg*cm^3:       0.000000000000000    


 Dominant contributions:

      occ. orbital   energy / eV   virt. orbital     energy / eV   |coeff.|^2*100
        2 b1            -13.13           3 b2             -2.63       99.2
 

 Change of electron number:

             0.000000


 Electric transition dipole moment (velocity rep.):

    x        0.000000        Norm:                  0.000000
    y        0.000000
    z        0.000000        Norm / debye:          0.000000


 Electric transition dipole moment (length rep.):

    x        0.000000        Norm:                  0.000000
    y        0.000000
    z        0.000000        Norm / debye:          0.000000


 Magnetic transition dipole moment / i:

    x        0.000000        Norm:                  0.002792
    y        0.000000
    z        0.002792        Norm / Bohr mag.:      0.765288


 Electric quadrupole transition moment:

   xx        0.000000
   yy        0.000000        1/3*trace:             0.000000
   zz        0.000000
   xy        0.509042
   xz        0.000000        Anisotropy:            0.881687
   yz        0.000000




                         4 singlet a2 excitation


 Total energy:                           -436.9631429768710    

 Excitation energy:                      0.3349882232289810    

 Excitation energy / eV:                  9.115497254568199    

 Excitation energy / nm:                  136.0147894777041    

 Excitation energy / cm^(-1):             73521.41658202976    


 Oscillator strength:

    velocity representation:              0.000000000000000    

    length representation:                0.000000000000000    

    mixed representation:                 0.000000000000000    


 Rotatory strength:

    velocity representation:              0.000000000000000    

    velocity rep. / 10^(-40)erg*cm^3:     0.000000000000000    

    length representation:                0.000000000000000    

    length rep. / 10^(-40)erg*cm^3:       0.000000000000000    


 Dominant contributions:

      occ. orbital   energy / eV   virt. orbital     energy / eV   |coeff.|^2*100
        2 b2             -9.19           4 b1              1.09       98.6
 

 Change of electron number:

             0.000000


 Electric transition dipole moment (velocity rep.):

    x        0.000000        Norm:                  0.000000
    y        0.000000
    z        0.000000        Norm / debye:          0.000000


 Electric transition dipole moment (length rep.):

    x        0.000000        Norm:                  0.000000
    y        0.000000
    z        0.000000        Norm / debye:          0.000000


 Magnetic transition dipole moment / i:

    x        0.000000        Norm:                  0.000062
    y        0.000000
    z       -0.000062        Norm / Bohr mag.:      0.017112


 Electric quadrupole transition moment:

   xx        0.000000
   yy        0.000000        1/3*trace:             0.000000
   zz        0.000000
   xy        0.993984
   xz        0.000000        Anisotropy:            1.721630
   yz        0.000000




                         5 singlet a2 excitation


 Total energy:                           -436.9214658491903    

 Excitation energy:                      0.3766653509096887    

 Excitation energy / eV:                  10.24959008711561    

 Excitation energy / nm:                  120.9650756300239    

 Excitation energy / cm^(-1):             82668.48878838983    


 Oscillator strength:

    velocity representation:              0.000000000000000    

    length representation:                0.000000000000000    

    mixed representation:                 0.000000000000000    


 Rotatory strength:

    velocity representation:              0.000000000000000    

    velocity rep. / 10^(-40)erg*cm^3:     0.000000000000000    

    length representation:                0.000000000000000    

    length rep. / 10^(-40)erg*cm^3:       0.000000000000000    


 Dominant contributions:

      occ. orbital   energy / eV   virt. orbital     energy / eV   |coeff.|^2*100
        3 b1             -6.75           5 b2              4.78       98.7
 

 Change of electron number:

             0.000000


 Electric transition dipole moment (velocity rep.):

    x        0.000000        Norm:                  0.000000
    y        0.000000
    z        0.000000        Norm / debye:          0.000000


 Electric transition dipole moment (length rep.):

    x        0.000000        Norm:                  0.000000
    y        0.000000
    z        0.000000        Norm / debye:          0.000000


 Magnetic transition dipole moment / i:

    x        0.000000        Norm:                  0.000231
    y        0.000000
    z        0.000231        Norm / Bohr mag.:      0.063291


 Electric quadrupole transition moment:

   xx        0.000000
   yy        0.000000        1/3*trace:             0.000000
   zz        0.000000
   xy        0.632407
   xz        0.000000        Anisotropy:            1.095361
   yz        0.000000




                         6 singlet a2 excitation


 Total energy:                           -436.8930750247462    

 Excitation energy:                      0.4050561753537692    

 Excitation energy / eV:                  11.02214405865640    

 Excitation energy / nm:                  112.4865029405014    

 Excitation energy / cm^(-1):             88899.55449852294    


 Oscillator strength:

    velocity representation:              0.000000000000000    

    length representation:                0.000000000000000    

    mixed representation:                 0.000000000000000    


 Rotatory strength:

    velocity representation:              0.000000000000000    

    velocity rep. / 10^(-40)erg*cm^3:     0.000000000000000    

    length representation:                0.000000000000000    

    length rep. / 10^(-40)erg*cm^3:       0.000000000000000    


 Dominant contributions:

      occ. orbital   energy / eV   virt. orbital     energy / eV   |coeff.|^2*100
        2 b2             -9.19           5 b1              3.08       81.8
        3 b1             -6.75           6 b2              5.88       16.2
 

 Change of electron number:

             0.000000


 Electric transition dipole moment (velocity rep.):

    x        0.000000        Norm:                  0.000000
    y        0.000000
    z        0.000000        Norm / debye:          0.000000


 Electric transition dipole moment (length rep.):

    x        0.000000        Norm:                  0.000000
    y        0.000000
    z        0.000000        Norm / debye:          0.000000


 Magnetic transition dipole moment / i:

    x        0.000000        Norm:                  0.000275
    y        0.000000
    z       -0.000275        Norm / Bohr mag.:      0.075496


 Electric quadrupole transition moment:

   xx        0.000000
   yy        0.000000        1/3*trace:             0.000000
   zz        0.000000
   xy        0.142277
   xz        0.000000        Anisotropy:            0.246430
   yz        0.000000




                         7 singlet a2 excitation


 Total energy:                           -436.8914033648250    

 Excitation energy:                      0.4067278352750107    

 Excitation energy / eV:                  11.06763225903482    

 Excitation energy / nm:                  112.0241810575668    

 Excitation energy / cm^(-1):             89266.44144239341    


 Oscillator strength:

    velocity representation:              0.000000000000000    

    length representation:                0.000000000000000    

    mixed representation:                 0.000000000000000    


 Rotatory strength:

    velocity representation:              0.000000000000000    

    velocity rep. / 10^(-40)erg*cm^3:     0.000000000000000    

    length representation:                0.000000000000000    

    length rep. / 10^(-40)erg*cm^3:       0.000000000000000    


 Dominant contributions:

      occ. orbital   energy / eV   virt. orbital     energy / eV   |coeff.|^2*100
        3 b1             -6.75           6 b2              5.88       82.2
        2 b2             -9.19           5 b1              3.08       16.2
 

 Change of electron number:

             0.000000


 Electric transition dipole moment (velocity rep.):

    x        0.000000        Norm:                  0.000000
    y        0.000000
    z        0.000000        Norm / debye:          0.000000


 Electric transition dipole moment (length rep.):

    x        0.000000        Norm:                  0.000000
    y        0.000000
    z        0.000000        Norm / debye:          0.000000


 Magnetic transition dipole moment / i:

    x        0.000000        Norm:                  0.000522
    y        0.000000
    z        0.000522        Norm / Bohr mag.:      0.143108


 Electric quadrupole transition moment:

   xx        0.000000
   yy        0.000000        1/3*trace:             0.000000
   zz        0.000000
   xy        0.358082
   xz        0.000000        Anisotropy:            0.620216
   yz        0.000000




                         8 singlet a2 excitation


 Total energy:                           -436.8487393970273    

 Excitation energy:                      0.4493918030726928    

 Excitation energy / eV:                  12.22857838896167    

 Excitation energy / nm:                  101.3889268750853    

 Excitation energy / cm^(-1):             98630.10001898638    


 Oscillator strength:

    velocity representation:              0.000000000000000    

    length representation:                0.000000000000000    

    mixed representation:                 0.000000000000000    


 Rotatory strength:

    velocity representation:              0.000000000000000    

    velocity rep. / 10^(-40)erg*cm^3:     0.000000000000000    

    length representation:                0.000000000000000    

    length rep. / 10^(-40)erg*cm^3:       0.000000000000000    


 Dominant contributions:

      occ. orbital   energy / eV   virt. orbital     energy / eV   |coeff.|^2*100
        2 b2             -9.19           6 b1              4.56       98.2
 

 Change of electron number:

             0.000000


 Electric transition dipole moment (velocity rep.):

    x        0.000000        Norm:                  0.000000
    y        0.000000
    z        0.000000        Norm / debye:          0.000000


 Electric transition dipole moment (length rep.):

    x        0.000000        Norm:                  0.000000
    y        0.000000
    z        0.000000        Norm / debye:          0.000000


 Magnetic transition dipole moment / i:

    x        0.000000        Norm:                  0.000433
    y        0.000000
    z        0.000433        Norm / Bohr mag.:      0.118602


 Electric quadrupole transition moment:

   xx        0.000000
   yy        0.000000        1/3*trace:             0.000000
   zz        0.000000
   xy       -0.394676
   xz        0.000000        Anisotropy:            0.683599
   yz        0.000000




                         9 singlet a2 excitation


 Total energy:                           -436.8088130721950    

 Excitation energy:                      0.4893181279049786    

 Excitation energy / eV:                  13.31502943158511    

 Excitation energy / nm:                  93.11601197993632    

 Excitation energy / cm^(-1):             107392.9154167606    


 Oscillator strength:

    velocity representation:              0.000000000000000    

    length representation:                0.000000000000000    

    mixed representation:                 0.000000000000000    


 Rotatory strength:

    velocity representation:              0.000000000000000    

    velocity rep. / 10^(-40)erg*cm^3:     0.000000000000000    

    length representation:                0.000000000000000    

    length rep. / 10^(-40)erg*cm^3:       0.000000000000000    


 Dominant contributions:

      occ. orbital   energy / eV   virt. orbital     energy / eV   |coeff.|^2*100
        7 a1            -11.26           1 a2              3.61       88.2
        2 b1            -13.13           4 b2              1.32       10.1
 

 Change of electron number:

             0.000000


 Electric transition dipole moment (velocity rep.):

    x        0.000000        Norm:                  0.000000
    y        0.000000
    z        0.000000        Norm / debye:          0.000000


 Electric transition dipole moment (length rep.):

    x        0.000000        Norm:                  0.000000
    y        0.000000
    z        0.000000        Norm / debye:          0.000000


 Magnetic transition dipole moment / i:

    x        0.000000        Norm:                  0.000456
    y        0.000000
    z       -0.000456        Norm / Bohr mag.:      0.124863


 Electric quadrupole transition moment:

   xx        0.000000
   yy        0.000000        1/3*trace:             0.000000
   zz        0.000000
   xy       -1.217762
   xz        0.000000        Anisotropy:            2.109225
   yz        0.000000




                        10 singlet a2 excitation


 Total energy:                           -436.8056969547922    

 Excitation energy:                      0.4924342453078042    

 Excitation energy / eV:                  13.39982333674562    

 Excitation energy / nm:                  92.52677508551395    

 Excitation energy / cm^(-1):             108076.8241329635    


 Oscillator strength:

    velocity representation:              0.000000000000000    

    length representation:                0.000000000000000    

    mixed representation:                 0.000000000000000    


 Rotatory strength:

    velocity representation:              0.000000000000000    

    velocity rep. / 10^(-40)erg*cm^3:     0.000000000000000    

    length representation:                0.000000000000000    

    length rep. / 10^(-40)erg*cm^3:       0.000000000000000    


 Dominant contributions:

      occ. orbital   energy / eV   virt. orbital     energy / eV   |coeff.|^2*100
        2 b1            -13.13           4 b2              1.32       88.1
        7 a1            -11.26           1 a2              3.61       10.6
 

 Change of electron number:

             0.000000


 Electric transition dipole moment (velocity rep.):

    x        0.000000        Norm:                  0.000000
    y        0.000000
    z        0.000000        Norm / debye:          0.000000


 Electric transition dipole moment (length rep.):

    x        0.000000        Norm:                  0.000000
    y        0.000000
    z        0.000000        Norm / debye:          0.000000


 Magnetic transition dipole moment / i:

    x        0.000000        Norm:                  0.000055
    y        0.000000
    z        0.000055        Norm / Bohr mag.:      0.015110


 Electric quadrupole transition moment:

   xx        0.000000
   yy        0.000000        1/3*trace:             0.000000
   zz        0.000000
   xy        0.318050
   xz        0.000000        Anisotropy:            0.550879
   yz        0.000000



 ==============================================================================

                              I R R E P   b1  

 ==============================================================================


 Excitation is electric dipole allowed

 Excitation is magnetic dipole allowed

 Excitation is electric quadrupole allowed




                         1 singlet b1 excitation


 Total energy:                           -437.0801903324451    

 Excitation energy:                      0.2179408676548862    

 Excitation energy / eV:                  5.930475291390646    

 Excitation energy / nm:                  209.0629130290080    

 Excitation energy / cm^(-1):             47832.49144299371    


 Oscillator strength:

    velocity representation:             0.1308005136643146E-03

    length representation:               0.3850366758580432E-02

    mixed representation:                0.7096689015437569E-03


 Rotatory strength:

    velocity representation:              0.000000000000000    

    velocity rep. / 10^(-40)erg*cm^3:     0.000000000000000    

    length representation:                0.000000000000000    

    length rep. / 10^(-40)erg*cm^3:       0.000000000000000    


 Dominant contributions:

      occ. orbital   energy / eV   virt. orbital     energy / eV   |coeff.|^2*100
        3 b1             -6.75           8 a1              0.40       98.2
 

 Change of electron number:

             0.000000


 Electric transition dipole moment (velocity rep.):

    x        0.030004        Norm:                  0.030004
    y        0.000000
    z        0.000000        Norm / debye:          0.076263


 Electric transition dipole moment (length rep.):

    x       -0.162790        Norm:                  0.162790
    y        0.000000
    z        0.000000        Norm / debye:          0.413774


 Magnetic transition dipole moment / i:

    x        0.000000        Norm:                  0.002897
    y       -0.002897
    z        0.000000        Norm / Bohr mag.:      0.794110


 Electric quadrupole transition moment:

   xx        0.000000
   yy        0.000000        1/3*trace:             0.000000
   zz        0.000000
   xy        0.000000
   xz       -1.681423        Anisotropy:            2.912310
   yz        0.000000




                         2 singlet b1 excitation


 Total energy:                           -437.0589990257298    

 Excitation energy:                      0.2391321743702113    

 Excitation energy / eV:                  6.507120333781341    

 Excitation energy / nm:                  190.5362704955851    

 Excitation energy / cm^(-1):             52483.44565839014    


 Oscillator strength:

    velocity representation:             0.7890396161886196E-01

    length representation:               0.5759015597367122E-01

    mixed representation:                0.6740987655062741E-01


 Rotatory strength:

    velocity representation:              0.000000000000000    

    velocity rep. / 10^(-40)erg*cm^3:     0.000000000000000    

    length representation:                0.000000000000000    

    length rep. / 10^(-40)erg*cm^3:       0.000000000000000    


 Dominant contributions:

      occ. orbital   energy / eV   virt. orbital     energy / eV   |coeff.|^2*100
        3 b1             -6.75           9 a1              0.96       98.0
 

 Change of electron number:

             0.000000


 Electric transition dipole moment (velocity rep.):

    x        0.703519        Norm:                  0.703519
    y        0.000000
    z        0.000000        Norm / debye:          1.788181


 Electric transition dipole moment (length rep.):

    x        0.601036        Norm:                  0.601036
    y        0.000000
    z        0.000000        Norm / debye:          1.527694


 Magnetic transition dipole moment / i:

    x        0.000000        Norm:                  0.001877
    y        0.001877
    z        0.000000        Norm / Bohr mag.:      0.514533


 Electric quadrupole transition moment:

   xx        0.000000
   yy        0.000000        1/3*trace:             0.000000
   zz        0.000000
   xy        0.000000
   xz        2.553627        Anisotropy:            4.423012
   yz        0.000000




                         3 singlet b1 excitation


 Total energy:                           -437.0108342040588    

 Excitation energy:                      0.2872969960411622    

 Excitation energy / eV:                  7.817752377726985    

 Excitation energy / nm:                  158.5932094238534    

 Excitation energy / cm^(-1):             63054.40210735343    


 Oscillator strength:

    velocity representation:             0.3543750406520895E-01

    length representation:               0.5872889567531714E-01

    mixed representation:                0.4562023103009544E-01


 Rotatory strength:

    velocity representation:              0.000000000000000    

    velocity rep. / 10^(-40)erg*cm^3:     0.000000000000000    

    length representation:                0.000000000000000    

    length rep. / 10^(-40)erg*cm^3:       0.000000000000000    


 Dominant contributions:

      occ. orbital   energy / eV   virt. orbital     energy / eV   |coeff.|^2*100
        3 b1             -6.75          10 a1              2.27       88.9
        3 b1             -6.75          11 a1              2.94        4.7
 

 Change of electron number:

             0.000000


 Electric transition dipole moment (velocity rep.):

    x       -0.430142        Norm:                  0.430142
    y        0.000000
    z        0.000000        Norm / debye:          1.093320


 Electric transition dipole moment (length rep.):

    x       -0.553740        Norm:                  0.553740
    y        0.000000
    z        0.000000        Norm / debye:          1.407478


 Magnetic transition dipole moment / i:

    x        0.000000        Norm:                  0.002188
    y       -0.002188
    z        0.000000        Norm / Bohr mag.:      0.599647


 Electric quadrupole transition moment:

   xx        0.000000
   yy        0.000000        1/3*trace:             0.000000
   zz        0.000000
   xy        0.000000
   xz       -0.089232        Anisotropy:            0.154554
   yz        0.000000




                         4 singlet b1 excitation


 Total energy:                           -436.9938572180958    

 Excitation energy:                      0.3042739820042139    

 Excitation energy / eV:                  8.279719868540115    

 Excitation energy / nm:                  149.7444913294262    

 Excitation energy / cm^(-1):             66780.41983199329    


 Oscillator strength:

    velocity representation:             0.1013739992989001E-01

    length representation:               0.1054552471915695E-01

    mixed representation:                0.1033944880294085E-01


 Rotatory strength:

    velocity representation:              0.000000000000000    

    velocity rep. / 10^(-40)erg*cm^3:     0.000000000000000    

    length representation:                0.000000000000000    

    length rep. / 10^(-40)erg*cm^3:       0.000000000000000    


 Dominant contributions:

      occ. orbital   energy / eV   virt. orbital     energy / eV   |coeff.|^2*100
        3 b1             -6.75          11 a1              2.94       63.8
        3 b1             -6.75          12 a1              3.28       25.1
        3 b1             -6.75          10 a1              2.27        9.0
 

 Change of electron number:

             0.000000


 Electric transition dipole moment (velocity rep.):

    x        0.223551        Norm:                  0.223551
    y        0.000000
    z        0.000000        Norm / debye:          0.568214


 Electric transition dipole moment (length rep.):

    x        0.228007        Norm:                  0.228007
    y        0.000000
    z        0.000000        Norm / debye:          0.579539


 Magnetic transition dipole moment / i:

    x        0.000000        Norm:                  0.003331
    y        0.003331
    z        0.000000        Norm / Bohr mag.:      0.912844


 Electric quadrupole transition moment:

   xx        0.000000
   yy        0.000000        1/3*trace:             0.000000
   zz        0.000000
   xy        0.000000
   xz        1.343580        Anisotropy:            2.327149
   yz        0.000000




                         5 singlet b1 excitation


 Total energy:                           -436.9769650566226    

 Excitation energy:                      0.3211661434773761    

 Excitation energy / eV:                  8.739379166553942    

 Excitation energy / nm:                  141.8684801787322    

 Excitation energy / cm^(-1):             70487.82073304034    


 Oscillator strength:

    velocity representation:             0.1572935970975067E-03

    length representation:               0.1435815917802255E-01

    mixed representation:                0.1502812864201577E-02


 Rotatory strength:

    velocity representation:              0.000000000000000    

    velocity rep. / 10^(-40)erg*cm^3:     0.000000000000000    

    length representation:                0.000000000000000    

    length rep. / 10^(-40)erg*cm^3:       0.000000000000000    


 Dominant contributions:

      occ. orbital   energy / eV   virt. orbital     energy / eV   |coeff.|^2*100
        3 b1             -6.75          12 a1              3.28       66.0
        3 b1             -6.75          11 a1              2.94       30.3
 

 Change of electron number:

             0.000000


 Electric transition dipole moment (velocity rep.):

    x        0.027104        Norm:                  0.027104
    y        0.000000
    z        0.000000        Norm / debye:          0.068892


 Electric transition dipole moment (length rep.):

    x       -0.258958        Norm:                  0.258958
    y        0.000000
    z        0.000000        Norm / debye:          0.658212


 Magnetic transition dipole moment / i:

    x        0.000000        Norm:                  0.002617
    y       -0.002617
    z        0.000000        Norm / Bohr mag.:      0.717377


 Electric quadrupole transition moment:

   xx        0.000000
   yy        0.000000        1/3*trace:             0.000000
   zz        0.000000
   xy        0.000000
   xz       -1.487253        Anisotropy:            2.575998
   yz        0.000000




                         6 singlet b1 excitation


 Total energy:                           -436.9014306906854    

 Excitation energy:                      0.3967005094145696    

 Excitation energy / eV:                  10.79477472252067    

 Excitation energy / nm:                  114.8557956914149    

 Excitation energy / cm^(-1):             87065.69780226453    


 Oscillator strength:

    velocity representation:             0.4558751454526197E-01

    length representation:               0.8255629071609227E-01

    mixed representation:                0.6134766583842235E-01


 Rotatory strength:

    velocity representation:              0.000000000000000    

    velocity rep. / 10^(-40)erg*cm^3:     0.000000000000000    

    length representation:                0.000000000000000    

    length rep. / 10^(-40)erg*cm^3:       0.000000000000000    


 Dominant contributions:

      occ. orbital   energy / eV   virt. orbital     energy / eV   |coeff.|^2*100
        3 b1             -6.75          13 a1              5.36       80.3
        2 b2             -9.19           1 a2              3.61       17.3
 

 Change of electron number:

             0.000000


 Electric transition dipole moment (velocity rep.):

    x       -0.415181        Norm:                  0.415181
    y        0.000000
    z        0.000000        Norm / debye:          1.055292


 Electric transition dipole moment (length rep.):

    x       -0.558714        Norm:                  0.558714
    y        0.000000
    z        0.000000        Norm / debye:          1.420119


 Magnetic transition dipole moment / i:

    x        0.000000        Norm:                  0.000665
    y       -0.000665
    z        0.000000        Norm / Bohr mag.:      0.182132


 Electric quadrupole transition moment:

   xx        0.000000
   yy        0.000000        1/3*trace:             0.000000
   zz        0.000000
   xy        0.000000
   xz       -1.964557        Anisotropy:            3.402713
   yz        0.000000




                         7 singlet b1 excitation


 Total energy:                           -436.8912439243750    

 Excitation energy:                      0.4068872757249285    

 Excitation energy / eV:                  11.07197085628305    

 Excitation energy / nm:                  111.9802839221804    

 Excitation energy / cm^(-1):             89301.43457625776    


 Oscillator strength:

    velocity representation:             0.5678643293530738E-02

    length representation:               0.4154958057602690E-02

    mixed representation:                0.4857419552468884E-02


 Rotatory strength:

    velocity representation:              0.000000000000000    

    velocity rep. / 10^(-40)erg*cm^3:     0.000000000000000    

    length representation:                0.000000000000000    

    length rep. / 10^(-40)erg*cm^3:       0.000000000000000    


 Dominant contributions:

      occ. orbital   energy / eV   virt. orbital     energy / eV   |coeff.|^2*100
        3 b1             -6.75          14 a1              5.58       95.8
 

 Change of electron number:

             0.000000


 Electric transition dipole moment (velocity rep.):

    x       -0.144687        Norm:                  0.144687
    y        0.000000
    z        0.000000        Norm / debye:          0.367762


 Electric transition dipole moment (length rep.):

    x       -0.123763        Norm:                  0.123763
    y        0.000000
    z        0.000000        Norm / debye:          0.314577


 Magnetic transition dipole moment / i:

    x        0.000000        Norm:                  0.000899
    y        0.000899
    z        0.000000        Norm / Bohr mag.:      0.246405


 Electric quadrupole transition moment:

   xx        0.000000
   yy        0.000000        1/3*trace:             0.000000
   zz        0.000000
   xy        0.000000
   xz       -1.002240        Anisotropy:            1.735930
   yz        0.000000




                         8 singlet b1 excitation


 Total energy:                           -436.8859134835799    

 Excitation energy:                      0.4122177165200304    

 Excitation energy / eV:                  11.21701959251930    

 Excitation energy / nm:                  110.5322523365781    

 Excitation energy / cm^(-1):             90471.33110123097    


 Oscillator strength:

    velocity representation:             0.7209038866123822E-02

    length representation:               0.7628224850378034E-02

    mixed representation:                0.7415670531105520E-02


 Rotatory strength:

    velocity representation:              0.000000000000000    

    velocity rep. / 10^(-40)erg*cm^3:     0.000000000000000    

    length representation:                0.000000000000000    

    length rep. / 10^(-40)erg*cm^3:       0.000000000000000    


 Dominant contributions:

      occ. orbital   energy / eV   virt. orbital     energy / eV   |coeff.|^2*100
        7 a1            -11.26           4 b1              1.09       92.1
 

 Change of electron number:

             0.000000


 Electric transition dipole moment (velocity rep.):

    x        0.161965        Norm:                  0.161965
    y        0.000000
    z        0.000000        Norm / debye:          0.411677


 Electric transition dipole moment (length rep.):

    x        0.166607        Norm:                  0.166607
    y        0.000000
    z        0.000000        Norm / debye:          0.423477


 Magnetic transition dipole moment / i:

    x        0.000000        Norm:                  0.000292
    y        0.000292
    z        0.000000        Norm / Bohr mag.:      0.080014


 Electric quadrupole transition moment:

   xx        0.000000
   yy        0.000000        1/3*trace:             0.000000
   zz        0.000000
   xy        0.000000
   xz       -0.093023        Anisotropy:            0.161120
   yz        0.000000




                         9 singlet b1 excitation


 Total energy:                           -436.8690751638788    

 Excitation energy:                      0.4290560362211647    

 Excitation energy / eV:                  11.67521378074398    

 Excitation energy / nm:                  106.1944100851982    

 Excitation energy / cm^(-1):             94166.91509924596    


 Oscillator strength:

    velocity representation:             0.1491431206265665    

    length representation:               0.3253934603233554    

    mixed representation:                0.2202957015107242    


 Rotatory strength:

    velocity representation:              0.000000000000000    

    velocity rep. / 10^(-40)erg*cm^3:     0.000000000000000    

    length representation:                0.000000000000000    

    length rep. / 10^(-40)erg*cm^3:       0.000000000000000    


 Dominant contributions:

      occ. orbital   energy / eV   virt. orbital     energy / eV   |coeff.|^2*100
        2 b2             -9.19           1 a2              3.61       65.4
        3 b1             -6.75          13 a1              5.36       13.7
        7 a1            -11.26           4 b1              1.09        7.0
        2 b1            -13.13           8 a1              0.40        5.0
 

 Change of electron number:

             0.000000


 Electric transition dipole moment (velocity rep.):

    x        0.722088        Norm:                  0.722088
    y        0.000000
    z        0.000000        Norm / debye:          1.835379


 Electric transition dipole moment (length rep.):

    x        1.066579        Norm:                  1.066579
    y        0.000000
    z        0.000000        Norm / debye:          2.710994


 Magnetic transition dipole moment / i:

    x        0.000000        Norm:                  0.002895
    y        0.002895
    z        0.000000        Norm / Bohr mag.:      0.793334


 Electric quadrupole transition moment:

   xx        0.000000
   yy        0.000000        1/3*trace:             0.000000
   zz        0.000000
   xy        0.000000
   xz        2.672161        Anisotropy:            4.628318
   yz        0.000000




                        10 singlet b1 excitation


 Total energy:                           -436.8499496436693    

 Excitation energy:                      0.4481815564306739    

 Excitation energy / eV:                  12.19564588812228    

 Excitation energy / nm:                  101.6627123678792    

 Excitation energy / cm^(-1):             98364.48158417338    


 Oscillator strength:

    velocity representation:             0.2019279129875853    

    length representation:               0.2939546577817014    

    mixed representation:                0.2436342557171278    


 Rotatory strength:

    velocity representation:              0.000000000000000    

    velocity rep. / 10^(-40)erg*cm^3:     0.000000000000000    

    length representation:                0.000000000000000    

    length rep. / 10^(-40)erg*cm^3:       0.000000000000000    


 Dominant contributions:

      occ. orbital   energy / eV   virt. orbital     energy / eV   |coeff.|^2*100
        2 b1            -13.13           8 a1              0.40       93.5
 

 Change of electron number:

             0.000000


 Electric transition dipole moment (velocity rep.):

    x        0.822085        Norm:                  0.822085
    y        0.000000
    z        0.000000        Norm / debye:          2.089548


 Electric transition dipole moment (length rep.):

    x        0.991879        Norm:                  0.991879
    y        0.000000
    z        0.000000        Norm / debye:          2.521125


 Magnetic transition dipole moment / i:

    x        0.000000        Norm:                  0.000425
    y        0.000425
    z        0.000000        Norm / Bohr mag.:      0.116448


 Electric quadrupole transition moment:

   xx        0.000000
   yy        0.000000        1/3*trace:             0.000000
   zz        0.000000
   xy        0.000000
   xz       -0.226723        Anisotropy:            0.392695
   yz        0.000000



 ==============================================================================

                              I R R E P   b2  

 ==============================================================================


 Excitation is electric dipole allowed

 Excitation is magnetic dipole allowed

 Excitation is electric quadrupole allowed




                         1 singlet b2 excitation


 Total energy:                           -437.0466209832496    

 Excitation energy:                      0.2515102168503880    

 Excitation energy / eV:                  6.843944151518519    

 Excitation energy / nm:                  181.1590528233036    

 Excitation energy / cm^(-1):             55200.11196051584    


 Oscillator strength:

    velocity representation:             0.1018109353941552E-01

    length representation:               0.3344745056636682E-02

    mixed representation:                0.5835508742784618E-02


 Rotatory strength:

    velocity representation:              0.000000000000000    

    velocity rep. / 10^(-40)erg*cm^3:     0.000000000000000    

    length representation:                0.000000000000000    

    length rep. / 10^(-40)erg*cm^3:       0.000000000000000    


 Dominant contributions:

      occ. orbital   energy / eV   virt. orbital     energy / eV   |coeff.|^2*100
        7 a1            -11.26           3 b2             -2.63       95.8
 

 Change of electron number:

             0.000000


 Electric transition dipole moment (velocity rep.):

    x        0.000000        Norm:                  0.246414
    y       -0.246414
    z        0.000000        Norm / debye:          0.626326


 Electric transition dipole moment (length rep.):

    x        0.000000        Norm:                  0.141237
    y        0.141237
    z        0.000000        Norm / debye:          0.358992


 Magnetic transition dipole moment / i:

    x       -0.004936        Norm:                  0.004936
    y        0.000000
    z        0.000000        Norm / Bohr mag.:      1.352870


 Electric quadrupole transition moment:

   xx        0.000000
   yy        0.000000        1/3*trace:             0.000000
   zz        0.000000
   xy        0.000000
   xz        0.000000        Anisotropy:            2.979460
   yz        1.720192




                         2 singlet b2 excitation


 Total energy:                           -436.9932615901552    

 Excitation energy:                      0.3048696099447602    

 Excitation energy / eV:                  8.295927736400241    

 Excitation energy / nm:                  149.4519334618354    

 Excitation energy / cm^(-1):             66911.14505427929    


 Oscillator strength:

    velocity representation:             0.4312091171927507E-01

    length representation:               0.5293055487414436E-01

    mixed representation:                0.4777461443047158E-01


 Rotatory strength:

    velocity representation:              0.000000000000000    

    velocity rep. / 10^(-40)erg*cm^3:     0.000000000000000    

    length representation:                0.000000000000000    

    length rep. / 10^(-40)erg*cm^3:       0.000000000000000    


 Dominant contributions:

      occ. orbital   energy / eV   virt. orbital     energy / eV   |coeff.|^2*100
        2 b2             -9.19           8 a1              0.40       96.0
 

 Change of electron number:

             0.000000


 Electric transition dipole moment (velocity rep.):

    x        0.000000        Norm:                  0.460609
    y        0.460609
    z        0.000000        Norm / debye:          1.170760


 Electric transition dipole moment (length rep.):

    x        0.000000        Norm:                  0.510319
    y        0.510319
    z        0.000000        Norm / debye:          1.297111


 Magnetic transition dipole moment / i:

    x       -0.000559        Norm:                  0.000559
    y        0.000000
    z        0.000000        Norm / Bohr mag.:      0.153315


 Electric quadrupole transition moment:

   xx        0.000000
   yy        0.000000        1/3*trace:             0.000000
   zz        0.000000
   xy        0.000000
   xz        0.000000        Anisotropy:            0.325927
   yz       -0.188174




                         3 singlet b2 excitation


 Total energy:                           -436.9679719882331    

 Excitation energy:                      0.3301592118668608    

 Excitation energy / eV:                  8.984093113284114    

 Excitation energy / nm:                  138.0041841097372    

 Excitation energy / cm^(-1):             72461.57109668234    


 Oscillator strength:

    velocity representation:             0.6561511971899399E-01

    length representation:               0.1187993183666638    

    mixed representation:                0.8828947557417886E-01


 Rotatory strength:

    velocity representation:              0.000000000000000    

    velocity rep. / 10^(-40)erg*cm^3:     0.000000000000000    

    length representation:                0.000000000000000    

    length rep. / 10^(-40)erg*cm^3:       0.000000000000000    


 Dominant contributions:

      occ. orbital   energy / eV   virt. orbital     energy / eV   |coeff.|^2*100
        3 b1             -6.75           1 a2              3.61       52.5
        2 b2             -9.19           9 a1              0.96       42.2
 

 Change of electron number:

             0.000000


 Electric transition dipole moment (velocity rep.):

    x        0.000000        Norm:                  0.545992
    y       -0.545992
    z        0.000000        Norm / debye:          1.387782


 Electric transition dipole moment (length rep.):

    x        0.000000        Norm:                  0.734668
    y       -0.734668
    z        0.000000        Norm / debye:          1.867353


 Magnetic transition dipole moment / i:

    x        0.003825        Norm:                  0.003825
    y        0.000000
    z        0.000000        Norm / Bohr mag.:      1.048231


 Electric quadrupole transition moment:

   xx        0.000000
   yy        0.000000        1/3*trace:             0.000000
   zz        0.000000
   xy        0.000000
   xz        0.000000        Anisotropy:            5.116700
   yz       -2.954128




                         4 singlet b2 excitation


 Total energy:                           -436.9633744212045    

 Excitation energy:                      0.3347567788954884    

 Excitation energy / eV:                  9.109199331118230    

 Excitation energy / nm:                  136.1088274607426    

 Excitation energy / cm^(-1):             73470.62042240887    


 Oscillator strength:

    velocity representation:             0.5454058874900338E-02

    length representation:               0.4252771545468097E-04

    mixed representation:                0.4816104898201855E-03


 Rotatory strength:

    velocity representation:              0.000000000000000    

    velocity rep. / 10^(-40)erg*cm^3:     0.000000000000000    

    length representation:                0.000000000000000    

    length rep. / 10^(-40)erg*cm^3:       0.000000000000000    


 Dominant contributions:

      occ. orbital   energy / eV   virt. orbital     energy / eV   |coeff.|^2*100
        2 b2             -9.19           9 a1              0.96       55.6
        3 b1             -6.75           1 a2              3.61       38.7
 

 Change of electron number:

             0.000000


 Electric transition dipole moment (velocity rep.):

    x        0.000000        Norm:                  0.156329
    y       -0.156329
    z        0.000000        Norm / debye:          0.397353


 Electric transition dipole moment (length rep.):

    x        0.000000        Norm:                  0.013804
    y        0.013804
    z        0.000000        Norm / debye:          0.035088


 Magnetic transition dipole moment / i:

    x       -0.002419        Norm:                  0.002419
    y        0.000000
    z        0.000000        Norm / Bohr mag.:      0.663059


 Electric quadrupole transition moment:

   xx        0.000000
   yy        0.000000        1/3*trace:             0.000000
   zz        0.000000
   xy        0.000000
   xz        0.000000        Anisotropy:            0.940192
   yz        0.542820




                         5 singlet b2 excitation


 Total energy:                           -436.9214679841259    

 Excitation energy:                      0.3766632159740956    

 Excitation energy / eV:                  10.24953199253739    

 Excitation energy / nm:                  120.9657612627975    

 Excitation energy / cm^(-1):             82668.02022418898    


 Oscillator strength:

    velocity representation:             0.2672978137538759E-01

    length representation:               0.4710252494072028E-01

    mixed representation:                0.3548295638604813E-01


 Rotatory strength:

    velocity representation:              0.000000000000000    

    velocity rep. / 10^(-40)erg*cm^3:     0.000000000000000    

    length representation:                0.000000000000000    

    length rep. / 10^(-40)erg*cm^3:       0.000000000000000    


 Dominant contributions:

      occ. orbital   energy / eV   virt. orbital     energy / eV   |coeff.|^2*100
        2 b2             -9.19          10 a1              2.27       92.1
 

 Change of electron number:

             0.000000


 Electric transition dipole moment (velocity rep.):

    x        0.000000        Norm:                  0.326262
    y        0.326262
    z        0.000000        Norm / debye:          0.829282


 Electric transition dipole moment (length rep.):

    x        0.000000        Norm:                  0.433103
    y        0.433103
    z        0.000000        Norm / debye:          1.100846


 Magnetic transition dipole moment / i:

    x       -0.001748        Norm:                  0.001748
    y        0.000000
    z        0.000000        Norm / Bohr mag.:      0.479201


 Electric quadrupole transition moment:

   xx        0.000000
   yy        0.000000        1/3*trace:             0.000000
   zz        0.000000
   xy        0.000000
   xz        0.000000        Anisotropy:            2.336813
   yz        1.349159




                         6 singlet b2 excitation


 Total energy:                           -436.9022965724883    

 Excitation energy:                      0.3958346276116800    

 Excitation energy / eV:                  10.77121286974585    

 Excitation energy / nm:                  115.1070408743986    

 Excitation energy / cm^(-1):             86875.65871334549    


 Oscillator strength:

    velocity representation:             0.6948387438072814E-01

    length representation:               0.1283367655575328    

    mixed representation:                0.9443164563020474E-01


 Rotatory strength:

    velocity representation:              0.000000000000000    

    velocity rep. / 10^(-40)erg*cm^3:     0.000000000000000    

    length representation:                0.000000000000000    

    length rep. / 10^(-40)erg*cm^3:       0.000000000000000    


 Dominant contributions:

      occ. orbital   energy / eV   virt. orbital     energy / eV   |coeff.|^2*100
        2 b2             -9.19          11 a1              2.94       87.4
        2 b2             -9.19          12 a1              3.28        4.1
 

 Change of electron number:

             0.000000


 Electric transition dipole moment (velocity rep.):

    x        0.000000        Norm:                  0.513134
    y       -0.513134
    z        0.000000        Norm / debye:          1.304266


 Electric transition dipole moment (length rep.):

    x        0.000000        Norm:                  0.697372
    y       -0.697372
    z        0.000000        Norm / debye:          1.772555


 Magnetic transition dipole moment / i:

    x        0.002280        Norm:                  0.002280
    y        0.000000
    z        0.000000        Norm / Bohr mag.:      0.624754


 Electric quadrupole transition moment:

   xx        0.000000
   yy        0.000000        1/3*trace:             0.000000
   zz        0.000000
   xy        0.000000
   xz        0.000000        Anisotropy:            1.452499
   yz       -0.838601




                         7 singlet b2 excitation


 Total energy:                           -436.8935091599092    

 Excitation energy:                      0.4046220401908437    

 Excitation energy / eV:                  11.01033063474671    

 Excitation energy / nm:                  112.6071942064985    

 Excitation energy / cm^(-1):             88804.27284396600    


 Oscillator strength:

    velocity representation:             0.9678772875735365E-03

    length representation:               0.8405705867462467E-03

    mixed representation:                0.9019806979719984E-03


 Rotatory strength:

    velocity representation:              0.000000000000000    

    velocity rep. / 10^(-40)erg*cm^3:     0.000000000000000    

    length representation:                0.000000000000000    

    length rep. / 10^(-40)erg*cm^3:       0.000000000000000    


 Dominant contributions:

      occ. orbital   energy / eV   virt. orbital     energy / eV   |coeff.|^2*100
        2 b2             -9.19          12 a1              3.28       86.0
        2 b2             -9.19          10 a1              2.27        3.6
        2 b2             -9.19          11 a1              2.94        3.5
 

 Change of electron number:

             0.000000


 Electric transition dipole moment (velocity rep.):

    x        0.000000        Norm:                  0.059901
    y       -0.059901
    z        0.000000        Norm / debye:          0.152253


 Electric transition dipole moment (length rep.):

    x        0.000000        Norm:                  0.055822
    y        0.055822
    z        0.000000        Norm / debye:          0.141887


 Magnetic transition dipole moment / i:

    x       -0.001637        Norm:                  0.001637
    y        0.000000
    z        0.000000        Norm / Bohr mag.:      0.448530


 Electric quadrupole transition moment:

   xx        0.000000
   yy        0.000000        1/3*trace:             0.000000
   zz        0.000000
   xy        0.000000
   xz        0.000000        Anisotropy:            1.298986
   yz        0.749970




                         8 singlet b2 excitation


 Total energy:                           -436.8758638753777    

 Excitation energy:                      0.4222673247223496    

 Excitation energy / eV:                  11.49048346266589    

 Excitation energy / nm:                  107.9016774266371    

 Excitation energy / cm^(-1):             92676.96515011467    


 Oscillator strength:

    velocity representation:             0.3020797938900730E-01

    length representation:               0.3477437165179528E-01

    mixed representation:                0.3241085469596739E-01


 Rotatory strength:

    velocity representation:              0.000000000000000    

    velocity rep. / 10^(-40)erg*cm^3:     0.000000000000000    

    length representation:                0.000000000000000    

    length rep. / 10^(-40)erg*cm^3:       0.000000000000000    


 Dominant contributions:

      occ. orbital   energy / eV   virt. orbital     energy / eV   |coeff.|^2*100
        7 a1            -11.26           4 b2              1.32       98.7
 

 Change of electron number:

             0.000000


 Electric transition dipole moment (velocity rep.):

    x        0.000000        Norm:                  0.327576
    y       -0.327576
    z        0.000000        Norm / debye:          0.832623


 Electric transition dipole moment (length rep.):

    x        0.000000        Norm:                  0.351465
    y       -0.351465
    z        0.000000        Norm / debye:          0.893341


 Magnetic transition dipole moment / i:

    x        0.000580        Norm:                  0.000580
    y        0.000000
    z        0.000000        Norm / Bohr mag.:      0.158928


 Electric quadrupole transition moment:

   xx        0.000000
   yy        0.000000        1/3*trace:             0.000000
   zz        0.000000
   xy        0.000000
   xz        0.000000        Anisotropy:            1.510593
   yz       -0.872141




                         9 singlet b2 excitation


 Total energy:                           -436.8626485956163    

 Excitation energy:                      0.4354826044836604    

 Excitation energy / eV:                  11.85008967574830    

 Excitation energy / nm:                  104.6272622393797    

 Excitation energy / cm^(-1):             95577.38379532553    


 Oscillator strength:

    velocity representation:             0.7507150283601524E-01

    length representation:               0.1008794907196401    

    mixed representation:                0.8702399079366124E-01


 Rotatory strength:

    velocity representation:              0.000000000000000    

    velocity rep. / 10^(-40)erg*cm^3:     0.000000000000000    

    length representation:                0.000000000000000    

    length rep. / 10^(-40)erg*cm^3:       0.000000000000000    


 Dominant contributions:

      occ. orbital   energy / eV   virt. orbital     energy / eV   |coeff.|^2*100
        3 b1             -6.75           2 a2              6.35       88.9
        6 a1            -16.98           3 b2             -2.63        7.0
 

 Change of electron number:

             0.000000


 Electric transition dipole moment (velocity rep.):

    x        0.000000        Norm:                  0.508508
    y        0.508508
    z        0.000000        Norm / debye:          1.292508


 Electric transition dipole moment (length rep.):

    x        0.000000        Norm:                  0.589470
    y        0.589470
    z        0.000000        Norm / debye:          1.498294


 Magnetic transition dipole moment / i:

    x       -0.001572        Norm:                  0.001572
    y        0.000000
    z        0.000000        Norm / Bohr mag.:      0.430771


 Electric quadrupole transition moment:

   xx        0.000000
   yy        0.000000        1/3*trace:             0.000000
   zz        0.000000
   xy        0.000000
   xz        0.000000        Anisotropy:            2.283842
   yz        1.318577




                        10 singlet b2 excitation


 Total energy:                           -436.8189473592603    

 Excitation energy:                      0.4791838408396900    

 Excitation energy / eV:                  13.03926133135103    

 Excitation energy / nm:                  95.08532796130562    

 Excitation energy / cm^(-1):             105168.6965056986    


 Oscillator strength:

    velocity representation:             0.7056032243378341E-03

    length representation:               0.2542970869932386E-01

    mixed representation:                0.4235951422315273E-02


 Rotatory strength:

    velocity representation:              0.000000000000000    

    velocity rep. / 10^(-40)erg*cm^3:     0.000000000000000    

    length representation:                0.000000000000000    

    length rep. / 10^(-40)erg*cm^3:       0.000000000000000    


 Dominant contributions:

      occ. orbital   energy / eV   virt. orbital     energy / eV   |coeff.|^2*100
        2 b2             -9.19          13 a1              5.36       62.2
        6 a1            -16.98           3 b2             -2.63       32.4
 

 Change of electron number:

             0.000000


 Electric transition dipole moment (velocity rep.):

    x        0.000000        Norm:                  0.046998
    y       -0.046998
    z        0.000000        Norm / debye:          0.119457


 Electric transition dipole moment (length rep.):

    x        0.000000        Norm:                  0.282140
    y       -0.282140
    z        0.000000        Norm / debye:          0.717135


 Magnetic transition dipole moment / i:

    x       -0.000684        Norm:                  0.000684
    y        0.000000
    z        0.000000        Norm / Bohr mag.:      0.187417


 Electric quadrupole transition moment:

   xx        0.000000
   yy        0.000000        1/3*trace:             0.000000
   zz        0.000000
   xy        0.000000
   xz        0.000000        Anisotropy:            0.334792
   yz       -0.193292

 SUMMARY OF EXCITATION ENERGIES AND DIPOLE OSCILLATOR STRENGTHS (velocity/length):

 -----------------------------------------------------------------------------------------------
 |    Exc.   | energy (Eh) | energy (eV) | energy (cm-1) | energy (nm) | Osc.(vel) | Osc.(len) |
 -----------------------------------------------------------------------------------------------
 |     1 a1  |    0.247785 |     6.74258 |     54382.615 |     183.882 |   0.04241 |   0.16036 |
 |     2 a1  |    0.252598 |     6.87354 |     55438.829 |     180.379 |   0.00640 |   0.12760 |
 |     3 a1  |    0.327337 |     8.90729 |     71842.160 |     139.194 |   0.00094 |   0.02944 |
 |     4 a1  |    0.352072 |     9.58036 |     77270.814 |     129.415 |   0.00023 |   0.00969 |
 |     5 a1  |    0.371006 |    10.09559 |     81426.452 |     122.810 |   0.03499 |   0.10202 |
 |     6 a1  |    0.394956 |    10.74731 |     86682.918 |     115.363 |   0.12848 |   0.32590 |
 |     7 a1  |    0.410035 |    11.15762 |     89992.295 |     111.121 |   0.29347 |   0.42101 |
 |     8 a1  |    0.452776 |    12.32067 |     99372.873 |     100.631 |   0.00729 |   0.00800 |
 |     9 a1  |    0.456097 |    12.41102 |    100101.624 |      99.898 |   0.00020 |   0.00033 |
 |    10 a1  |    0.467365 |    12.71764 |    102574.685 |      97.490 |   0.03465 |   0.03238 |
 -----------------------------------------------------------------------------------------------
 Transitions are magnetic dipole forbidden in irrep a1  


 -----------------------------------------------------------------------------------------------
 |    Exc.   | energy (Eh) | energy (eV) | energy (cm-1) | energy (nm) | Osc.(vel) | Osc.(len) |
 -----------------------------------------------------------------------------------------------
 |     1 a2  |    0.082980 |     2.25801 |     18212.040 |     549.087 |   0.00000 |   0.00000 |
 |     2 a2  |    0.255256 |     6.94588 |     56022.318 |     178.500 |   0.00000 |   0.00000 |
 |     3 a2  |    0.309457 |     8.42075 |     67917.946 |     147.236 |   0.00000 |   0.00000 |
 |     4 a2  |    0.334988 |     9.11549 |     73521.417 |     136.015 |   0.00000 |   0.00000 |
 |     5 a2  |    0.376665 |    10.24959 |     82668.489 |     120.965 |   0.00000 |   0.00000 |
 |     6 a2  |    0.405056 |    11.02214 |     88899.554 |     112.487 |   0.00000 |   0.00000 |
 |     7 a2  |    0.406728 |    11.06763 |     89266.441 |     112.024 |   0.00000 |   0.00000 |
 |     8 a2  |    0.449392 |    12.22857 |     98630.100 |     101.389 |   0.00000 |   0.00000 |
 |     9 a2  |    0.489318 |    13.31502 |    107392.915 |      93.116 |   0.00000 |   0.00000 |
 |    10 a2  |    0.492434 |    13.39982 |    108076.824 |      92.527 |   0.00000 |   0.00000 |
 -----------------------------------------------------------------------------------------------
 Transitions are electric dipole forbidden in irrep a2  


 -----------------------------------------------------------------------------------------------
 |    Exc.   | energy (Eh) | energy (eV) | energy (cm-1) | energy (nm) | Osc.(vel) | Osc.(len) |
 -----------------------------------------------------------------------------------------------
 |     1 b1  |    0.217941 |     5.93047 |     47832.491 |     209.063 |   0.00013 |   0.00385 |
 |     2 b1  |    0.239132 |     6.50712 |     52483.446 |     190.536 |   0.07890 |   0.05759 |
 |     3 b1  |    0.287297 |     7.81775 |     63054.402 |     158.593 |   0.03544 |   0.05873 |
 |     4 b1  |    0.304274 |     8.27972 |     66780.420 |     149.744 |   0.01014 |   0.01055 |
 |     5 b1  |    0.321166 |     8.73938 |     70487.821 |     141.868 |   0.00016 |   0.01436 |
 |     6 b1  |    0.396701 |    10.79477 |     87065.698 |     114.856 |   0.04559 |   0.08256 |
 |     7 b1  |    0.406887 |    11.07197 |     89301.435 |     111.980 |   0.00568 |   0.00415 |
 |     8 b1  |    0.412218 |    11.21702 |     90471.331 |     110.532 |   0.00721 |   0.00763 |
 |     9 b1  |    0.429056 |    11.67521 |     94166.915 |     106.194 |   0.14914 |   0.32539 |
 |    10 b1  |    0.448182 |    12.19564 |     98364.482 |     101.663 |   0.20193 |   0.29395 |
 -----------------------------------------------------------------------------------------------


 -----------------------------------------------------------------------------------------------
 |    Exc.   | energy (Eh) | energy (eV) | energy (cm-1) | energy (nm) | Osc.(vel) | Osc.(len) |
 -----------------------------------------------------------------------------------------------
 |     1 b2  |    0.251510 |     6.84394 |     55200.112 |     181.159 |   0.01018 |   0.00334 |
 |     2 b2  |    0.304870 |     8.29592 |     66911.145 |     149.452 |   0.04312 |   0.05293 |
 |     3 b2  |    0.330159 |     8.98409 |     72461.571 |     138.004 |   0.06562 |   0.11880 |
 |     4 b2  |    0.334757 |     9.10920 |     73470.620 |     136.109 |   0.00545 |   0.00004 |
 |     5 b2  |    0.376663 |    10.24953 |     82668.020 |     120.966 |   0.02673 |   0.04710 |
 |     6 b2  |    0.395835 |    10.77121 |     86875.659 |     115.107 |   0.06948 |   0.12834 |
 |     7 b2  |    0.404622 |    11.01033 |     88804.273 |     112.607 |   0.00097 |   0.00084 |
 |     8 b2  |    0.422267 |    11.49048 |     92676.965 |     107.902 |   0.03021 |   0.03477 |
 |     9 b2  |    0.435483 |    11.85009 |     95577.384 |     104.627 |   0.07507 |   0.10088 |
 |    10 b2  |    0.479184 |    13.03926 |    105168.696 |      95.085 |   0.00071 |   0.02543 |
 -----------------------------------------------------------------------------------------------




    ------------------------------------------------------------------------
         total  cpu-time :  37.17 seconds
         total wall-time :  37.82 seconds
    ------------------------------------------------------------------------

   ****  escf : all done  ****


    2023-10-25 16:24:23.363 

