
Slurm Job Summary
*****************
- General information:
    date = Mi 7. Feb 17:05:44 CET 2024
    hostname = nesh-clk566
- Job information:
    JobId = 10389447
    JobName = H2O_PP
    UserId = suphc355(743340)
    Account = suphc355
    QOS = normal
    NodeList = nesh-clk[566-569]
    Features = (null)
    Command = /gxfs_work/cau/suphc355/homologes/H2X/PP/O/run.sh
    WorkDir = /gxfs_work/cau/suphc355/homologes/H2X/PP/O
    StdOut = /gxfs_work/cau/suphc355/homologes/H2X/PP/O/ba.out
    StdErr = /gxfs_work/cau/suphc355/homologes/H2X/PP/O/ba.err
- Requested resources:
    Timelimit = 1-00:00:00 ( 86400s )
    MinMemoryNode = 160G ( 163840.000M )
    NumNodes = 4
    NumCPUs = 64
    NumTasks = 64
    CPUs/Task = 1
- Used resources:
    RunTime = 02:04:30 ( 7470s )
    MaxRSS = 6964K ( 6.801M )
====================
- Important conclusions and remarks:
    * !!! Please, always check if the number of requested cores and nodes matches the need of your program/code !!!
    * !!! Less than 10% of requested walltime used !!! Consider adaptation of your batch script.
    * !!! Less than 10% of requested main memory used !!! Consider adaptation of your batch script.

