
Slurm Job Summary
*****************
- General information:
    date = Mi 7. Feb 18:30:35 CET 2024
    hostname = nesh-srp300
- Job information:
    JobId = 10389515
    JobName = AE_seCH2
    UserId = suphc355(743340)
    Account = suphc355
    QOS = normal
    NodeList = nesh-srp[300-303]
    Features = (null)
    Command = /gxfs_work/cau/suphc355/homologes/CH2X/AE/Se/run.sh
    WorkDir = /gxfs_work/cau/suphc355/homologes/CH2X/AE/Se
    StdOut = /gxfs_work/cau/suphc355/homologes/CH2X/AE/Se/ba.out
    StdErr = /gxfs_work/cau/suphc355/homologes/CH2X/AE/Se/ba.err
- Requested resources:
    Timelimit = 1-00:00:00 ( 86400s )
    MinMemoryNode = 250G ( 256000.000M )
    NumNodes = 4
    NumCPUs = 64
    NumTasks = 64
    CPUs/Task = 1
- Used resources:
    RunTime = 02:37:29 ( 9449s )
    MaxRSS = 6956K ( 6.793M )
====================
- Important conclusions and remarks:
    * !!! Please, always check if the number of requested cores and nodes matches the need of your program/code !!!
    * !!! Less than 20% of requested walltime used !!! Consider adaptation of your batch script.
    * !!! Less than 10% of requested main memory used !!! Consider adaptation of your batch script.

