forrtl: severe (174): SIGSEGV, segmentation fault occurred
Image              PC                Routine            Line        Source             
libpthread-2.28.s  000014A2D1B14CE0  Unknown               Unknown  Unknown
cp2k.psmp          0000000002DA9BE2  xc_mp_xc_vxc_pw_c        1257  xc.F
libiomp5.so        000014A2BA9B6493  __kmp_invoke_micr     Unknown  Unknown
libiomp5.so        000014A2BA924533  Unknown               Unknown  Unknown
libiomp5.so        000014A2BA923470  Unknown               Unknown  Unknown
libiomp5.so        000014A2BA9B71FF  Unknown               Unknown  Unknown
libpthread-2.28.s  000014A2D1B0A1CF  Unknown               Unknown  Unknown
libc-2.28.so       000014A2BA4C7DD3  clone                 Unknown  Unknown
forrtl: severe (154): array index out of bounds
Image              PC                Routine            Line        Source             
libpthread-2.28.s  00001532F7C4DCE0  Unknown               Unknown  Unknown
cp2k.psmp          0000000002D0F571  xc_mp_divide_by_n        3306  xc.F
libiomp5.so        00001532E0AEF493  __kmp_invoke_micr     Unknown  Unknown
libiomp5.so        00001532E0A5D533  Unknown               Unknown  Unknown
libiomp5.so        00001532E0A5C470  Unknown               Unknown  Unknown
libiomp5.so        00001532E0AF01FF  Unknown               Unknown  Unknown
libpthread-2.28.s  00001532F7C431CF  Unknown               Unknown  Unknown
libc-2.28.so       00001532E0600DD3  clone                 Unknown  Unknown
forrtl: severe (174): SIGSEGV, segmentation fault occurred
Image              PC                Routine            Line        Source             
libpthread-2.28.s  00001464CA911CE0  Unknown               Unknown  Unknown
cp2k.psmp          0000000002DA9BE2  xc_mp_xc_vxc_pw_c        1257  xc.F
libiomp5.so        00001464B37B3493  __kmp_invoke_micr     Unknown  Unknown
libiomp5.so        00001464B3721533  Unknown               Unknown  Unknown
libiomp5.so        00001464B3720470  Unknown               Unknown  Unknown
libiomp5.so        00001464B37B41FF  Unknown               Unknown  Unknown
libpthread-2.28.s  00001464CA9071CF  Unknown               Unknown  Unknown
libc-2.28.so       00001464B32C4DD3  clone                 Unknown  Unknown
forrtl: severe (174): SIGSEGV, segmentation fault occurred
Image              PC                Routine            Line        Source             
libpthread-2.28.s  000014C134B51CE0  Unknown               Unknown  Unknown
cp2k.psmp          0000000002DA9BE2  xc_mp_xc_vxc_pw_c        1257  xc.F
libiomp5.so        000014C11D9F3493  __kmp_invoke_micr     Unknown  Unknown
libiomp5.so        000014C11D961533  Unknown               Unknown  Unknown
libiomp5.so        000014C11D960470  Unknown               Unknown  Unknown
libiomp5.so        000014C11D9F41FF  Unknown               Unknown  Unknown
libpthread-2.28.s  000014C134B471CF  Unknown               Unknown  Unknown
libc-2.28.so       000014C11D504DD3  clone                 Unknown  Unknown
