
Slurm Job Summary
*****************
- General information:
    date = Mi 7. Feb 18:33:13 CET 2024
    hostname = nesh-srp334
- Job information:
    JobId = 10389558
    JobName = F2_AE
    UserId = suphc355(743340)
    Account = suphc355
    QOS = normal
    NodeList = nesh-srp[334-337]
    Features = (null)
    Command = /gxfs_work/cau/suphc355/homologes/X2/AE/F/run.sh
    WorkDir = /gxfs_work/cau/suphc355/homologes/X2/AE/F
    StdOut = /gxfs_work/cau/suphc355/homologes/X2/AE/F/ba.out
    StdErr = /gxfs_work/cau/suphc355/homologes/X2/AE/F/ba.err
- Requested resources:
    Timelimit = 18:00:00 ( 64800s )
    MinMemoryNode = 250G ( 256000.000M )
    NumNodes = 4
    NumCPUs = 64
    NumTasks = 64
    CPUs/Task = 1
- Used resources:
    RunTime = 02:25:11 ( 8711s )
    MaxRSS = 6968K ( 6.805M )
====================
- Important conclusions and remarks:
    * !!! Please, always check if the number of requested cores and nodes matches the need of your program/code !!!
    * !!! Less than 20% of requested walltime used !!! Consider adaptation of your batch script.
    * !!! Less than 10% of requested main memory used !!! Consider adaptation of your batch script.

