
 dscf (neshcl221) : TURBOMOLE rev. V7.5.0 compiled 13 Jun 2020 at 23:29:25
 Copyright (C) 2020 TURBOMOLE GmbH, Karlsruhe


    2023-10-18 09:03:11.133 



                             d s c f - program

                   idea & directorship : reinhart ahlrichs
                   program development : marco haeser
                                         michael baer
                           dft version : oliver treutler


                          quantum chemistry group
                          universitaet  karlsruhe
                                  germany



   *-----------------------------------------------------------------------*
   |                     program will use  1 thread(s)                     |
   *-----------------------------------------------------------------------*


              +--------------------------------------------------+
              | Atomic coordinate, charge and isotop information |
              +--------------------------------------------------+

                    atomic coordinates            atom    charge  isotop
         -3.96988777    1.08891220    0.79781607    s     16.000     0
         -0.74152793    1.15246315    0.10778198    c      6.000     0
          0.02013602    3.59049858   -0.36396283    c      6.000     0
         -1.96658914    5.38569503   -0.19485320    c      6.000     0
         -4.23600720    4.31664304    0.40189966    c      6.000     0
          0.74152793   -1.15246315    0.10778198    c      6.000     0
         -0.02013602   -3.59049858   -0.36396283    c      6.000     0
          1.96658914   -5.38569503   -0.19485320    c      6.000     0
          4.23600720   -4.31664304    0.40189966    c      6.000     0
          3.96988777   -1.08891220    0.79781607    s     16.000     0
          6.04440757   -5.22731657    0.63328793    h      1.000     0
         -6.04440757    5.22731657    0.63328793    h      1.000     0
         -1.71756380    7.38826071   -0.52112393    h      1.000     0
          1.94373787    4.07268382   -0.86084568    h      1.000     0
         -1.94373787   -4.07268382   -0.86084568    h      1.000     0
          1.71756380   -7.38826071   -0.52112393    h      1.000     0
 
       center of nuclear mass  :   -0.00000000    0.00000000    0.29153896
       center of nuclear charge:    0.00000000   -0.00000000    0.27259463

              +--------------------------------------------------+
              |               basis set information              |
              +--------------------------------------------------+

              we will work with the 1s 3p 5d 7f 9g ... basis set
              ...i.e. with spherical basis functions...

   type   atoms  prim   cont   basis
   ---------------------------------------------------------------------------
    s        2     63     42   def2-TZVPP   [5s5p3d1f|14s9p3d1f]
    c        8     46     31   def2-TZVP   [5s3p2d1f|11s6p2d1f]
    h        6      8      6   def2-TZVP   [3s1p|5s1p]
   ---------------------------------------------------------------------------
   total:   16    542    368
   ---------------------------------------------------------------------------

   total number of primitive shells          :   53
   total number of contracted shells         :  140
   total number of cartesian basis functions :  420
   total number of SCF-basis functions       :  368


 integral neglect threshold       :  0.79E-12
 integral storage threshold THIZE :  0.10E-04
 integral storage threshold THIME :         5


 DENSITY CONVERGENCE CHECK SWITCHED ON !
 SCF CONVERGENCE IF RMS(delta[D]) <     0.1000000000E-06


 symmetry group of the molecule :   c2 

 the group has the following generators :
   c2(z)

    2 symmetry operations found

 there are 2 real representations :   a    b   

 maximum number of shells which are related by symmetry :  2

  
           ------------------
           density functional
           ------------------
 PBE0 hybrid functional
 exchange:    3/4 (LDA+PBE) + 1/4 HF
 correlation: LDA (PW) + PBE

 spherical integration : Lebedev's spherical grid
 spherical gridsize    :                     6
    i.e. gridpoints    :                   974
 value for diffuse not defined
 radial integration    : Chebyshev 2nd kind (scaling 3)
 radial gridsize       :                    10
 integration cells     :                     8
 partition function    : becke
 partition sharpness   :                     3
  

          ------------------------
          nuclear repulsion energy  :   631.233522245    
          ------------------------


         -----------------
         -S,T+V- integrals
         -----------------

 1e-integrals will be neglected if expon. factor < 0.795705E-13
 
   Difference densities algorithm switched on.
   The maximal number of linear combinations of
   difference densities is                    20 .

 DIIS switched on: error vector is FDS-SDF
 Max. Iterations for DIIS is     :   4
 DIIS matrix (see manual) 
    Scaling factor of diagonals  :  1.200
    threshold for scaling factor :  0.000

 scf convergence criterion : increment of total energy < .1000000D-07
                  and increment of one-electron energy < .1000000D-04

 MOs are in ASCII format !


    mo occupation :
   irrep   mo's   occupied
    a      184       22
    b      184       21
 
 number of basis functions   :   368
 number of occupied orbitals :    43
 

 reading orbital data $scfmo  from file mos
 orbital characterization : scfconv=8
 mo-orthogonalization by Cholesky decomposition

 automatic virtual orbital shift switched on 
      shift if e(lumo)-e(homo) < 0.10000000    


 DSCF restart information will be dumped onto file mos

          Overall gridpoints after grid construction =        271199
 
                                              current damping :  0.300
 ITERATION  ENERGY          1e-ENERGY        2e-ENERGY     RMS[dD(SAO)]   TOL
   1  -1104.3245496925    -2769.5901349     1034.0320629    0.000D+00 0.794D-12
                            Exc =   -73.028737901900     N = 85.999999871    
          max. resid. norm for Fia-block=  6.877D-07 for orbital     21b         
          max. resid. fock norm         =  1.285D-06 for orbital    184b         
          Delta Eig. =     0.0000009574 eV 
 
                                              current damping :  0.300
 ITERATION  ENERGY          1e-ENERGY        2e-ENERGY     RMS[dD(SAO)]   TOL
   2  -1104.3245496925    -2769.5900903     1034.0320184    0.406D-07 0.503D-12
                            Exc =   -73.028737362465     N = 85.999999871    
          Norm of current diis error: 0.10939E-04
          max. resid. norm for Fia-block=  2.561D-07 for orbital     22a         
          max. resid. fock norm         =  5.673D-07 for orbital    184b         
          Delta Eig. =     0.0000255638 eV 

 ENERGY & DENSITY CONVERGED !

 
                                              current damping :  0.350
 ITERATION  ENERGY          1e-ENERGY        2e-ENERGY     RMS[dD(SAO)]   TOL
   3  -1104.3245496924    -2769.5901062     1034.0320343    0.182D-07 0.453D-12
                            Exc =   -73.028737430596     N = 85.999999871    
          max. resid. norm for Fia-block=  2.179D-07 for orbital     22a         
          max. resid. fock norm         =  3.313D-07 for orbital    184b         

 convergence criteria satisfied after     3 iterations


                  ------------------------------------------ 
                 |  total energy      =  -1104.32454969244  |
                  ------------------------------------------ 
                 :  kinetic energy    =   1101.47647893062  :
                 :  potential energy  =  -2205.80102862306  :
                 :  virial theorem    =      1.99742098393  :
                 :  wavefunction norm =      1.00000000000  :
                  .......................................... 


 orbitals $scfmo  will be written to file mos

    irrep                 18a         19a         20a         21a         22a   
 eigenvalues H         -0.40945    -0.38593    -0.35127    -0.28970    -0.26752
            eV         -11.1419    -10.5019     -9.5585     -7.8831     -7.2797
 occupation              2.0000      2.0000      2.0000      2.0000      2.0000

    irrep                 23a         24a         25a         26a         27a   
 eigenvalues H         -0.04840     0.02421     0.05181     0.06712     0.09372
            eV          -1.3170      0.6587      1.4099      1.8264      2.5503

    irrep                 17b         18b         19b         20b         21b   
 eigenvalues H         -0.41316    -0.38894    -0.36376    -0.27121    -0.22319
            eV         -11.2428    -10.5836     -9.8984     -7.3802     -6.0732
 occupation              2.0000      2.0000      2.0000      2.0000      2.0000

    irrep                 22b         23b         24b         25b         26b   
 eigenvalues H          0.00406     0.02110     0.06003     0.07533     0.08562
            eV           0.1106      0.5740      1.6336      2.0498      2.3300
 
 
 
 
 ==============================================================================
                           electrostatic moments
 ==============================================================================

 reference point for electrostatic moments:    0.00000   0.00000   0.00000

 
              nuc           elec       ->  total
 ------------------------------------------------------------------------------
                          charge      
 ------------------------------------------------------------------------------
          86.000000     -86.000000      -0.000000
 
 ------------------------------------------------------------------------------
                       dipole moment  
 ------------------------------------------------------------------------------
   x       0.000000      -0.000000      -0.000000
   y      -0.000000       0.000000       0.000000
   z      23.443138     -23.553600      -0.110462
 
   | dipole moment | =     0.1105 a.u. =     0.2808 debye 
 
 ------------------------------------------------------------------------------
                     quadrupole moment
 ------------------------------------------------------------------------------
  xx     859.184282    -907.851446     -48.667164
  yy     977.246962   -1022.967620     -45.720657
  zz      27.318617     -84.631652     -57.313035
  xy    -566.979505     564.185283      -2.794222
  xz       0.000000      -0.000000      -0.000000
  yz      -0.000000      -0.000000      -0.000000
 
     1/3  trace=     -50.566952
     anisotropy=      11.503527
 
 ==============================================================================
 
HOMO-LUMO Separation
 HOMO         :   -0.22318517 H =     -6.07318 eV
 LUMO         :   -0.04839760 H =     -1.31697 eV
 HOMO-LUMO gap:    0.17478757 H =     +4.75621 eV
 
 ==============================================================================


    ------------------------------------------------------------------------
         total  cpu-time :  44.01 seconds
         total wall-time :  44.46 seconds
    ------------------------------------------------------------------------

   ****  dscf : all done  ****


    2023-10-18 09:03:55.582 

