
Slurm Job Summary
*****************
- General information:
    date = Mon Oct 16 13:58:14 CEST 2023
    hostname = neshcl107
- Job information:
    JobId = 8867079
    JobName = nibenz
    UserId = suphc355(743340)
    Account = suphc355
    Partition = cluster
    QOS = normal
    NodeList = neshcl[107,127,152,183,185,194,209,224]
    Features = (null)
    Command = /gxfs_work1/cau/suphc355/benchmark_pbe0/pbe0_bm_tm/sing/nitrobenzol/run.sh
    WorkDir = /gxfs_work1/cau/suphc355/benchmark_pbe0/pbe0_bm_tm/sing/nitrobenzol
    StdOut = /gxfs_work1/cau/suphc355/benchmark_pbe0/pbe0_bm_tm/sing/nitrobenzol/batch.out
    StdErr = /gxfs_work1/cau/suphc355/benchmark_pbe0/pbe0_bm_tm/sing/nitrobenzol/batch.err
- Requested resources:
    Timelimit = 04:00:00 ( 14400s )
    MinMemoryNode = 32G ( 32768.000M )
    NumNodes = 8
    NumCPUs = 256
    NumTasks = 128
    CPUs/Task = 2
    TresPerNode = 
- Used resources:
    RunTime = 00:00:04 ( 4s )
    MaxRSS = 2352K ( 2.297M )
====================
- Important conclusions and remarks:
    * !!! Please, always check if the number of requested cores and nodes matches the need of your program/code !!!
    * !!! Less than 10% of requested walltime used !!! Please, adapt your batch script.
    * !!! Less than 10% of requested main memory used !!! Please, adapt your batch script.

