
Slurm Job Summary
*****************
- General information:
    date = Do 8. Feb 15:12:10 CET 2024
    hostname = nesh-srp309
- Job information:
    JobId = 10390431
    JobName = AE_TeCH2
    UserId = suphc355(743340)
    Account = suphc355
    QOS = normal
    NodeList = nesh-srp[309-324]
    Features = (null)
    Command = /gxfs_work/cau/suphc355/homologes/CH2X/AE/Te/run.sh
    WorkDir = /gxfs_work/cau/suphc355/homologes/CH2X/AE/Te
    StdOut = /gxfs_work/cau/suphc355/homologes/CH2X/AE/Te/ba.out
    StdErr = /gxfs_work/cau/suphc355/homologes/CH2X/AE/Te/ba.err
- Requested resources:
    Timelimit = 2-00:00:00 ( 172800s )
    MinMemoryNode = 250G ( 256000.000M )
    NumNodes = 16
    NumCPUs = 256
    NumTasks = 256
    CPUs/Task = 1
- Used resources:
    RunTime = 05:05:25 ( 18325s )
    MaxRSS = 8468K ( 8.270M )
====================
- Important conclusions and remarks:
    * !!! Please, always check if the number of requested cores and nodes matches the need of your program/code !!!
    * !!! Less than 20% of requested walltime used !!! Consider adaptation of your batch script.
    * !!! Less than 10% of requested main memory used !!! Consider adaptation of your batch script.

