
Slurm Job Summary
*****************
- General information:
    date = Fr 2. Feb 15:30:28 CET 2024
    hostname = nesh-clk374
- Job information:
    JobId = 10364651
    JobName = CH2Te
    UserId = suphc355(743340)
    Account = suphc355
    QOS = normal
    NodeList = nesh-clk374
    Features = (null)
    Command = /gxfs_work/cau/suphc355/homologes/CH2X/orca/Te/run.sh
    WorkDir = /gxfs_work/cau/suphc355/homologes/CH2X/orca/Te
    StdOut = /gxfs_work/cau/suphc355/homologes/CH2X/orca/Te/ba.out
    StdErr = /gxfs_work/cau/suphc355/homologes/CH2X/orca/Te/ba.err
- Requested resources:
    Timelimit = 03:00:00 ( 10800s )
    MinMemoryNode = 32G ( 32768.000M )
    NumNodes = 1
    NumCPUs = 1
    NumTasks = 1
    CPUs/Task = 1
- Used resources:
    RunTime = 00:02:01 ( 121s )
    MaxRSS = 149944K ( 146.430M )
====================
- Important conclusions and remarks:
    * !!! Please, always check if the number of requested cores and nodes matches the need of your program/code !!!
    * !!! Less than 10% of requested walltime used !!! Consider adaptation of your batch script.
    * !!! Less than 10% of requested main memory used !!! Consider adaptation of your batch script.

