
Slurm Job Summary
*****************
- General information:
    date = Do 7. Dez 11:36:38 CET 2023
    hostname = nesh-clk427
- Job information:
    JobId = 10199044
    JobName = HI_opt
    UserId = suphc355(743340)
    Account = suphc355
    QOS = normal
    NodeList = nesh-clk[427-428]
    Features = (null)
    Command = /gxfs_work/cau/suphc355/homologes/HX/opt/I/run.sh
    WorkDir = /gxfs_work/cau/suphc355/homologes/HX/opt/I
    StdOut = /gxfs_work/cau/suphc355/homologes/HX/opt/I/ba.out
    StdErr = /gxfs_work/cau/suphc355/homologes/HX/opt/I/ba.err
- Requested resources:
    Timelimit = 1-00:00:00 ( 86400s )
    MinMemoryNode = 160G ( 163840.000M )
    NumNodes = 2
    NumCPUs = 64
    NumTasks = 32
    CPUs/Task = 2
- Used resources:
    RunTime = 00:31:56 ( 1916s )
    MaxRSS = 6920K ( 6.758M )
====================
- Important conclusions and remarks:
    * !!! Please, always check if the number of requested cores and nodes matches the need of your program/code !!!
    * !!! Less than 10% of requested walltime used !!! Consider adaptation of your batch script.
    * !!! Less than 10% of requested main memory used !!! Consider adaptation of your batch script.

