
Slurm Job Summary
*****************
- General information:
    date = Do 1. Feb 11:37:21 CET 2024
    hostname = nesh-srp155
- Job information:
    JobId = 10358807
    JobName = HF_PP
    UserId = suphc355(743340)
    Account = suphc355
    QOS = normal
    NodeList = nesh-srp[155-158]
    Features = (null)
    Command = /gxfs_work/cau/suphc355/homologes/HX/PP/F/run.sh
    WorkDir = /gxfs_work/cau/suphc355/homologes/HX/PP/F
    StdOut = /gxfs_work/cau/suphc355/homologes/HX/PP/F/ba.out
    StdErr = /gxfs_work/cau/suphc355/homologes/HX/PP/F/ba.err
- Requested resources:
    Timelimit = 1-00:00:00 ( 86400s )
    MinMemoryNode = 160G ( 163840.000M )
    NumNodes = 4
    NumCPUs = 64
    NumTasks = 64
    CPUs/Task = 1
- Used resources:
    RunTime = 02:25:18 ( 8718s )
    MaxRSS = 6960K ( 6.797M )
====================
- Important conclusions and remarks:
    * !!! Please, always check if the number of requested cores and nodes matches the need of your program/code !!!
    * !!! Less than 20% of requested walltime used !!! Consider adaptation of your batch script.
    * !!! Less than 10% of requested main memory used !!! Consider adaptation of your batch script.

