
Slurm Job Summary
*****************
- General information:
    date = Fri Oct 27 14:05:44 CEST 2023
    hostname = neshcl137
- Job information:
    JobId = 8908635
    JobName = CP2K
    UserId = suphc355(743340)
    Account = suphc355
    Partition = cluster
    QOS = normal
    NodeList = neshcl[137-138,199,202,214,228,328-329]
    Features = (null)
    Command = /gxfs_work1/cau/suphc355/benchmark_pbe0/pbe0_bm_tm/sing/dithiin/run.sh
    WorkDir = /gxfs_work1/cau/suphc355/benchmark_pbe0/pbe0_bm_tm/sing/dithiin
    StdOut = /gxfs_work1/cau/suphc355/benchmark_pbe0/pbe0_bm_tm/sing/dithiin/batch.out
    StdErr = /gxfs_work1/cau/suphc355/benchmark_pbe0/pbe0_bm_tm/sing/dithiin/batch.err
- Requested resources:
    Timelimit = 04:00:00 ( 14400s )
    MinMemoryNode = 32G ( 32768.000M )
    NumNodes = 8
    NumCPUs = 256
    NumTasks = 128
    CPUs/Task = 2
    TresPerNode = 
- Used resources:
    RunTime = 00:05:47 ( 347s )
    MaxRSS = 71728K ( 70.047M )
====================
- Important conclusions and remarks:
    * !!! Please, always check if the number of requested cores and nodes matches the need of your program/code !!!
    * !!! Less than 10% of requested walltime used !!! Please, adapt your batch script.
    * !!! Less than 10% of requested main memory used !!! Please, adapt your batch script.

