
  ========================================================================
                license information 
    WARNING: License file not found!
             Please copy license.txt to $TURBODIR/LICENSE/
  ========================================================================

 dscf (neshcl137) : TURBOMOLE rev. V7-7 compiled 26 Oct 2022 at 09:17:38
 Copyright (C) 2022 TURBOMOLE GmbH, Karlsruhe


    2023-10-27 14:00:01.549 



                             d s c f - program

                   idea & directorship : reinhart ahlrichs
                   program development : marco haeser
                                         michael baer
                           dft version : oliver treutler


                          quantum chemistry group
                          universitaet  karlsruhe
                                  germany



   *-----------------------------------------------------------------------*
   |                     program will use  1 thread(s)                     |
   *-----------------------------------------------------------------------*


              +--------------------------------------------------+
              | Atomic coordinate, charge and isotop information |
              +--------------------------------------------------+

                    atomic coordinates            atom    charge  isotop
         -2.86580685    0.06685457   -0.58775952    c      6.000     0
         -1.74686624   -0.93439975   -3.58758084    s     16.000     0
          1.74686624    0.93439975   -3.58758084    s     16.000     0
          2.86580685   -0.06685457   -0.58775952    c      6.000     0
          1.34949386   -0.26465201    1.43310237    c      6.000     0
         -1.34949386    0.26465201    1.43310237    c      6.000     0
          4.88043544   -0.42046691   -0.47747096    h      1.000     0
          2.19170306   -0.81587368    3.21970895    h      1.000     0
         -2.19170306    0.81587368    3.21970895    h      1.000     0
         -4.88043544    0.42046691   -0.47747096    h      1.000     0
 
       center of nuclear mass  :    0.00000000    0.00000000   -1.75749779
       center of nuclear charge:    0.00000000    0.00000000   -1.65289994

              +--------------------------------------------------+
              |               basis set information              |
              +--------------------------------------------------+

              we will work with the 1s 3p 5d 7f 9g ... basis set
              ...i.e. with spherical basis functions...

   type   atoms  prim   cont   basis
   ---------------------------------------------------------------------------
    c        4     46     31   def2-TZVP   [5s3p2d1f|11s6p2d1f]
    s        2     63     42   def2-TZVPP   [5s5p3d1f|14s9p3d1f]
    h        4      8      6   def2-TZVP   [3s1p|5s1p]
   ---------------------------------------------------------------------------
   total:   10    342    232
   ---------------------------------------------------------------------------

   total number of primitive shells          :   53
   total number of contracted shells         :   88
   total number of cartesian basis functions :  264
   total number of SCF-basis functions       :  232


 integral neglect threshold       :  0.13E-11
 integral storage threshold THIZE :  0.10E-04
 integral storage threshold THIME :         5


 DENSITY CONVERGENCE CHECK SWITCHED ON !
 SCF CONVERGENCE IF RMS(delta[D]) <     0.1000000000E-06


 symmetry group of the molecule :   c2 

 the group has the following generators :
   c2(z)

    2 symmetry operations found

 there are 2 real representations :   a    b   

 maximum number of shells which are related by symmetry :  2

  
           ------------------
           density functional
           ------------------
 PBE0 hybrid functional
 exchange:    3/4 (LDA+PBE) + 1/4 HF
 correlation: LDA (PW) + PBE
 spherical integration : Lebedev's spherical grid
 spherical gridsize    :                     6
    i.e. gridpoints    :                   974
  maximum batchsize    :                   100
 value for diffuse not defined
 radial integration    : Chebyshev 2nd kind (scaling 3)
 radial gridsize       :                    10
 integration cells     :                     5
 partition function    : becke
 partition sharpness   :                     3
  

          ------------------------
          nuclear repulsion energy  :   335.703759752    
          ------------------------


         -----------------
         -S,T+V- integrals
         -----------------

 1e-integrals will be neglected if expon. factor < 0.126589E-12
 
 Difference densities algorithm switched on.
 The maximal number of linear combinations of
 difference densities is  20.

 DIIS switched on: error vector is FDS-SDF
 Max. Iterations for DIIS is     :   4
 DIIS matrix (see manual) 
    Scaling factor of diagonals  :  1.200
    threshold for scaling factor :  0.000

 scf convergence criterion : increment of total energy < .1000000D-07
                  and increment of one-electron energy < .1000000D-04

 MOs are in ASCII format !


    mo occupation :
   irrep   mo's   occupied
    a      116       16
    b      116       14
 
 number of basis functions   :   232
 number of occupied orbitals :    30
 

 reading orbital data $scfmo  from file mos
 orbital characterization : scfconv=8
 mo-orthogonalization by Cholesky decomposition

 automatic virtual orbital shift switched on 
      shift if e(lumo)-e(homo) < 0.10000000    


 DSCF restart information will be dumped onto file mos

          Overall gridpoints after grid construction =        172382
 
                                              current damping :  0.300
 ITERATION  ENERGY          1e-ENERGY        2e-ENERGY     RMS[dD(SAO)]   TOL
   1  -950.79527303691    -1975.1199638     688.62093100    0.000D+00 0.126D-11
                            Exc =   -56.067746087795     N = 59.999999794    
          max. resid. norm for Fia-block=  4.492D-07 for orbital     14b         
          max. resid. fock norm         =  6.537D-07 for orbital      9a         
          Delta Eig. =     0.0000003171 eV 
 
                                              current damping :  0.300
 ITERATION  ENERGY          1e-ENERGY        2e-ENERGY     RMS[dD(SAO)]   TOL
   2  -950.79527303688    -1975.1199587     688.62092593    0.292D-07 0.801D-12
                            Exc =   -56.067745624236     N = 59.999999794    
          Norm of current diis error: 0.50668E-05
          max. resid. norm for Fia-block=  1.494D-07 for orbital     13b         
          max. resid. fock norm         =  2.631D-07 for orbital      9a         
          Delta Eig. =     0.0000152165 eV 

 ENERGY & DENSITY CONVERGED !

 
                                              current damping :  0.350
 ITERATION  ENERGY          1e-ENERGY        2e-ENERGY     RMS[dD(SAO)]   TOL
   3  -950.79527303689    -1975.1199600     688.62092726    0.114D-07 0.742D-12
                            Exc =   -56.067745792870     N = 59.999999794    
          max. resid. norm for Fia-block=  1.099D-07 for orbital     13b         
          max. resid. fock norm         =  1.696D-07 for orbital      9a         

 convergence criteria satisfied after     3 iterations


                  ------------------------------------------ 
                 |  total energy      =   -950.79527303689  |
                  ------------------------------------------ 
                 :  kinetic energy    =    948.74296140443  :
                 :  potential energy  =  -1899.53823444132  :
                 :  virial theorem    =      1.99784147893  :
                 :  wavefunction norm =      1.00000000000  :
                  .......................................... 


 <geterg> : there is no data group $energy 


 <skperg> : $end is missing 


 orbitals $scfmo  will be written to file mos

    irrep                 12a         13a         14a         15a         16a   
 eigenvalues H         -0.47641    -0.38635    -0.36788    -0.28996    -0.21918
            eV         -12.9638    -10.5131    -10.0105     -7.8904     -5.9643
 occupation              2.0000      2.0000      2.0000      2.0000      2.0000

    irrep                 17a         18a         19a         20a         21a   
 eigenvalues H          0.02806     0.04600     0.05534     0.11198     0.14799
            eV           0.7635      1.2518      1.5058      3.0472      4.0271

    irrep                 10b         11b         12b         13b         14b   
 eigenvalues H         -0.51687    -0.45698    -0.39771    -0.35062    -0.28864
            eV         -14.0648    -12.4350    -10.8222     -9.5409     -7.8544
 occupation              2.0000      2.0000      2.0000      2.0000      2.0000

    irrep                 15b         16b         17b         18b         19b   
 eigenvalues H         -0.07568    -0.00379     0.07185     0.08642     0.12303
            eV          -2.0593     -0.1030      1.9552      2.3515      3.3479
 
 
 
 
 ==============================================================================
                           electrostatic moments
 ==============================================================================

 reference point for electrostatic moments:    0.00000   0.00000   0.00000

 
              nuc           elec       ->  total
 ------------------------------------------------------------------------------
                          charge      
 ------------------------------------------------------------------------------
          60.000000     -60.000000       0.000000
 
 ------------------------------------------------------------------------------
                       dipole moment  
 ------------------------------------------------------------------------------
   x      -0.000000      -0.000000      -0.000000
   y       0.000000      -0.000000      -0.000000
   z     -99.173997      99.919619       0.745623
 
   | dipole moment | =     0.7456 a.u. =     1.8952 debye 
 
 ------------------------------------------------------------------------------
                     quadrupole moment
 ------------------------------------------------------------------------------
  xx     275.301549    -307.455289     -32.153739
  yy      30.518300     -69.990096     -39.471796
  zz     461.843493    -499.092661     -37.249168
  xy      37.967393     -38.442603      -0.475210
  xz       0.000000       0.000000       0.000000
  yz       0.000000      -0.000000      -0.000000
 
     1/3  trace=     -36.291568
     anisotropy=       6.550281
 
 ==============================================================================
 
HOMO-LUMO Separation
 HOMO         :   -0.21918286 H =     -5.96427 eV
 LUMO         :   -0.07567798 H =     -2.05930 eV
 HOMO-LUMO gap:    0.14350488 H =     +3.90497 eV
 
 ==============================================================================


    ------------------------------------------------------------------------
         total  cpu-time :  12.06 seconds
         total wall-time :  12.42 seconds
    ------------------------------------------------------------------------

   ****  dscf : all done  ****


    2023-10-27 14:00:13.891 

