
 escf (neshcl137) : TURBOMOLE rev. V7-7 compiled 19 Oct 2022 at 02:10:57
 Copyright (C) 2022 TURBOMOLE GmbH, Karlsruhe


    2023-10-27 14:00:14.427 




                                e s c f

                             TURBOMOLE GmbH

          integral direct evaluation of 

                    * excitation energies and transition moments 
                    * dynamic response properties 
                    * stabilities



          references (see also programs dscf and ridft) 
          implementation and benchmarks (review) 
          F. Furche and D. Rappoport,  
          "Density functional methods for excited states: 
          equilibrium structure and electronic spectra",
          ch. III of "Computational Photochemistry", ed. by 
          M. Olivucci, vol. 16 of "Theoretical and Computational 
          Chemistry", Elsevier, Amsterdam, 2005.



              +--------------------------------------------------+
              | Atomic coordinate, charge and isotop information |
              +--------------------------------------------------+

                    atomic coordinates            atom    charge  isotop
         -2.86580685    0.06685457   -0.58775952    c      6.000     0
         -1.74686624   -0.93439975   -3.58758084    s     16.000     0
          1.74686624    0.93439975   -3.58758084    s     16.000     0
          2.86580685   -0.06685457   -0.58775952    c      6.000     0
          1.34949386   -0.26465201    1.43310237    c      6.000     0
         -1.34949386    0.26465201    1.43310237    c      6.000     0
          4.88043544   -0.42046691   -0.47747096    h      1.000     0
          2.19170306   -0.81587368    3.21970895    h      1.000     0
         -2.19170306    0.81587368    3.21970895    h      1.000     0
         -4.88043544    0.42046691   -0.47747096    h      1.000     0
 
       center of nuclear mass  :    0.00000000    0.00000000   -1.75749779
       center of nuclear charge:    0.00000000    0.00000000   -1.65289994

              +--------------------------------------------------+
              |               basis set information              |
              +--------------------------------------------------+

              we will work with the 1s 3p 5d 7f 9g ... basis set
              ...i.e. with spherical basis functions...

   type   atoms  prim   cont   basis
   ---------------------------------------------------------------------------
    c        4     46     31   def2-TZVP   [5s3p2d1f|11s6p2d1f]
    s        2     63     42   def2-TZVPP   [5s5p3d1f|14s9p3d1f]
    h        4      8      6   def2-TZVP   [3s1p|5s1p]
   ---------------------------------------------------------------------------
   total:   10    342    232
   ---------------------------------------------------------------------------

   total number of primitive shells          :   53
   total number of contracted shells         :   88
   total number of cartesian basis functions :  264
   total number of SCF-basis functions       :  232


 residuum convergence criterium   :  0.10E-04


 integral neglect threshold       :  0.13E-10
 integral storage threshold THIZE :  0.10E-04
 integral storage threshold THIME :         5

 CI SINGLES SINGLET-CALCULATION (TAMM-DANCOFF-APPROXIMATION)
 
             FOUND DFT-FLAG !
 

 maximum number of Davidson iterations set to   35


 symmetry group of the molecule :   c2 

 the group has the following generators :
   c2(z)

    2 symmetry operations found

 there are 2 real representations :   a    b   

 maximum number of shells which are related by symmetry :  2

 IRREPs of excited states :   a    b   
  
           ------------------
           density functional
           ------------------
 PBE0 hybrid functional
 exchange:    3/4 (LDA+PBE) + 1/4 HF
 correlation: LDA (PW) + PBE
 spherical integration : Lebedev's spherical grid
 spherical gridsize    :                     6
    i.e. gridpoints    :                   974
  maximum batchsize    :                   100
 value for diffuse not defined
 radial integration    : Chebyshev 2nd kind (scaling 3)
 radial gridsize       :                    10
 integration cells     :                     5
 partition function    : becke
 partition sharpness   :                     3
  

 ----------------------------------------------------------------------
          some useful papers before it begins
 ----------------------------------------------------------------------

     nonorthonormal Krylov space methods 
     F. Furche, B. T. Krull, B. D. Nguyen, and J. Kwon, 
     J. Chem. Phys. 144, 174105 (2016).

     density functional implementation               
     R. Bauernschmitt and R. Ahlrichs,
     Chem. Phys. Lett. 256, 454 (1996).
     R. Bauernschmitt and R. Ahlrichs,
     J. Chem. Phys. 104, 9047 (1996).

     UHF extension (RPA and CIS)
     C. Ochsenfeld, J. Gauss, and R. Ahlrichs, 
     J. Chem. Phys. 103, 7401 (1995).

     integral direct algorithm                 
     H. Weiss, R. Ahlrichs, and M. Haeser, 
     J. Chem. Phys. 99, 1262 (1993).

 ----------------------------------------------------------------------

  MOs are in ASCII format !


    mo occupation :
   irrep   mo's   occupied
    a      116       16
    b      116       14
 
 number of basis functions   :   232
 number of occupied orbitals :    30
 

 reading orbital data $scfmo  from file mos
 orbital characterization : scfconv=8

 biggest AO integral is expected to be     9.804440325
 preparing DFT   numerical integration ....
          Overall gridpoints after grid construction =        172382

 Calculating ground state density on molecular grid

 Integral of ground state density: N =   59.99999979425532    


 all orbitals will be included in the transformation

 number of non-frozen orbitals          :   232
 number of non-frozen occupied orbitals :    30



 dimension of super-tensorspace: 1

          IRREP   tensor space dimension   number of roots

           a                3028                     10
           b                3032                     10

 machine precision: 2.22D-16


 logfile ciss_a    will be constructed



 logfile ciss_b    will be constructed




                       Nonorthonormal Krylov Space Iteration


 total number of roots to be determined: 20


 maximum core memory set to          500 MB,
 corresponding to      922 vectors in CAO basis


 maximum number of simultaneously treated vectors (including degeneracy):       36


 Iteration IRREP Converged      Max. Euclidean
                 roots          residual norm

    1       a        0        7.996212766579905D-02
            b        0        9.190082913739335D-02
 
    2       a        0        2.024980787679963D-02
            b        0        3.103860569984118D-02
 
    3       a        0        5.004465969574046D-03
            b        0        1.119696272667728D-02
 
    4       a        0        6.421831264401142D-04
            b        0        2.323753094926077D-03
 
    5       a        1        1.064977817048069D-04
            b        1        3.317215007992380D-04
 
    6       a        8        1.163168705395650D-05
            b        8        5.013838795777199D-05
 
    7       a       10        8.910722044096379D-06
            b       10        6.136941907425239D-06
 

 converged!

 Eigenpairs written on logfile ciss_a   

 Eigenpairs written on logfile ciss_b   



 IRREP   Vector     Eigenvalue           Euclidean residual norm

  a         1    1.657859485094406D-01    8.809510797178614D-07
            2    1.920044899048703D-01    9.175105355450487D-07
            3    2.196518120783009D-01    1.094027130428417D-06
            4    2.303722350435251D-01    8.733710166021424D-06
            5    2.329372542671655D-01    1.545667780890974D-06
            6    2.506929974227224D-01    6.985728356926907D-06
            7    2.673371349210615D-01    1.159442098666583D-06
            8    2.759317328766998D-01    5.160395205248755D-06
            9    2.894288561314403D-01    8.910722044096379D-06
           10    2.930686544100619D-01    1.572758272070110D-06

  b         1    9.346468953650386D-02    5.308392168438247D-06
            2    1.700623016860445D-01    1.076466774933346D-06
            3    1.724940788415735D-01    7.694729330880440D-07
            4    2.365826223513895D-01    1.924332668898861D-06
            5    2.423759399570480D-01    2.537225499491807D-06
            6    2.522866487950831D-01    3.655261049821821D-06
            7    2.579933789406052D-01    2.483274987083986D-06
            8    2.629498387557650D-01    1.759508055646991D-06
            9    2.860782563521691D-01    6.136941907425239D-06
           10    2.945875770563133D-01    3.650097350329561D-06






                    Selection rules for point group c2  


 Subduction with respect to c2  :

    Polar vector representation: a, b                        

    Axial vector representation: a, b                        

    Symmetric second rank tensor representation: a, b                        




                            Ground state


 Total energy:                           -950.7952730369000    

 Charge:

               elec          nuc         total

           -60.000000    60.000000    -0.000000


 Electric dipole moment:

               elec          nuc         total   

    x        0.000000    -0.000000    -0.000000    Norm:              0.745623
    y        0.000000     0.000000     0.000000
    z       99.919619   -99.173997     0.745623    Norm / debye:      1.895198


 Electric quadrupole moment:

               elec          nuc         total   

   xx     -307.455289   275.301549   -32.153739
   yy      -69.990096    30.518300   -39.471796    1/3*trace:       -36.291568
   zz     -499.092661   461.843493   -37.249168
   xy      -38.442603    37.967393    -0.475210
   xz        0.000000     0.000000     0.000000    Anisotropy:        6.550281
   yz        0.000000     0.000000     0.000000



 ==============================================================================

                              I R R E P   a   

 ==============================================================================


 Excitation is electric dipole allowed

 Excitation is magnetic dipole allowed

 Excitation is electric quadrupole allowed




                         1 singlet a excitation


 Total energy:                           -950.6294870883905    

 Excitation energy:                      0.1657859485094406    

 Excitation energy / eV:                  4.511267124309608    

 Excitation energy / nm:                  274.8324153503602    

 Excitation energy / cm^(-1):             36385.80982435869    


 Oscillator strength:

    velocity representation:             0.3550128151130442E-04

    length representation:               0.3306291252426402E-01

    mixed representation:                0.1083409324820277E-02


 Rotatory strength:

    velocity representation:             0.1315153596885533E-04

    velocity rep. / 10^(-40)erg*cm^3:    0.8496525667280916    

    length representation:              -0.4013516159925127E-03

    length rep. / 10^(-40)erg*cm^3:      -25.92924746554804    


 Dominant contributions:

      occ. orbital   energy / eV   virt. orbital     energy / eV   |coeff.|^2*100
       14 b              -7.85          15 b              -2.06       91.8
 

 Change of electron number:

            -0.000000


 Electric transition dipole moment (velocity rep.):

    x        0.000000        Norm:                  0.017922
    y        0.000000
    z        0.017922        Norm / debye:          0.045554


 Electric transition dipole moment (length rep.):

    x        0.000000        Norm:                  0.546943
    y        0.000000
    z       -0.546943        Norm / debye:          1.390202


 Magnetic transition dipole moment / i:

    x        0.000000        Norm:                  0.000734
    y        0.000000
    z        0.000734        Norm / Bohr mag.:      0.201116


 Electric quadrupole transition moment:

   xx        0.810022
   yy       -0.191269        1/3*trace:             0.622814
   zz        1.249688
   xy       -0.025296
   xz        0.000000        Anisotropy:            1.279860
   yz        0.000000




                         2 singlet a excitation


 Total energy:                           -950.6032685469951    

 Excitation energy:                      0.1920044899048703    

 Excitation energy / eV:                  5.224710241220190    

 Excitation energy / nm:                  237.3035791120022    

 Excitation energy / cm^(-1):             42140.11451461328    


 Oscillator strength:

    velocity representation:             0.6365641114684421E-03

    length representation:               0.2087367650157751E-05

    mixed representation:                0.3645193182165574E-04


 Rotatory strength:

    velocity representation:             0.1349565409728611E-03

    velocity rep. / 10^(-40)erg*cm^3:     8.718842552374245    

    length representation:              -0.7728092963143908E-05

    length rep. / 10^(-40)erg*cm^3:     -0.4992720270543448    


 Dominant contributions:

      occ. orbital   energy / eV   virt. orbital     energy / eV   |coeff.|^2*100
       16 a              -5.96          17 a               0.76       96.2
 

 Change of electron number:

            -0.000000


 Electric transition dipole moment (velocity rep.):

    x        0.000000        Norm:                  0.070520
    y        0.000000
    z       -0.070520        Norm / debye:          0.179245


 Electric transition dipole moment (length rep.):

    x        0.000000        Norm:                  0.004038
    y        0.000000
    z        0.004038        Norm / debye:          0.010264


 Magnetic transition dipole moment / i:

    x        0.000000        Norm:                  0.001914
    y        0.000000
    z       -0.001914        Norm / Bohr mag.:      0.524502


 Electric quadrupole transition moment:

   xx        0.519806
   yy       -0.683956        1/3*trace:             0.130887
   zz        0.556810
   xy        0.070832
   xz        0.000000        Anisotropy:            1.228823
   yz        0.000000




                         3 singlet a excitation


 Total energy:                           -950.5756212248217    

 Excitation energy:                      0.2196518120783009    

 Excitation energy / eV:                  5.977032477921036    

 Excitation energy / nm:                  207.4344492262040    

 Excitation energy / cm^(-1):             48208.00033847089    


 Oscillator strength:

    velocity representation:             0.2357391620549951E-02

    length representation:               0.6931381569725188E-02

    mixed representation:                0.4042274215253652E-02


 Rotatory strength:

    velocity representation:            -0.6064495825168053E-04

    velocity rep. / 10^(-40)erg*cm^3:    -3.917956393814517    

    length representation:              -0.1039893197587227E-03

    length rep. / 10^(-40)erg*cm^3:      -6.718210911223106    


 Dominant contributions:

      occ. orbital   energy / eV   virt. orbital     energy / eV   |coeff.|^2*100
       13 b              -9.54          15 b              -2.06       51.2
       16 a              -5.96          18 a               1.25       43.6
 

 Change of electron number:

            -0.000000


 Electric transition dipole moment (velocity rep.):

    x        0.000000        Norm:                  0.126880
    y        0.000000
    z       -0.126880        Norm / debye:          0.322500


 Electric transition dipole moment (length rep.):

    x        0.000000        Norm:                  0.217565
    y        0.000000
    z       -0.217565        Norm / debye:          0.552998


 Magnetic transition dipole moment / i:

    x        0.000000        Norm:                  0.000478
    y        0.000000
    z        0.000478        Norm / Bohr mag.:      0.130998


 Electric quadrupole transition moment:

   xx       -0.501100
   yy        0.204905        1/3*trace:             0.277395
   zz        1.128379
   xy        0.538242
   xz        0.000000        Anisotropy:            1.694797
   yz        0.000000




                         4 singlet a excitation


 Total energy:                           -950.5649008018564    

 Excitation energy:                      0.2303722350435251    

 Excitation energy / eV:                  6.268750154337718    

 Excitation energy / nm:                  197.7814412027194    

 Excitation energy / cm^(-1):             50560.86120971126    


 Oscillator strength:

    velocity representation:             0.1775347483224990E-02

    length representation:               0.8344672612201171E-02

    mixed representation:                0.3848986037959588E-02


 Rotatory strength:

    velocity representation:            -0.1236641638161469E-03

    velocity rep. / 10^(-40)erg*cm^3:    -7.989300599374594    

    length representation:              -0.2681061845198086E-03

    length rep. / 10^(-40)erg*cm^3:      -17.32095082828242    


 Dominant contributions:

      occ. orbital   energy / eV   virt. orbital     energy / eV   |coeff.|^2*100
       16 a              -5.96          18 a               1.25       26.8
       14 b              -7.85          16 b              -0.10       25.5
       16 a              -5.96          19 a               1.51       22.8
       13 b              -9.54          15 b              -2.06       21.5
 

 Change of electron number:

             0.000000


 Electric transition dipole moment (velocity rep.):

    x        0.000000        Norm:                  0.107516
    y        0.000000
    z       -0.107516        Norm / debye:          0.273280


 Electric transition dipole moment (length rep.):

    x        0.000000        Norm:                  0.233096
    y        0.000000
    z       -0.233096        Norm / debye:          0.592476


 Magnetic transition dipole moment / i:

    x        0.000000        Norm:                  0.001150
    y        0.000000
    z        0.001150        Norm / Bohr mag.:      0.315236


 Electric quadrupole transition moment:

   xx       -0.435632
   yy        0.039423        1/3*trace:            -0.070321
   zz        0.185245
   xy        0.402533
   xz        0.000000        Anisotropy:            0.895719
   yz        0.000000




                         5 singlet a excitation


 Total energy:                           -950.5623357826328    

 Excitation energy:                      0.2329372542671655    

 Excitation energy / eV:                  6.338547908615864    

 Excitation energy / nm:                  195.6035448401975    

 Excitation energy / cm^(-1):             51123.81785655815    


 Oscillator strength:

    velocity representation:             0.2114769951933251E-03

    length representation:               0.2135188319832067E-04

    mixed representation:                0.6719696496494244E-04


 Rotatory strength:

    velocity representation:            -0.4136213495808455E-05

    velocity rep. / 10^(-40)erg*cm^3:   -0.2672193135137588    

    length representation:              -0.1314284767056003E-05

    length rep. / 10^(-40)erg*cm^3:     -0.8490912608118412E-01


 Dominant contributions:

      occ. orbital   energy / eV   virt. orbital     energy / eV   |coeff.|^2*100
       16 a              -5.96          19 a               1.51       62.3
       14 b              -7.85          16 b              -0.10       29.5
 

 Change of electron number:

            -0.000000


 Electric transition dipole moment (velocity rep.):

    x        0.000000        Norm:                  0.036903
    y        0.000000
    z        0.036903        Norm / debye:          0.093798


 Electric transition dipole moment (length rep.):

    x        0.000000        Norm:                  0.011726
    y        0.000000
    z        0.011726        Norm / debye:          0.029804


 Magnetic transition dipole moment / i:

    x        0.000000        Norm:                  0.000112
    y        0.000000
    z       -0.000112        Norm / Bohr mag.:      0.030719


 Electric quadrupole transition moment:

   xx       -1.239651
   yy       -0.290381        1/3*trace:            -0.161943
   zz        1.044204
   xy        0.364227
   xz        0.000000        Anisotropy:            2.084969
   yz        0.000000




                         6 singlet a excitation


 Total energy:                           -950.5445800394773    

 Excitation energy:                      0.2506929974227224    

 Excitation energy / eV:                  6.821706469914489    

 Excitation energy / nm:                  181.7496026152273    

 Excitation energy / cm^(-1):             55020.75302842806    


 Oscillator strength:

    velocity representation:             0.1862253649571510E-02

    length representation:               0.1238839462845288    

    mixed representation:                0.1518892132745721E-01


 Rotatory strength:

    velocity representation:            -0.7763701889492054E-04

    velocity rep. / 10^(-40)erg*cm^3:    -5.015725352034904    

    length representation:               0.6332233916494605E-03

    length rep. / 10^(-40)erg*cm^3:       40.90928096165634    


 Dominant contributions:

      occ. orbital   energy / eV   virt. orbital     energy / eV   |coeff.|^2*100
       14 b              -7.85          16 b              -0.10       31.2
       16 a              -5.96          18 a               1.25       19.0
       13 b              -9.54          15 b              -2.06       11.5
       15 a              -7.89          18 a               1.25        8.4
       16 a              -5.96          19 a               1.51        7.2
       15 a              -7.89          17 a               0.76        4.9
       12 b             -10.82          15 b              -2.06        4.8
       15 a              -7.89          19 a               1.51        4.3
 

 Change of electron number:

            -0.000000


 Electric transition dipole moment (velocity rep.):

    x        0.000000        Norm:                  0.105559
    y        0.000000
    z        0.105559        Norm / debye:          0.268305


 Electric transition dipole moment (length rep.):

    x        0.000000        Norm:                  0.860958
    y        0.000000
    z       -0.860958        Norm / debye:          2.188354


 Magnetic transition dipole moment / i:

    x        0.000000        Norm:                  0.000735
    y        0.000000
    z       -0.000735        Norm / Bohr mag.:      0.201576


 Electric quadrupole transition moment:

   xx       -0.160546
   yy        0.639445        1/3*trace:             0.492830
   zz        0.999591
   xy       -0.100941
   xz        0.000000        Anisotropy:            1.043250
   yz        0.000000




                         7 singlet a excitation


 Total energy:                           -950.5279359019789    

 Excitation energy:                      0.2673371349210615    

 Excitation energy / eV:                  7.274616689289746    

 Excitation energy / nm:                  170.4340576308406    

 Excitation energy / cm^(-1):             58673.71895919604    


 Oscillator strength:

    velocity representation:             0.2391376162925954E-02

    length representation:               0.2979252515564412E-02

    mixed representation:                0.2669178422110055E-02


 Rotatory strength:

    velocity representation:             0.5719643424207692E-04

    velocity rep. / 10^(-40)erg*cm^3:     3.695165133301531    

    length representation:              -0.6384085049747799E-04

    length rep. / 10^(-40)erg*cm^3:      -4.124426425608419    


 Dominant contributions:

      occ. orbital   energy / eV   virt. orbital     energy / eV   |coeff.|^2*100
       15 a              -7.89          17 a               0.76       83.3
       12 b             -10.82          15 b              -2.06       10.6
 

 Change of electron number:

             0.000000


 Electric transition dipole moment (velocity rep.):

    x        0.000000        Norm:                  0.115835
    y        0.000000
    z        0.115835        Norm / debye:          0.294426


 Electric transition dipole moment (length rep.):

    x        0.000000        Norm:                  0.129291
    y        0.000000
    z       -0.129291        Norm / debye:          0.328628


 Magnetic transition dipole moment / i:

    x        0.000000        Norm:                  0.000494
    y        0.000000
    z        0.000494        Norm / Bohr mag.:      0.135330


 Electric quadrupole transition moment:

   xx       -0.238353
   yy        0.235496        1/3*trace:            -0.160018
   zz       -0.477197
   xy       -0.122597
   xz        0.000000        Anisotropy:            0.663208
   yz        0.000000




                         8 singlet a excitation


 Total energy:                           -950.5193413040232    

 Excitation energy:                      0.2759317328766998    

 Excitation energy / eV:                  7.508487699182491    

 Excitation energy / nm:                  165.1254539845187    

 Excitation energy / cm^(-1):             60560.01517152473    


 Oscillator strength:

    velocity representation:             0.3023541915314946E-03

    length representation:               0.9594871771424304E-02

    mixed representation:                0.1703246810446846E-02


 Rotatory strength:

    velocity representation:            -0.2915017586615173E-04

    velocity rep. / 10^(-40)erg*cm^3:    -1.883241760042632    

    length representation:              -0.1642111981861373E-03

    length rep. / 10^(-40)erg*cm^3:      -10.60883431066573    


 Dominant contributions:

      occ. orbital   energy / eV   virt. orbital     energy / eV   |coeff.|^2*100
       12 b             -10.82          15 b              -2.06       70.7
       15 a              -7.89          18 a               1.25       11.8
       15 a              -7.89          17 a               0.76        7.8
 

 Change of electron number:

            -0.000000


 Electric transition dipole moment (velocity rep.):

    x        0.000000        Norm:                  0.040542
    y        0.000000
    z       -0.040542        Norm / debye:          0.103048


 Electric transition dipole moment (length rep.):

    x        0.000000        Norm:                  0.228383
    y        0.000000
    z       -0.228383        Norm / debye:          0.580497


 Magnetic transition dipole moment / i:

    x        0.000000        Norm:                  0.000719
    y        0.000000
    z        0.000719        Norm / Bohr mag.:      0.197062


 Electric quadrupole transition moment:

   xx        0.636308
   yy        0.329062        1/3*trace:             0.162901
   zz       -0.476667
   xy        0.611591
   xz        0.000000        Anisotropy:            1.453715
   yz        0.000000




                         9 singlet a excitation


 Total energy:                           -950.5058441807686    

 Excitation energy:                      0.2894288561314403    

 Excitation energy / eV:                  7.875763267222556    

 Excitation energy / nm:                  157.4250517692265    

 Excitation energy / cm^(-1):             63522.29131337129    


 Oscillator strength:

    velocity representation:             0.2342820777288415E-02

    length representation:               0.5123796817207572E-02

    mixed representation:                0.3464698780840573E-02


 Rotatory strength:

    velocity representation:             0.1633929426795116E-03

    velocity rep. / 10^(-40)erg*cm^3:     10.55597106388677    

    length representation:               0.2416349277706470E-03

    length rep. / 10^(-40)erg*cm^3:       15.61078014596013    


 Dominant contributions:

      occ. orbital   energy / eV   virt. orbital     energy / eV   |coeff.|^2*100
       16 a              -5.96          20 a               3.05       86.1
       15 a              -7.89          18 a               1.25        7.4
 

 Change of electron number:

            -0.000000


 Electric transition dipole moment (velocity rep.):

    x        0.000000        Norm:                  0.110191
    y        0.000000
    z        0.110191        Norm / debye:          0.280078


 Electric transition dipole moment (length rep.):

    x        0.000000        Norm:                  0.162956
    y        0.000000
    z        0.162956        Norm / debye:          0.414196


 Magnetic transition dipole moment / i:

    x        0.000000        Norm:                  0.001483
    y        0.000000
    z        0.001483        Norm / Bohr mag.:      0.406400


 Electric quadrupole transition moment:

   xx        0.641526
   yy        1.126541        1/3*trace:            -0.101272
   zz       -2.071883
   xy        0.019156
   xz        0.000000        Anisotropy:            2.985795
   yz        0.000000




                        10 singlet a excitation


 Total energy:                           -950.5022043824899    

 Excitation energy:                      0.2930686544100619    

 Excitation energy / eV:                  7.974807260161012    

 Excitation energy / nm:                  155.4698940823870    

 Excitation energy / cm^(-1):             64321.13469639427    


 Oscillator strength:

    velocity representation:             0.6163721366135137E-02

    length representation:               0.6079994273628843E-04

    mixed representation:                0.6121714678939666E-03


 Rotatory strength:

    velocity representation:             0.1981491595394222E-03

    velocity rep. / 10^(-40)erg*cm^3:     12.80139007309711    

    length representation:              -0.1967987432456959E-04

    length rep. / 10^(-40)erg*cm^3:      -1.271414667636892    


 Dominant contributions:

      occ. orbital   energy / eV   virt. orbital     energy / eV   |coeff.|^2*100
       13 b              -9.54          16 b              -0.10       74.3
       15 a              -7.89          18 a               1.25       14.4
       16 a              -5.96          20 a               3.05        5.7
 

 Change of electron number:

             0.000000


 Electric transition dipole moment (velocity rep.):

    x        0.000000        Norm:                  0.177616
    y        0.000000
    z        0.177616        Norm / debye:          0.451459


 Electric transition dipole moment (length rep.):

    x        0.000000        Norm:                  0.017641
    y        0.000000
    z       -0.017641        Norm / debye:          0.044838


 Magnetic transition dipole moment / i:

    x        0.000000        Norm:                  0.001116
    y        0.000000
    z        0.001116        Norm / Bohr mag.:      0.305756


 Electric quadrupole transition moment:

   xx        0.450260
   yy       -0.928996        1/3*trace:            -0.166010
   zz       -0.019294
   xy       -0.119192
   xz        0.000000        Anisotropy:            1.231996
   yz        0.000000



 ==============================================================================

                              I R R E P   b   

 ==============================================================================


 Excitation is electric dipole allowed

 Excitation is magnetic dipole allowed

 Excitation is electric quadrupole allowed




                         1 singlet b excitation


 Total energy:                           -950.7018083473635    

 Excitation energy:                      0.9346468953650386E-01

 Excitation energy / eV:                  2.543304694883860    

 Excitation energy / nm:                  487.4926871950357    

 Excitation energy / cm^(-1):             20513.12821951434    


 Oscillator strength:

    velocity representation:             0.4345981109741080E-01

    length representation:               0.3465232971395483E-02

    mixed representation:                0.2518503784632801E-02


 Rotatory strength:

    velocity representation:            -0.2999935601107162E-02

    velocity rep. / 10^(-40)erg*cm^3:    -193.8102887401015    

    length representation:              -0.3444940980659115E-03

    length rep. / 10^(-40)erg*cm^3:      -22.25597795858490    


 Dominant contributions:

      occ. orbital   energy / eV   virt. orbital     energy / eV   |coeff.|^2*100
       16 a              -5.96          15 b              -2.06       97.4
 

 Change of electron number:

             0.000000


 Electric transition dipole moment (velocity rep.):

    x       -0.171599        Norm:                  0.835152
    y       -0.817333
    z        0.000000        Norm / debye:          2.122762


 Electric transition dipole moment (length rep.):

    x        0.235824        Norm:                  0.235824
    y       -0.000059
    z        0.000000        Norm / debye:          0.599409


 Magnetic transition dipole moment / i:

    x       -0.001460        Norm:                  0.004236
    y        0.003977
    z        0.000000        Norm / Bohr mag.:      1.161065


 Electric quadrupole transition moment:

   xx        0.000000
   yy        0.000000        1/3*trace:             0.000000
   zz        0.000000
   xy        0.000000
   xz       -0.377732        Anisotropy:            0.654876
   yz       -0.016506




                         2 singlet b excitation


 Total energy:                           -950.6252107352140    

 Excitation energy:                      0.1700623016860445    

 Excitation energy / eV:                  4.627632664761016    

 Excitation energy / nm:                  267.9215335102040    

 Excitation energy / cm^(-1):             37324.36085853661    


 Oscillator strength:

    velocity representation:             0.2166478743983463E-01

    length representation:               0.2013089265744661E-01

    mixed representation:                0.7969814240896773E-02


 Rotatory strength:

    velocity representation:             0.1304430137481616E-02

    velocity rep. / 10^(-40)erg*cm^3:     84.27246954677923    

    length representation:               0.1255972409032490E-02

    length rep. / 10^(-40)erg*cm^3:       81.14186689685957    


 Dominant contributions:

      occ. orbital   energy / eV   virt. orbital     energy / eV   |coeff.|^2*100
       16 a              -5.96          16 b              -0.10       91.1
 

 Change of electron number:

             0.000000


 Electric transition dipole moment (velocity rep.):

    x       -0.323788        Norm:                  0.437138
    y        0.293685
    z        0.000000        Norm / debye:          1.111103


 Electric transition dipole moment (length rep.):

    x        0.380784        Norm:                  0.421379
    y        0.180455
    z        0.000000        Norm / debye:          1.071047


 Magnetic transition dipole moment / i:

    x        0.000784        Norm:                  0.005363
    y        0.005306
    z        0.000000        Norm / Bohr mag.:      1.469972


 Electric quadrupole transition moment:

   xx        0.000000
   yy        0.000000        1/3*trace:             0.000000
   zz        0.000000
   xy        0.000000
   xz       -1.241975        Anisotropy:            2.478230
   yz       -0.710428




                         3 singlet b excitation


 Total energy:                           -950.6227789580583    

 Excitation energy:                      0.1724940788415735    

 Excitation energy / eV:                  4.693804716337272    

 Excitation energy / nm:                  264.1444446440824    

 Excitation energy / cm^(-1):             37858.07425169103    


 Oscillator strength:

    velocity representation:             0.8471395901721170E-02

    length representation:               0.2749423436693987E-02

    mixed representation:                0.4813777550925528E-02


 Rotatory strength:

    velocity representation:             0.9945698102227301E-03

    velocity rep. / 10^(-40)erg*cm^3:     64.25399999263838    

    length representation:              -0.5351872853309158E-03

    length rep. / 10^(-40)erg*cm^3:      -34.57567631176315    


 Dominant contributions:

      occ. orbital   energy / eV   virt. orbital     energy / eV   |coeff.|^2*100
       15 a              -7.89          15 b              -2.06       92.7
 

 Change of electron number:

             0.000000


 Electric transition dipole moment (velocity rep.):

    x        0.195539        Norm:                  0.271416
    y       -0.188232
    z        0.000000        Norm / debye:          0.689877


 Electric transition dipole moment (length rep.):

    x       -0.118778        Norm:                  0.154625
    y        0.098998
    z        0.000000        Norm / debye:          0.393020


 Magnetic transition dipole moment / i:

    x        0.000760        Norm:                  0.004558
    y       -0.004495
    z        0.000000        Norm / Bohr mag.:      1.249319


 Electric quadrupole transition moment:

   xx        0.000000
   yy        0.000000        1/3*trace:             0.000000
   zz        0.000000
   xy        0.000000
   xz       -1.127308        Anisotropy:            2.397235
   yz       -0.802967




                         4 singlet b excitation


 Total energy:                           -950.5586904145486    

 Excitation energy:                      0.2365826223513895    

 Excitation energy / eV:                  6.437743463741158    

 Excitation energy / nm:                  192.5896002299190    

 Excitation energy / cm^(-1):             51923.88367060878    


 Oscillator strength:

    velocity representation:             0.1286494619158921E-01

    length representation:               0.1386524758529491E-02

    mixed representation:                0.2418301830647485E-02


 Rotatory strength:

    velocity representation:             0.2835452823123124E-03

    velocity rep. / 10^(-40)erg*cm^3:     18.31839090664527    

    length representation:              -0.4258295421937712E-04

    length rep. / 10^(-40)erg*cm^3:      -2.751063939378608    


 Dominant contributions:

      occ. orbital   energy / eV   virt. orbital     energy / eV   |coeff.|^2*100
       15 a              -7.89          16 b              -0.10       48.8
       16 a              -5.96          17 b               1.96       31.1
       14 a             -10.01          15 b              -2.06       12.3
 

 Change of electron number:

             0.000000


 Electric transition dipole moment (velocity rep.):

    x        0.034463        Norm:                  0.285600
    y       -0.283513
    z        0.000000        Norm / debye:          0.725928


 Electric transition dipole moment (length rep.):

    x       -0.082785        Norm:                  0.093760
    y        0.044018
    z        0.000000        Norm / debye:          0.238316


 Magnetic transition dipole moment / i:

    x       -0.000019        Norm:                  0.001003
    y       -0.001002
    z        0.000000        Norm / Bohr mag.:      0.274770


 Electric quadrupole transition moment:

   xx        0.000000
   yy        0.000000        1/3*trace:             0.000000
   zz        0.000000
   xy        0.000000
   xz       -0.060241        Anisotropy:            0.291364
   yz        0.157063




                         5 singlet b excitation


 Total energy:                           -950.5528970969430    

 Excitation energy:                      0.2423759399570480    

 Excitation energy / eV:                  6.595387724247366    

 Excitation energy / nm:                  187.9862855532376    

 Excitation energy / cm^(-1):             53195.36991263848    


 Oscillator strength:

    velocity representation:             0.4279158755535534E-01

    length representation:               0.2280848213702007E-02

    mixed representation:                0.8561675704485022E-02


 Rotatory strength:

    velocity representation:             0.5260363803523362E-03

    velocity rep. / 10^(-40)erg*cm^3:     33.98448377567097    

    length representation:               0.5374678113011595E-04

    length rep. / 10^(-40)erg*cm^3:       3.472300927338043    


 Dominant contributions:

      occ. orbital   energy / eV   virt. orbital     energy / eV   |coeff.|^2*100
       16 a              -5.96          17 b               1.96       48.8
       14 a             -10.01          15 b              -2.06       34.4
       15 a              -7.89          16 b              -0.10        9.6
 

 Change of electron number:

             0.000000


 Electric transition dipole moment (velocity rep.):

    x        0.171434        Norm:                  0.514612
    y       -0.485218
    z        0.000000        Norm / debye:          1.308024


 Electric transition dipole moment (length rep.):

    x       -0.021594        Norm:                  0.118809
    y       -0.116830
    z        0.000000        Norm / debye:          0.301984


 Magnetic transition dipole moment / i:

    x        0.001160        Norm:                  0.001342
    y       -0.000674
    z        0.000000        Norm / Bohr mag.:      0.367672


 Electric quadrupole transition moment:

   xx        0.000000
   yy        0.000000        1/3*trace:             0.000000
   zz        0.000000
   xy        0.000000
   xz        1.409974        Anisotropy:            2.640067
   yz        0.579042




                         6 singlet b excitation


 Total energy:                           -950.5429863881049    

 Excitation energy:                      0.2522866487950831    

 Excitation energy / eV:                  6.865071948764658    

 Excitation energy / nm:                  180.6015216326739    

 Excitation energy / cm^(-1):             55370.51907484145    


 Oscillator strength:

    velocity representation:             0.4207600830053296E-02

    length representation:               0.2702470243687874E-01

    mixed representation:                0.1066327673423220E-01


 Rotatory strength:

    velocity representation:            -0.2627861903471723E-03

    velocity rep. / 10^(-40)erg*cm^3:    -16.97725358147693    

    length representation:              -0.6675478766694306E-03

    length rep. / 10^(-40)erg*cm^3:      -43.12680801461058    


 Dominant contributions:

      occ. orbital   energy / eV   virt. orbital     energy / eV   |coeff.|^2*100
       13 a             -10.51          15 b              -2.06       64.4
       14 a             -10.01          15 b              -2.06       15.5
       14 b              -7.85          17 a               0.76       11.7
 

 Change of electron number:

             0.000000


 Electric transition dipole moment (velocity rep.):

    x       -0.151594        Norm:                  0.158167
    y       -0.045124
    z        0.000000        Norm / debye:          0.402023


 Electric transition dipole moment (length rep.):

    x       -0.384834        Norm:                  0.400847
    y       -0.112168
    z        0.000000        Norm / debye:          1.018860


 Magnetic transition dipole moment / i:

    x        0.001789        Norm:                  0.001798
    y       -0.000186
    z        0.000000        Norm / Bohr mag.:      0.492888


 Electric quadrupole transition moment:

   xx        0.000000
   yy        0.000000        1/3*trace:             0.000000
   zz        0.000000
   xy        0.000000
   xz        0.945080        Anisotropy:            1.662135
   yz       -0.166500




                         7 singlet b excitation


 Total energy:                           -950.5372796579594    

 Excitation energy:                      0.2579933789406052    

 Excitation energy / eV:                  7.020360043589744    

 Excitation energy / nm:                  176.6066743538001    

 Excitation energy / cm^(-1):             56623.00156603449    


 Oscillator strength:

    velocity representation:             0.1541813297576321E-01

    length representation:               0.2431776301071396E-01

    mixed representation:                0.1476615419951010E-01


 Rotatory strength:

    velocity representation:            -0.4734761673658477E-03

    velocity rep. / 10^(-40)erg*cm^3:    -30.58884086540549    

    length representation:              -0.2908199167740668E-04

    length rep. / 10^(-40)erg*cm^3:      -1.878836733046949    


 Dominant contributions:

      occ. orbital   energy / eV   virt. orbital     energy / eV   |coeff.|^2*100
       14 b              -7.85          17 a               0.76       58.9
       13 a             -10.51          15 b              -2.06       24.7
       15 a              -7.89          16 b              -0.10        8.5
 

 Change of electron number:

             0.000000


 Electric transition dipole moment (velocity rep.):

    x        0.209832        Norm:                  0.299404
    y       -0.213572
    z        0.000000        Norm / debye:          0.761014


 Electric transition dipole moment (length rep.):

    x        0.374466        Norm:                  0.376013
    y       -0.034072
    z        0.000000        Norm / debye:          0.955738


 Magnetic transition dipole moment / i:

    x        0.000136        Norm:                  0.002355
    y        0.002351
    z        0.000000        Norm / Bohr mag.:      0.645365


 Electric quadrupole transition moment:

   xx        0.000000
   yy        0.000000        1/3*trace:             0.000000
   zz        0.000000
   xy        0.000000
   xz       -0.933678        Anisotropy:            1.637746
   yz        0.149386




                         8 singlet b excitation


 Total energy:                           -950.5323231981442    

 Excitation energy:                      0.2629498387557650    

 Excitation energy / eV:                  7.155232235220741    

 Excitation energy / nm:                  173.2777356913327    

 Excitation energy / cm^(-1):             57710.81875354607    


 Oscillator strength:

    velocity representation:             0.6388359498405711E-02

    length representation:               0.2340520172543062E-01

    mixed representation:                0.1157931626597318E-01


 Rotatory strength:

    velocity representation:             0.1198367374498428E-03

    velocity rep. / 10^(-40)erg*cm^3:     7.742030421671080    

    length representation:               0.2431740892959602E-03

    length rep. / 10^(-40)erg*cm^3:       15.71021739372256    


 Dominant contributions:

      occ. orbital   energy / eV   virt. orbital     energy / eV   |coeff.|^2*100
       16 a              -5.96          18 b               2.35       85.2
       16 a              -5.96          17 b               1.96        9.3
 

 Change of electron number:

             0.000000


 Electric transition dipole moment (velocity rep.):

    x        0.190840        Norm:                  0.190899
    y        0.004730
    z        0.000000        Norm / debye:          0.485221


 Electric transition dipole moment (length rep.):

    x        0.348820        Norm:                  0.365397
    y       -0.108810
    z        0.000000        Norm / debye:          0.928754


 Magnetic transition dipole moment / i:

    x        0.000633        Norm:                  0.000666
    y       -0.000205
    z        0.000000        Norm / Bohr mag.:      0.182409


 Electric quadrupole transition moment:

   xx        0.000000
   yy        0.000000        1/3*trace:             0.000000
   zz        0.000000
   xy        0.000000
   xz        0.249305        Anisotropy:            1.294296
   yz       -0.704449




                         9 singlet b excitation


 Total energy:                           -950.5091947805478    

 Excitation energy:                      0.2860782563521691    

 Excitation energy / eV:                  7.784588769221693    

 Excitation energy / nm:                  159.2688421727181    

 Excitation energy / cm^(-1):             62786.91966419225    


 Oscillator strength:

    velocity representation:             0.4457605753691057E-02

    length representation:               0.2024905748354240    

    mixed representation:                0.2730688931316624E-01


 Rotatory strength:

    velocity representation:             0.1073991038509442E-03

    velocity rep. / 10^(-40)erg*cm^3:     6.938499386486029    

    length representation:               0.1617371044126078E-03

    length rep. / 10^(-40)erg*cm^3:       10.44899593665501    


 Dominant contributions:

      occ. orbital   energy / eV   virt. orbital     energy / eV   |coeff.|^2*100
       14 b              -7.85          17 a               0.76       19.5
       14 a             -10.01          15 b              -2.06       17.3
       15 a              -7.89          16 b              -0.10       15.8
       16 a              -5.96          17 b               1.96        6.2
       14 b              -7.85          19 a               1.51        5.8
       13 a             -10.51          15 b              -2.06        5.7
       14 a             -10.01          16 b              -0.10        4.3
       16 a              -5.96          18 b               2.35        3.4
       12 a             -12.96          15 b              -2.06        2.9
       13 b              -9.54          17 a               0.76        2.7
       13 b              -9.54          18 a               1.25        2.6
       14 b              -7.85          18 a               1.25        2.5
       16 a              -5.96          16 b              -0.10        1.2
       15 a              -7.89          15 b              -2.06        1.0
 

 Change of electron number:

             0.000000


 Electric transition dipole moment (velocity rep.):

    x        0.146810        Norm:                  0.152881
    y       -0.042655
    z        0.000000        Norm / debye:          0.388588


 Electric transition dipole moment (length rep.):

    x        1.019229        Norm:                  1.030399
    y        0.151314
    z        0.000000        Norm / debye:          2.619034


 Magnetic transition dipole moment / i:

    x        0.000352        Norm:                  0.001352
    y       -0.001305
    z        0.000000        Norm / Bohr mag.:      0.370454


 Electric quadrupole transition moment:

   xx        0.000000
   yy        0.000000        1/3*trace:             0.000000
   zz        0.000000
   xy        0.000000
   xz       -1.793190        Anisotropy:            3.383749
   yz       -0.775277




                        10 singlet b excitation


 Total energy:                           -950.5006854598437    

 Excitation energy:                      0.2945875770563133    

 Excitation energy / eV:                  8.016139266039744    

 Excitation energy / nm:                  154.6682759513994    

 Excitation energy / cm^(-1):             64654.49968324215    


 Oscillator strength:

    velocity representation:             0.3685494620136249E-02

    length representation:               0.2139737262703631E-01

    mixed representation:                0.7626819892724117E-02


 Rotatory strength:

    velocity representation:             0.2976189796078227E-03

    velocity rep. / 10^(-40)erg*cm^3:     19.22761953657885    

    length representation:               0.7102923780542602E-03

    length rep. / 10^(-40)erg*cm^3:       45.88830867895420    


 Dominant contributions:

      occ. orbital   energy / eV   virt. orbital     energy / eV   |coeff.|^2*100
       14 b              -7.85          18 a               1.25       88.5
       13 b              -9.54          17 a               0.76        1.9
 

 Change of electron number:

             0.000000


 Electric transition dipole moment (velocity rep.):

    x       -0.076008        Norm:                  0.136989
    y        0.113969
    z        0.000000        Norm / debye:          0.348194


 Electric transition dipole moment (length rep.):

    x       -0.297957        Norm:                  0.330080
    y        0.142036
    z        0.000000        Norm / debye:          0.838985


 Magnetic transition dipole moment / i:

    x       -0.001670        Norm:                  0.002243
    y        0.001498
    z        0.000000        Norm / Bohr mag.:      0.614787


 Electric quadrupole transition moment:

   xx        0.000000
   yy        0.000000        1/3*trace:             0.000000
   zz        0.000000
   xy        0.000000
   xz       -0.688954        Anisotropy:            1.401219
   yz        0.424045

 SUMMARY OF EXCITATION ENERGIES AND DIPOLE OSCILLATOR STRENGTHS (velocity/length):

 -----------------------------------------------------------------------------------------------
 |    Exc.   | energy (Eh) | energy (eV) | energy (cm-1) | energy (nm) | Osc.(vel) | Osc.(len) |
 -----------------------------------------------------------------------------------------------
 |     1 a   |    0.165786 |     4.51127 |     36385.810 |     274.832 |   0.00004 |   0.03306 |
 |     2 a   |    0.192004 |     5.22471 |     42140.115 |     237.304 |   0.00064 |   0.00000 |
 |     3 a   |    0.219652 |     5.97703 |     48208.000 |     207.434 |   0.00236 |   0.00693 |
 |     4 a   |    0.230372 |     6.26875 |     50560.861 |     197.781 |   0.00178 |   0.00834 |
 |     5 a   |    0.232937 |     6.33855 |     51123.818 |     195.604 |   0.00021 |   0.00002 |
 |     6 a   |    0.250693 |     6.82170 |     55020.753 |     181.750 |   0.00186 |   0.12388 |
 |     7 a   |    0.267337 |     7.27461 |     58673.719 |     170.434 |   0.00239 |   0.00298 |
 |     8 a   |    0.275932 |     7.50848 |     60560.015 |     165.125 |   0.00030 |   0.00959 |
 |     9 a   |    0.289429 |     7.87576 |     63522.291 |     157.425 |   0.00234 |   0.00512 |
 |    10 a   |    0.293069 |     7.97480 |     64321.135 |     155.470 |   0.00616 |   0.00006 |
 -----------------------------------------------------------------------------------------------


 -----------------------------------------------------------------------------------------------
 |    Exc.   | energy (Eh) | energy (eV) | energy (cm-1) | energy (nm) | Osc.(vel) | Osc.(len) |
 -----------------------------------------------------------------------------------------------
 |     1 b   |    0.093465 |     2.54330 |     20513.128 |     487.493 |   0.04346 |   0.00347 |
 |     2 b   |    0.170062 |     4.62763 |     37324.361 |     267.922 |   0.02166 |   0.02013 |
 |     3 b   |    0.172494 |     4.69380 |     37858.074 |     264.144 |   0.00847 |   0.00275 |
 |     4 b   |    0.236583 |     6.43774 |     51923.884 |     192.590 |   0.01286 |   0.00139 |
 |     5 b   |    0.242376 |     6.59539 |     53195.370 |     187.986 |   0.04279 |   0.00228 |
 |     6 b   |    0.252287 |     6.86507 |     55370.519 |     180.602 |   0.00421 |   0.02702 |
 |     7 b   |    0.257993 |     7.02036 |     56623.002 |     176.607 |   0.01542 |   0.02432 |
 |     8 b   |    0.262950 |     7.15523 |     57710.819 |     173.278 |   0.00639 |   0.02341 |
 |     9 b   |    0.286078 |     7.78459 |     62786.920 |     159.269 |   0.00446 |   0.20249 |
 |    10 b   |    0.294588 |     8.01614 |     64654.500 |     154.668 |   0.00369 |   0.02140 |
 -----------------------------------------------------------------------------------------------




    ------------------------------------------------------------------------
         total  cpu-time :  5 minutes and 29 seconds
         total wall-time :  5 minutes and 31 seconds
    ------------------------------------------------------------------------

   ****  escf : all done  ****


    2023-10-27 14:05:44.746 

