
Slurm Job Summary
*****************
- General information:
    date = Do 1. Feb 11:30:19 CET 2024
    hostname = nesh-srp303
- Job information:
    JobId = 10358815
    JobName = BR2_PP
    UserId = suphc355(743340)
    Account = suphc355
    QOS = normal
    NodeList = nesh-srp[303-304]
    Features = (null)
    Command = /gxfs_work/cau/suphc355/homologes/X2/PP/Br/run.sh
    WorkDir = /gxfs_work/cau/suphc355/homologes/X2/PP/Br
    StdOut = /gxfs_work/cau/suphc355/homologes/X2/PP/Br/ba.out
    StdErr = /gxfs_work/cau/suphc355/homologes/X2/PP/Br/ba.err
- Requested resources:
    Timelimit = 1-00:00:00 ( 86400s )
    MinMemoryNode = 160G ( 163840.000M )
    NumNodes = 2
    NumCPUs = 32
    NumTasks = 32
    CPUs/Task = 1
- Used resources:
    RunTime = 02:02:39 ( 7359s )
    MaxRSS = 6700K ( 6.543M )
====================
- Important conclusions and remarks:
    * !!! Please, always check if the number of requested cores and nodes matches the need of your program/code !!!
    * !!! Less than 10% of requested walltime used !!! Consider adaptation of your batch script.
    * !!! Less than 10% of requested main memory used !!! Consider adaptation of your batch script.

