
 dscf (neshcl273) : TURBOMOLE rev. V7.5.0 compiled 13 Jun 2020 at 23:29:25
 Copyright (C) 2020 TURBOMOLE GmbH, Karlsruhe


    2023-10-26 10:01:46.364 



                             d s c f - program

                   idea & directorship : reinhart ahlrichs
                   program development : marco haeser
                                         michael baer
                           dft version : oliver treutler


                          quantum chemistry group
                          universitaet  karlsruhe
                                  germany



   *-----------------------------------------------------------------------*
   |                     program will use  1 thread(s)                     |
   *-----------------------------------------------------------------------*


              +--------------------------------------------------+
              | Atomic coordinate, charge and isotop information |
              +--------------------------------------------------+

                    atomic coordinates            atom    charge  isotop
          0.00000000    0.00000000   -0.01245509    c      6.000     0
          0.00000000    0.00000000    2.25734163    o      8.000     0
         -1.77442119    0.00000000   -1.12244327    h      1.000     0
          1.77442119    0.00000000   -1.12244327    h      1.000     0
 
       center of nuclear mass  :    0.00000000    0.00000000    1.12246665
       center of nuclear charge:    0.00000000    0.00000000    0.98369475

              +--------------------------------------------------+
              |               basis set information              |
              +--------------------------------------------------+

              we will work with the 1s 3p 5d 7f 9g ... basis set
              ...i.e. with spherical basis functions...

   type   atoms  prim   cont   basis
   ---------------------------------------------------------------------------
    c        1     52     37   def2-TZVPD   [6s3p3d1f|12s6p3d1f]
    o        1     55     40   def2-TZVPD   [6s4p3d1f|12s7p3d1f]
    h        2     11      9   def2-TZVPD   [3s2p|5s2p]
   ---------------------------------------------------------------------------
   total:    4    129     95
   ---------------------------------------------------------------------------

   total number of primitive shells          :   52
   total number of contracted shells         :   37
   total number of cartesian basis functions :  107
   total number of SCF-basis functions       :   95


 integral neglect threshold       :  0.31E-11
 integral storage threshold THIZE :  0.10E-04
 integral storage threshold THIME :         5


 DENSITY CONVERGENCE CHECK SWITCHED ON !
 SCF CONVERGENCE IF RMS(delta[D]) <     0.1000000000E-06


 symmetry group of the molecule :   c2v

 the group has the following generators :
   c2(z)
   mirror plane sigma(xz)

    4 symmetry operations found

 there are 4 real representations :   a1   a2   b1   b2  

 maximum number of shells which are related by symmetry :  2

  
           ------------------
           density functional
           ------------------
 PBE0 hybrid functional
 exchange:    3/4 (LDA+PBE) + 1/4 HF
 correlation: LDA (PW) + PBE

 spherical integration : Lebedev's spherical grid
 spherical gridsize    :                     5
    i.e. gridpoints    :                   590
 value for diffuse not defined
 radial integration    : Chebyshev 2nd kind (scaling 3)
 radial gridsize       :                     8
 integration cells     :                     3
 partition function    : becke
 partition sharpness   :                     3
  

          ------------------------
          nuclear repulsion energy  :   31.3539323333    
          ------------------------


         -----------------
         -S,T+V- integrals
         -----------------

 1e-integrals will be neglected if expon. factor < 0.312333E-12
 
   Difference densities algorithm switched on.
   The maximal number of linear combinations of
   difference densities is                    20 .

 DIIS switched on: error vector is FDS-SDF
 Max. Iterations for DIIS is     :   4
 DIIS matrix (see manual) 
    Scaling factor of diagonals  :  1.200
    threshold for scaling factor :  0.000

 scf convergence criterion : increment of total energy < .1000000D-07
                  and increment of one-electron energy < .1000000D-04

 MOs are in ASCII format !


    mo occupation :
   irrep   mo's   occupied
    a1      42        5
    a2      10        0
    b1      24        2
    b2      19        1
 
 number of basis functions   :    95
 number of occupied orbitals :     8
 

 reading orbital data $scfmo  from file mos
 orbital characterization : expanded
 virtual MOs provided and orthogonalized by Cholesky decomposition

 automatic virtual orbital shift switched on 
      shift if e(lumo)-e(homo) < 0.10000000    


 DSCF restart information will be dumped onto file mos

          Overall gridpoints after grid construction =         18050
 
                                              current damping :  0.300
 ITERATION  ENERGY          1e-ENERGY        2e-ENERGY     RMS[dD(SAO)]   TOL
   1  -113.81164628161    -216.46914007     71.303561458    0.000D+00 0.312D-11
                            Exc =   -11.014789842742     N = 16.000000379    
          max. resid. norm for Fia-block=  4.383D-01 for orbital      5a1        
          max. resid. fock norm         =  1.862D+01 for orbital     24a1        
          Delta Eig. =   887.3882949235 eV 
 
                                              current damping :  0.250
 ITERATION  ENERGY          1e-ENERGY        2e-ENERGY     RMS[dD(SAO)]   TOL
   2  -114.33754705941    -216.82170143     71.130222040    0.278D-01 0.226D-11
                            Exc =   -10.961734828795     N = 16.000000130    
          Norm of current diis error:  1.3822    
          max. resid. norm for Fia-block=  1.429D-01 for orbital      3a1        
          max. resid. fock norm         =  3.134D-01 for orbital     15b2        
          Delta Eig. =   199.5705382931 eV 
 
                                              current damping :  0.200
 ITERATION  ENERGY          1e-ENERGY        2e-ENERGY     RMS[dD(SAO)]   TOL
   3  -114.40581974326    -218.25318111     72.493429035    0.115D-01 0.182D-11
                            Exc =   -11.121096583157     N = 16.000000109    
          Norm of current diis error: 0.52254    
          max. resid. norm for Fia-block=  4.438D-02 for orbital      2b1        
          max. resid. fock norm         =  5.110D-02 for orbital     19a1        
          Delta Eig. =    47.5378278569 eV 
 
                                              current damping :  0.250
 ITERATION  ENERGY          1e-ENERGY        2e-ENERGY     RMS[dD(SAO)]   TOL
   4  -114.41709116438    -217.25101886     71.479995359    0.581D-02 0.160D-11
                            Exc =   -11.026964505324     N = 16.000000185    
          Norm of current diis error: 0.23393    
          max. resid. norm for Fia-block=  1.320D-02 for orbital      5a1        
          max. resid. fock norm         =  2.025D-02 for orbital     17b1        
          Delta Eig. =     5.9145961075 eV 
 
                                              current damping :  0.300
 ITERATION  ENERGY          1e-ENERGY        2e-ENERGY     RMS[dD(SAO)]   TOL
   5  -114.41943041189    -217.61870785     71.845345106    0.250D-02 0.148D-11
                            Exc =   -11.059516944573     N = 16.000000200    
          Norm of current diis error: 0.31832E-01
          max. resid. norm for Fia-block=  2.651D-03 for orbital      3a1        
          max. resid. fock norm         =  3.027D-03 for orbital      3a1        
 mo-orthogonalization: Cholesky decomposition
          Delta Eig. =     1.3151002101 eV 
 
                                              current damping :  0.350
 ITERATION  ENERGY          1e-ENERGY        2e-ENERGY     RMS[dD(SAO)]   TOL
   6  -114.41947795836    -217.61317131     71.839761020    0.540D-03 0.139D-11
                            Exc =   -11.059499509527     N = 16.000000213    
          Norm of current diis error: 0.62450E-02
          max. resid. norm for Fia-block=  6.580D-04 for orbital      5a1        
          max. resid. fock norm         =  6.801D-04 for orbital      5a1        
          Delta Eig. =     0.2634883853 eV 
 
                                              current damping :  0.400
 ITERATION  ENERGY          1e-ENERGY        2e-ENERGY     RMS[dD(SAO)]   TOL
   7  -114.41948043962    -217.62133858     71.847925810    0.121D-03 0.133D-11
                            Exc =   -11.060280474867     N = 16.000000216    
          Norm of current diis error: 0.20375E-02
          max. resid. norm for Fia-block=  1.900D-04 for orbital      5a1        
          max. resid. fock norm         =  2.170D-04 for orbital      5a1        
          Delta Eig. =     0.0720601138 eV 
 
                                              current damping :  0.250
 ITERATION  ENERGY          1e-ENERGY        2e-ENERGY     RMS[dD(SAO)]   TOL
   8  -114.41948067854    -217.62170539     71.848292381    0.466D-04 0.128D-11
                            Exc =   -11.060327178633     N = 16.000000218    
          Norm of current diis error: 0.59730E-03
          max. resid. norm for Fia-block=  6.495D-05 for orbital      5a1        
          max. resid. fock norm         =  6.874D-05 for orbital      5a1        
          Delta Eig. =     0.0223507851 eV 
 
                                              current damping :  0.100
 ITERATION  ENERGY          1e-ENERGY        2e-ENERGY     RMS[dD(SAO)]   TOL
   9  -114.41948070295    -217.62199908     71.848586040    0.150D-04 0.122D-11
                            Exc =   -11.060357564781     N = 16.000000218    
          Norm of current diis error: 0.12847E-03
          max. resid. norm for Fia-block=  1.520D-05 for orbital      5a1        
          max. resid. fock norm         =  1.574D-05 for orbital      5a1        
          Delta Eig. =     0.0050467872 eV 
 
                                              current damping :  0.100
 ITERATION  ENERGY          1e-ENERGY        2e-ENERGY     RMS[dD(SAO)]   TOL
  10  -114.41948070422    -217.62205044     71.848637398    0.324D-05 0.117D-11
                            Exc =   -11.060363682295     N = 16.000000219    
          Norm of current diis error: 0.16494E-04
          max. resid. norm for Fia-block=  2.209D-06 for orbital      5a1        
          max. resid. fock norm         =  2.373D-06 for orbital      5a1        
 mo-orthogonalization: Cholesky decomposition
          Delta Eig. =     0.0004062470 eV 
 
                                              current damping :  0.100
 ITERATION  ENERGY          1e-ENERGY        2e-ENERGY     RMS[dD(SAO)]   TOL
  11  -114.41948070423    -217.62207772     71.848664681    0.326D-06 0.115D-11
                            Exc =   -11.060366038382     N = 16.000000219    
          Norm of current diis error: 0.52154E-05
          max. resid. norm for Fia-block=  3.995D-07 for orbital      1b1        
          max. resid. fock norm         =  5.540D-07 for orbital     19a1        
          Delta Eig. =     0.0000723920 eV 

 ENERGY & DENSITY CONVERGED !

 
                                              current damping :  0.150
 ITERATION  ENERGY          1e-ENERGY        2e-ENERGY     RMS[dD(SAO)]   TOL
  12  -114.41948070423    -217.62206660     71.848653560    0.514D-07 0.113D-11
                            Exc =   -11.060365116957     N = 16.000000219    
          max. resid. norm for Fia-block=  1.640D-07 for orbital      5a1        
          max. resid. fock norm         =  1.995D-07 for orbital     19a1        

 convergence criteria satisfied after    12 iterations


                  ------------------------------------------ 
                 |  total energy      =   -114.41948070423  |
                  ------------------------------------------ 
                 :  kinetic energy    =    113.94520226031  :
                 :  potential energy  =   -228.36468296454  :
                 :  virial theorem    =      1.99585491526  :
                 :  wavefunction norm =      1.00000000000  :
                  .......................................... 


 <geterg> : there is no data group $energy 


 <skperg> : $end is missing 


 orbitals $scfmo  will be written to file mos

    irrep                  1a1         2a1         3a1         4a1         5a1  
 eigenvalues H        -19.22875   -10.32376    -1.09780    -0.65899    -0.47501
            eV        -523.2451   -280.9261    -29.8729    -17.9322    -12.9258
 occupation              2.0000      2.0000      2.0000      2.0000      2.0000

    irrep                  6a1         7a1         8a1         9a1        10a1  
 eigenvalues H          0.01692     0.06648     0.10996     0.12621     0.22883
            eV           0.4605      1.8091      2.9922      3.4343      6.2269

    irrep                  1a2         2a2         3a2         4a2         5a2  
 eigenvalues H          0.17461     0.31399     0.57920     0.77337     1.67565
            eV           4.7513      8.5441     15.7609     21.0447     45.5971

    irrep                  6a2         7a2         8a2         9a2        10a2  
 eigenvalues H          2.03852     3.02423     3.17992     5.51022     6.47310
            eV          55.4713     82.2942     86.5308    149.9419    176.1434

    irrep                  1b1         2b1         3b1         4b1         5b1  
 eigenvalues H         -0.51734    -0.28915     0.06231     0.12912     0.26347
            eV         -14.0776     -7.8681      1.6957      3.5137      7.1695
 occupation              2.0000      2.0000

    irrep                  6b1         7b1         8b1         9b1        10b1  
 eigenvalues H          0.28608     0.36839     0.43942     0.54114     0.69486
            eV           7.7848     10.0246     11.9574     14.7253     18.9082

    irrep                  1b2         2b2         3b2         4b2         5b2  
 eigenvalues H         -0.42314    -0.05120     0.08417     0.20379     0.31335
            eV         -11.5144     -1.3933      2.2905      5.5454      8.5267
 occupation              2.0000

    irrep                  6b2         7b2         8b2         9b2        10b2  
 eigenvalues H          0.38061     0.50372     0.82859     0.98023     1.54427
            eV          10.3569     13.7070     22.5472     26.6736     42.0220
 
 
 
 
 ==============================================================================
                           electrostatic moments
 ==============================================================================

 reference point for electrostatic moments:    0.00000   0.00000   0.00000

 
              nuc           elec       ->  total
 ------------------------------------------------------------------------------
                          charge      
 ------------------------------------------------------------------------------
          16.000000     -16.000000       0.000000
 
 ------------------------------------------------------------------------------
                       dipole moment  
 ------------------------------------------------------------------------------
   x       0.000000       0.000000       0.000000
   y       0.000000       0.000000       0.000000
   z      15.739116     -16.677631      -0.938515
 
   | dipole moment | =     0.9385 a.u. =     2.3855 debye 
 
 ------------------------------------------------------------------------------
                     quadrupole moment
 ------------------------------------------------------------------------------
  xx       6.297141     -14.908426      -8.611285
  yy       0.000000      -8.699583      -8.699583
  zz      43.285419     -54.227255     -10.941836
  xy       0.000000       0.000000       0.000000
  xz       0.000000      -0.000000      -0.000000
  yz       0.000000       0.000000       0.000000
 
     1/3  trace=      -9.417568
     anisotropy=       2.287680
 
 ==============================================================================
 
HOMO-LUMO Separation
 HOMO         :   -0.28914677 H =     -7.86809 eV
 LUMO         :   -0.05120170 H =     -1.39327 eV
 HOMO-LUMO gap:    0.23794507 H =     +6.47482 eV
 
 ==============================================================================


    ------------------------------------------------------------------------
         total  cpu-time :   2.74 seconds
         total wall-time :   3.21 seconds
    ------------------------------------------------------------------------

   ****  dscf : all done  ****


    2023-10-26 10:01:49.552 

