
Slurm Job Summary
*****************
- General information:
    date = Mi 25. Okt 16:48:27 CEST 2023
    hostname = n142
- Job information:
    JobId = 6123620
    JobName = formald
    UserId = suphc355(743340)
    Account = suphc355
    QOS = normal
    NodeList = n[142-149]
    Features = (null)
    Command = /work_beegfs/suphc355/benchmark/pbe0_bm_final/defuse/formaldehyd/run.sh
    WorkDir = /work_beegfs/suphc355/benchmark/pbe0_bm_final/defuse/formaldehyd
    StdOut = /work_beegfs/suphc355/benchmark/pbe0_bm_final/defuse/formaldehyd/batch.out
    StdErr = /work_beegfs/suphc355/benchmark/pbe0_bm_final/defuse/formaldehyd/batch.err
- Requested resources:
    Timelimit = 04:00:00 ( 14400s )
    MinMemoryNode = 64G ( 65536.000M )
    NumNodes = 8
    NumCPUs = 128
    NumTasks = 64
    CPUs/Task = 2
- Used resources:
    RunTime = 00:02:08 ( 128s )
    MaxRSS = 6884K ( 6.723M )
====================
- Important conclusions and remarks:
    * !!! Please, always check if the number of requested cores and nodes matches the need of your program/code !!!
    * !!! Less than 10% of requested walltime used !!! Consider adaptation of your batch script.
    * !!! Less than 10% of requested main memory used !!! Consider adaptation of your batch script.

