
Slurm Job Summary
*****************
- General information:
    date = Mi 7. Feb 18:09:03 CET 2024
    hostname = nesh-srp110
- Job information:
    JobId = 10389552
    JobName = HBR_AE
    UserId = suphc355(743340)
    Account = suphc355
    QOS = normal
    NodeList = nesh-srp[110-111]
    Features = (null)
    Command = /gxfs_work/cau/suphc355/homologes/HX/AE/Br/run.sh
    WorkDir = /gxfs_work/cau/suphc355/homologes/HX/AE/Br
    StdOut = /gxfs_work/cau/suphc355/homologes/HX/AE/Br/ba.out
    StdErr = /gxfs_work/cau/suphc355/homologes/HX/AE/Br/ba.err
- Requested resources:
    Timelimit = 1-00:00:00 ( 86400s )
    MinMemoryNode = 250G ( 256000.000M )
    NumNodes = 2
    NumCPUs = 32
    NumTasks = 32
    CPUs/Task = 1
- Used resources:
    RunTime = 02:05:21 ( 7521s )
    MaxRSS = 6704K ( 6.547M )
====================
- Important conclusions and remarks:
    * !!! Please, always check if the number of requested cores and nodes matches the need of your program/code !!!
    * !!! Less than 10% of requested walltime used !!! Consider adaptation of your batch script.
    * !!! Less than 10% of requested main memory used !!! Consider adaptation of your batch script.

