
Slurm Job Summary
*****************
- General information:
    date = Sat Mar 9 20:21:05 CET 2024
    hostname = nesh-srp116
- Job information:
    JobId = 10658948
    JobName = CAU7_TZ
    UserId = suphc355(743340)
    Account = suphc355
    QOS = normal
    NodeList = nesh-srp[116-128,137-139]
    Features = (null)
    Command = /gxfs_work/cau/suphc355/MOFs/CAU7_TABA/SOC/TZ/run.sh
    WorkDir = /gxfs_work/cau/suphc355/MOFs/CAU7_TABA/SOC/TZ
    StdOut = /gxfs_work/cau/suphc355/MOFs/CAU7_TABA/SOC/TZ/ba.out
    StdErr = /gxfs_work/cau/suphc355/MOFs/CAU7_TABA/SOC/TZ/ba.err
- Requested resources:
    Timelimit = 2-00:00:00 ( 172800s )
    MinMemoryNode = 250G ( 256000.000M )
    NumNodes = 16
    NumCPUs = 512
    NumTasks = 256
    CPUs/Task = 2
- Used resources:
    RunTime = 07:17:28 ( 26248s )
    MaxRSS = 8456K ( 8.258M )
====================
- Important conclusions and remarks:
    * !!! Please, always check if the number of requested cores and nodes matches the need of your program/code !!!
    * !!! Less than 20% of requested walltime used !!! Consider adaptation of your batch script.
    * !!! Less than 10% of requested main memory used !!! Consider adaptation of your batch script.

