forrtl: severe (174): SIGSEGV, segmentation fault occurred
Image              PC                Routine            Line        Source             
libpthread-2.28.s  000014B5CE9CBCE0  Unknown               Unknown  Unknown
libiomp5.so        000014B5B78779EC  Unknown               Unknown  Unknown
libiomp5.so        000014B5B78779BA  Unknown               Unknown  Unknown
libiomp5.so        000014B5B7879A5F  Unknown               Unknown  Unknown
cp2k.psmp          0000000003850066  Unknown               Unknown  Unknown
cp2k.psmp          000000000305F965  input_keyword_typ         433  input_keyword_types.F
cp2k.psmp          0000000003054C82  input_section_typ         245  input_section_types.F
cp2k.psmp          0000000003054B1B  input_section_typ         252  input_section_types.F
cp2k.psmp          0000000003054B1B  input_section_typ         252  input_section_types.F
cp2k.psmp          0000000003054B1B  input_section_typ         252  input_section_types.F
cp2k.psmp          0000000000423070  MAIN__                    382  cp2k.F
cp2k.psmp          000000000042125D  Unknown               Unknown  Unknown
libc-2.28.so       000014B5B737FCF3  __libc_start_main     Unknown  Unknown
cp2k.psmp          000000000042117E  Unknown               Unknown  Unknown
forrtl: severe (174): SIGSEGV, segmentation fault occurred
Image              PC                Routine            Line        Source             
libpthread-2.28.s  000014B5CE9CBCE0  Unknown               Unknown  Unknown
libiomp5.so        000014B5B7888438  Unknown               Unknown  Unknown
libiomp5.so        000014B5B7888072  Unknown               Unknown  Unknown
libiomp5.so        000014B5B7889E42  Unknown               Unknown  Unknown
libiomp5.so        000014B5B7876B3A  Unknown               Unknown  Unknown
libiomp5.so        000014B5B7876948  Unknown               Unknown  Unknown
libiomp5.so        000014B5B78765FD  Unknown               Unknown  Unknown
libiomp5.so        000014B5B7876F3E  Unknown               Unknown  Unknown
libiomp5.so        000014B5B77E2F5D  Unknown               Unknown  Unknown
ld-2.28.so         000014B5CF2BF1E6  Unknown               Unknown  Unknown
libc-2.28.so       000014B5B739623C  Unknown               Unknown  Unknown
libc-2.28.so       000014B5B7396370  on_exit               Unknown  Unknown
cp2k.psmp          00000000038232EE  Unknown               Unknown  Unknown
cp2k.psmp          000000000041CD64  Unknown               Unknown  Unknown
libpthread-2.28.s  000014B5CE9CBCE0  Unknown               Unknown  Unknown
libiomp5.so        000014B5B78779EC  Unknown               Unknown  Unknown
libiomp5.so        000014B5B78779BA  Unknown               Unknown  Unknown
libiomp5.so        000014B5B7879A5F  Unknown               Unknown  Unknown
cp2k.psmp          0000000003850066  Unknown               Unknown  Unknown
cp2k.psmp          000000000305F965  input_keyword_typ         433  input_keyword_types.F
cp2k.psmp          0000000003054C82  input_section_typ         245  input_section_types.F
cp2k.psmp          0000000003054B1B  input_section_typ         252  input_section_types.F
cp2k.psmp          0000000003054B1B  input_section_typ         252  input_section_types.F
cp2k.psmp          0000000003054B1B  input_section_typ         252  input_section_types.F
cp2k.psmp          0000000000423070  MAIN__                    382  cp2k.F
cp2k.psmp          000000000042125D  Unknown               Unknown  Unknown
libc-2.28.so       000014B5B737FCF3  __libc_start_main     Unknown  Unknown
cp2k.psmp          000000000042117E  Unknown               Unknown  Unknown
