
Slurm Job Summary
*****************
- General information:
    date = Do 1. Feb 11:14:03 CET 2024
    hostname = nesh-srp273
- Job information:
    JobId = 10358809
    JobName = HI_PP
    UserId = suphc355(743340)
    Account = suphc355
    QOS = normal
    NodeList = nesh-srp[273-274]
    Features = (null)
    Command = /gxfs_work/cau/suphc355/homologes/HX/PP/I/run.sh
    WorkDir = /gxfs_work/cau/suphc355/homologes/HX/PP/I
    StdOut = /gxfs_work/cau/suphc355/homologes/HX/PP/I/ba.out
    StdErr = /gxfs_work/cau/suphc355/homologes/HX/PP/I/ba.err
- Requested resources:
    Timelimit = 1-00:00:00 ( 86400s )
    MinMemoryNode = 160G ( 163840.000M )
    NumNodes = 2
    NumCPUs = 32
    NumTasks = 32
    CPUs/Task = 1
- Used resources:
    RunTime = 02:01:39 ( 7299s )
    MaxRSS = 6708K ( 6.551M )
====================
- Important conclusions and remarks:
    * !!! Please, always check if the number of requested cores and nodes matches the need of your program/code !!!
    * !!! Less than 10% of requested walltime used !!! Consider adaptation of your batch script.
    * !!! Less than 10% of requested main memory used !!! Consider adaptation of your batch script.

